{"C:\\Users\\natna\\Code\\DoseAlert\\frontend\\app\\(auth)\\signIn.jsx": {"path":"C:\\Users\\natna\\Code\\DoseAlert\\frontend\\app\\(auth)\\signIn.jsx","statementMap":{"0":{"start":{"line":16,"column":15},"end":{"line":113,"column":1}},"1":{"start":{"line":17,"column":33},"end":{"line":17,"column":42}},"2":{"start":{"line":19,"column":28},"end":{"line":22,"column":8}},"3":{"start":{"line":23,"column":34},"end":{"line":23,"column":49}},"4":{"start":{"line":24,"column":30},"end":{"line":24,"column":44}},"5":{"start":{"line":26,"column":24},"end":{"line":42,"column":5}},"6":{"start":{"line":27,"column":6},"end":{"line":27,"column":23}},"7":{"start":{"line":28,"column":6},"end":{"line":41,"column":7}},"8":{"start":{"line":30,"column":8},"end":{"line":30,"column":51}},"9":{"start":{"line":33,"column":8},"end":{"line":33,"column":33}},"10":{"start":{"line":35,"column":8},"end":{"line":35,"column":32}},"11":{"start":{"line":37,"column":8},"end":{"line":37,"column":27}},"12":{"start":{"line":38,"column":8},"end":{"line":38,"column":32}},"13":{"start":{"line":40,"column":8},"end":{"line":40,"column":26}},"14":{"start":{"line":44,"column":2},"end":{"line":112,"column":3}},"15":{"start":{"line":66,"column":37},"end":{"line":66,"column":67}},"16":{"start":{"line":75,"column":37},"end":{"line":75,"column":70}},"17":{"start":{"line":105,"column":12},"end":{"line":105,"column":49}},"18":{"start":{"line":106,"column":12},"end":{"line":106,"column":26}}},"fnMap":{"0":{"name":"(anonymous_0)","decl":{"start":{"line":16,"column":15},"end":{"line":16,"column":16}},"loc":{"start":{"line":16,"column":21},"end":{"line":113,"column":1}},"line":16},"1":{"name":"(anonymous_1)","decl":{"start":{"line":26,"column":24},"end":{"line":26,"column":25}},"loc":{"start":{"line":26,"column":36},"end":{"line":42,"column":5}},"line":26},"2":{"name":"(anonymous_2)","decl":{"start":{"line":66,"column":30},"end":{"line":66,"column":31}},"loc":{"start":{"line":66,"column":37},"end":{"line":66,"column":67}},"line":66},"3":{"name":"(anonymous_3)","decl":{"start":{"line":75,"column":30},"end":{"line":75,"column":31}},"loc":{"start":{"line":75,"column":37},"end":{"line":75,"column":70}},"line":75},"4":{"name":"(anonymous_4)","decl":{"start":{"line":104,"column":19},"end":{"line":104,"column":20}},"loc":{"start":{"line":104,"column":25},"end":{"line":107,"column":11}},"line":104}},"branchMap":{},"s":{"0":1,"1":22,"2":22,"3":22,"4":22,"5":22,"6":3,"7":3,"8":3,"9":1,"10":1,"11":2,"12":2,"13":3,"14":22,"15":4,"16":4,"17":1,"18":1},"f":{"0":22,"1":3,"2":4,"3":4,"4":1},"b":{},"_coverageSchema":"1a1c01bbd47fc00a2c39e90264f33305004495a9","hash":"6e0e5c2df630d4e980a7b53fdce83c9a482e9e5d"}
,"C:\\Users\\natna\\Code\\DoseAlert\\frontend\\app\\(auth)\\signUp.jsx": {"path":"C:\\Users\\natna\\Code\\DoseAlert\\frontend\\app\\(auth)\\signUp.jsx","statementMap":{"0":{"start":{"line":12,"column":15},"end":{"line":126,"column":3}},"1":{"start":{"line":13,"column":33},"end":{"line":13,"column":42}},"2":{"start":{"line":15,"column":28},"end":{"line":20,"column":6}},"3":{"start":{"line":22,"column":34},"end":{"line":22,"column":49}},"4":{"start":{"line":23,"column":30},"end":{"line":23,"column":44}},"5":{"start":{"line":25,"column":25},"end":{"line":45,"column":5}},"6":{"start":{"line":26,"column":6},"end":{"line":26,"column":23}},"7":{"start":{"line":27,"column":6},"end":{"line":44,"column":7}},"8":{"start":{"line":28,"column":8},"end":{"line":28,"column":26}},"9":{"start":{"line":29,"column":25},"end":{"line":29,"column":105}},"10":{"start":{"line":32,"column":8},"end":{"line":38,"column":9}},"11":{"start":{"line":33,"column":10},"end":{"line":33,"column":35}},"12":{"start":{"line":34,"column":10},"end":{"line":34,"column":34}},"13":{"start":{"line":37,"column":10},"end":{"line":37,"column":36}},"14":{"start":{"line":40,"column":8},"end":{"line":40,"column":27}},"15":{"start":{"line":41,"column":8},"end":{"line":41,"column":32}},"16":{"start":{"line":43,"column":8},"end":{"line":43,"column":26}},"17":{"start":{"line":47,"column":4},"end":{"line":125,"column":5}},"18":{"start":{"line":69,"column":39},"end":{"line":69,"column":73}},"19":{"start":{"line":76,"column":39},"end":{"line":76,"column":72}},"20":{"start":{"line":83,"column":39},"end":{"line":83,"column":69}},"21":{"start":{"line":92,"column":39},"end":{"line":92,"column":72}},"22":{"start":{"line":120,"column":12},"end":{"line":120,"column":26}}},"fnMap":{"0":{"name":"(anonymous_0)","decl":{"start":{"line":12,"column":15},"end":{"line":12,"column":16}},"loc":{"start":{"line":12,"column":21},"end":{"line":126,"column":3}},"line":12},"1":{"name":"(anonymous_1)","decl":{"start":{"line":25,"column":25},"end":{"line":25,"column":26}},"loc":{"start":{"line":25,"column":37},"end":{"line":45,"column":5}},"line":25},"2":{"name":"(anonymous_2)","decl":{"start":{"line":69,"column":32},"end":{"line":69,"column":33}},"loc":{"start":{"line":69,"column":39},"end":{"line":69,"column":73}},"line":69},"3":{"name":"(anonymous_3)","decl":{"start":{"line":76,"column":32},"end":{"line":76,"column":33}},"loc":{"start":{"line":76,"column":39},"end":{"line":76,"column":72}},"line":76},"4":{"name":"(anonymous_4)","decl":{"start":{"line":83,"column":32},"end":{"line":83,"column":33}},"loc":{"start":{"line":83,"column":39},"end":{"line":83,"column":69}},"line":83},"5":{"name":"(anonymous_5)","decl":{"start":{"line":92,"column":32},"end":{"line":92,"column":33}},"loc":{"start":{"line":92,"column":39},"end":{"line":92,"column":72}},"line":92},"6":{"name":"(anonymous_6)","decl":{"start":{"line":119,"column":19},"end":{"line":119,"column":20}},"loc":{"start":{"line":119,"column":25},"end":{"line":121,"column":11}},"line":119}},"branchMap":{"0":{"loc":{"start":{"line":32,"column":8},"end":{"line":38,"column":9}},"type":"if","locations":[{"start":{"line":32,"column":8},"end":{"line":38,"column":9}},{"start":{"line":35,"column":15},"end":{"line":38,"column":9}}],"line":32},"1":{"loc":{"start":{"line":32,"column":12},"end":{"line":32,"column":47}},"type":"binary-expr","locations":[{"start":{"line":32,"column":12},"end":{"line":32,"column":27}},{"start":{"line":32,"column":31},"end":{"line":32,"column":47}}],"line":32}},"s":{"0":1,"1":21,"2":21,"3":21,"4":21,"5":21,"6":2,"7":2,"8":2,"9":2,"10":1,"11":0,"12":0,"13":1,"14":1,"15":1,"16":2,"17":21,"18":3,"19":3,"20":3,"21":3,"22":0},"f":{"0":21,"1":2,"2":3,"3":3,"4":3,"5":3,"6":0},"b":{"0":[0,1],"1":[1,0]},"_coverageSchema":"1a1c01bbd47fc00a2c39e90264f33305004495a9","hash":"634d7b234262770e9e4967ec7ec38e001eb58222"}
,"C:\\Users\\natna\\Code\\DoseAlert\\frontend\\app\\(auth)\\signout.jsx": {"path":"C:\\Users\\natna\\Code\\DoseAlert\\frontend\\app\\(auth)\\signout.jsx","statementMap":{"0":{"start":{"line":8,"column":20},"end":{"line":42,"column":1}},"1":{"start":{"line":9,"column":68},"end":{"line":9,"column":77}},"2":{"start":{"line":11,"column":26},"end":{"line":31,"column":5}},"3":{"start":{"line":12,"column":8},"end":{"line":30,"column":9}},"4":{"start":{"line":13,"column":12},"end":{"line":13,"column":39}},"5":{"start":{"line":16,"column":12},"end":{"line":18,"column":13}},"6":{"start":{"line":17,"column":16},"end":{"line":17,"column":73}},"7":{"start":{"line":21,"column":12},"end":{"line":21,"column":32}},"8":{"start":{"line":24,"column":12},"end":{"line":24,"column":38}},"9":{"start":{"line":26,"column":12},"end":{"line":26,"column":57}},"10":{"start":{"line":28,"column":12},"end":{"line":28,"column":32}},"11":{"start":{"line":29,"column":12},"end":{"line":29,"column":38}},"12":{"start":{"line":33,"column":4},"end":{"line":41,"column":5}}},"fnMap":{"0":{"name":"(anonymous_0)","decl":{"start":{"line":8,"column":20},"end":{"line":8,"column":21}},"loc":{"start":{"line":8,"column":26},"end":{"line":42,"column":1}},"line":8},"1":{"name":"(anonymous_1)","decl":{"start":{"line":11,"column":26},"end":{"line":11,"column":27}},"loc":{"start":{"line":11,"column":38},"end":{"line":31,"column":5}},"line":11}},"branchMap":{"0":{"loc":{"start":{"line":16,"column":12},"end":{"line":18,"column":13}},"type":"if","locations":[{"start":{"line":16,"column":12},"end":{"line":18,"column":13}},{"start":{},"end":{}}],"line":16},"1":{"loc":{"start":{"line":16,"column":16},"end":{"line":16,"column":56}},"type":"binary-expr","locations":[{"start":{"line":16,"column":16},"end":{"line":16,"column":40}},{"start":{"line":16,"column":44},"end":{"line":16,"column":56}}],"line":16}},"s":{"0":1,"1":2,"2":2,"3":1,"4":1,"5":1,"6":1,"7":1,"8":1,"9":0,"10":0,"11":0,"12":2},"f":{"0":2,"1":1},"b":{"0":[1,0],"1":[1,1]},"_coverageSchema":"1a1c01bbd47fc00a2c39e90264f33305004495a9","hash":"b5593c58a1e776cf675531052a0ff74079563c88"}
,"C:\\Users\\natna\\Code\\DoseAlert\\frontend\\app\\(tabs)\\create.jsx": {"path":"C:\\Users\\natna\\Code\\DoseAlert\\frontend\\app\\(tabs)\\create.jsx","statementMap":{"0":{"start":{"line":17,"column":21},"end":{"line":236,"column":1}},"1":{"start":{"line":18,"column":68},"end":{"line":18,"column":83}},"2":{"start":{"line":19,"column":70},"end":{"line":19,"column":85}},"3":{"start":{"line":20,"column":70},"end":{"line":20,"column":85}},"4":{"start":{"line":21,"column":36},"end":{"line":21,"column":51}},"5":{"start":{"line":22,"column":54},"end":{"line":22,"column":69}},"6":{"start":{"line":23,"column":38},"end":{"line":23,"column":50}},"7":{"start":{"line":24,"column":54},"end":{"line":24,"column":68}},"8":{"start":{"line":25,"column":52},"end":{"line":25,"column":66}},"9":{"start":{"line":39,"column":6},"end":{"line":39,"column":14}},"10":{"start":{"line":42,"column":2},"end":{"line":44,"column":5}},"11":{"start":{"line":46,"column":2},"end":{"line":48,"column":20}},"12":{"start":{"line":50,"column":25},"end":{"line":63,"column":3}},"13":{"start":{"line":52,"column":27},"end":{"line":60,"column":5}},"14":{"start":{"line":61,"column":4},"end":{"line":61,"column":34}},"15":{"start":{"line":62,"column":4},"end":{"line":62,"column":40}},"16":{"start":{"line":65,"column":25},"end":{"line":69,"column":3}},"17":{"start":{"line":67,"column":4},"end":{"line":67,"column":48}},"18":{"start":{"line":68,"column":4},"end":{"line":68,"column":41}},"19":{"start":{"line":70,"column":33},"end":{"line":73,"column":3}},"20":{"start":{"line":71,"column":18},"end":{"line":71,"column":60}},"21":{"start":{"line":71,"column":48},"end":{"line":71,"column":59}},"22":{"start":{"line":72,"column":4},"end":{"line":72,"column":58}},"23":{"start":{"line":74,"column":31},"end":{"line":98,"column":3}},"24":{"start":{"line":75,"column":26},"end":{"line":75,"column":28}},"25":{"start":{"line":77,"column":4},"end":{"line":79,"column":5}},"26":{"start":{"line":78,"column":6},"end":{"line":78,"column":59}},"27":{"start":{"line":81,"column":4},"end":{"line":83,"column":5}},"28":{"start":{"line":82,"column":6},"end":{"line":82,"column":51}},"29":{"start":{"line":85,"column":4},"end":{"line":87,"column":5}},"30":{"start":{"line":86,"column":6},"end":{"line":86,"column":53}},"31":{"start":{"line":89,"column":4},"end":{"line":91,"column":5}},"32":{"start":{"line":90,"column":6},"end":{"line":90,"column":67}},"33":{"start":{"line":93,"column":4},"end":{"line":95,"column":5}},"34":{"start":{"line":94,"column":6},"end":{"line":94,"column":72}},"35":{"start":{"line":97,"column":4},"end":{"line":97,"column":25}},"36":{"start":{"line":100,"column":24},"end":{"line":129,"column":3}},"37":{"start":{"line":101,"column":4},"end":{"line":101,"column":23}},"38":{"start":{"line":102,"column":4},"end":{"line":102,"column":33}},"39":{"start":{"line":103,"column":4},"end":{"line":103,"column":18}},"40":{"start":{"line":104,"column":4},"end":{"line":128,"column":5}},"41":{"start":{"line":105,"column":18},"end":{"line":105,"column":27}},"42":{"start":{"line":107,"column":20},"end":{"line":107,"column":49}},"43":{"start":{"line":108,"column":6},"end":{"line":111,"column":7}},"44":{"start":{"line":109,"column":8},"end":{"line":109,"column":75}},"45":{"start":{"line":110,"column":8},"end":{"line":110,"column":15}},"46":{"start":{"line":112,"column":26},"end":{"line":112,"column":82}},"47":{"start":{"line":118,"column":6},"end":{"line":121,"column":9}},"48":{"start":{"line":122,"column":6},"end":{"line":122,"column":41}},"49":{"start":{"line":124,"column":6},"end":{"line":124,"column":94}},"50":{"start":{"line":125,"column":6},"end":{"line":125,"column":25}},"51":{"start":{"line":127,"column":6},"end":{"line":127,"column":20}},"52":{"start":{"line":131,"column":27},"end":{"line":135,"column":3}},"53":{"start":{"line":133,"column":4},"end":{"line":133,"column":35}},"54":{"start":{"line":134,"column":4},"end":{"line":134,"column":41}},"55":{"start":{"line":137,"column":24},"end":{"line":139,"column":3}},"56":{"start":{"line":138,"column":4},"end":{"line":138,"column":88}},"57":{"start":{"line":141,"column":2},"end":{"line":143,"column":3}},"58":{"start":{"line":142,"column":4},"end":{"line":142,"column":30}},"59":{"start":{"line":145,"column":2},"end":{"line":235,"column":4}},"60":{"start":{"line":151,"column":41},"end":{"line":151,"column":68}},"61":{"start":{"line":153,"column":12},"end":{"line":161,"column":14}},"62":{"start":{"line":158,"column":16},"end":{"line":158,"column":44}},"63":{"start":{"line":159,"column":16},"end":{"line":159,"column":52}},"64":{"start":{"line":167,"column":29},"end":{"line":167,"column":63}},"65":{"start":{"line":175,"column":16},"end":{"line":175,"column":44}},"66":{"start":{"line":176,"column":16},"end":{"line":176,"column":36}},"67":{"start":{"line":190,"column":29},"end":{"line":190,"column":65}},"68":{"start":{"line":200,"column":18},"end":{"line":200,"column":54}},"69":{"start":{"line":201,"column":18},"end":{"line":201,"column":53}},"70":{"start":{"line":209,"column":25},"end":{"line":209,"column":60}},"71":{"start":{"line":216,"column":25},"end":{"line":216,"column":61}},"72":{"start":{"line":223,"column":25},"end":{"line":223,"column":53}},"73":{"start":{"line":225,"column":12},"end":{"line":225,"column":34}},"74":{"start":{"line":225,"column":27},"end":{"line":225,"column":34}},"75":{"start":{"line":226,"column":12},"end":{"line":226,"column":31}},"76":{"start":{"line":227,"column":12},"end":{"line":227,"column":26}},"77":{"start":{"line":228,"column":12},"end":{"line":228,"column":32}}},"fnMap":{"0":{"name":"(anonymous_0)","decl":{"start":{"line":17,"column":21},"end":{"line":17,"column":22}},"loc":{"start":{"line":17,"column":27},"end":{"line":236,"column":1}},"line":17},"1":{"name":"(anonymous_1)","decl":{"start":{"line":42,"column":17},"end":{"line":42,"column":18}},"loc":{"start":{"line":42,"column":23},"end":{"line":44,"column":3}},"line":42},"2":{"name":"(anonymous_2)","decl":{"start":{"line":46,"column":12},"end":{"line":46,"column":13}},"loc":{"start":{"line":46,"column":18},"end":{"line":48,"column":3}},"line":46},"3":{"name":"(anonymous_3)","decl":{"start":{"line":50,"column":25},"end":{"line":50,"column":26}},"loc":{"start":{"line":50,"column":38},"end":{"line":63,"column":3}},"line":50},"4":{"name":"(anonymous_4)","decl":{"start":{"line":65,"column":25},"end":{"line":65,"column":26}},"loc":{"start":{"line":65,"column":41},"end":{"line":69,"column":3}},"line":65},"5":{"name":"(anonymous_5)","decl":{"start":{"line":70,"column":33},"end":{"line":70,"column":34}},"loc":{"start":{"line":70,"column":54},"end":{"line":73,"column":3}},"line":70},"6":{"name":"(anonymous_6)","decl":{"start":{"line":71,"column":38},"end":{"line":71,"column":39}},"loc":{"start":{"line":71,"column":48},"end":{"line":71,"column":59}},"line":71},"7":{"name":"(anonymous_7)","decl":{"start":{"line":74,"column":31},"end":{"line":74,"column":32}},"loc":{"start":{"line":74,"column":46},"end":{"line":98,"column":3}},"line":74},"8":{"name":"(anonymous_8)","decl":{"start":{"line":100,"column":24},"end":{"line":100,"column":25}},"loc":{"start":{"line":100,"column":40},"end":{"line":129,"column":3}},"line":100},"9":{"name":"(anonymous_9)","decl":{"start":{"line":131,"column":27},"end":{"line":131,"column":28}},"loc":{"start":{"line":131,"column":45},"end":{"line":135,"column":3}},"line":131},"10":{"name":"(anonymous_10)","decl":{"start":{"line":137,"column":43},"end":{"line":137,"column":44}},"loc":{"start":{"line":138,"column":4},"end":{"line":138,"column":88}},"line":138},"11":{"name":"(anonymous_11)","decl":{"start":{"line":151,"column":24},"end":{"line":151,"column":25}},"loc":{"start":{"line":151,"column":41},"end":{"line":151,"column":68}},"line":151},"12":{"name":"(anonymous_12)","decl":{"start":{"line":152,"column":22},"end":{"line":152,"column":23}},"loc":{"start":{"line":153,"column":12},"end":{"line":161,"column":14}},"line":153},"13":{"name":"(anonymous_13)","decl":{"start":{"line":156,"column":23},"end":{"line":156,"column":24}},"loc":{"start":{"line":156,"column":29},"end":{"line":160,"column":15}},"line":156},"14":{"name":"(anonymous_14)","decl":{"start":{"line":167,"column":23},"end":{"line":167,"column":24}},"loc":{"start":{"line":167,"column":29},"end":{"line":167,"column":63}},"line":167},"15":{"name":"(anonymous_15)","decl":{"start":{"line":174,"column":23},"end":{"line":174,"column":24}},"loc":{"start":{"line":174,"column":28},"end":{"line":177,"column":15}},"line":174},"16":{"name":"(anonymous_16)","decl":{"start":{"line":190,"column":23},"end":{"line":190,"column":24}},"loc":{"start":{"line":190,"column":29},"end":{"line":190,"column":65}},"line":190},"17":{"name":"(anonymous_17)","decl":{"start":{"line":199,"column":22},"end":{"line":199,"column":23}},"loc":{"start":{"line":199,"column":27},"end":{"line":202,"column":17}},"line":199},"18":{"name":"(anonymous_18)","decl":{"start":{"line":209,"column":19},"end":{"line":209,"column":20}},"loc":{"start":{"line":209,"column":25},"end":{"line":209,"column":60}},"line":209},"19":{"name":"(anonymous_19)","decl":{"start":{"line":216,"column":19},"end":{"line":216,"column":20}},"loc":{"start":{"line":216,"column":25},"end":{"line":216,"column":61}},"line":216},"20":{"name":"(anonymous_20)","decl":{"start":{"line":223,"column":19},"end":{"line":223,"column":20}},"loc":{"start":{"line":223,"column":25},"end":{"line":223,"column":53}},"line":223},"21":{"name":"(anonymous_21)","decl":{"start":{"line":224,"column":18},"end":{"line":224,"column":19}},"loc":{"start":{"line":224,"column":28},"end":{"line":229,"column":11}},"line":224}},"branchMap":{"0":{"loc":{"start":{"line":72,"column":11},"end":{"line":72,"column":57}},"type":"cond-expr","locations":[{"start":{"line":72,"column":31},"end":{"line":72,"column":49}},{"start":{"line":72,"column":52},"end":{"line":72,"column":57}}],"line":72},"1":{"loc":{"start":{"line":77,"column":4},"end":{"line":79,"column":5}},"type":"if","locations":[{"start":{"line":77,"column":4},"end":{"line":79,"column":5}},{"start":{},"end":{}}],"line":77},"2":{"loc":{"start":{"line":77,"column":8},"end":{"line":77,"column":57}},"type":"binary-expr","locations":[{"start":{"line":77,"column":8},"end":{"line":77,"column":25}},{"start":{"line":77,"column":29},"end":{"line":77,"column":57}}],"line":77},"3":{"loc":{"start":{"line":81,"column":4},"end":{"line":83,"column":5}},"type":"if","locations":[{"start":{"line":81,"column":4},"end":{"line":83,"column":5}},{"start":{},"end":{}}],"line":81},"4":{"loc":{"start":{"line":85,"column":4},"end":{"line":87,"column":5}},"type":"if","locations":[{"start":{"line":85,"column":4},"end":{"line":87,"column":5}},{"start":{},"end":{}}],"line":85},"5":{"loc":{"start":{"line":89,"column":4},"end":{"line":91,"column":5}},"type":"if","locations":[{"start":{"line":89,"column":4},"end":{"line":91,"column":5}},{"start":{},"end":{}}],"line":89},"6":{"loc":{"start":{"line":89,"column":8},"end":{"line":89,"column":58}},"type":"binary-expr","locations":[{"start":{"line":89,"column":8},"end":{"line":89,"column":25}},{"start":{"line":89,"column":29},"end":{"line":89,"column":58}}],"line":89},"7":{"loc":{"start":{"line":93,"column":4},"end":{"line":95,"column":5}},"type":"if","locations":[{"start":{"line":93,"column":4},"end":{"line":95,"column":5}},{"start":{},"end":{}}],"line":93},"8":{"loc":{"start":{"line":108,"column":6},"end":{"line":111,"column":7}},"type":"if","locations":[{"start":{"line":108,"column":6},"end":{"line":111,"column":7}},{"start":{},"end":{}}],"line":108},"9":{"loc":{"start":{"line":141,"column":2},"end":{"line":143,"column":3}},"type":"if","locations":[{"start":{"line":141,"column":2},"end":{"line":143,"column":3}},{"start":{},"end":{}}],"line":141},"10":{"loc":{"start":{"line":151,"column":41},"end":{"line":151,"column":68}},"type":"binary-expr","locations":[{"start":{"line":151,"column":41},"end":{"line":151,"column":48}},{"start":{"line":151,"column":52},"end":{"line":151,"column":68}}],"line":151},"11":{"loc":{"start":{"line":154,"column":19},"end":{"line":154,"column":35}},"type":"binary-expr","locations":[{"start":{"line":154,"column":19},"end":{"line":154,"column":26}},{"start":{"line":154,"column":30},"end":{"line":154,"column":35}}],"line":154},"12":{"loc":{"start":{"line":187,"column":10},"end":{"line":204,"column":11}},"type":"binary-expr","locations":[{"start":{"line":187,"column":10},"end":{"line":187,"column":28}},{"start":{"line":188,"column":12},"end":{"line":203,"column":14}}],"line":187},"13":{"loc":{"start":{"line":225,"column":12},"end":{"line":225,"column":34}},"type":"if","locations":[{"start":{"line":225,"column":12},"end":{"line":225,"column":34}},{"start":{},"end":{}}],"line":225},"14":{"loc":{"start":{"line":231,"column":9},"end":{"line":231,"column":94}},"type":"binary-expr","locations":[{"start":{"line":231,"column":9},"end":{"line":231,"column":14}},{"start":{"line":231,"column":18},"end":{"line":231,"column":94}}],"line":231}},"s":{"0":1,"1":24,"2":23,"3":23,"4":23,"5":23,"6":23,"7":23,"8":23,"9":23,"10":23,"11":23,"12":23,"13":2,"14":2,"15":2,"16":23,"17":0,"18":0,"19":23,"20":1,"21":2,"22":1,"23":23,"24":1,"25":1,"26":1,"27":1,"28":1,"29":1,"30":1,"31":1,"32":1,"33":1,"34":1,"35":1,"36":23,"37":1,"38":1,"39":1,"40":1,"41":1,"42":1,"43":1,"44":0,"45":0,"46":1,"47":1,"48":1,"49":0,"50":0,"51":1,"52":23,"53":1,"54":1,"55":23,"56":23,"57":23,"58":0,"59":23,"60":31,"61":22,"62":2,"63":2,"64":2,"65":2,"66":2,"67":0,"68":2,"69":2,"70":2,"71":1,"72":0,"73":1,"74":0,"75":1,"76":1,"77":1},"f":{"0":24,"1":0,"2":10,"3":2,"4":0,"5":1,"6":2,"7":1,"8":1,"9":1,"10":23,"11":31,"12":22,"13":2,"14":2,"15":2,"16":0,"17":2,"18":2,"19":1,"20":0,"21":1},"b":{"0":[0,1],"1":[1,0],"2":[1,1],"3":[1,0],"4":[1,0],"5":[1,0],"6":[1,1],"7":[1,0],"8":[0,1],"9":[0,23],"10":[31,0],"11":[22,0],"12":[23,5],"13":[0,1],"14":[23,0]},"_coverageSchema":"1a1c01bbd47fc00a2c39e90264f33305004495a9","hash":"a0b2561b6bacb2f17e1688292dc4668ba49415f8"}
,"C:\\Users\\natna\\Code\\DoseAlert\\frontend\\app\\(tabs)\\home.jsx": {"path":"C:\\Users\\natna\\Code\\DoseAlert\\frontend\\app\\(tabs)\\home.jsx","statementMap":{"0":{"start":{"line":20,"column":13},"end":{"line":214,"column":1}},"1":{"start":{"line":21,"column":36},"end":{"line":21,"column":50}},"2":{"start":{"line":22,"column":44},"end":{"line":22,"column":58}},"3":{"start":{"line":23,"column":72},"end":{"line":23,"column":84}},"4":{"start":{"line":32,"column":6},"end":{"line":32,"column":14}},"5":{"start":{"line":33,"column":30},"end":{"line":33,"column":39}},"6":{"start":{"line":36,"column":2},"end":{"line":41,"column":23}},"7":{"start":{"line":37,"column":4},"end":{"line":39,"column":5}},"8":{"start":{"line":38,"column":5},"end":{"line":38,"column":31}},"9":{"start":{"line":43,"column":2},"end":{"line":46,"column":4}},"10":{"start":{"line":48,"column":2},"end":{"line":81,"column":7}},"11":{"start":{"line":51,"column":4},"end":{"line":74,"column":9}},"12":{"start":{"line":52,"column":27},"end":{"line":52,"column":72}},"13":{"start":{"line":53,"column":8},"end":{"line":56,"column":9}},"14":{"start":{"line":54,"column":12},"end":{"line":54,"column":63}},"15":{"start":{"line":55,"column":12},"end":{"line":55,"column":19}},"16":{"start":{"line":58,"column":8},"end":{"line":58,"column":50}},"17":{"start":{"line":60,"column":8},"end":{"line":73,"column":11}},"18":{"start":{"line":61,"column":37},"end":{"line":61,"column":79}},"19":{"start":{"line":63,"column":12},"end":{"line":72,"column":13}},"20":{"start":{"line":64,"column":16},"end":{"line":64,"column":75}},"21":{"start":{"line":65,"column":16},"end":{"line":71,"column":24}},"22":{"start":{"line":67,"column":16},"end":{"line":69,"column":17}},"23":{"start":{"line":68,"column":20},"end":{"line":68,"column":57}},"24":{"start":{"line":70,"column":16},"end":{"line":70,"column":39}},"25":{"start":{"line":76,"column":4},"end":{"line":80,"column":6}},"26":{"start":{"line":77,"column":8},"end":{"line":79,"column":9}},"27":{"start":{"line":78,"column":12},"end":{"line":78,"column":34}},"28":{"start":{"line":84,"column":2},"end":{"line":100,"column":34}},"29":{"start":{"line":85,"column":27},"end":{"line":97,"column":5}},"30":{"start":{"line":86,"column":6},"end":{"line":96,"column":7}},"31":{"start":{"line":87,"column":8},"end":{"line":87,"column":26}},"32":{"start":{"line":87,"column":19},"end":{"line":87,"column":26}},"33":{"start":{"line":89,"column":8},"end":{"line":89,"column":27}},"34":{"start":{"line":91,"column":8},"end":{"line":91,"column":32}},"35":{"start":{"line":92,"column":8},"end":{"line":92,"column":28}},"36":{"start":{"line":94,"column":8},"end":{"line":94,"column":57}},"37":{"start":{"line":95,"column":8},"end":{"line":95,"column":28}},"38":{"start":{"line":99,"column":4},"end":{"line":99,"column":21}},"39":{"start":{"line":102,"column":2},"end":{"line":109,"column":20}},"40":{"start":{"line":104,"column":30},"end":{"line":107,"column":6}},"41":{"start":{"line":105,"column":23},"end":{"line":105,"column":74}},"42":{"start":{"line":106,"column":6},"end":{"line":106,"column":47}},"43":{"start":{"line":108,"column":4},"end":{"line":108,"column":54}},"44":{"start":{"line":112,"column":23},"end":{"line":123,"column":3}},"45":{"start":{"line":113,"column":4},"end":{"line":122,"column":6}},"46":{"start":{"line":125,"column":2},"end":{"line":131,"column":4}},"47":{"start":{"line":133,"column":31},"end":{"line":159,"column":3}},"48":{"start":{"line":134,"column":4},"end":{"line":158,"column":5}},"49":{"start":{"line":135,"column":22},"end":{"line":135,"column":55}},"50":{"start":{"line":136,"column":33},"end":{"line":136,"column":67}},"51":{"start":{"line":139,"column":25},"end":{"line":146,"column":7}},"52":{"start":{"line":149,"column":6},"end":{"line":149,"column":71}},"53":{"start":{"line":152,"column":33},"end":{"line":152,"column":65}},"54":{"start":{"line":153,"column":6},"end":{"line":153,"column":45}},"55":{"start":{"line":154,"column":6},"end":{"line":154,"column":57}},"56":{"start":{"line":157,"column":6},"end":{"line":157,"column":64}},"57":{"start":{"line":161,"column":2},"end":{"line":161,"column":43}},"58":{"start":{"line":161,"column":17},"end":{"line":161,"column":43}},"59":{"start":{"line":163,"column":2},"end":{"line":213,"column":4}},"60":{"start":{"line":175,"column":14},"end":{"line":175,"column":50}},"61":{"start":{"line":188,"column":16},"end":{"line":195,"column":18}},"62":{"start":{"line":192,"column":38},"end":{"line":192,"column":94}},"63":{"start":{"line":193,"column":49},"end":{"line":193,"column":113}},"64":{"start":{"line":194,"column":52},"end":{"line":194,"column":92}},"65":{"start":{"line":204,"column":27},"end":{"line":204,"column":49}}},"fnMap":{"0":{"name":"(anonymous_0)","decl":{"start":{"line":20,"column":13},"end":{"line":20,"column":14}},"loc":{"start":{"line":20,"column":19},"end":{"line":214,"column":1}},"line":20},"1":{"name":"(anonymous_1)","decl":{"start":{"line":36,"column":12},"end":{"line":36,"column":13}},"loc":{"start":{"line":36,"column":16},"end":{"line":41,"column":3}},"line":36},"2":{"name":"(anonymous_2)","decl":{"start":{"line":43,"column":17},"end":{"line":43,"column":18}},"loc":{"start":{"line":43,"column":21},"end":{"line":46,"column":3}},"line":43},"3":{"name":"(anonymous_3)","decl":{"start":{"line":48,"column":12},"end":{"line":48,"column":13}},"loc":{"start":{"line":48,"column":18},"end":{"line":81,"column":1}},"line":48},"4":{"name":"(anonymous_4)","decl":{"start":{"line":51,"column":5},"end":{"line":51,"column":6}},"loc":{"start":{"line":51,"column":17},"end":{"line":74,"column":5}},"line":51},"5":{"name":"(anonymous_5)","decl":{"start":{"line":60,"column":77},"end":{"line":60,"column":78}},"loc":{"start":{"line":60,"column":89},"end":{"line":73,"column":9}},"line":60},"6":{"name":"(anonymous_6)","decl":{"start":{"line":65,"column":27},"end":{"line":65,"column":28}},"loc":{"start":{"line":65,"column":33},"end":{"line":71,"column":17}},"line":65},"7":{"name":"(anonymous_7)","decl":{"start":{"line":76,"column":11},"end":{"line":76,"column":12}},"loc":{"start":{"line":76,"column":17},"end":{"line":80,"column":5}},"line":76},"8":{"name":"(anonymous_8)","decl":{"start":{"line":84,"column":12},"end":{"line":84,"column":13}},"loc":{"start":{"line":84,"column":18},"end":{"line":100,"column":3}},"line":84},"9":{"name":"(anonymous_9)","decl":{"start":{"line":85,"column":27},"end":{"line":85,"column":28}},"loc":{"start":{"line":85,"column":39},"end":{"line":97,"column":5}},"line":85},"10":{"name":"(anonymous_10)","decl":{"start":{"line":102,"column":12},"end":{"line":102,"column":13}},"loc":{"start":{"line":102,"column":18},"end":{"line":109,"column":3}},"line":102},"11":{"name":"(anonymous_11)","decl":{"start":{"line":104,"column":49},"end":{"line":104,"column":50}},"loc":{"start":{"line":104,"column":56},"end":{"line":107,"column":5}},"line":104},"12":{"name":"(anonymous_12)","decl":{"start":{"line":112,"column":23},"end":{"line":112,"column":24}},"loc":{"start":{"line":112,"column":104},"end":{"line":123,"column":3}},"line":112},"13":{"name":"(anonymous_13)","decl":{"start":{"line":133,"column":31},"end":{"line":133,"column":32}},"loc":{"start":{"line":133,"column":63},"end":{"line":159,"column":3}},"line":133},"14":{"name":"(anonymous_14)","decl":{"start":{"line":174,"column":21},"end":{"line":174,"column":22}},"loc":{"start":{"line":174,"column":25},"end":{"line":176,"column":13}},"line":174},"15":{"name":"(anonymous_15)","decl":{"start":{"line":187,"column":46},"end":{"line":187,"column":47}},"loc":{"start":{"line":188,"column":16},"end":{"line":195,"column":18}},"line":188},"16":{"name":"(anonymous_16)","decl":{"start":{"line":192,"column":32},"end":{"line":192,"column":33}},"loc":{"start":{"line":192,"column":38},"end":{"line":192,"column":94}},"line":192},"17":{"name":"(anonymous_17)","decl":{"start":{"line":193,"column":36},"end":{"line":193,"column":37}},"loc":{"start":{"line":193,"column":49},"end":{"line":193,"column":113}},"line":193},"18":{"name":"(anonymous_18)","decl":{"start":{"line":194,"column":41},"end":{"line":194,"column":42}},"loc":{"start":{"line":194,"column":52},"end":{"line":194,"column":92}},"line":194},"19":{"name":"(anonymous_19)","decl":{"start":{"line":204,"column":21},"end":{"line":204,"column":22}},"loc":{"start":{"line":204,"column":27},"end":{"line":204,"column":49}},"line":204}},"branchMap":{"0":{"loc":{"start":{"line":37,"column":4},"end":{"line":39,"column":5}},"type":"if","locations":[{"start":{"line":37,"column":4},"end":{"line":39,"column":5}},{"start":{},"end":{}}],"line":37},"1":{"loc":{"start":{"line":53,"column":8},"end":{"line":56,"column":9}},"type":"if","locations":[{"start":{"line":53,"column":8},"end":{"line":56,"column":9}},{"start":{},"end":{}}],"line":53},"2":{"loc":{"start":{"line":63,"column":12},"end":{"line":72,"column":13}},"type":"if","locations":[{"start":{"line":63,"column":12},"end":{"line":72,"column":13}},{"start":{},"end":{}}],"line":63},"3":{"loc":{"start":{"line":67,"column":16},"end":{"line":69,"column":17}},"type":"if","locations":[{"start":{"line":67,"column":16},"end":{"line":69,"column":17}},{"start":{},"end":{}}],"line":67},"4":{"loc":{"start":{"line":77,"column":8},"end":{"line":79,"column":9}},"type":"if","locations":[{"start":{"line":77,"column":8},"end":{"line":79,"column":9}},{"start":{},"end":{}}],"line":77},"5":{"loc":{"start":{"line":87,"column":8},"end":{"line":87,"column":26}},"type":"if","locations":[{"start":{"line":87,"column":8},"end":{"line":87,"column":26}},{"start":{},"end":{}}],"line":87},"6":{"loc":{"start":{"line":105,"column":32},"end":{"line":105,"column":59}},"type":"binary-expr","locations":[{"start":{"line":105,"column":32},"end":{"line":105,"column":44}},{"start":{"line":105,"column":48},"end":{"line":105,"column":59}}],"line":105},"7":{"loc":{"start":{"line":106,"column":13},"end":{"line":106,"column":46}},"type":"binary-expr","locations":[{"start":{"line":106,"column":13},"end":{"line":106,"column":21}},{"start":{"line":106,"column":25},"end":{"line":106,"column":46}}],"line":106},"8":{"loc":{"start":{"line":113,"column":11},"end":{"line":122,"column":5}},"type":"cond-expr","locations":[{"start":{"line":114,"column":6},"end":{"line":114,"column":59}},{"start":{"line":116,"column":6},"end":{"line":121,"column":8}}],"line":113},"9":{"loc":{"start":{"line":135,"column":22},"end":{"line":135,"column":55}},"type":"cond-expr","locations":[{"start":{"line":135,"column":41},"end":{"line":135,"column":47}},{"start":{"line":135,"column":50},"end":{"line":135,"column":55}}],"line":135},"10":{"loc":{"start":{"line":143,"column":25},"end":{"line":143,"column":45}},"type":"cond-expr","locations":[{"start":{"line":143,"column":35},"end":{"line":143,"column":40}},{"start":{"line":143,"column":43},"end":{"line":143,"column":45}}],"line":143},"11":{"loc":{"start":{"line":161,"column":2},"end":{"line":161,"column":43}},"type":"if","locations":[{"start":{"line":161,"column":2},"end":{"line":161,"column":43}},{"start":{},"end":{}}],"line":161},"12":{"loc":{"start":{"line":186,"column":13},"end":{"line":199,"column":13}},"type":"cond-expr","locations":[{"start":{"line":187,"column":14},"end":{"line":196,"column":16}},{"start":{"line":198,"column":14},"end":{"line":198,"column":91}}],"line":186},"13":{"loc":{"start":{"line":192,"column":55},"end":{"line":192,"column":93}},"type":"cond-expr","locations":[{"start":{"line":192,"column":81},"end":{"line":192,"column":85}},{"start":{"line":192,"column":88},"end":{"line":192,"column":93}}],"line":192}},"s":{"0":1,"1":30,"2":29,"3":29,"4":29,"5":29,"6":29,"7":9,"8":1,"9":29,"10":29,"11":9,"12":9,"13":9,"14":0,"15":0,"16":9,"17":9,"18":1,"19":1,"20":1,"21":1,"22":1,"23":1,"24":1,"25":9,"26":9,"27":1,"28":29,"29":9,"30":9,"31":9,"32":0,"33":9,"34":9,"35":9,"36":0,"37":0,"38":9,"39":29,"40":9,"41":3,"42":3,"43":9,"44":29,"45":5,"46":29,"47":29,"48":1,"49":1,"50":1,"51":1,"52":1,"53":1,"54":1,"55":1,"56":0,"57":29,"58":18,"59":11,"60":0,"61":5,"62":1,"63":0,"64":1,"65":1},"f":{"0":30,"1":9,"2":0,"3":9,"4":9,"5":1,"6":1,"7":9,"8":9,"9":9,"10":9,"11":3,"12":5,"13":1,"14":0,"15":5,"16":1,"17":0,"18":1,"19":1},"b":{"0":[1,8],"1":[0,9],"2":[1,0],"3":[1,0],"4":[1,8],"5":[0,9],"6":[3,0],"7":[3,3],"8":[3,2],"9":[0,1],"10":[0,1],"11":[18,11],"12":[4,7],"13":[0,1]},"_coverageSchema":"1a1c01bbd47fc00a2c39e90264f33305004495a9","hash":"7d8b507c0614e009cb317842428f55b06c8105f7"}
,"C:\\Users\\natna\\Code\\DoseAlert\\frontend\\app\\(tabs)\\report.jsx": {"path":"C:\\Users\\natna\\Code\\DoseAlert\\frontend\\app\\(tabs)\\report.jsx","statementMap":{"0":{"start":{"line":12,"column":15},"end":{"line":178,"column":1}},"1":{"start":{"line":13,"column":36},"end":{"line":13,"column":50}},"2":{"start":{"line":14,"column":40},"end":{"line":14,"column":52}},"3":{"start":{"line":15,"column":48},"end":{"line":15,"column":62}},"4":{"start":{"line":16,"column":50},"end":{"line":16,"column":64}},"5":{"start":{"line":19,"column":42},"end":{"line":19,"column":50}},"6":{"start":{"line":20,"column":39},"end":{"line":20,"column":48}},"7":{"start":{"line":22,"column":20},"end":{"line":29,"column":1}},"8":{"start":{"line":25,"column":26},"end":{"line":25,"column":57}},"9":{"start":{"line":33,"column":32},"end":{"line":40,"column":1}},"10":{"start":{"line":34,"column":2},"end":{"line":39,"column":3}},"11":{"start":{"line":35,"column":32},"end":{"line":37,"column":5}},"12":{"start":{"line":36,"column":15},"end":{"line":36,"column":65}},"13":{"start":{"line":38,"column":4},"end":{"line":38,"column":40}},"14":{"start":{"line":42,"column":0},"end":{"line":44,"column":21}},"15":{"start":{"line":43,"column":2},"end":{"line":43,"column":28}},"16":{"start":{"line":48,"column":0},"end":{"line":74,"column":47}},"17":{"start":{"line":49,"column":29},"end":{"line":67,"column":3}},"18":{"start":{"line":50,"column":4},"end":{"line":66,"column":5}},"19":{"start":{"line":51,"column":6},"end":{"line":51,"column":25}},"20":{"start":{"line":54,"column":48},"end":{"line":57,"column":8}},"21":{"start":{"line":59,"column":6},"end":{"line":59,"column":43}},"22":{"start":{"line":60,"column":6},"end":{"line":60,"column":41}},"23":{"start":{"line":63,"column":6},"end":{"line":63,"column":61}},"24":{"start":{"line":65,"column":6},"end":{"line":65,"column":26}},"25":{"start":{"line":69,"column":2},"end":{"line":73,"column":3}},"26":{"start":{"line":70,"column":4},"end":{"line":70,"column":25}},"27":{"start":{"line":72,"column":4},"end":{"line":72,"column":24}},"28":{"start":{"line":78,"column":0},"end":{"line":83,"column":7}},"29":{"start":{"line":91,"column":35},"end":{"line":92,"column":45}},"30":{"start":{"line":94,"column":0},"end":{"line":96,"column":1}},"31":{"start":{"line":95,"column":2},"end":{"line":95,"column":28}},"32":{"start":{"line":99,"column":2},"end":{"line":177,"column":4}},"33":{"start":{"line":129,"column":37},"end":{"line":131,"column":23}},"34":{"start":{"line":130,"column":33},"end":{"line":130,"column":67}},"35":{"start":{"line":133,"column":44},"end":{"line":133,"column":88}},"36":{"start":{"line":135,"column":16},"end":{"line":167,"column":18}}},"fnMap":{"0":{"name":"(anonymous_0)","decl":{"start":{"line":12,"column":15},"end":{"line":12,"column":16}},"loc":{"start":{"line":12,"column":21},"end":{"line":178,"column":1}},"line":12},"1":{"name":"(anonymous_1)","decl":{"start":{"line":25,"column":9},"end":{"line":25,"column":10}},"loc":{"start":{"line":25,"column":26},"end":{"line":25,"column":57}},"line":25},"2":{"name":"(anonymous_2)","decl":{"start":{"line":33,"column":32},"end":{"line":33,"column":33}},"loc":{"start":{"line":33,"column":38},"end":{"line":40,"column":1}},"line":33},"3":{"name":"(anonymous_3)","decl":{"start":{"line":36,"column":6},"end":{"line":36,"column":7}},"loc":{"start":{"line":36,"column":15},"end":{"line":36,"column":65}},"line":36},"4":{"name":"(anonymous_4)","decl":{"start":{"line":42,"column":10},"end":{"line":42,"column":11}},"loc":{"start":{"line":42,"column":16},"end":{"line":44,"column":1}},"line":42},"5":{"name":"(anonymous_5)","decl":{"start":{"line":48,"column":10},"end":{"line":48,"column":11}},"loc":{"start":{"line":48,"column":16},"end":{"line":74,"column":1}},"line":48},"6":{"name":"(anonymous_6)","decl":{"start":{"line":49,"column":29},"end":{"line":49,"column":30}},"loc":{"start":{"line":49,"column":41},"end":{"line":67,"column":3}},"line":49},"7":{"name":"(anonymous_7)","decl":{"start":{"line":78,"column":10},"end":{"line":78,"column":11}},"loc":{"start":{"line":78,"column":16},"end":{"line":83,"column":1}},"line":78},"8":{"name":"(anonymous_8)","decl":{"start":{"line":127,"column":30},"end":{"line":127,"column":31}},"loc":{"start":{"line":127,"column":46},"end":{"line":168,"column":15}},"line":127},"9":{"name":"(anonymous_9)","decl":{"start":{"line":130,"column":18},"end":{"line":130,"column":19}},"loc":{"start":{"line":130,"column":33},"end":{"line":130,"column":67}},"line":130}},"branchMap":{"0":{"loc":{"start":{"line":25,"column":10},"end":{"line":25,"column":21}},"type":"default-arg","locations":[{"start":{"line":25,"column":20},"end":{"line":25,"column":21}}],"line":25},"1":{"loc":{"start":{"line":34,"column":2},"end":{"line":39,"column":3}},"type":"if","locations":[{"start":{"line":34,"column":2},"end":{"line":39,"column":3}},{"start":{},"end":{}}],"line":34},"2":{"loc":{"start":{"line":36,"column":24},"end":{"line":36,"column":51}},"type":"binary-expr","locations":[{"start":{"line":36,"column":24},"end":{"line":36,"column":36}},{"start":{"line":36,"column":40},"end":{"line":36,"column":51}}],"line":36},"3":{"loc":{"start":{"line":69,"column":2},"end":{"line":73,"column":3}},"type":"if","locations":[{"start":{"line":69,"column":2},"end":{"line":73,"column":3}},{"start":{"line":71,"column":9},"end":{"line":73,"column":3}}],"line":69},"4":{"loc":{"start":{"line":69,"column":6},"end":{"line":69,"column":49}},"type":"binary-expr","locations":[{"start":{"line":69,"column":6},"end":{"line":69,"column":20}},{"start":{"line":69,"column":24},"end":{"line":69,"column":49}}],"line":69},"5":{"loc":{"start":{"line":91,"column":35},"end":{"line":92,"column":45}},"type":"cond-expr","locations":[{"start":{"line":92,"column":3},"end":{"line":92,"column":40}},{"start":{"line":92,"column":44},"end":{"line":92,"column":45}}],"line":91},"6":{"loc":{"start":{"line":94,"column":0},"end":{"line":96,"column":1}},"type":"if","locations":[{"start":{"line":94,"column":0},"end":{"line":96,"column":1}},{"start":{},"end":{}}],"line":94},"7":{"loc":{"start":{"line":126,"column":13},"end":{"line":171,"column":13}},"type":"cond-expr","locations":[{"start":{"line":127,"column":14},"end":{"line":168,"column":16}},{"start":{"line":170,"column":14},"end":{"line":170,"column":98}}],"line":126},"8":{"loc":{"start":{"line":129,"column":37},"end":{"line":131,"column":23}},"type":"binary-expr","locations":[{"start":{"line":129,"column":37},"end":{"line":131,"column":17}},{"start":{"line":131,"column":21},"end":{"line":131,"column":23}}],"line":129},"9":{"loc":{"start":{"line":133,"column":55},"end":{"line":133,"column":87}},"type":"binary-expr","locations":[{"start":{"line":133,"column":55},"end":{"line":133,"column":82}},{"start":{"line":133,"column":86},"end":{"line":133,"column":87}}],"line":133},"10":{"loc":{"start":{"line":142,"column":32},"end":{"line":142,"column":77}},"type":"binary-expr","locations":[{"start":{"line":142,"column":32},"end":{"line":142,"column":40}},{"start":{"line":142,"column":44},"end":{"line":142,"column":77}}],"line":142},"11":{"loc":{"start":{"line":145,"column":29},"end":{"line":145,"column":52}},"type":"binary-expr","locations":[{"start":{"line":145,"column":29},"end":{"line":145,"column":47}},{"start":{"line":145,"column":51},"end":{"line":145,"column":52}}],"line":145},"12":{"loc":{"start":{"line":146,"column":30},"end":{"line":146,"column":54}},"type":"binary-expr","locations":[{"start":{"line":146,"column":30},"end":{"line":146,"column":49}},{"start":{"line":146,"column":53},"end":{"line":146,"column":54}}],"line":146},"13":{"loc":{"start":{"line":150,"column":79},"end":{"line":150,"column":117}},"type":"binary-expr","locations":[{"start":{"line":150,"column":79},"end":{"line":150,"column":112}},{"start":{"line":150,"column":116},"end":{"line":150,"column":117}}],"line":150},"14":{"loc":{"start":{"line":153,"column":79},"end":{"line":153,"column":117}},"type":"binary-expr","locations":[{"start":{"line":153,"column":79},"end":{"line":153,"column":112}},{"start":{"line":153,"column":116},"end":{"line":153,"column":117}}],"line":153},"15":{"loc":{"start":{"line":158,"column":23},"end":{"line":164,"column":23}},"type":"cond-expr","locations":[{"start":{"line":159,"column":24},"end":{"line":161,"column":31}},{"start":{"line":163,"column":24},"end":{"line":163,"column":115}}],"line":158}},"s":{"0":1,"1":21,"2":20,"3":20,"4":20,"5":20,"6":20,"7":20,"8":0,"9":20,"10":4,"11":4,"12":4,"13":4,"14":20,"15":4,"16":20,"17":4,"18":4,"19":4,"20":4,"21":4,"22":4,"23":0,"24":4,"25":4,"26":4,"27":0,"28":20,"29":20,"30":20,"31":16,"32":4,"33":4,"34":4,"35":4,"36":4},"f":{"0":21,"1":0,"2":4,"3":4,"4":4,"5":4,"6":4,"7":4,"8":4,"9":4},"b":{"0":[0],"1":[4,0],"2":[4,0],"3":[4,0],"4":[4,4],"5":[12,8],"6":[16,4],"7":[4,0],"8":[4,0],"9":[4,0],"10":[4,4],"11":[4,0],"12":[4,0],"13":[4,0],"14":[4,0],"15":[4,0]},"_coverageSchema":"1a1c01bbd47fc00a2c39e90264f33305004495a9","hash":"32f241fe2cde37d60a2b68115b9ef7f7459e6624"}
,"C:\\Users\\natna\\Code\\DoseAlert\\frontend\\components\\AddMedicationModal.jsx": {"path":"C:\\Users\\natna\\Code\\DoseAlert\\frontend\\components\\AddMedicationModal.jsx","statementMap":{"0":{"start":{"line":18,"column":31},"end":{"line":415,"column":1}},"1":{"start":{"line":19,"column":28},"end":{"line":19,"column":64}},"2":{"start":{"line":20,"column":32},"end":{"line":20,"column":66}},"3":{"start":{"line":21,"column":38},"end":{"line":21,"column":52}},"4":{"start":{"line":22,"column":34},"end":{"line":22,"column":48}},"5":{"start":{"line":23,"column":58},"end":{"line":23,"column":73}},"6":{"start":{"line":24,"column":54},"end":{"line":24,"column":69}},"7":{"start":{"line":25,"column":38},"end":{"line":25,"column":55}},"8":{"start":{"line":26,"column":40},"end":{"line":26,"column":82}},"9":{"start":{"line":27,"column":34},"end":{"line":27,"column":73}},"10":{"start":{"line":28,"column":42},"end":{"line":29,"column":93}},"11":{"start":{"line":29,"column":52},"end":{"line":29,"column":84}},"12":{"start":{"line":30,"column":34},"end":{"line":30,"column":74}},"13":{"start":{"line":31,"column":50},"end":{"line":31,"column":65}},"14":{"start":{"line":32,"column":46},"end":{"line":32,"column":58}},"15":{"start":{"line":33,"column":48},"end":{"line":33,"column":63}},"16":{"start":{"line":34,"column":46},"end":{"line":34,"column":58}},"17":{"start":{"line":38,"column":41},"end":{"line":38,"column":50}},"18":{"start":{"line":39,"column":38},"end":{"line":39,"column":53}},"19":{"start":{"line":40,"column":30},"end":{"line":40,"column":44}},"20":{"start":{"line":42,"column":4},"end":{"line":51,"column":11}},"21":{"start":{"line":43,"column":8},"end":{"line":49,"column":13}},"22":{"start":{"line":44,"column":31},"end":{"line":44,"column":76}},"23":{"start":{"line":45,"column":12},"end":{"line":47,"column":13}},"24":{"start":{"line":46,"column":16},"end":{"line":46,"column":67}},"25":{"start":{"line":48,"column":12},"end":{"line":48,"column":54}},"26":{"start":{"line":54,"column":4},"end":{"line":67,"column":25}},"27":{"start":{"line":55,"column":8},"end":{"line":66,"column":9}},"28":{"start":{"line":56,"column":12},"end":{"line":56,"column":47}},"29":{"start":{"line":57,"column":12},"end":{"line":57,"column":59}},"30":{"start":{"line":58,"column":12},"end":{"line":58,"column":53}},"31":{"start":{"line":59,"column":12},"end":{"line":59,"column":54}},"32":{"start":{"line":60,"column":12},"end":{"line":65,"column":14}},"33":{"start":{"line":61,"column":59},"end":{"line":64,"column":17}},"34":{"start":{"line":69,"column":27},"end":{"line":85,"column":5}},"35":{"start":{"line":70,"column":8},"end":{"line":70,"column":20}},"36":{"start":{"line":71,"column":8},"end":{"line":71,"column":44}},"37":{"start":{"line":72,"column":8},"end":{"line":72,"column":27}},"38":{"start":{"line":73,"column":8},"end":{"line":73,"column":25}},"39":{"start":{"line":74,"column":8},"end":{"line":74,"column":30}},"40":{"start":{"line":75,"column":8},"end":{"line":75,"column":26}},"41":{"start":{"line":76,"column":8},"end":{"line":76,"column":23}},"42":{"start":{"line":77,"column":8},"end":{"line":77,"column":27}},"43":{"start":{"line":78,"column":8},"end":{"line":78,"column":23}},"44":{"start":{"line":79,"column":8},"end":{"line":79,"column":34}},"45":{"start":{"line":80,"column":8},"end":{"line":80,"column":29}},"46":{"start":{"line":81,"column":8},"end":{"line":81,"column":38}},"47":{"start":{"line":82,"column":8},"end":{"line":82,"column":36}},"48":{"start":{"line":83,"column":8},"end":{"line":83,"column":33}},"49":{"start":{"line":84,"column":8},"end":{"line":84,"column":23}},"50":{"start":{"line":87,"column":34},"end":{"line":92,"column":5}},"51":{"start":{"line":88,"column":8},"end":{"line":88,"column":38}},"52":{"start":{"line":89,"column":8},"end":{"line":91,"column":9}},"53":{"start":{"line":90,"column":12},"end":{"line":90,"column":39}},"54":{"start":{"line":95,"column":32},"end":{"line":100,"column":5}},"55":{"start":{"line":96,"column":8},"end":{"line":96,"column":36}},"56":{"start":{"line":97,"column":8},"end":{"line":99,"column":9}},"57":{"start":{"line":98,"column":12},"end":{"line":98,"column":37}},"58":{"start":{"line":102,"column":28},"end":{"line":108,"column":5}},"59":{"start":{"line":103,"column":8},"end":{"line":106,"column":9}},"60":{"start":{"line":104,"column":28},"end":{"line":104,"column":54}},"61":{"start":{"line":105,"column":12},"end":{"line":105,"column":174}},"62":{"start":{"line":105,"column":40},"end":{"line":105,"column":124}},"63":{"start":{"line":107,"column":8},"end":{"line":107,"column":33}},"64":{"start":{"line":110,"column":27},"end":{"line":110,"column":69}},"65":{"start":{"line":110,"column":33},"end":{"line":110,"column":69}},"66":{"start":{"line":112,"column":27},"end":{"line":166,"column":5}},"67":{"start":{"line":113,"column":8},"end":{"line":113,"column":27}},"68":{"start":{"line":114,"column":8},"end":{"line":165,"column":9}},"69":{"start":{"line":116,"column":35},"end":{"line":129,"column":13}},"70":{"start":{"line":120,"column":62},"end":{"line":120,"column":76}},"71":{"start":{"line":120,"column":92},"end":{"line":120,"column":103}},"72":{"start":{"line":132,"column":38},"end":{"line":132,"column":99}},"73":{"start":{"line":135,"column":12},"end":{"line":146,"column":13}},"74":{"start":{"line":136,"column":41},"end":{"line":143,"column":18}},"75":{"start":{"line":137,"column":41},"end":{"line":141,"column":21}},"76":{"start":{"line":142,"column":20},"end":{"line":142,"column":101}},"77":{"start":{"line":145,"column":16},"end":{"line":145,"column":52}},"78":{"start":{"line":149,"column":36},"end":{"line":155,"column":13}},"79":{"start":{"line":157,"column":12},"end":{"line":157,"column":36}},"80":{"start":{"line":158,"column":12},"end":{"line":158,"column":29}},"81":{"start":{"line":159,"column":12},"end":{"line":159,"column":22}},"82":{"start":{"line":161,"column":12},"end":{"line":161,"column":64}},"83":{"start":{"line":162,"column":12},"end":{"line":162,"column":72}},"84":{"start":{"line":164,"column":12},"end":{"line":164,"column":32}},"85":{"start":{"line":168,"column":4},"end":{"line":171,"column":5}},"86":{"start":{"line":169,"column":8},"end":{"line":169,"column":37}},"87":{"start":{"line":170,"column":8},"end":{"line":170,"column":77}},"88":{"start":{"line":170,"column":58},"end":{"line":170,"column":72}},"89":{"start":{"line":173,"column":4},"end":{"line":175,"column":5}},"90":{"start":{"line":174,"column":8},"end":{"line":174,"column":59}},"91":{"start":{"line":177,"column":4},"end":{"line":414,"column":6}},"92":{"start":{"line":194,"column":53},"end":{"line":194,"column":63}},"93":{"start":{"line":205,"column":57},"end":{"line":205,"column":92}},"94":{"start":{"line":216,"column":57},"end":{"line":216,"column":90}},"95":{"start":{"line":228,"column":83},"end":{"line":228,"column":111}},"96":{"start":{"line":246,"column":81},"end":{"line":246,"column":107}},"97":{"start":{"line":265,"column":62},"end":{"line":265,"column":85}},"98":{"start":{"line":292,"column":40},"end":{"line":309,"column":47}},"99":{"start":{"line":302,"column":73},"end":{"line":302,"column":116}},"100":{"start":{"line":302,"column":104},"end":{"line":302,"column":115}},"101":{"start":{"line":303,"column":52},"end":{"line":303,"column":83}},"102":{"start":{"line":314,"column":51},"end":{"line":314,"column":74}},"103":{"start":{"line":340,"column":53},"end":{"line":340,"column":66}},"104":{"start":{"line":350,"column":53},"end":{"line":350,"column":69}},"105":{"start":{"line":361,"column":53},"end":{"line":361,"column":66}},"106":{"start":{"line":374,"column":53},"end":{"line":374,"column":72}},"107":{"start":{"line":379,"column":36},"end":{"line":379,"column":109}},"108":{"start":{"line":380,"column":36},"end":{"line":380,"column":57}},"109":{"start":{"line":392,"column":36},"end":{"line":392,"column":53}},"110":{"start":{"line":402,"column":36},"end":{"line":402,"column":46}},"111":{"start":{"line":403,"column":36},"end":{"line":403,"column":53}},"112":{"start":{"line":417,"column":0},"end":{"line":428,"column":2}}},"fnMap":{"0":{"name":"(anonymous_0)","decl":{"start":{"line":18,"column":31},"end":{"line":18,"column":32}},"loc":{"start":{"line":18,"column":81},"end":{"line":415,"column":1}},"line":18},"1":{"name":"(anonymous_1)","decl":{"start":{"line":29,"column":41},"end":{"line":29,"column":42}},"loc":{"start":{"line":29,"column":52},"end":{"line":29,"column":84}},"line":29},"2":{"name":"(anonymous_2)","decl":{"start":{"line":42,"column":14},"end":{"line":42,"column":15}},"loc":{"start":{"line":42,"column":20},"end":{"line":51,"column":5}},"line":42},"3":{"name":"(anonymous_3)","decl":{"start":{"line":43,"column":9},"end":{"line":43,"column":10}},"loc":{"start":{"line":43,"column":21},"end":{"line":49,"column":9}},"line":43},"4":{"name":"(anonymous_4)","decl":{"start":{"line":54,"column":14},"end":{"line":54,"column":15}},"loc":{"start":{"line":54,"column":20},"end":{"line":67,"column":5}},"line":54},"5":{"name":"(anonymous_5)","decl":{"start":{"line":61,"column":48},"end":{"line":61,"column":49}},"loc":{"start":{"line":61,"column":59},"end":{"line":64,"column":17}},"line":61},"6":{"name":"(anonymous_6)","decl":{"start":{"line":69,"column":27},"end":{"line":69,"column":28}},"loc":{"start":{"line":69,"column":33},"end":{"line":85,"column":5}},"line":69},"7":{"name":"(anonymous_7)","decl":{"start":{"line":87,"column":34},"end":{"line":87,"column":35}},"loc":{"start":{"line":87,"column":59},"end":{"line":92,"column":5}},"line":87},"8":{"name":"(anonymous_8)","decl":{"start":{"line":95,"column":32},"end":{"line":95,"column":33}},"loc":{"start":{"line":95,"column":57},"end":{"line":100,"column":5}},"line":95},"9":{"name":"(anonymous_9)","decl":{"start":{"line":102,"column":28},"end":{"line":102,"column":29}},"loc":{"start":{"line":102,"column":53},"end":{"line":108,"column":5}},"line":102},"10":{"name":"(anonymous_10)","decl":{"start":{"line":105,"column":32},"end":{"line":105,"column":33}},"loc":{"start":{"line":105,"column":40},"end":{"line":105,"column":124}},"line":105},"11":{"name":"(anonymous_11)","decl":{"start":{"line":110,"column":27},"end":{"line":110,"column":28}},"loc":{"start":{"line":110,"column":33},"end":{"line":110,"column":69}},"line":110},"12":{"name":"(anonymous_12)","decl":{"start":{"line":112,"column":27},"end":{"line":112,"column":28}},"loc":{"start":{"line":112,"column":39},"end":{"line":166,"column":5}},"line":112},"13":{"name":"(anonymous_13)","decl":{"start":{"line":120,"column":52},"end":{"line":120,"column":53}},"loc":{"start":{"line":120,"column":62},"end":{"line":120,"column":76}},"line":120},"14":{"name":"(anonymous_14)","decl":{"start":{"line":120,"column":82},"end":{"line":120,"column":83}},"loc":{"start":{"line":120,"column":92},"end":{"line":120,"column":103}},"line":120},"15":{"name":"(anonymous_15)","decl":{"start":{"line":136,"column":59},"end":{"line":136,"column":60}},"loc":{"start":{"line":136,"column":67},"end":{"line":143,"column":17}},"line":136},"16":{"name":"(anonymous_16)","decl":{"start":{"line":170,"column":52},"end":{"line":170,"column":53}},"loc":{"start":{"line":170,"column":58},"end":{"line":170,"column":72}},"line":170},"17":{"name":"(anonymous_17)","decl":{"start":{"line":194,"column":46},"end":{"line":194,"column":47}},"loc":{"start":{"line":194,"column":53},"end":{"line":194,"column":63}},"line":194},"18":{"name":"(anonymous_18)","decl":{"start":{"line":205,"column":50},"end":{"line":205,"column":51}},"loc":{"start":{"line":205,"column":57},"end":{"line":205,"column":92}},"line":205},"19":{"name":"(anonymous_19)","decl":{"start":{"line":216,"column":50},"end":{"line":216,"column":51}},"loc":{"start":{"line":216,"column":57},"end":{"line":216,"column":90}},"line":216},"20":{"name":"(anonymous_20)","decl":{"start":{"line":228,"column":77},"end":{"line":228,"column":78}},"loc":{"start":{"line":228,"column":83},"end":{"line":228,"column":111}},"line":228},"21":{"name":"(anonymous_21)","decl":{"start":{"line":246,"column":75},"end":{"line":246,"column":76}},"loc":{"start":{"line":246,"column":81},"end":{"line":246,"column":107}},"line":246},"22":{"name":"(anonymous_22)","decl":{"start":{"line":265,"column":47},"end":{"line":265,"column":48}},"loc":{"start":{"line":265,"column":62},"end":{"line":265,"column":85}},"line":265},"23":{"name":"(anonymous_23)","decl":{"start":{"line":291,"column":54},"end":{"line":291,"column":55}},"loc":{"start":{"line":292,"column":40},"end":{"line":309,"column":47}},"line":292},"24":{"name":"(anonymous_24)","decl":{"start":{"line":300,"column":57},"end":{"line":300,"column":58}},"loc":{"start":{"line":300,"column":63},"end":{"line":304,"column":49}},"line":300},"25":{"name":"(anonymous_25)","decl":{"start":{"line":302,"column":94},"end":{"line":302,"column":95}},"loc":{"start":{"line":302,"column":104},"end":{"line":302,"column":115}},"line":302},"26":{"name":"(anonymous_26)","decl":{"start":{"line":314,"column":45},"end":{"line":314,"column":46}},"loc":{"start":{"line":314,"column":51},"end":{"line":314,"column":74}},"line":314},"27":{"name":"(anonymous_27)","decl":{"start":{"line":340,"column":46},"end":{"line":340,"column":47}},"loc":{"start":{"line":340,"column":53},"end":{"line":340,"column":66}},"line":340},"28":{"name":"(anonymous_28)","decl":{"start":{"line":350,"column":46},"end":{"line":350,"column":47}},"loc":{"start":{"line":350,"column":53},"end":{"line":350,"column":69}},"line":350},"29":{"name":"(anonymous_29)","decl":{"start":{"line":361,"column":46},"end":{"line":361,"column":47}},"loc":{"start":{"line":361,"column":53},"end":{"line":361,"column":66}},"line":361},"30":{"name":"(anonymous_30)","decl":{"start":{"line":374,"column":46},"end":{"line":374,"column":47}},"loc":{"start":{"line":374,"column":53},"end":{"line":374,"column":72}},"line":374},"31":{"name":"(anonymous_31)","decl":{"start":{"line":378,"column":49},"end":{"line":378,"column":50}},"loc":{"start":{"line":378,"column":55},"end":{"line":381,"column":33}},"line":378},"32":{"name":"(anonymous_32)","decl":{"start":{"line":390,"column":45},"end":{"line":390,"column":46}},"loc":{"start":{"line":390,"column":51},"end":{"line":394,"column":33}},"line":390},"33":{"name":"(anonymous_33)","decl":{"start":{"line":401,"column":45},"end":{"line":401,"column":46}},"loc":{"start":{"line":401,"column":51},"end":{"line":404,"column":33}},"line":401}},"branchMap":{"0":{"loc":{"start":{"line":19,"column":37},"end":{"line":19,"column":63}},"type":"binary-expr","locations":[{"start":{"line":19,"column":37},"end":{"line":19,"column":57}},{"start":{"line":19,"column":61},"end":{"line":19,"column":63}}],"line":19},"1":{"loc":{"start":{"line":26,"column":49},"end":{"line":26,"column":81}},"type":"binary-expr","locations":[{"start":{"line":26,"column":49},"end":{"line":26,"column":75}},{"start":{"line":26,"column":79},"end":{"line":26,"column":81}}],"line":26},"2":{"loc":{"start":{"line":27,"column":43},"end":{"line":27,"column":72}},"type":"binary-expr","locations":[{"start":{"line":27,"column":43},"end":{"line":27,"column":66}},{"start":{"line":27,"column":70},"end":{"line":27,"column":72}}],"line":27},"3":{"loc":{"start":{"line":29,"column":8},"end":{"line":29,"column":92}},"type":"binary-expr","locations":[{"start":{"line":29,"column":8},"end":{"line":29,"column":86}},{"start":{"line":29,"column":90},"end":{"line":29,"column":92}}],"line":29},"4":{"loc":{"start":{"line":30,"column":43},"end":{"line":30,"column":73}},"type":"binary-expr","locations":[{"start":{"line":30,"column":43},"end":{"line":30,"column":67}},{"start":{"line":30,"column":71},"end":{"line":30,"column":73}}],"line":30},"5":{"loc":{"start":{"line":45,"column":12},"end":{"line":47,"column":13}},"type":"if","locations":[{"start":{"line":45,"column":12},"end":{"line":47,"column":13}},{"start":{},"end":{}}],"line":45},"6":{"loc":{"start":{"line":55,"column":8},"end":{"line":66,"column":9}},"type":"if","locations":[{"start":{"line":55,"column":8},"end":{"line":66,"column":9}},{"start":{},"end":{}}],"line":55},"7":{"loc":{"start":{"line":56,"column":20},"end":{"line":56,"column":45}},"type":"binary-expr","locations":[{"start":{"line":56,"column":20},"end":{"line":56,"column":39}},{"start":{"line":56,"column":43},"end":{"line":56,"column":45}}],"line":56},"8":{"loc":{"start":{"line":57,"column":26},"end":{"line":57,"column":57}},"type":"binary-expr","locations":[{"start":{"line":57,"column":26},"end":{"line":57,"column":51}},{"start":{"line":57,"column":55},"end":{"line":57,"column":57}}],"line":57},"9":{"loc":{"start":{"line":58,"column":23},"end":{"line":58,"column":51}},"type":"binary-expr","locations":[{"start":{"line":58,"column":23},"end":{"line":58,"column":45}},{"start":{"line":58,"column":49},"end":{"line":58,"column":51}}],"line":58},"10":{"loc":{"start":{"line":59,"column":23},"end":{"line":59,"column":52}},"type":"binary-expr","locations":[{"start":{"line":59,"column":23},"end":{"line":59,"column":46}},{"start":{"line":59,"column":50},"end":{"line":59,"column":52}}],"line":59},"11":{"loc":{"start":{"line":61,"column":16},"end":{"line":64,"column":25}},"type":"binary-expr","locations":[{"start":{"line":61,"column":16},"end":{"line":64,"column":19}},{"start":{"line":64,"column":23},"end":{"line":64,"column":25}}],"line":61},"12":{"loc":{"start":{"line":62,"column":26},"end":{"line":62,"column":75}},"type":"cond-expr","locations":[{"start":{"line":62,"column":55},"end":{"line":62,"column":61}},{"start":{"line":62,"column":64},"end":{"line":62,"column":75}}],"line":62},"13":{"loc":{"start":{"line":89,"column":8},"end":{"line":91,"column":9}},"type":"if","locations":[{"start":{"line":89,"column":8},"end":{"line":91,"column":9}},{"start":{},"end":{}}],"line":89},"14":{"loc":{"start":{"line":89,"column":12},"end":{"line":89,"column":48}},"type":"binary-expr","locations":[{"start":{"line":89,"column":12},"end":{"line":89,"column":32}},{"start":{"line":89,"column":36},"end":{"line":89,"column":48}}],"line":89},"15":{"loc":{"start":{"line":97,"column":8},"end":{"line":99,"column":9}},"type":"if","locations":[{"start":{"line":97,"column":8},"end":{"line":99,"column":9}},{"start":{},"end":{}}],"line":97},"16":{"loc":{"start":{"line":97,"column":12},"end":{"line":97,"column":48}},"type":"binary-expr","locations":[{"start":{"line":97,"column":12},"end":{"line":97,"column":32}},{"start":{"line":97,"column":36},"end":{"line":97,"column":48}}],"line":97},"17":{"loc":{"start":{"line":103,"column":8},"end":{"line":106,"column":9}},"type":"if","locations":[{"start":{"line":103,"column":8},"end":{"line":106,"column":9}},{"start":{},"end":{}}],"line":103},"18":{"loc":{"start":{"line":104,"column":28},"end":{"line":104,"column":54}},"type":"binary-expr","locations":[{"start":{"line":104,"column":28},"end":{"line":104,"column":40}},{"start":{"line":104,"column":44},"end":{"line":104,"column":54}}],"line":104},"19":{"loc":{"start":{"line":105,"column":12},"end":{"line":105,"column":173}},"type":"binary-expr","locations":[{"start":{"line":105,"column":12},"end":{"line":105,"column":125}},{"start":{"line":105,"column":128},"end":{"line":105,"column":173}}],"line":105},"20":{"loc":{"start":{"line":105,"column":40},"end":{"line":105,"column":124}},"type":"binary-expr","locations":[{"start":{"line":105,"column":40},"end":{"line":105,"column":78}},{"start":{"line":105,"column":82},"end":{"line":105,"column":124}}],"line":105},"21":{"loc":{"start":{"line":135,"column":12},"end":{"line":146,"column":13}},"type":"if","locations":[{"start":{"line":135,"column":12},"end":{"line":146,"column":13}},{"start":{},"end":{}}],"line":135},"22":{"loc":{"start":{"line":135,"column":16},"end":{"line":135,"column":59}},"type":"binary-expr","locations":[{"start":{"line":135,"column":16},"end":{"line":135,"column":31}},{"start":{"line":135,"column":35},"end":{"line":135,"column":59}}],"line":135},"23":{"loc":{"start":{"line":162,"column":21},"end":{"line":162,"column":70}},"type":"binary-expr","locations":[{"start":{"line":162,"column":21},"end":{"line":162,"column":34}},{"start":{"line":162,"column":38},"end":{"line":162,"column":70}}],"line":162},"24":{"loc":{"start":{"line":168,"column":4},"end":{"line":171,"column":5}},"type":"if","locations":[{"start":{"line":168,"column":4},"end":{"line":171,"column":5}},{"start":{},"end":{}}],"line":168},"25":{"loc":{"start":{"line":173,"column":4},"end":{"line":175,"column":5}},"type":"if","locations":[{"start":{"line":173,"column":4},"end":{"line":175,"column":5}},{"start":{},"end":{}}],"line":173},"26":{"loc":{"start":{"line":231,"column":25},"end":{"line":241,"column":25}},"type":"binary-expr","locations":[{"start":{"line":231,"column":25},"end":{"line":231,"column":44}},{"start":{"line":232,"column":28},"end":{"line":240,"column":30}}],"line":231},"27":{"loc":{"start":{"line":233,"column":39},"end":{"line":233,"column":62}},"type":"binary-expr","locations":[{"start":{"line":233,"column":39},"end":{"line":233,"column":48}},{"start":{"line":233,"column":52},"end":{"line":233,"column":62}}],"line":233},"28":{"loc":{"start":{"line":249,"column":25},"end":{"line":259,"column":25}},"type":"binary-expr","locations":[{"start":{"line":249,"column":25},"end":{"line":249,"column":42}},{"start":{"line":250,"column":28},"end":{"line":258,"column":30}}],"line":249},"29":{"loc":{"start":{"line":251,"column":39},"end":{"line":251,"column":60}},"type":"binary-expr","locations":[{"start":{"line":251,"column":39},"end":{"line":251,"column":46}},{"start":{"line":251,"column":50},"end":{"line":251,"column":60}}],"line":251},"30":{"loc":{"start":{"line":255,"column":45},"end":{"line":255,"column":68}},"type":"binary-expr","locations":[{"start":{"line":255,"column":45},"end":{"line":255,"column":54}},{"start":{"line":255,"column":58},"end":{"line":255,"column":68}}],"line":255},"31":{"loc":{"start":{"line":281,"column":44},"end":{"line":281,"column":83}},"type":"cond-expr","locations":[{"start":{"line":281,"column":62},"end":{"line":281,"column":71}},{"start":{"line":281,"column":74},"end":{"line":281,"column":83}}],"line":281},"32":{"loc":{"start":{"line":287,"column":25},"end":{"line":321,"column":25}},"type":"binary-expr","locations":[{"start":{"line":287,"column":25},"end":{"line":287,"column":40}},{"start":{"line":288,"column":28},"end":{"line":320,"column":35}}],"line":287},"33":{"loc":{"start":{"line":290,"column":33},"end":{"line":311,"column":33}},"type":"binary-expr","locations":[{"start":{"line":290,"column":33},"end":{"line":290,"column":57}},{"start":{"line":291,"column":36},"end":{"line":310,"column":38}}],"line":290},"34":{"loc":{"start":{"line":325,"column":25},"end":{"line":336,"column":25}},"type":"binary-expr","locations":[{"start":{"line":325,"column":25},"end":{"line":325,"column":39}},{"start":{"line":326,"column":28},"end":{"line":335,"column":30}}],"line":325}},"s":{"0":2,"1":87,"2":87,"3":87,"4":87,"5":87,"6":87,"7":87,"8":87,"9":87,"10":87,"11":4,"12":87,"13":87,"14":87,"15":87,"16":87,"17":87,"18":87,"19":87,"20":87,"21":18,"22":18,"23":18,"24":0,"25":18,"26":87,"27":19,"28":1,"29":1,"30":1,"31":1,"32":1,"33":2,"34":87,"35":4,"36":4,"37":4,"38":4,"39":4,"40":4,"41":4,"42":4,"43":4,"44":4,"45":4,"46":4,"47":4,"48":4,"49":4,"50":87,"51":1,"52":1,"53":1,"54":87,"55":1,"56":1,"57":1,"58":87,"59":3,"60":3,"61":3,"62":1,"63":3,"64":87,"65":2,"66":87,"67":5,"68":5,"69":5,"70":0,"71":0,"72":5,"73":3,"74":0,"75":0,"76":0,"77":0,"78":3,"79":3,"80":3,"81":3,"82":2,"83":2,"84":5,"85":87,"86":4,"87":4,"88":0,"89":83,"90":29,"91":54,"92":3,"93":1,"94":1,"95":1,"96":1,"97":0,"98":4,"99":0,"100":0,"101":0,"102":3,"103":0,"104":0,"105":0,"106":1,"107":1,"108":1,"109":5,"110":1,"111":1,"112":2},"f":{"0":87,"1":4,"2":18,"3":18,"4":19,"5":2,"6":4,"7":1,"8":1,"9":3,"10":1,"11":2,"12":5,"13":0,"14":0,"15":0,"16":0,"17":3,"18":1,"19":1,"20":1,"21":1,"22":0,"23":4,"24":0,"25":0,"26":3,"27":0,"28":0,"29":0,"30":1,"31":1,"32":5,"33":1},"b":{"0":[87,85],"1":[87,85],"2":[87,85],"3":[87,85],"4":[87,85],"5":[0,18],"6":[1,18],"7":[1,0],"8":[1,0],"9":[1,0],"10":[1,0],"11":[1,0],"12":[2,0],"13":[1,0],"14":[1,1],"15":[1,0],"16":[1,1],"17":[3,0],"18":[3,0],"19":[3,2],"20":[1,1],"21":[0,3],"22":[3,0],"23":[2,0],"24":[4,83],"25":[29,54],"26":[54,1],"27":[1,1],"28":[54,1],"29":[1,1],"30":[1,0],"31":[8,46],"32":[54,8],"33":[8,4],"34":[54,3]},"_coverageSchema":"1a1c01bbd47fc00a2c39e90264f33305004495a9","hash":"eba8e5a65a961fe2016681e2acba3a520e1a904c"}
,"C:\\Users\\natna\\Code\\DoseAlert\\frontend\\components\\CameraModal.jsx": {"path":"C:\\Users\\natna\\Code\\DoseAlert\\frontend\\components\\CameraModal.jsx","statementMap":{"0":{"start":{"line":9,"column":20},"end":{"line":72,"column":1}},"1":{"start":{"line":10,"column":44},"end":{"line":10,"column":66}},"2":{"start":{"line":11,"column":19},"end":{"line":11,"column":25}},"3":{"start":{"line":12,"column":4},"end":{"line":15,"column":9}},"4":{"start":{"line":13,"column":8},"end":{"line":13,"column":28}},"5":{"start":{"line":16,"column":4},"end":{"line":20,"column":23}},"6":{"start":{"line":17,"column":8},"end":{"line":19,"column":9}},"7":{"start":{"line":18,"column":10},"end":{"line":18,"column":30}},"8":{"start":{"line":22,"column":6},"end":{"line":24,"column":7}},"9":{"start":{"line":23,"column":8},"end":{"line":23,"column":24}},"10":{"start":{"line":26,"column":6},"end":{"line":33,"column":7}},"11":{"start":{"line":27,"column":8},"end":{"line":32,"column":10}},"12":{"start":{"line":34,"column":2},"end":{"line":71,"column":4}},"13":{"start":{"line":73,"column":0},"end":{"line":77,"column":2}}},"fnMap":{"0":{"name":"(anonymous_0)","decl":{"start":{"line":9,"column":20},"end":{"line":9,"column":21}},"loc":{"start":{"line":9,"column":56},"end":{"line":72,"column":1}},"line":9},"1":{"name":"(anonymous_1)","decl":{"start":{"line":12,"column":14},"end":{"line":12,"column":15}},"loc":{"start":{"line":12,"column":18},"end":{"line":15,"column":5}},"line":12},"2":{"name":"(anonymous_2)","decl":{"start":{"line":16,"column":14},"end":{"line":16,"column":15}},"loc":{"start":{"line":16,"column":20},"end":{"line":20,"column":7}},"line":16}},"branchMap":{"0":{"loc":{"start":{"line":17,"column":8},"end":{"line":19,"column":9}},"type":"if","locations":[{"start":{"line":17,"column":8},"end":{"line":19,"column":9}},{"start":{},"end":{}}],"line":17},"1":{"loc":{"start":{"line":22,"column":6},"end":{"line":24,"column":7}},"type":"if","locations":[{"start":{"line":22,"column":6},"end":{"line":24,"column":7}},{"start":{},"end":{}}],"line":22},"2":{"loc":{"start":{"line":26,"column":6},"end":{"line":33,"column":7}},"type":"if","locations":[{"start":{"line":26,"column":6},"end":{"line":33,"column":7}},{"start":{},"end":{}}],"line":26}},"s":{"0":2,"1":32,"2":32,"3":32,"4":16,"5":32,"6":16,"7":0,"8":32,"9":0,"10":32,"11":4,"12":28,"13":2},"f":{"0":32,"1":16,"2":16},"b":{"0":[0,16],"1":[0,32],"2":[4,28]},"_coverageSchema":"1a1c01bbd47fc00a2c39e90264f33305004495a9","hash":"8d8633573055cc320ea25cf8612d8e68ba3f2fcb"}
,"C:\\Users\\natna\\Code\\DoseAlert\\frontend\\components\\CustomButton.jsx": {"path":"C:\\Users\\natna\\Code\\DoseAlert\\frontend\\components\\CustomButton.jsx","statementMap":{"0":{"start":{"line":6,"column":21},"end":{"line":17,"column":1}},"1":{"start":{"line":7,"column":2},"end":{"line":16,"column":3}}},"fnMap":{"0":{"name":"(anonymous_0)","decl":{"start":{"line":6,"column":21},"end":{"line":6,"column":22}},"loc":{"start":{"line":6,"column":87},"end":{"line":17,"column":1}},"line":6}},"branchMap":{"0":{"loc":{"start":{"line":11,"column":93},"end":{"line":11,"column":120}},"type":"cond-expr","locations":[{"start":{"line":11,"column":105},"end":{"line":11,"column":117}},{"start":{"line":11,"column":118},"end":{"line":11,"column":120}}],"line":11}},"s":{"0":6,"1":173},"f":{"0":173},"b":{"0":[8,165]},"_coverageSchema":"1a1c01bbd47fc00a2c39e90264f33305004495a9","hash":"52fc3de39cca42c8faf90cfadfb2cafbf60a1274"}
,"C:\\Users\\natna\\Code\\DoseAlert\\frontend\\components\\EditMedicationModal.jsx": {"path":"C:\\Users\\natna\\Code\\DoseAlert\\frontend\\components\\EditMedicationModal.jsx","statementMap":{"0":{"start":{"line":17,"column":32},"end":{"line":407,"column":1}},"1":{"start":{"line":18,"column":28},"end":{"line":18,"column":89}},"2":{"start":{"line":19,"column":32},"end":{"line":19,"column":92}},"3":{"start":{"line":20,"column":38},"end":{"line":20,"column":81}},"4":{"start":{"line":21,"column":34},"end":{"line":21,"column":75}},"5":{"start":{"line":22,"column":58},"end":{"line":22,"column":73}},"6":{"start":{"line":23,"column":54},"end":{"line":23,"column":69}},"7":{"start":{"line":24,"column":38},"end":{"line":24,"column":84}},"8":{"start":{"line":25,"column":40},"end":{"line":25,"column":107}},"9":{"start":{"line":26,"column":34},"end":{"line":26,"column":98}},"10":{"start":{"line":27,"column":42},"end":{"line":28,"column":67}},"11":{"start":{"line":29,"column":34},"end":{"line":29,"column":99}},"12":{"start":{"line":30,"column":50},"end":{"line":30,"column":102}},"13":{"start":{"line":31,"column":46},"end":{"line":31,"column":93}},"14":{"start":{"line":32,"column":48},"end":{"line":32,"column":63}},"15":{"start":{"line":33,"column":46},"end":{"line":33,"column":58}},"16":{"start":{"line":36,"column":21},"end":{"line":36,"column":29}},"17":{"start":{"line":37,"column":38},"end":{"line":37,"column":53}},"18":{"start":{"line":38,"column":30},"end":{"line":38,"column":44}},"19":{"start":{"line":39,"column":4},"end":{"line":48,"column":13}},"20":{"start":{"line":40,"column":8},"end":{"line":46,"column":13}},"21":{"start":{"line":41,"column":29},"end":{"line":41,"column":74}},"22":{"start":{"line":42,"column":10},"end":{"line":44,"column":11}},"23":{"start":{"line":43,"column":12},"end":{"line":43,"column":63}},"24":{"start":{"line":45,"column":8},"end":{"line":45,"column":50}},"25":{"start":{"line":49,"column":6},"end":{"line":64,"column":26}},"26":{"start":{"line":50,"column":8},"end":{"line":63,"column":9}},"27":{"start":{"line":51,"column":12},"end":{"line":51,"column":65}},"28":{"start":{"line":52,"column":12},"end":{"line":52,"column":45}},"29":{"start":{"line":53,"column":12},"end":{"line":53,"column":51}},"30":{"start":{"line":54,"column":12},"end":{"line":54,"column":47}},"31":{"start":{"line":55,"column":12},"end":{"line":55,"column":51}},"32":{"start":{"line":56,"column":12},"end":{"line":56,"column":77}},"33":{"start":{"line":57,"column":12},"end":{"line":57,"column":53}},"34":{"start":{"line":58,"column":12},"end":{"line":58,"column":85}},"35":{"start":{"line":59,"column":12},"end":{"line":59,"column":77}},"36":{"start":{"line":60,"column":12},"end":{"line":60,"column":64}},"37":{"start":{"line":61,"column":12},"end":{"line":61,"column":89}},"38":{"start":{"line":61,"column":74},"end":{"line":61,"column":80}},"39":{"start":{"line":66,"column":27},"end":{"line":82,"column":5}},"40":{"start":{"line":67,"column":8},"end":{"line":67,"column":20}},"41":{"start":{"line":68,"column":8},"end":{"line":68,"column":44}},"42":{"start":{"line":69,"column":8},"end":{"line":69,"column":27}},"43":{"start":{"line":70,"column":8},"end":{"line":70,"column":25}},"44":{"start":{"line":71,"column":8},"end":{"line":71,"column":30}},"45":{"start":{"line":72,"column":8},"end":{"line":72,"column":26}},"46":{"start":{"line":73,"column":8},"end":{"line":73,"column":23}},"47":{"start":{"line":74,"column":8},"end":{"line":74,"column":27}},"48":{"start":{"line":75,"column":8},"end":{"line":75,"column":23}},"49":{"start":{"line":76,"column":8},"end":{"line":76,"column":34}},"50":{"start":{"line":77,"column":8},"end":{"line":77,"column":29}},"51":{"start":{"line":78,"column":8},"end":{"line":78,"column":38}},"52":{"start":{"line":79,"column":8},"end":{"line":79,"column":36}},"53":{"start":{"line":80,"column":8},"end":{"line":80,"column":33}},"54":{"start":{"line":81,"column":8},"end":{"line":81,"column":23}},"55":{"start":{"line":84,"column":34},"end":{"line":89,"column":5}},"56":{"start":{"line":85,"column":8},"end":{"line":85,"column":38}},"57":{"start":{"line":86,"column":8},"end":{"line":88,"column":9}},"58":{"start":{"line":87,"column":12},"end":{"line":87,"column":39}},"59":{"start":{"line":92,"column":32},"end":{"line":97,"column":5}},"60":{"start":{"line":93,"column":8},"end":{"line":93,"column":36}},"61":{"start":{"line":94,"column":8},"end":{"line":96,"column":9}},"62":{"start":{"line":95,"column":12},"end":{"line":95,"column":37}},"63":{"start":{"line":99,"column":28},"end":{"line":105,"column":5}},"64":{"start":{"line":100,"column":8},"end":{"line":103,"column":9}},"65":{"start":{"line":101,"column":28},"end":{"line":101,"column":54}},"66":{"start":{"line":102,"column":12},"end":{"line":102,"column":58}},"67":{"start":{"line":104,"column":8},"end":{"line":104,"column":33}},"68":{"start":{"line":107,"column":27},"end":{"line":107,"column":69}},"69":{"start":{"line":107,"column":33},"end":{"line":107,"column":69}},"70":{"start":{"line":109,"column":27},"end":{"line":142,"column":5}},"71":{"start":{"line":110,"column":8},"end":{"line":110,"column":27}},"72":{"start":{"line":111,"column":8},"end":{"line":141,"column":9}},"73":{"start":{"line":112,"column":29},"end":{"line":125,"column":14}},"74":{"start":{"line":127,"column":12},"end":{"line":134,"column":13}},"75":{"start":{"line":128,"column":16},"end":{"line":128,"column":41}},"76":{"start":{"line":129,"column":16},"end":{"line":129,"column":23}},"77":{"start":{"line":131,"column":16},"end":{"line":131,"column":38}},"78":{"start":{"line":132,"column":16},"end":{"line":132,"column":36}},"79":{"start":{"line":133,"column":16},"end":{"line":133,"column":33}},"80":{"start":{"line":135,"column":12},"end":{"line":135,"column":22}},"81":{"start":{"line":137,"column":12},"end":{"line":137,"column":66}},"82":{"start":{"line":138,"column":12},"end":{"line":138,"column":36}},"83":{"start":{"line":140,"column":12},"end":{"line":140,"column":32}},"84":{"start":{"line":144,"column":29},"end":{"line":162,"column":5}},"85":{"start":{"line":145,"column":8},"end":{"line":145,"column":27}},"86":{"start":{"line":146,"column":8},"end":{"line":161,"column":9}},"87":{"start":{"line":147,"column":29},"end":{"line":147,"column":70}},"88":{"start":{"line":148,"column":12},"end":{"line":151,"column":13}},"89":{"start":{"line":149,"column":16},"end":{"line":149,"column":41}},"90":{"start":{"line":150,"column":16},"end":{"line":150,"column":23}},"91":{"start":{"line":152,"column":12},"end":{"line":152,"column":50}},"92":{"start":{"line":153,"column":12},"end":{"line":153,"column":29}},"93":{"start":{"line":155,"column":12},"end":{"line":155,"column":22}},"94":{"start":{"line":157,"column":12},"end":{"line":157,"column":68}},"95":{"start":{"line":158,"column":12},"end":{"line":158,"column":36}},"96":{"start":{"line":160,"column":12},"end":{"line":160,"column":32}},"97":{"start":{"line":164,"column":4},"end":{"line":167,"column":5}},"98":{"start":{"line":165,"column":8},"end":{"line":165,"column":37}},"99":{"start":{"line":166,"column":8},"end":{"line":166,"column":77}},"100":{"start":{"line":166,"column":58},"end":{"line":166,"column":72}},"101":{"start":{"line":169,"column":4},"end":{"line":171,"column":5}},"102":{"start":{"line":170,"column":8},"end":{"line":170,"column":34}},"103":{"start":{"line":172,"column":4},"end":{"line":406,"column":6}},"104":{"start":{"line":194,"column":53},"end":{"line":194,"column":63}},"105":{"start":{"line":204,"column":57},"end":{"line":204,"column":90}},"106":{"start":{"line":213,"column":57},"end":{"line":213,"column":88}},"107":{"start":{"line":223,"column":77},"end":{"line":223,"column":105}},"108":{"start":{"line":241,"column":75},"end":{"line":241,"column":101}},"109":{"start":{"line":260,"column":62},"end":{"line":260,"column":85}},"110":{"start":{"line":288,"column":40},"end":{"line":305,"column":47}},"111":{"start":{"line":298,"column":73},"end":{"line":298,"column":116}},"112":{"start":{"line":298,"column":104},"end":{"line":298,"column":115}},"113":{"start":{"line":299,"column":5
[...]
umn":23},"end":{"line":8,"column":24}},"loc":{"start":{"line":8,"column":29},"end":{"line":14,"column":1}},"line":8},"1":{"name":"(anonymous_1)","decl":{"start":{"line":17,"column":23},"end":{"line":17,"column":24}},"loc":{"start":{"line":17,"column":34},"end":{"line":30,"column":1}},"line":17},"2":{"name":"(anonymous_2)","decl":{"start":{"line":32,"column":21},"end":{"line":32,"column":22}},"loc":{"start":{"line":32,"column":39},"end":{"line":202,"column":1}},"line":32},"3":{"name":"(anonymous_3)","decl":{"start":{"line":40,"column":30},"end":{"line":40,"column":31}},"loc":{"start":{"line":40,"column":42},"end":{"line":77,"column":3}},"line":40},"4":{"name":"(anonymous_4)","decl":{"start":{"line":49,"column":26},"end":{"line":49,"column":27}},"loc":{"start":{"line":49,"column":37},"end":{"line":49,"column":62}},"line":49},"5":{"name":"(anonymous_5)","decl":{"start":{"line":80,"column":35},"end":{"line":80,"column":36}},"loc":{"start":{"line":80,"column":64},"end":{"line":117,"column":3}},"line":80},"6":{"name":"(anonymous_6)","decl":{"start":{"line":120,"column":12},"end":{"line":120,"column":13}},"loc":{"start":{"line":120,"column":18},"end":{"line":122,"column":3}},"line":120},"7":{"name":"(anonymous_7)","decl":{"start":{"line":124,"column":27},"end":{"line":124,"column":28}},"loc":{"start":{"line":124,"column":39},"end":{"line":142,"column":3}},"line":124},"8":{"name":"(anonymous_8)","decl":{"start":{"line":144,"column":22},"end":{"line":144,"column":23}},"loc":{"start":{"line":144,"column":57},"end":{"line":161,"column":3}},"line":144},"9":{"name":"(anonymous_9)","decl":{"start":{"line":163,"column":22},"end":{"line":163,"column":23}},"loc":{"start":{"line":163,"column":34},"end":{"line":172,"column":3}},"line":163},"10":{"name":"(anonymous_10)","decl":{"start":{"line":174,"column":26},"end":{"line":174,"column":27}},"loc":{"start":{"line":174,"column":32},"end":{"line":176,"column":3}},"line":174},"11":{"name":"(anonymous_11)","decl":{"start":{"line":179,"column":27},"end":{"line":179,"column":28}},"loc":{"start":{"line":179,"column":39},"end":{"line":181,"column":3}},"line":179}},"branchMap":{"0":{"loc":{"start":{"line":10,"column":2},"end":{"line":12,"column":3}},"type":"if","locations":[{"start":{"line":10,"column":2},"end":{"line":12,"column":3}},{"start":{},"end":{}}],"line":10},"1":{"loc":{"start":{"line":18,"column":2},"end":{"line":18,"column":26}},"type":"if","locations":[{"start":{"line":18,"column":2},"end":{"line":18,"column":26}},{"start":{},"end":{}}],"line":18},"2":{"loc":{"start":{"line":41,"column":4},"end":{"line":43,"column":5}},"type":"if","locations":[{"start":{"line":41,"column":4},"end":{"line":43,"column":5}},{"start":{},"end":{}}],"line":41},"3":{"loc":{"start":{"line":41,"column":8},"end":{"line":41,"column":37}},"type":"binary-expr","locations":[{"start":{"line":41,"column":8},"end":{"line":41,"column":20}},{"start":{"line":41,"column":24},"end":{"line":41,"column":37}}],"line":41},"4":{"loc":{"start":{"line":46,"column":4},"end":{"line":74,"column":5}},"type":"if","locations":[{"start":{"line":46,"column":4},"end":{"line":74,"column":5}},{"start":{},"end":{}}],"line":46},"5":{"loc":{"start":{"line":47,"column":6},"end":{"line":51,"column":7}},"type":"if","locations":[{"start":{"line":47,"column":6},"end":{"line":51,"column":7}},{"start":{},"end":{}}],"line":47},"6":{"loc":{"start":{"line":59,"column":8},"end":{"line":65,"column":9}},"type":"if","locations":[{"start":{"line":59,"column":8},"end":{"line":65,"column":9}},{"start":{"line":63,"column":15},"end":{"line":65,"column":9}}],"line":59},"7":{"loc":{"start":{"line":80,"column":47},"end":{"line":80,"column":59}},"type":"default-arg","locations":[{"start":{"line":80,"column":57},"end":{"line":80,"column":59}}],"line":80},"8":{"loc":{"start":{"line":94,"column":6},"end":{"line":110,"column":7}},"type":"if","locations":[{"start":{"line":94,"column":6},"end":{"line":110,"column":7}},{"start":{},"end":{}}],"line":94},"9":{"loc":{"start":{"line":94,"column":10},"end":{"line":94,"column":50}},"type":"binary-expr","locations":[{"start":{"line":94,"column":10},"end":{"line":94,"column":33}},{"start":{"line":94,"column":37},"end":{"line":94,"column":50}}],"line":94},"10":{"loc":{"start":{"line":130,"column":6},"end":{"line":136,"column":7}},"type":"if","locations":[{"start":{"line":130,"column":6},"end":{"line":136,"column":7}},{"start":{},"end":{}}],"line":130},"11":{"loc":{"start":{"line":130,"column":10},"end":{"line":130,"column":49}},"type":"binary-expr","locations":[{"start":{"line":130,"column":10},"end":{"line":130,"column":27}},{"start":{"line":130,"column":31},"end":{"line":130,"column":49}}],"line":130},"12":{"loc":{"start":{"line":133,"column":8},"end":{"line":135,"column":9}},"type":"if","locations":[{"start":{"line":133,"column":8},"end":{"line":135,"column":9}},{"start":{},"end":{}}],"line":133},"13":{"loc":{"start":{"line":144,"column":37},"end":{"line":144,"column":52}},"type":"default-arg","locations":[{"start":{"line":144,"column":48},"end":{"line":144,"column":52}}],"line":144},"14":{"loc":{"start":{"line":148,"column":6},"end":{"line":150,"column":7}},"type":"if","locations":[{"start":{"line":148,"column":6},"end":{"line":150,"column":7}},{"start":{},"end":{}}],"line":148},"15":{"loc":{"start":{"line":154,"column":6},"end":{"line":156,"column":7}},"type":"if","locations":[{"start":{"line":154,"column":6},"end":{"line":156,"column":7}},{"start":{},"end":{}}],"line":154}},"s":{"0":1,"1":1,"2":21,"3":21,"4":0,"5":21,"6":1,"7":0,"8":0,"9":0,"10":0,"11":0,"12":0,"13":0,"14":0,"15":1,"16":0,"17":0,"18":0,"19":0,"20":0,"21":0,"22":0,"23":0,"24":0,"25":0,"26":0,"27":0,"28":0,"29":0,"30":0,"31":0,"32":0,"33":0,"34":0,"35":0,"36":0,"37":0,"38":0,"39":0,"40":0,"41":0,"42":0,"43":0,"44":0,"45":0,"46":0,"47":0,"48":0,"49":0,"50":0,"51":0,"52":0,"53":0,"54":0,"55":0,"56":0,"57":0,"58":0,"59":0,"60":0,"61":0,"62":0,"63":0,"64":0,"65":0,"66":0,"67":0,"68":0,"69":0,"70":0,"71":0,"72":0,"73":0,"74":0,"75":0,"76":0,"77":0,"78":0,"79":0,"80":0,"81":0,"82":0,"83":0,"84":0,"85":0,"86":0,"87":0,"88":0,"89":0,"90":0,"91":0,"92":0,"93":0,"94":0,"95":0,"96":1},"f":{"0":21,"1":0,"2":0,"3":0,"4":0,"5":0,"6":0,"7":0,"8":0,"9":0,"10":0,"11":0},"b":{"0":[0,21],"1":[0,0],"2":[0,0],"3":[0,0],"4":[0,0],"5":[0,0],"6":[0,0],"7":[0],"8":[0,0],"9":[0,0],"10":[0,0],"11":[0,0],"12":[0,0],"13":[0],"14":[0,0],"15":[0,0]},"_coverageSchema":"1a1c01bbd47fc00a2c39e90264f33305004495a9","hash":"4dce6e3908548a80521efb08985c3bae1c5b74d1"}
,"C:\\Users\\natna\\Code\\DoseAlert\\frontend\\services\\Scheduler.js": {"path":"C:\\Users\\natna\\Code\\DoseAlert\\frontend\\services\\Scheduler.js","statementMap":{"0":{"start":{"line":9,"column":17},"end":{"line":9,"column":44}},"1":{"start":{"line":12,"column":2},"end":{"line":15,"column":4}},"2":{"start":{"line":22,"column":14},"end":{"line":26,"column":4}},"3":{"start":{"line":27,"column":2},"end":{"line":30,"column":3}},"4":{"start":{"line":28,"column":18},"end":{"line":28,"column":34}},"5":{"start":{"line":29,"column":4},"end":{"line":29,"column":43}},"6":{"start":{"line":31,"column":2},"end":{"line":31,"column":20}},"7":{"start":{"line":36,"column":14},"end":{"line":38,"column":4}},"8":{"start":{"line":39,"column":2},"end":{"line":42,"column":3}},"9":{"start":{"line":40,"column":18},"end":{"line":40,"column":34}},"10":{"start":{"line":41,"column":4},"end":{"line":41,"column":43}},"11":{"start":{"line":43,"column":2},"end":{"line":43,"column":20}},"12":{"start":{"line":48,"column":14},"end":{"line":50,"column":4}},"13":{"start":{"line":51,"column":2},"end":{"line":54,"column":3}},"14":{"start":{"line":52,"column":18},"end":{"line":52,"column":34}},"15":{"start":{"line":53,"column":4},"end":{"line":53,"column":43}},"16":{"start":{"line":55,"column":2},"end":{"line":55,"column":20}},"17":{"start":{"line":60,"column":14},"end":{"line":64,"column":4}},"18":{"start":{"line":65,"column":2},"end":{"line":68,"column":3}},"19":{"start":{"line":66,"column":18},"end":{"line":66,"column":34}},"20":{"start":{"line":67,"column":4},"end":{"line":67,"column":43}},"21":{"start":{"line":69,"column":2},"end":{"line":69,"column":20}},"22":{"start":{"line":74,"column":14},"end":{"line":77,"column":4}},"23":{"start":{"line":78,"column":2},"end":{"line":81,"column":3}},"24":{"start":{"line":79,"column":18},"end":{"line":79,"column":34}},"25":{"start":{"line":80,"column":4},"end":{"line":80,"column":43}},"26":{"start":{"line":82,"column":2},"end":{"line":82,"column":14}},"27":{"start":{"line":87,"column":0},"end":{"line":93,"column":3}},"28":{"start":{"line":88,"column":35},"end":{"line":92,"column":3}},"29":{"start":{"line":98,"column":4},"end":{"line":105,"column":5}},"30":{"start":{"line":99,"column":6},"end":{"line":104,"column":9}},"31":{"start":{"line":107,"column":4},"end":{"line":132,"column":5}},"32":{"start":{"line":109,"column":8},"end":{"line":109,"column":49}},"33":{"start":{"line":110,"column":24},"end":{"line":110,"column":38}},"34":{"start":{"line":111,"column":6},"end":{"line":114,"column":7}},"35":{"start":{"line":112,"column":27},"end":{"line":112,"column":72}},"36":{"start":{"line":113,"column":8},"end":{"line":113,"column":29}},"37":{"start":{"line":115,"column":6},"end":{"line":118,"column":7}},"38":{"start":{"line":116,"column":8},"end":{"line":116,"column":65}},"39":{"start":{"line":117,"column":8},"end":{"line":117,"column":15}},"40":{"start":{"line":122,"column":6},"end":{"line":129,"column":7}},"41":{"start":{"line":123,"column":8},"end":{"line":127,"column":15}},"42":{"start":{"line":128,"column":8},"end":{"line":128,"column":27}},"43":{"start":{"line":131,"column":6},"end":{"line":131,"column":63}},"44":{"start":{"line":134,"column":4},"end":{"line":134,"column":17}},"45":{"start":{"line":137,"column":33},"end":{"line":159,"column":1}},"46":{"start":{"line":138,"column":22},"end":{"line":138,"column":24}},"47":{"start":{"line":139,"column":4},"end":{"line":157,"column":5}},"48":{"start":{"line":140,"column":28},"end":{"line":140,"column":38}},"49":{"start":{"line":141,"column":8},"end":{"line":141,"column":71}},"50":{"start":{"line":144,"column":19},"end":{"line":155,"column":10}},"51":{"start":{"line":156,"column":8},"end":{"line":156,"column":50}},"52":{"start":{"line":158,"column":4},"end":{"line":158,"column":21}},"53":{"start":{"line":161,"column":31},"end":{"line":171,"column":1}},"54":{"start":{"line":162,"column":2},"end":{"line":170,"column":3}},"55":{"start":{"line":163,"column":28},"end":{"line":163,"column":98}},"56":{"start":{"line":163,"column":55},"end":{"line":163,"column":66}},"57":{"start":{"line":163,"column":86},"end":{"line":163,"column":97}},"58":{"start":{"line":164,"column":4},"end":{"line":166,"column":5}},"59":{"start":{"line":165,"column":6},"end":{"line":165,"column":63}},"60":{"start":{"line":167,"column":4},"end":{"line":167,"column":61}},"61":{"start":{"line":169,"column":4},"end":{"line":169,"column":62}}},"fnMap":{"0":{"name":"getAuthHeaders","decl":{"start":{"line":11,"column":9},"end":{"line":11,"column":23}},"loc":{"start":{"line":11,"column":31},"end":{"line":16,"column":1}},"line":11},"1":{"name":"addSchedule","decl":{"start":{"line":21,"column":22},"end":{"line":21,"column":33}},"loc":{"start":{"line":21,"column":51},"end":{"line":32,"column":1}},"line":21},"2":{"name":"getSchedules","decl":{"start":{"line":35,"column":22},"end":{"line":35,"column":34}},"loc":{"start":{"line":35,"column":42},"end":{"line":44,"column":1}},"line":35},"3":{"name":"getSchedule","decl":{"start":{"line":47,"column":22},"end":{"line":47,"column":33}},"loc":{"start":{"line":47,"column":53},"end":{"line":56,"column":1}},"line":47},"4":{"name":"updateSchedule","decl":{"start":{"line":59,"column":22},"end":{"line":59,"column":36}},"loc":{"start":{"line":59,"column":65},"end":{"line":70,"column":1}},"line":59},"5":{"name":"deleteSchedule","decl":{"start":{"line":73,"column":22},"end":{"line":73,"column":36}},"loc":{"start":{"line":73,"column":56},"end":{"line":83,"column":1}},"line":73},"6":{"name":"(anonymous_6)","decl":{"start":{"line":88,"column":22},"end":{"line":88,"column":23}},"loc":{"start":{"line":88,"column":35},"end":{"line":92,"column":3}},"line":88},"7":{"name":"registerForPushNotificationsAsync","decl":{"start":{"line":95,"column":15},"end":{"line":95,"column":48}},"loc":{"start":{"line":95,"column":51},"end":{"line":135,"column":3}},"line":95},"8":{"name":"(anonymous_8)","decl":{"start":{"line":137,"column":33},"end":{"line":137,"column":34}},"loc":{"start":{"line":137,"column":81},"end":{"line":159,"column":1}},"line":137},"9":{"name":"(anonymous_9)","decl":{"start":{"line":161,"column":31},"end":{"line":161,"column":32}},"loc":{"start":{"line":161,"column":52},"end":{"line":171,"column":1}},"line":161},"10":{"name":"(anonymous_10)","decl":{"start":{"line":163,"column":45},"end":{"line":163,"column":46}},"loc":{"start":{"line":163,"column":55},"end":{"line":163,"column":66}},"line":163},"11":{"name":"(anonymous_11)","decl":{"start":{"line":163,"column":72},"end":{"line":163,"column":73}},"loc":{"start":{"line":163,"column":86},"end":{"line":163,"column":97}},"line":163}},"branchMap":{"0":{"loc":{"start":{"line":27,"column":2},"end":{"line":30,"column":3}},"type":"if","locations":[{"start":{"line":27,"column":2},"end":{"line":30,"column":3}},{"start":{},"end":{}}],"line":27},"1":{"loc":{"start":{"line":39,"column":2},"end":{"line":42,"column":3}},"type":"if","locations":[{"start":{"line":39,"column":2},"end":{"line":42,"column":3}},{"start":{},"end":{}}],"line":39},"2":{"loc":{"start":{"line":51,"column":2},"end":{"line":54,"column":3}},"type":"if","locations":[{"start":{"line":51,"column":2},"end":{"line":54,"column":3}},{"start":{},"end":{}}],"line":51},"3":{"loc":{"start":{"line":65,"column":2},"end":{"line":68,"column":3}},"type":"if","locations":[{"start":{"line":65,"column":2},"end":{"line":68,"column":3}},{"start":{},"end":{}}],"line":65},"4":{"loc":{"start":{"line":78,"column":2},"end":{"line":81,"column":3}},"type":"if","locations":[{"start":{"line":78,"column":2},"end":{"line":81,"column":3}},{"start":{},"end":{}}],"line":78},"5":{"loc":{"start":{"line":98,"column":4},"end":{"line":105,"column":5}},"type":"if","locations":[{"start":{"line":98,"column":4},"end":{"line":105,"column":5}},{"start":{},"end":{}}],"line":98},"6":{"loc":{"start":{"line":107,"column":4},"end":{"line":132,"column":5}},"type":"if","locations":[{"start":{"line":107,"column":4},"end":{"line":132,"column":5}},{"start":{"line":130,"column":11},"end":{"line":132,"column":5}}],"line":107},"7":{"loc":{"start":{"line":111,"column":6},"end":{"line":114,"column":7}},"type":"if","locations":[{"start":{"line":111,"column":6},"end":{"line":114,"column":7}},{"start":{},"end":{}}],"line":111},"8":{"loc":{"start":{"line":115,"column":6},"end":{"line":118,"column":7}},"type":"if","locations":[{"start":{"line":115,"column":6},"end":{"line":118,"column":7}},{"start":{},"end":{}}],"line":115},"9":{"loc":{"start":{"line":122,"column":6},"end":{"line":129,"column":7}},"type":"if","locations":[{"start":{"line":122,"column":6},"end":{"line":129,"column":7}},{"start":{},"end":{}}],"line":122}},"s":{"0":1,"1":0,"2":0,"3":0,"4":0,"5":0,"6":0,"7":0,"8":0,"9":0,"10":0,"11":0,"12":0,"13":0,"14":0,"15":0,"16":0,"17":0,"18":0,"19":0,"20":0,"21":0,"22":0,"23":0,"24":0,"25":0,"26":0,"27":1,"28":0,"29":2,"30":2,"31":2,"32":2,"33":2,"34":2,"35":2,"36":2,"37":2,"38":1,"39":1,"40":1,"41":1,"42":1,"43":0,"44":1,"45":1,"46":1,"47":1,"48":2,"49":2,"50":2,"51":2,"52":1,"53":1,"54":3,"55":3,"56":3,"57":3,"58":3,"59":3,"60":2,"61":1},"f":{"0":0,"1":0,"2":0,"3":0,"4":0,"5":0,"6":0,"7":2,"8":1,"9":3,"10":3,"11":3},"b":{"0":[0,0],"1":[0,0],"2":[0,0],"3":[0,0],"4":[0,0],"5":[2,0],"6":[2,0],"7":[2,0],"8":[1,1],"9":[1,0]},"_coverageSchema":"1a1c01bbd47fc00a2c39e90264f33305004495a9","hash":"602f4cc4e63e798450c133d89c2df532069c7bac"}
,"C:\\Users\\natna\\Code\\DoseAlert\\frontend\\services\\externalDrugAPI.js": {"path":"C:\\Users\\natna\\Code\\DoseAlert\\frontend\\services\\externalDrugAPI.js","statementMap":{"0":{"start":{"line":5,"column":34},"end":{"line":26,"column":1}},"1":{"start":{"line":6,"column":4},"end":{"line":25,"column":5}},"2":{"start":{"line":7,"column":23},"end":{"line":7,"column":117}},"3":{"start":{"line":9,"column":8},"end":{"line":14,"column":9}},"4":{"start":{"line":10,"column":12},"end":{"line":10,"column":110}},"5":{"start":{"line":11,"column":12},"end":{"line":13,"column":13}},"6":{"start":{"line":12,"column":16},"end":{"line":12,"column":74}},"7":{"start":{"line":16,"column":21},"end":{"line":16,"column":42}},"8":{"start":{"line":17,"column":8},"end":{"line":22,"column":9}},"9":{"start":{"line":18,"column":12},"end":{"line":18,"column":35}},"10":{"start":{"line":20,"column":12},"end":{"line":20,"column":76}},"11":{"start":{"line":21,"column":12},"end":{"line":21,"column":24}},"12":{"start":{"line":24,"column":8},"end":{"line":24,"column":83}},"13":{"start":{"line":28,"column":36},"end":{"line":45,"column":1}},"14":{"start":{"line":29,"column":4},"end":{"line":44,"column":5}},"15":{"start":{"line":30,"column":25},"end":{"line":30,"column":177}},"16":{"start":{"line":31,"column":8},"end":{"line":33,"column":9}},"17":{"start":{"line":32,"column":12},"end":{"line":32,"column":22}},"18":{"start":{"line":35,"column":21},"end":{"line":35,"column":42}},"19":{"start":{"line":36,"column":8},"end":{"line":41,"column":9}},"20":{"start":{"line":37,"column":12},"end":{"line":37,"column":32}},"21":{"start":{"line":39,"column":12},"end":{"line":39,"column":83}},"22":{"start":{"line":40,"column":12},"end":{"line":40,"column":22}},"23":{"start":{"line":43,"column":8},"end":{"line":43,"column":90}}},"fnMap":{"0":{"name":"(anonymous_0)","decl":{"start":{"line":5,"column":34},"end":{"line":5,"column":35}},"loc":{"start":{"line":5,"column":49},"end":{"line":26,"column":1}},"line":5},"1":{"name":"(anonymous_1)","decl":{"start":{"line":28,"column":36},"end":{"line":28,"column":37}},"loc":{"start":{"line":28,"column":58},"end":{"line":45,"column":1}},"line":28}},"branchMap":{"0":{"loc":{"start":{"line":9,"column":8},"end":{"line":14,"column":9}},"type":"if","locations":[{"start":{"line":9,"column":8},"end":{"line":14,"column":9}},{"start":{},"end":{}}],"line":9},"1":{"loc":{"start":{"line":11,"column":12},"end":{"line":13,"column":13}},"type":"if","locations":[{"start":{"line":11,"column":12},"end":{"line":13,"column":13}},{"start":{},"end":{}}],"line":11},"2":{"loc":{"start":{"line":17,"column":8},"end":{"line":22,"column":9}},"type":"if","locations":[{"start":{"line":17,"column":8},"end":{"line":22,"column":9}},{"start":{"line":19,"column":15},"end":{"line":22,"column":9}}],"line":17},"3":{"loc":{"start":{"line":17,"column":12},"end":{"line":17,"column":51}},"type":"binary-expr","locations":[{"start":{"line":17,"column":12},"end":{"line":17,"column":24}},{"start":{"line":17,"column":28},"end":{"line":17,"column":51}}],"line":17},"4":{"loc":{"start":{"line":31,"column":8},"end":{"line":33,"column":9}},"type":"if","locations":[{"start":{"line":31,"column":8},"end":{"line":33,"column":9}},{"start":{},"end":{}}],"line":31},"5":{"loc":{"start":{"line":36,"column":8},"end":{"line":41,"column":9}},"type":"if","locations":[{"start":{"line":36,"column":8},"end":{"line":41,"column":9}},{"start":{"line":38,"column":15},"end":{"line":41,"column":9}}],"line":36},"6":{"loc":{"start":{"line":36,"column":12},"end":{"line":36,"column":51}},"type":"binary-expr","locations":[{"start":{"line":36,"column":12},"end":{"line":36,"column":24}},{"start":{"line":36,"column":28},"end":{"line":36,"column":51}}],"line":36}},"s":{"0":1,"1":4,"2":4,"3":3,"4":1,"5":1,"6":0,"7":3,"8":3,"9":2,"10":1,"11":1,"12":1,"13":1,"14":4,"15":4,"16":3,"17":1,"18":2,"19":2,"20":1,"21":1,"22":1,"23":1},"f":{"0":4,"1":4},"b":{"0":[1,2],"1":[0,1],"2":[2,1],"3":[3,3],"4":[1,2],"5":[1,1],"6":[2,2]},"_coverageSchema":"1a1c01bbd47fc00a2c39e90264f33305004495a9","hash":"fdaf9540bdeba98e1ed302350a2b19127f089524"}
}
