TN:
SF:db\schema.js
FN:32,(anonymous_0)
FN:50,(anonymous_1)
FN:51,(anonymous_2)
FN:65,(anonymous_3)
FN:66,(anonymous_4)
FN:85,(anonymous_5)
FNF:6
FNH:0
FNDA:0,(anonymous_0)
FNDA:0,(anonymous_1)
FNDA:0,(anonymous_2)
FNDA:0,(anonymous_3)
FNDA:0,(anonymous_4)
FNDA:0,(anonymous_5)
DA:5,1
DA:29,1
DA:32,0
DA:47,1
DA:50,0
DA:51,0
DA:62,1
DA:65,0
DA:66,0
DA:82,1
DA:85,0
LF:11
LH:5
BRF:0
BRH:0
end_of_record
TN:
SF:drizzle\migrations.js
FNF:0
FNH:0
LF:0
LH:0
BRF:0
BRH:0
end_of_record
TN:
SF:services\database.js
FN:8,(anonymous_0)
FN:29,(anonymous_1)
FN:44,(anonymous_2)
FN:72,(anonymous_3)
FN:85,(anonymous_4)
FN:88,(anonymous_5)
FNF:6
FNH:1
FNDA:0,(anonymous_0)
FNDA:0,(anonymous_1)
FNDA:0,(anonymous_2)
FNDA:0,(anonymous_3)
FNDA:1,(anonymous_4)
FNDA:0,(anonymous_5)
DA:8,1
DA:9,0
DA:10,0
DA:11,0
DA:12,0
DA:13,0
DA:14,0
DA:15,0
DA:18,0
DA:25,1
DA:26,1
DA:29,1
DA:33,0
DA:35,0
DA:38,0
DA:39,0
DA:40,0
DA:44,0
DA:45,0
DA:47,0
DA:48,0
DA:51,0
DA:53,0
DA:54,0
DA:57,0
DA:58,0
DA:59,0
DA:63,0
DA:64,0
DA:65,0
DA:67,0
DA:68,0
DA:72,1
DA:73,0
DA:74,0
DA:75,0
DA:77,0
DA:78,0
DA:85,1
DA:88,1
LF:40
LH:7
BRDA:13,0,0,0
BRDA:13,0,1,0
BRDA:35,1,0,0
BRDA:35,1,1,0
BRDA:38,2,0,0
BRDA:38,2,1,0
BRF:6
BRH:0
end_of_record
TN:
SF:services\sync\dbUtils.js
FN:10,getLocalIdFromBackendId
FN:18,getBackendIdFromLocalId
FN:26,getDirtyItems
FN:46,(anonymous_3)
FN:54,cleanupDeletedRecords
FN:87,(anonymous_5)
FNF:6
FNH:2
FNDA:0,getLocalIdFromBackendId
FNDA:0,getBackendIdFromLocalId
FNDA:3,getDirtyItems
FNDA:1,(anonymous_3)
FNDA:0,cleanupDeletedRecords
FNDA:0,(anonymous_5)
DA:11,0
DA:12,0
DA:13,0
DA:14,0
DA:19,0
DA:20,0
DA:21,0
DA:22,0
DA:27,3
DA:30,3
DA:31,1
DA:37,2
DA:38,1
DA:45,1
DA:46,1
DA:49,1
DA:50,0
DA:55,0
DA:56,0
DA:58,0
DA:59,0
DA:62,0
DA:67,0
DA:68,0
DA:73,0
DA:74,0
DA:80,0
DA:82,0
DA:83,0
DA:86,0
DA:87,0
DA:88,0
DA:89,0
DA:93,0
DA:94,0
LF:35
LH:8
BRDA:11,0,0,0
BRDA:11,0,1,0
BRDA:19,1,0,0
BRDA:19,1,1,0
BRDA:30,2,0,1
BRDA:30,2,1,2
BRDA:37,3,0,1
BRDA:37,3,1,1
BRDA:67,4,0,0
BRDA:67,4,1,0
BRDA:73,5,0,0
BRDA:73,5,1,0
BRDA:86,6,0,0
BRDA:86,6,1,0
BRF:14
BRH:4
end_of_record
TN:
SF:services\sync\syncConfig.js
FN:8,(anonymous_0)
FN:22,(anonymous_1)
FN:31,(anonymous_2)
FN:40,(anonymous_3)
FN:55,(anonymous_4)
FN:74,(anonymous_5)
FN:88,(anonymous_6)
FNF:7
FNH:0
FNDA:0,(anonymous_0)
FNDA:0,(anonymous_1)
FNDA:0,(anonymous_2)
FNDA:0,(anonymous_3)
FNDA:0,(anonymous_4)
FNDA:0,(anonymous_5)
FNDA:0,(anonymous_6)
DA:8,1
DA:22,1
DA:31,1
DA:40,1
DA:50,1
DA:55,0
DA:74,0
DA:88,0
LF:8
LH:5
BRDA:40,0,0,0
BRF:1
BRH:0
end_of_record
