TN:
SF:app\(auth)\signIn.jsx
FN:16,(anonymous_0)
FN:26,(anonymous_1)
FN:54,(anonymous_2)
FN:86,(anonymous_3)
FN:95,(anonymous_4)
FN:131,(anonymous_5)
FNF:6
FNH:5
FNDA:20,(anonymous_0)
FNDA:3,(anonymous_1)
FNDA:0,(anonymous_2)
FNDA:4,(anonymous_3)
FNDA:4,(anonymous_4)
FNDA:1,(anonymous_5)
DA:16,1
DA:17,20
DA:19,20
DA:23,20
DA:24,20
DA:26,20
DA:27,3
DA:28,3
DA:30,3
DA:33,1
DA:38,1
DA:40,0
DA:43,1
DA:46,0
DA:48,3
DA:50,3
DA:54,20
DA:55,0
DA:56,0
DA:57,0
DA:59,0
DA:60,0
DA:64,20
DA:86,4
DA:95,4
DA:132,1
DA:133,1
LF:27
LH:20
BRDA:38,0,0,0
BRDA:38,0,1,1
BRF:2
BRH:1
end_of_record
TN:
SF:app\(auth)\signUp.jsx
FN:12,(anonymous_0)
FN:25,(anonymous_1)
FN:56,(anonymous_2)
FN:88,(anonymous_3)
FN:95,(anonymous_4)
FN:102,(anonymous_5)
FN:111,(anonymous_6)
FN:145,(anonymous_7)
FNF:8
FNH:6
FNDA:20,(anonymous_0)
FNDA:2,(anonymous_1)
FNDA:0,(anonymous_2)
FNDA:3,(anonymous_3)
FNDA:3,(anonymous_4)
FNDA:3,(anonymous_5)
FNDA:3,(anonymous_6)
FNDA:0,(anonymous_7)
DA:12,1
DA:13,20
DA:15,20
DA:22,20
DA:23,20
DA:25,20
DA:26,2
DA:27,2
DA:28,2
DA:31,1
DA:32,0
DA:37,0
DA:39,0
DA:42,0
DA:44,0
DA:47,1
DA:50,1
DA:52,2
DA:56,20
DA:57,0
DA:58,0
DA:59,0
DA:61,0
DA:62,0
DA:66,20
DA:88,3
DA:95,3
DA:102,3
DA:111,3
DA:146,0
LF:30
LH:19
BRDA:31,0,0,0
BRDA:31,0,1,1
BRDA:31,1,0,1
BRDA:31,1,1,0
BRDA:37,2,0,0
BRDA:37,2,1,0
BRF:6
BRH:2
end_of_record
TN:
SF:app\(auth)\signout.jsx
FN:8,(anonymous_0)
FN:11,(anonymous_1)
FNF:2
FNH:2
FNDA:2,(anonymous_0)
FNDA:1,(anonymous_1)
DA:8,1
DA:9,2
DA:11,2
DA:12,1
DA:14,1
DA:17,1
DA:20,1
DA:22,0
DA:24,0
DA:25,0
DA:29,2
LF:11
LH:8
BRF:0
BRH:0
end_of_record
TN:
SF:app\(tabs)\home.jsx
FN:21,(anonymous_0)
FN:38,(anonymous_1)
FN:45,(anonymous_2)
FN:50,(anonymous_3)
FN:53,(anonymous_4)
FN:62,(anonymous_5)
FN:67,(anonymous_6)
FN:78,(anonymous_7)
FN:85,(anonymous_8)
FN:91,(anonymous_9)
FN:93,(anonymous_10)
FN:101,(anonymous_11)
FN:122,(anonymous_12)
FN:124,(anonymous_13)
FN:138,(anonymous_14)
FN:179,(anonymous_15)
FN:192,(anonymous_16)
FN:197,(anonymous_17)
FN:198,(anonymous_18)
FN:199,(anonymous_19)
FN:211,(anonymous_20)
FN:212,(anonymous_21)
FN:212,(anonymous_22)
FN:217,(anonymous_23)
FN:218,(anonymous_24)
FN:229,(anonymous_25)
FN:251,(anonymous_26)
FNF:27
FNH:3
FNDA:10,(anonymous_0)
FNDA:9,(anonymous_1)
FNDA:0,(anonymous_2)
FNDA:0,(anonymous_3)
FNDA:0,(anonymous_4)
FNDA:0,(anonymous_5)
FNDA:0,(anonymous_6)
FNDA:0,(anonymous_7)
FNDA:0,(anonymous_8)
FNDA:0,(anonymous_9)
FNDA:0,(anonymous_10)
FNDA:0,(anonymous_11)
FNDA:0,(anonymous_12)
FNDA:0,(anonymous_13)
FNDA:0,(anonymous_14)
FNDA:0,(anonymous_15)
FNDA:0,(anonymous_16)
FNDA:0,(anonymous_17)
FNDA:0,(anonymous_18)
FNDA:0,(anonymous_19)
FNDA:3,(anonymous_20)
FNDA:0,(anonymous_21)
FNDA:0,(anonymous_22)
FNDA:0,(anonymous_23)
FNDA:0,(anonymous_24)
FNDA:0,(anonymous_25)
FNDA:0,(anonymous_26)
DA:21,1
DA:22,10
DA:23,9
DA:24,9
DA:33,9
DA:34,9
DA:38,9
DA:39,9
DA:40,0
DA:45,9
DA:50,9
DA:53,0
DA:54,0
DA:55,0
DA:56,0
DA:57,0
DA:60,0
DA:62,0
DA:63,0
DA:65,0
DA:66,0
DA:67,0
DA:69,0
DA:70,0
DA:72,0
DA:78,0
DA:79,0
DA:80,0
DA:85,9
DA:86,0
DA:87,0
DA:91,9
DA:93,0
DA:94,0
DA:95,0
DA:97,0
DA:101,9
DA:102,0
DA:114,9
DA:122,9
DA:123,0
DA:124,0
DA:125,0
DA:128,0
DA:131,0
DA:134,0
DA:138,9
DA:139,0
DA:140,0
DA:141,0
DA:144,0
DA:154,0
DA:157,0
DA:158,0
DA:159,0
DA:162,0
DA:166,9
DA:168,9
DA:180,0
DA:193,0
DA:197,0
DA:198,0
DA:199,0
DA:211,3
DA:212,0
DA:213,0
DA:217,0
DA:220,0
DA:227,0
DA:231,0
DA:239,0
DA:251,0
LF:72
LH:19
BRDA:39,0,0,0
BRDA:39,0,1,0
BRDA:55,1,0,0
BRDA:55,1,1,0
BRDA:65,2,0,0
BRDA:65,2,1,0
BRDA:69,3,0,0
BRDA:69,3,1,0
BRDA:79,4,0,0
BRDA:79,4,1,0
BRDA:86,5,0,0
BRDA:86,5,1,0
BRDA:94,6,0,0
BRDA:94,6,1,0
BRDA:95,7,0,0
BRDA:95,7,1,0
BRDA:102,8,0,0
BRDA:102,8,1,0
BRDA:140,9,0,0
BRDA:140,9,1,0
BRDA:148,10,0,0
BRDA:148,10,1,0
BRDA:166,11,0,0
BRDA:166,11,1,9
BRDA:187,12,0,0
BRDA:187,12,1,9
BRDA:187,13,0,9
BRDA:187,13,1,9
BRDA:191,14,0,0
BRDA:191,14,1,9
BRDA:197,15,0,0
BRDA:197,15,1,0
BRDA:211,16,0,0
BRDA:211,16,1,9
BRDA:211,17,0,9
BRDA:211,17,1,9
BRDA:213,18,0,0
BRDA:213,18,1,0
BRDA:217,19,0,0
BRDA:217,19,1,0
BRF:40
BRH:8
end_of_record
TN:
SF:app\(tabs)\report.jsx
FN:12,(anonymous_0)
FN:25,(anonymous_1)
FN:33,(anonymous_2)
FN:36,(anonymous_3)
FN:42,(anonymous_4)
FN:48,(anonymous_5)
FN:49,(anonymous_6)
FN:78,(anonymous_7)
FN:127,(anonymous_8)
FN:130,(anonymous_9)
FNF:10
FNH:9
FNDA:13,(anonymous_0)
FNDA:0,(anonymous_1)
FNDA:4,(anonymous_2)
FNDA:4,(anonymous_3)
FNDA:4,(anonymous_4)
FNDA:4,(anonymous_5)
FNDA:4,(anonymous_6)
FNDA:4,(anonymous_7)
FNDA:4,(anonymous_8)
FNDA:4,(anonymous_9)
DA:12,1
DA:13,13
DA:14,12
DA:15,12
DA:16,12
DA:19,12
DA:20,12
DA:22,12
DA:25,0
DA:33,12
DA:34,4
DA:35,4
DA:36,4
DA:38,4
DA:42,12
DA:43,4
DA:48,12
DA:49,4
DA:50,4
DA:51,4
DA:54,4
DA:59,4
DA:60,4
DA:63,0
DA:65,4
DA:69,4
DA:70,4
DA:72,0
DA:78,12
DA:91,12
DA:94,12
DA:95,8
DA:99,4
DA:129,4
DA:130,4
DA:133,4
DA:135,4
LF:37
LH:34
BRDA:25,0,0,0
BRDA:34,1,0,4
BRDA:34,1,1,0
BRDA:36,2,0,4
BRDA:36,2,1,0
BRDA:69,3,0,4
BRDA:69,3,1,0
BRDA:69,4,0,4
BRDA:69,4,1,4
BRDA:91,5,0,4
BRDA:91,5,1,8
BRDA:94,6,0,8
BRDA:94,6,1,4
BRDA:126,7,0,4
BRDA:126,7,1,0
BRDA:129,8,0,4
BRDA:129,8,1,0
BRDA:133,9,0,4
BRDA:133,9,1,0
BRDA:142,10,0,4
BRDA:142,10,1,4
BRDA:145,11,0,4
BRDA:145,11,1,0
BRDA:146,12,0,4
BRDA:146,12,1,0
BRDA:150,13,0,4
BRDA:150,13,1,0
BRDA:153,14,0,4
BRDA:153,14,1,0
BRDA:158,15,0,4
BRDA:158,15,1,0
BRF:31
BRH:19
end_of_record
TN:
SF:app\(tabs)\(medication)\add.jsx
FN:19,(anonymous_0)
FN:46,(anonymous_1)
FN:60,(anonymous_2)
FN:72,(anonymous_3)
FN:130,(anonymous_4)
FN:144,(anonymous_5)
FN:156,(anonymous_6)
FN:157,(anonymous_7)
FN:159,(anonymous_8)
FN:163,(anonymous_9)
FN:168,(anonymous_10)
FN:173,(anonymous_11)
FN:175,(anonymous_12)
FN:176,(anonymous_13)
FN:180,(anonymous_14)
FN:182,(anonymous_15)
FN:184,(anonymous_16)
FN:191,(anonymous_17)
FN:199,(anonymous_18)
FN:200,(anonymous_19)
FN:201,(anonymous_20)
FN:202,(anonymous_21)
FN:203,(anonymous_22)
FN:208,(anonymous_23)
FN:229,(anonymous_24)
FN:237,(anonymous_25)
FN:246,(anonymous_26)
FN:247,(anonymous_27)
FNF:28
FNH:6
FNDA:13,(anonymous_0)
FNDA:0,(anonymous_1)
FNDA:2,(anonymous_2)
FNDA:2,(anonymous_3)
FNDA:0,(anonymous_4)
FNDA:0,(anonymous_5)
FNDA:7,(anonymous_6)
FNDA:7,(anonymous_7)
FNDA:0,(anonymous_8)
FNDA:0,(anonymous_9)
FNDA:0,(anonymous_10)
FNDA:0,(anonymous_11)
FNDA:0,(anonymous_12)
FNDA:0,(anonymous_13)
FNDA:7,(anonymous_14)
FNDA:0,(anonymous_15)
FNDA:0,(anonymous_16)
FNDA:0,(anonymous_17)
FNDA:0,(anonymous_18)
FNDA:0,(anonymous_19)
FNDA:0,(anonymous_20)
FNDA:0,(anonymous_21)
FNDA:0,(anonymous_22)
FNDA:0,(anonymous_23)
FNDA:0,(anonymous_24)
FNDA:0,(anonymous_25)
FNDA:0,(anonymous_26)
FNDA:0,(anonymous_27)
DA:19,1
DA:20,13
DA:21,13
DA:22,13
DA:24,13
DA:25,13
DA:27,13
DA:46,0
DA:54,12
DA:55,12
DA:56,12
DA:57,12
DA:58,12
DA:60,12
DA:61,2
DA:62,2
DA:63,0
DA:65,2
DA:66,1
DA:68,2
DA:69,2
DA:72,12
DA:73,2
DA:74,1
DA:75,1
DA:76,1
DA:105,1
DA:107,1
DA:108,1
DA:109,1
DA:110,2
DA:118,2
DA:121,1
DA:122,1
DA:124,1
DA:126,0
DA:127,0
DA:130,0
DA:132,0
DA:136,1
DA:138,1
DA:144,0
DA:149,0
DA:150,0
DA:152,1
DA:156,12
DA:157,7
DA:158,7
DA:159,0
DA:163,12
DA:164,0
DA:165,0
DA:168,12
DA:169,0
DA:170,0
DA:173,12
DA:175,12
DA:176,0
DA:177,0
DA:180,12
DA:182,12
DA:184,12
DA:185,0
DA:186,0
DA:187,0
DA:191,12
DA:192,0
DA:193,0
DA:194,0
DA:195,0
DA:199,12
DA:200,12
DA:201,12
DA:202,12
DA:203,12
DA:205,12
DA:208,0
DA:229,0
DA:237,0
DA:246,0
DA:247,0
LF:81
LH:53
BRDA:24,0,0,0
BRDA:24,0,1,13
BRDA:25,1,0,13
BRDA:25,1,1,13
BRDA:28,2,0,13
BRDA:28,2,1,13
BRDA:30,3,0,13
BRDA:30,3,1,13
BRDA:43,4,0,13
BRDA:43,4,1,13
BRDA:44,5,0,13
BRDA:44,5,1,13
BRDA:45,6,0,0
BRDA:45,6,1,13
BRDA:62,7,0,0
BRDA:62,7,1,2
BRDA:65,8,0,1
BRDA:65,8,1,1
BRDA:65,9,0,2
BRDA:65,9,1,2
BRDA:73,10,0,1
BRDA:73,10,1,1
BRDA:91,11,0,0
BRDA:91,11,1,1
BRDA:107,12,0,1
BRDA:107,12,1,0
BRDA:107,13,0,1
BRDA:107,13,1,1
BRDA:107,13,2,1
BRDA:158,14,0,0
BRDA:158,14,1,7
BRDA:165,15,0,0
BRDA:165,15,1,0
BRDA:170,16,0,0
BRDA:170,16,1,0
BRDA:186,17,0,0
BRDA:186,17,1,0
BRDA:192,18,0,0
BRDA:192,18,1,0
BRDA:232,19,0,12
BRDA:232,19,1,0
BRDA:263,20,0,12
BRDA:263,20,1,1
BRF:43
BRH:28
end_of_record
TN:
SF:app\(tabs)\(medication)\edit.jsx
FN:18,(anonymous_0)
FN:31,(anonymous_1)
FN:33,(anonymous_2)
FN:73,(anonymous_3)
FN:83,(anonymous_4)
FN:147,(anonymous_5)
FN:157,(anonymous_6)
FN:166,(anonymous_7)
FN:173,(anonymous_8)
FN:187,(anonymous_9)
FN:188,(anonymous_10)
FN:190,(anonymous_11)
FN:194,(anonymous_12)
FN:199,(anonymous_13)
FN:204,(anonymous_14)
FN:206,(anonymous_15)
FN:207,(anonymous_16)
FN:211,(anonymous_17)
FN:213,(anonymous_18)
FN:215,(anonymous_19)
FN:222,(anonymous_20)
FN:230,(anonymous_21)
FN:231,(anonymous_22)
FN:232,(anonymous_23)
FN:233,(anonymous_24)
FN:234,(anonymous_25)
FN:239,(anonymous_26)
FN:260,(anonymous_27)
FN:268,(anonymous_28)
FN:277,(anonymous_29)
FN:278,(anonymous_30)
FN:315,(anonymous_31)
FNF:32
FNH:8
FNDA:9,(anonymous_0)
FNDA:9,(anonymous_1)
FNDA:9,(anonymous_2)
FNDA:2,(anonymous_3)
FNDA:2,(anonymous_4)
FNDA:0,(anonymous_5)
FNDA:0,(anonymous_6)
FNDA:0,(anonymous_7)
FNDA:0,(anonymous_8)
FNDA:3,(anonymous_9)
FNDA:3,(anonymous_10)
FNDA:0,(anonymous_11)
FNDA:0,(anonymous_12)
FNDA:0,(anonymous_13)
FNDA:0,(anonymous_14)
FNDA:0,(anonymous_15)
FNDA:0,(anonymous_16)
FNDA:3,(anonymous_17)
FNDA:0,(anonymous_18)
FNDA:0,(anonymous_19)
FNDA:0,(anonymous_20)
FNDA:0,(anonymous_21)
FNDA:0,(anonymous_22)
FNDA:0,(anonymous_23)
FNDA:0,(anonymous_24)
FNDA:0,(anonymous_25)
FNDA:0,(anonymous_26)
FNDA:0,(anonymous_27)
FNDA:0,(anonymous_28)
FNDA:0,(anonymous_29)
FNDA:0,(anonymous_30)
FNDA:0,(anonymous_31)
DA:18,1
DA:19,9
DA:20,9
DA:21,9
DA:23,9
DA:25,9
DA:26,0
DA:27,0
DA:28,0
DA:31,9
DA:32,9
DA:33,9
DA:34,9
DA:35,9
DA:36,9
DA:37,9
DA:38,9
DA:39,9
DA:40,9
DA:42,0
DA:44,0
DA:48,9
DA:67,9
DA:68,9
DA:69,9
DA:70,9
DA:71,9
DA:73,9
DA:74,2
DA:75,2
DA:76,2
DA:77,1
DA:79,2
DA:80,2
DA:83,9
DA:84,2
DA:85,1
DA:86,1
DA:87,1
DA:116,1
DA:117,1
DA:119,1
DA:120,1
DA:121,0
DA:122,0
DA:125,1
DA:128,1
DA:129,1
DA:137,1
DA:140,1
DA:141,1
DA:144,1
DA:146,1
DA:147,0
DA:150,0
DA:151,0
DA:153,1
DA:157,9
DA:158,0
DA:167,0
DA:168,0
DA:169,0
DA:170,0
DA:171,0
DA:172,0
DA:173,0
DA:176,0
DA:177,0
DA:179,0
DA:187,9
DA:188,3
DA:189,3
DA:190,0
DA:194,9
DA:195,0
DA:196,0
DA:199,9
DA:200,0
DA:201,0
DA:204,9
DA:206,9
DA:207,0
DA:208,0
DA:211,9
DA:213,9
DA:215,9
DA:216,0
DA:217,0
DA:218,0
DA:222,9
DA:223,0
DA:224,0
DA:225,0
DA:226,0
DA:230,9
DA:231,9
DA:232,9
DA:233,9
DA:234,9
DA:236,9
DA:239,0
DA:260,0
DA:268,0
DA:277,0
DA:278,0
DA:315,0
LF:106
LH:65
BRDA:23,0,0,9
BRDA:23,0,1,0
BRDA:25,1,0,0
BRDA:25,1,1,9
BRDA:32,2,0,0
BRDA:32,2,1,9
BRDA:34,3,0,0
BRDA:34,3,1,9
BRDA:35,4,0,9
BRDA:35,4,1,0
BRDA:36,5,0,9
BRDA:36,5,1,0
BRDA:39,6,0,9
BRDA:39,6,1,0
BRDA:49,7,0,9
BRDA:49,7,1,0
BRDA:49,7,2,0
BRDA:51,8,0,9
BRDA:51,8,1,0
BRDA:51,8,2,0
BRDA:52,9,0,9
BRDA:52,9,1,0
BRDA:52,9,2,0
BRDA:54,10,0,9
BRDA:54,10,1,9
BRDA:56,11,0,9
BRDA:56,11,1,0
BRDA:57,12,0,0
BRDA:57,12,1,9
BRDA:59,13,0,9
BRDA:59,13,1,0
BRDA:60,14,0,9
BRDA:60,14,1,9
BRDA:60,14,2,9
BRDA:61,15,0,9
BRDA:61,15,1,0
BRDA:61,15,2,0
BRDA:62,16,0,9
BRDA:62,16,1,9
BRDA:62,16,2,9
BRDA:63,17,0,9
BRDA:63,17,1,9
BRDA:63,17,2,9
BRDA:70,18,0,9
BRDA:70,18,1,0
BRDA:75,19,0,0
BRDA:75,19,1,2
BRDA:76,20,0,1
BRDA:76,20,1,1
BRDA:76,21,0,2
BRDA:76,21,1,2
BRDA:84,22,0,1
BRDA:84,22,1,1
BRDA:102,23,0,0
BRDA:102,23,1,1
BRDA:120,24,0,0
BRDA:120,24,1,1
BRDA:125,25,0,1
BRDA:125,25,1,0
BRDA:125,26,0,1
BRDA:125,26,1,1
BRDA:125,26,2,1
BRDA:189,27,0,0
BRDA:189,27,1,3
BRDA:196,28,0,0
BRDA:196,28,1,0
BRDA:201,29,0,0
BRDA:201,29,1,0
BRDA:217,30,0,0
BRDA:217,30,1,0
BRDA:223,31,0,0
BRDA:223,31,1,0
BRDA:263,32,0,9
BRDA:263,32,1,0
BRDA:294,33,0,9
BRDA:294,33,1,1
BRF:76
BRH:43
end_of_record
TN:
SF:components\AddMedicationModal.jsx
FN:7,(anonymous_0)
FN:8,(anonymous_1)
FNF:2
FNH:1
FNDA:10,(anonymous_0)
FNDA:0,(anonymous_1)
DA:7,1
DA:8,10
DA:9,0
DA:10,0
DA:19,10
DA:21,9
DA:54,1
LF:7
LH:5
BRDA:13,0,0,0
BRDA:13,0,1,0
BRDA:14,1,0,0
BRDA:14,1,1,0
BRDA:19,2,0,1
BRDA:19,2,1,9
BRF:6
BRH:2
end_of_record
TN:
SF:components\CameraModal.jsx
FN:9,(anonymous_0)
FN:14,(anonymous_1)
FN:18,(anonymous_2)
FN:24,(anonymous_3)
FN:29,(anonymous_4)
FNF:5
FNH:4
FNDA:9,(anonymous_0)
FNDA:8,(anonymous_1)
FNDA:8,(anonymous_2)
FNDA:2,(anonymous_3)
FNDA:0,(anonymous_4)
DA:9,1
DA:10,9
DA:11,9
DA:12,9
DA:14,9
DA:15,8
DA:18,9
DA:19,8
DA:20,0
DA:24,9
DA:25,2
DA:26,1
DA:27,1
DA:29,1
DA:33,9
DA:34,0
DA:37,9
DA:38,3
DA:76,6
DA:185,1
LF:20
LH:18
BRDA:19,0,0,0
BRDA:19,0,1,8
BRDA:25,1,0,1
BRDA:25,1,1,1
BRDA:33,2,0,0
BRDA:33,2,1,9
BRDA:37,3,0,3
BRDA:37,3,1,6
BRDA:159,4,0,6
BRDA:159,4,1,1
BRF:10
BRH:8
end_of_record
TN:
SF:components\CustomButton.jsx
FN:6,(anonymous_0)
FNF:1
FNH:1
FNDA:82,(anonymous_0)
DA:6,3
DA:7,82
LF:2
LH:2
BRDA:11,0,0,5
BRDA:11,0,1,77
BRF:2
BRH:2
end_of_record
TN:
SF:components\ErrorModal.jsx
FN:4,(anonymous_0)
FNF:1
FNH:1
FNDA:40,(anonymous_0)
DA:4,2
DA:5,40
LF:2
LH:2
BRF:0
BRH:0
end_of_record
TN:
SF:components\Footer.jsx
FN:5,Footer
FN:12,(anonymous_1)
FNF:2
FNH:2
FNDA:10,Footer
FNDA:1,(anonymous_1)
DA:6,10
DA:13,1
LF:2
LH:2
BRF:0
BRH:0
end_of_record
TN:
SF:components\FormField.jsx
FN:6,(anonymous_0)
FN:45,(anonymous_1)
FNF:2
FNH:1
FNDA:246,(anonymous_0)
FNDA:0,(anonymous_1)
DA:6,4
DA:16,246
DA:18,246
DA:45,0
LF:4
LH:3
BRDA:12,0,0,204
BRDA:13,1,0,204
BRDA:22,2,0,246
BRDA:22,2,1,42
BRDA:27,3,0,42
BRDA:27,3,1,204
BRDA:32,4,0,42
BRDA:32,4,1,204
BRDA:38,5,0,246
BRDA:38,5,1,40
BRDA:40,6,0,42
BRDA:40,6,1,204
BRDA:44,7,0,246
BRDA:44,7,1,40
BRDA:47,8,0,40
BRDA:47,8,1,0
BRF:16
BRH:15
end_of_record
TN:
SF:components\Greeting.jsx
FN:5,Greeting
FNF:1
FNH:1
FNDA:9,Greeting
DA:6,9
DA:8,9
LF:2
LH:2
BRDA:12,0,0,0
BRDA:12,0,1,9
BRDA:15,1,0,0
BRDA:15,1,1,9
BRF:4
BRH:2
end_of_record
TN:
SF:components\LongTextComponent.jsx
FN:4,(anonymous_0)
FN:8,(anonymous_1)
FNF:2
FNH:1
FNDA:10,(anonymous_0)
FNDA:0,(anonymous_1)
DA:4,1
DA:5,10
DA:6,10
DA:8,10
DA:9,0
DA:11,10
LF:6
LH:5
BRDA:20,0,0,10
BRDA:20,0,1,0
BRDA:20,1,0,10
BRDA:20,1,1,10
BRDA:24,2,0,10
BRDA:24,2,1,0
BRDA:27,3,0,0
BRDA:27,3,1,0
BRF:8
BRH:4
end_of_record
TN:
SF:components\MedicationCard.jsx
FN:7,(anonymous_0)
FN:28,(anonymous_1)
FN:44,(anonymous_2)
FN:55,(anonymous_3)
FN:98,(anonymous_4)
FN:222,(anonymous_5)
FN:253,(anonymous_6)
FNF:7
FNH:6
FNDA:6,(anonymous_0)
FNDA:0,(anonymous_1)
FNDA:5,(anonymous_2)
FNDA:6,(anonymous_3)
FNDA:1,(anonymous_4)
FNDA:5,(anonymous_5)
FNDA:6,(anonymous_6)
DA:7,1
DA:21,6
DA:24,6
DA:26,6
DA:28,0
DA:29,0
DA:30,0
DA:33,0
DA:34,0
DA:37,0
DA:38,0
DA:40,0
DA:42,6
DA:44,6
DA:45,5
DA:46,5
DA:48,0
DA:53,6
DA:55,6
DA:56,6
DA:100,1
DA:103,1
DA:113,1
DA:223,5
DA:254,6
LF:25
LH:16
BRDA:26,0,0,0
BRDA:26,0,1,6
BRDA:26,1,0,6
BRDA:26,1,1,0
BRDA:29,2,0,0
BRDA:29,2,1,0
BRDA:33,3,0,0
BRDA:33,3,1,0
BRDA:37,4,0,0
BRDA:37,4,1,0
BRDA:42,5,0,6
BRDA:42,5,1,0
BRDA:42,6,0,6
BRDA:42,6,1,6
BRDA:45,7,0,5
BRDA:45,7,1,0
BRDA:55,8,0,6
BRDA:55,8,1,0
BRDA:85,9,0,6
BRDA:85,9,1,0
BRDA:88,10,0,6
BRDA:88,10,1,0
BRDA:90,11,0,6
BRDA:90,11,1,0
BRDA:95,12,0,6
BRDA:95,12,1,6
BRDA:103,13,0,1
BRDA:103,13,1,1
BRDA:140,14,0,6
BRDA:140,14,1,0
BRDA:140,15,0,6
BRDA:140,15,1,6
BRDA:169,16,0,6
BRDA:169,16,1,0
BRDA:181,17,0,6
BRDA:181,17,1,0
BRDA:197,18,0,6
BRDA:197,18,1,6
BRDA:209,19,0,6
BRDA:209,19,1,0
BRDA:209,19,2,0
BRDA:209,19,3,6
BRDA:216,20,0,5
BRDA:216,20,1,1
BRDA:220,21,0,5
BRDA:220,21,1,1
BRDA:234,22,0,0
BRDA:234,22,1,1
BRDA:241,23,0,6
BRDA:241,23,1,6
BRF:50
BRH:30
end_of_record
TN:
SF:components\MedicationItem.jsx
FN:5,(anonymous_0)
FNF:1
FNH:0
FNDA:0,(anonymous_0)
DA:5,1
DA:6,0
DA:7,0
DA:8,0
DA:9,0
DA:11,0
LF:6
LH:1
BRDA:8,0,0,0
BRDA:8,0,1,0
BRDA:9,1,0,0
BRDA:9,1,1,0
BRDA:14,2,0,0
BRDA:14,2,1,0
BRDA:14,3,0,0
BRDA:14,3,1,0
BRDA:23,4,0,0
BRDA:23,4,1,0
BRDA:23,5,0,0
BRDA:23,5,1,0
BRDA:26,6,0,0
BRDA:26,6,1,0
BRDA:26,7,0,0
BRDA:26,7,1,0
BRDA:31,8,0,0
BRDA:31,8,1,0
BRDA:31,9,0,0
BRDA:31,9,1,0
BRDA:41,10,0,0
BRDA:41,10,1,0
BRDA:41,11,0,0
BRDA:41,11,1,0
BRDA:43,12,0,0
BRDA:43,12,1,0
BRDA:45,13,0,0
BRDA:45,13,1,0
BRDA:54,14,0,0
BRDA:54,14,1,0
BRDA:54,15,0,0
BRDA:54,15,1,0
BRDA:56,16,0,0
BRDA:56,16,1,0
BRDA:56,17,0,0
BRDA:56,17,1,0
BRDA:58,18,0,0
BRDA:58,18,1,0
BRDA:61,19,0,0
BRDA:61,19,1,0
BRDA:61,20,0,0
BRDA:61,20,1,0
BRDA:66,21,0,0
BRDA:66,21,1,0
BRDA:66,22,0,0
BRDA:66,22,1,0
BRDA:68,23,0,0
BRDA:68,23,1,0
BRDA:73,24,0,0
BRDA:73,24,1,0
BRDA:73,25,0,0
BRDA:73,25,1,0
BRDA:75,26,0,0
BRDA:75,26,1,0
BRDA:75,27,0,0
BRDA:75,27,1,0
BRDA:77,28,0,0
BRDA:77,28,1,0
BRDA:77,29,0,0
BRDA:77,29,1,0
BRDA:84,30,0,0
BRDA:84,30,1,0
BRDA:86,31,0,0
BRDA:86,31,1,0
BRDA:86,32,0,0
BRDA:86,32,1,0
BRDA:90,33,0,0
BRDA:90,33,1,0
BRDA:90,34,0,0
BRDA:90,34,1,0
BRDA:92,35,0,0
BRDA:92,35,1,0
BRDA:92,36,0,0
BRDA:92,36,1,0
BRF:74
BRH:0
end_of_record
TN:
SF:components\MedicationItemExpanded.jsx
FN:10,(anonymous_0)
FN:29,(anonymous_1)
FN:34,(anonymous_2)
FN:50,(anonymous_3)
FN:51,(anonymous_4)
FN:55,(anonymous_5)
FN:56,(anonymous_6)
FN:58,(anonymous_7)
FN:63,(anonymous_8)
FN:206,(anonymous_9)
FN:209,(anonymous_10)
FN:233,(anonymous_11)
FN:239,(anonymous_12)
FN:250,(anonymous_13)
FN:260,(anonymous_14)
FN:322,(anonymous_15)
FNF:16
FNH:5
FNDA:2,(anonymous_0)
FNDA:2,(anonymous_1)
FNDA:0,(anonymous_2)
FNDA:0,(anonymous_3)
FNDA:0,(anonymous_4)
FNDA:0,(anonymous_5)
FNDA:0,(anonymous_6)
FNDA:0,(anonymous_7)
FNDA:1,(anonymous_8)
FNDA:14,(anonymous_9)
FNDA:0,(anonymous_10)
FNDA:2,(anonymous_11)
FNDA:0,(anonymous_12)
FNDA:0,(anonymous_13)
FNDA:0,(anonymous_14)
FNDA:0,(anonymous_15)
DA:10,2
DA:11,2
DA:12,2
DA:13,2
DA:14,2
DA:15,2
DA:16,2
DA:17,2
DA:19,2
DA:29,2
DA:30,2
DA:31,2
DA:34,2
DA:35,0
DA:36,0
DA:37,0
DA:39,0
DA:40,0
DA:41,0
DA:42,0
DA:45,0
DA:50,2
DA:51,0
DA:52,0
DA:55,2
DA:56,0
DA:57,0
DA:58,0
DA:63,2
DA:64,1
DA:65,1
DA:73,1
DA:75,1
DA:77,1
DA:78,1
DA:79,1
DA:87,0
DA:92,0
DA:95,0
DA:96,0
DA:99,0
DA:101,1
DA:102,1
DA:106,2
DA:107,2
DA:108,2
DA:109,2
DA:111,2
DA:207,14
DA:209,0
DA:234,2
DA:240,0
DA:241,0
DA:250,0
DA:261,0
DA:262,0
DA:323,0
LF:57
LH:32
BRDA:15,0,0,2
BRDA:15,0,1,0
BRDA:16,1,0,2
BRDA:16,1,1,0
BRDA:17,2,0,2
BRDA:17,2,1,0
BRDA:30,3,0,2
BRDA:30,3,1,0
BRDA:31,4,0,2
BRDA:31,4,1,0
BRDA:36,5,0,0
BRDA:36,5,1,0
BRDA:36,6,0,0
BRDA:36,6,1,0
BRDA:37,7,0,0
BRDA:37,7,1,0
BRDA:57,8,0,0
BRDA:57,8,1,0
BRDA:77,9,0,1
BRDA:77,9,1,0
BRDA:77,10,0,1
BRDA:77,10,1,1
BRDA:77,10,2,1
BRDA:95,11,0,0
BRDA:95,11,1,0
BRDA:108,12,0,0
BRDA:108,12,1,2
BRDA:109,13,0,2
BRDA:109,13,1,0
BRDA:121,14,0,0
BRDA:121,14,1,2
BRDA:121,15,0,2
BRDA:121,15,1,0
BRDA:124,16,0,0
BRDA:124,16,1,2
BRDA:124,17,0,2
BRDA:124,17,1,0
BRDA:139,18,0,2
BRDA:139,18,1,0
BRDA:139,18,2,0
BRDA:141,19,0,2
BRDA:141,19,1,0
BRDA:150,20,0,2
BRDA:150,20,1,0
BRDA:150,21,0,2
BRDA:150,21,1,2
BRDA:152,22,0,0
BRDA:152,22,1,0
BRDA:152,23,0,0
BRDA:152,23,1,0
BRDA:158,24,0,2
BRDA:158,24,1,2
BRDA:165,25,0,2
BRDA:165,25,1,0
BRDA:165,26,0,0
BRDA:165,26,1,2
BRDA:172,27,0,2
BRDA:172,27,1,2
BRDA:194,28,0,2
BRDA:194,28,1,0
BRDA:198,29,0,2
BRDA:198,29,1,2
BRDA:211,30,0,6
BRDA:211,30,1,8
BRDA:217,31,0,6
BRDA:217,31,1,8
BRDA:279,32,0,2
BRDA:279,32,1,0
BRDA:286,33,0,2
BRDA:286,33,1,2
BRDA:293,34,0,2
BRDA:293,34,1,0
BRDA:338,35,0,2
BRDA:338,35,1,0
BRDA:340,36,0,0
BRDA:340,36,1,0
BRF:76
BRH:38
end_of_record
TN:
SF:components\MedicationReportItem.jsx
FN:4,(anonymous_0)
FNF:1
FNH:1
FNDA:4,(anonymous_0)
DA:4,1
DA:14,4
LF:2
LH:2
BRF:0
BRH:0
end_of_record
TN:
SF:components\SideEffectChecklist.jsx
FN:5,(anonymous_0)
FN:9,(anonymous_1)
FN:22,(anonymous_2)
FN:23,(anonymous_3)
FN:25,(anonymous_4)
FNF:5
FNH:5
FNDA:23,(anonymous_0)
FNDA:1,(anonymous_1)
FNDA:45,(anonymous_2)
FNDA:40,(anonymous_3)
FNDA:1,(anonymous_4)
DA:5,3
DA:9,23
DA:10,1
DA:11,1
DA:12,1
DA:15,23
DA:22,45
DA:24,40
DA:25,1
LF:9
LH:9
BRDA:5,0,0,23
BRDA:16,1,0,23
BRDA:16,1,1,0
BRDA:18,2,0,14
BRDA:18,2,1,9
BRDA:29,3,0,2
BRDA:29,3,1,38
BRDA:35,4,0,2
BRDA:35,4,1,38
BRF:9
BRH:8
end_of_record
TN:
SF:components\AddMedication\AdditionalInfoSection.jsx
FN:7,(anonymous_0)
FNF:1
FNH:1
FNDA:21,(anonymous_0)
DA:7,2
DA:8,21
DA:50,2
LF:3
LH:3
BRF:0
BRH:0
end_of_record
TN:
SF:components\AddMedication\DatePickerSection.jsx
FN:7,(anonymous_0)
FNF:1
FNH:1
FNDA:21,(anonymous_0)
DA:7,2
DA:17,21
DA:92,2
LF:3
LH:3
BRDA:38,0,0,21
BRDA:38,0,1,0
BRDA:57,1,0,21
BRDA:57,1,1,21
BRDA:66,2,0,21
BRDA:66,2,1,0
BRDA:68,3,0,0
BRDA:68,3,1,0
BRDA:70,4,0,0
BRDA:70,4,1,0
BRDA:77,5,0,21
BRDA:77,5,1,0
BRDA:79,6,0,0
BRDA:79,6,1,0
BRDA:81,7,0,0
BRDA:81,7,1,0
BRDA:83,8,0,0
BRDA:83,8,1,0
BRF:18
BRH:5
end_of_record
TN:
SF:components\AddMedication\DosageSection.jsx
FN:6,(anonymous_0)
FN:20,(anonymous_1)
FN:30,(anonymous_2)
FNF:3
FNH:1
FNDA:21,(anonymous_0)
FNDA:0,(anonymous_1)
FNDA:0,(anonymous_2)
DA:6,2
DA:7,21
DA:20,0
DA:30,0
DA:45,2
LF:5
LH:3
BRDA:38,0,0,21
BRDA:38,0,1,0
BRF:2
BRH:1
end_of_record
TN:
SF:components\AddMedication\ReminderSection.jsx
FN:7,(anonymous_0)
FN:14,(anonymous_1)
FN:28,(anonymous_2)
FN:31,(anonymous_3)
FN:61,(anonymous_4)
FN:64,(anonymous_5)
FN:84,(anonymous_6)
FN:98,(anonymous_7)
FNF:8
FNH:6
FNDA:21,(anonymous_0)
FNDA:0,(anonymous_1)
FNDA:10,(anonymous_2)
FNDA:34,(anonymous_3)
FNDA:147,(anonymous_4)
FNDA:10,(anonymous_5)
FNDA:33,(anonymous_6)
FNDA:0,(anonymous_7)
DA:7,2
DA:18,21
DA:28,21
DA:29,10
DA:31,34
DA:32,10
DA:35,0
DA:38,21
DA:62,147
DA:64,10
DA:85,33
DA:98,0
DA:135,2
LF:13
LH:11
BRDA:10,0,0,0
BRDA:14,1,0,0
BRDA:29,2,0,10
BRDA:29,2,1,0
BRDA:51,3,0,21
BRDA:51,3,1,0
BRDA:56,4,0,21
BRDA:56,4,1,21
BRDA:66,5,0,67
BRDA:66,5,1,80
BRDA:72,6,0,67
BRDA:72,6,1,80
BRDA:82,7,0,21
BRDA:82,7,1,21
BRDA:119,8,0,21
BRDA:119,8,1,0
BRF:16
BRH:11
end_of_record
TN:
SF:components\AddMedication\SideEffectsSection.jsx
FN:7,(anonymous_0)
FNF:1
FNH:1
FNDA:21,(anonymous_0)
DA:7,2
DA:14,21
DA:42,2
LF:3
LH:3
BRF:0
BRH:0
end_of_record
TN:
SF:components\AddMedication\index.js
FNF:0
FNH:0
LF:0
LH:0
BRF:0
BRH:0
end_of_record
TN:
SF:contexts\AuthContext.jsx
FN:8,(anonymous_0)
FN:17,(anonymous_1)
FN:32,(anonymous_2)
FN:42,(anonymous_3)
FN:54,(anonymous_4)
FN:84,(anonymous_5)
FN:124,(anonymous_6)
FN:128,(anonymous_7)
FN:166,(anonymous_8)
FN:185,(anonymous_9)
FN:198,(anonymous_10)
FN:213,(anonymous_11)
FN:219,(anonymous_12)
FN:223,(anonymous_13)
FN:227,(anonymous_14)
FN:232,(anonymous_15)
FNF:16
FNH:1
FNDA:20,(anonymous_0)
FNDA:0,(anonymous_1)
FNDA:0,(anonymous_2)
FNDA:0,(anonymous_3)
FNDA:0,(anonymous_4)
FNDA:0,(anonymous_5)
FNDA:0,(anonymous_6)
FNDA:0,(anonymous_7)
FNDA:0,(anonymous_8)
FNDA:0,(anonymous_9)
FNDA:0,(anonymous_10)
FNDA:0,(anonymous_11)
FNDA:0,(anonymous_12)
FNDA:0,(anonymous_13)
FNDA:0,(anonymous_14)
FNDA:0,(anonymous_15)
DA:6,1
DA:8,1
DA:9,20
DA:10,20
DA:11,0
DA:13,20
DA:17,1
DA:18,0
DA:20,0
DA:21,0
DA:22,0
DA:25,0
DA:27,0
DA:28,0
DA:32,1
DA:33,0
DA:34,0
DA:35,0
DA:36,0
DA:37,0
DA:38,0
DA:39,0
DA:42,0
DA:43,0
DA:44,0
DA:46,0
DA:47,0
DA:51,0
DA:52,0
DA:54,0
DA:55,0
DA:58,0
DA:59,0
DA:61,0
DA:63,0
DA:64,0
DA:65,0
DA:66,0
DA:68,0
DA:71,0
DA:73,0
DA:74,0
DA:76,0
DA:80,0
DA:84,0
DA:85,0
DA:86,0
DA:88,0
DA:98,0
DA:99,0
DA:100,0
DA:101,0
DA:110,0
DA:111,0
DA:112,0
DA:116,0
DA:118,0
DA:119,0
DA:124,0
DA:125,0
DA:128,0
DA:129,0
DA:130,0
DA:131,0
DA:132,0
DA:133,0
DA:134,0
DA:138,0
DA:139,0
DA:140,0
DA:141,0
DA:142,0
DA:144,0
DA:145,0
DA:147,0
DA:148,0
DA:149,0
DA:152,0
DA:153,0
DA:154,0
DA:155,0
DA:157,0
DA:159,0
DA:160,0
DA:162,0
DA:166,0
DA:167,0
DA:168,0
DA:169,0
DA:170,0
DA:171,0
DA:174,0
DA:175,0
DA:176,0
DA:177,0
DA:180,0
DA:181,0
DA:185,0
DA:186,0
DA:187,0
DA:188,0
DA:189,0
DA:190,0
DA:191,0
DA:192,0
DA:194,0
DA:198,0
DA:199,0
DA:200,0
DA:201,0
DA:202,0
DA:203,0
DA:205,0
DA:206,0
DA:207,0
DA:209,0
DA:213,0
DA:214,0
DA:215,0
DA:216,0
DA:219,0
DA:220,0
DA:223,0
DA:224,0
DA:227,0
DA:228,0
DA:232,0
DA:233,0
DA:236,0
DA:255,0
DA:262,1
LF:131
LH:8
BRDA:10,0,0,0
BRDA:10,0,1,20
BRDA:18,1,0,0
BRDA:18,1,1,0
BRDA:43,2,0,0
BRDA:43,2,1,0
BRDA:46,3,0,0
BRDA:46,3,1,0
BRDA:46,4,0,0
BRDA:46,4,1,0
BRDA:51,5,0,0
BRDA:51,5,1,0
BRDA:52,6,0,0
BRDA:52,6,1,0
BRDA:63,7,0,0
BRDA:63,7,1,0
BRDA:84,8,0,0
BRDA:98,9,0,0
BRDA:98,9,1,0
BRDA:98,10,0,0
BRDA:98,10,1,0
BRDA:138,11,0,0
BRDA:138,11,1,0
BRDA:138,12,0,0
BRDA:138,12,1,0
BRDA:141,13,0,0
BRDA:141,13,1,0
BRDA:145,14,0,0
BRDA:145,14,1,0
BRDA:166,15,0,0
BRDA:170,16,0,0
BRDA:170,16,1,0
BRDA:176,17,0,0
BRDA:176,17,1,0
BRDA:220,18,0,0
BRDA:220,18,1,0
BRDA:224,19,0,0
BRDA:224,19,1,0
BRDA:224,19,2,0
BRF:39
BRH:1
end_of_record
TN:
SF:db\schema.js
FN:32,(anonymous_0)
FN:50,(anonymous_1)
FN:51,(anonymous_2)
FN:65,(anonymous_3)
FN:66,(anonymous_4)
FN:85,(anonymous_5)
FNF:6
FNH:0
FNDA:0,(anonymous_0)
FNDA:0,(anonymous_1)
FNDA:0,(anonymous_2)
FNDA:0,(anonymous_3)
FNDA:0,(anonymous_4)
FNDA:0,(anonymous_5)
DA:5,3
DA:29,3
DA:32,0
DA:47,3
DA:50,0
DA:51,0
DA:62,3
DA:65,0
DA:66,0
DA:82,3
DA:85,0
LF:11
LH:5
BRF:0
BRH:0
end_of_record
TN:
SF:drizzle\migrations.js
FNF:0
FNH:0
LF:0
LH:0
BRF:0
BRH:0
end_of_record
TN:
SF:services\Scheduler.js
FN:12,(anonymous_0)
FN:28,(anonymous_1)
FN:39,addSchedule
FN:61,getSchedules
FN:94,getSchedule
FN:130,updateSchedule
FN:169,deleteSchedule
FN:205,deleteSchedulesForMedication
FN:219,(anonymous_8)
FN:226,registerForPushNotificationsAsync
FN:268,(anonymous_10)
FN:292,(anonymous_11)
FNF:12
FNH:0
FNDA:0,(anonymous_0)
FNDA:0,(anonymous_1)
FNDA:0,addSchedule
FNDA:0,getSchedules
FNDA:0,getSchedule
FNDA:0,updateSchedule
FNDA:0,deleteSchedule
FNDA:0,deleteSchedulesForMedication
FNDA:0,(anonymous_8)
FNDA:0,registerForPushNotificationsAsync
FNDA:0,(anonymous_10)
FNDA:0,(anonymous_11)
DA:12,3
DA:13,0
DA:14,0
DA:16,0
DA:17,0
DA:18,0
DA:19,0
DA:21,0
DA:23,0
DA:24,0
DA:26,0
DA:28,0
DA:30,0
DA:40,0
DA:41,0
DA:43,0
DA:53,0
DA:55,0
DA:56,0
DA:62,0
DA:63,0
DA:65,0
DA:86,0
DA:88,0
DA:89,0
DA:95,0
DA:96,0
DA:98,0
DA:118,0
DA:119,0
DA:122,0
DA:124,0
DA:125,0
DA:131,0
DA:132,0
DA:135,0
DA:144,0
DA:145,0
DA:148,0
DA:161,0
DA:163,0
DA:164,0
DA:170,0
DA:171,0
DA:174,0
DA:183,0
DA:184,0
DA:188,0
DA:197,0
DA:199,0
DA:200,0
DA:206,0
DA:207,0
DA:208,0
DA:209,0
DA:211,0
DA:212,0
DA:218,3
DA:219,0
DA:229,0
DA:230,0
DA:238,0
DA:240,0
DA:241,0
DA:242,0
DA:243,0
DA:244,0
DA:246,0
DA:247,0
DA:248,0
DA:253,0
DA:254,0
DA:259,0
DA:262,0
DA:265,0
DA:268,3
DA:269,0
DA:270,0
DA:271,0
DA:272,0
DA:275,0
DA:287,0
DA:289,0
DA:292,3
DA:293,0
DA:294,0
DA:295,0
DA:297,0
DA:298,0
DA:299,0
DA:300,0
DA:304,0
DA:305,0
DA:307,0
DA:308,0
LF:95
LH:4
BRDA:18,0,0,0
BRDA:18,0,1,0
BRDA:26,1,0,0
BRDA:26,1,1,0
BRDA:45,2,0,0
BRDA:45,2,1,0
BRDA:46,3,0,0
BRDA:46,3,1,0
BRDA:47,4,0,0
BRDA:47,4,1,0
BRDA:118,5,0,0
BRDA:118,5,1,0
BRDA:118,6,0,0
BRDA:118,6,1,0
BRDA:144,7,0,0
BRDA:144,7,1,0
BRDA:144,8,0,0
BRDA:144,8,1,0
BRDA:151,9,0,0
BRDA:151,9,1,0
BRDA:152,10,0,0
BRDA:152,10,1,0
BRDA:183,11,0,0
BRDA:183,11,1,0
BRDA:183,12,0,0
BRDA:183,12,1,0
BRDA:229,13,0,0
BRDA:229,13,1,0
BRDA:238,14,0,0
BRDA:238,14,1,0
BRDA:242,15,0,0
BRDA:242,15,1,0
BRDA:246,16,0,0
BRDA:246,16,1,0
BRDA:253,17,0,0
BRDA:253,17,1,0
BRDA:298,18,0,0
BRDA:298,18,1,0
BRF:38
BRH:0
end_of_record
TN:
SF:services\database.js
FN:13,(anonymous_0)
FN:25,(anonymous_1)
FN:53,(anonymous_2)
FN:66,(anonymous_3)
FN:69,(anonymous_4)
FNF:5
FNH:0
FNDA:0,(anonymous_0)
FNDA:0,(anonymous_1)
FNDA:0,(anonymous_2)
FNDA:0,(anonymous_3)
FNDA:0,(anonymous_4)
DA:9,3
DA:10,3
DA:13,3
DA:14,0
DA:16,0
DA:19,0
DA:20,0
DA:21,0
DA:25,0
DA:26,0
DA:28,0
DA:29,0
DA:32,0
DA:34,0
DA:35,0
DA:38,0
DA:39,0
DA:40,0
DA:44,0
DA:45,0
DA:46,0
DA:48,0
DA:49,0
DA:53,3
DA:54,0
DA:55,0
DA:56,0
DA:58,0
DA:59,0
DA:66,3
DA:69,3
LF:31
LH:6
BRDA:16,0,0,0
BRDA:16,0,1,0
BRDA:19,1,0,0
BRDA:19,1,1,0
BRF:4
BRH:0
end_of_record
TN:
SF:services\externalDrugAPI.js
FN:5,(anonymous_0)
FN:28,(anonymous_1)
FNF:2
FNH:2
FNDA:4,(anonymous_0)
FNDA:4,(anonymous_1)
DA:5,1
DA:6,4
DA:7,4
DA:9,3
DA:10,1
DA:11,1
DA:12,0
DA:16,3
DA:17,3
DA:18,2
DA:20,1
DA:21,1
DA:24,1
DA:28,1
DA:29,4
DA:30,4
DA:31,3
DA:32,1
DA:35,2
DA:36,2
DA:37,1
DA:39,1
DA:40,1
DA:43,1
LF:24
LH:23
BRDA:9,0,0,1
BRDA:9,0,1,2
BRDA:11,1,0,0
BRDA:11,1,1,1
BRDA:17,2,0,2
BRDA:17,2,1,1
BRDA:17,3,0,3
BRDA:17,3,1,3
BRDA:31,4,0,1
BRDA:31,4,1,2
BRDA:36,5,0,1
BRDA:36,5,1,1
BRDA:36,6,0,2
BRDA:36,6,1,2
BRF:14
BRH:13
end_of_record
