<?xml version="1.0" encoding="UTF-8"?>
<coverage generated="1731604629486" clover="3.2.0">
  <project timestamp="1731604629486" name="All files">
    <metrics statements="137" coveredstatements="123" conditionals="64" coveredconditionals="50" methods="16" coveredmethods="14" elements="217" coveredelements="187" complexity="0" loc="137" ncloc="137" packages="1" files="3" classes="3"/>
    <file name="externalDrugAPI.js" path="C:\Users\natna\Code\DoseAlert\services\externalDrugAPI.js">
      <metrics statements="24" coveredstatements="23" conditionals="14" coveredconditionals="13" methods="2" coveredmethods="2"/>
      <line num="1" count="1" type="stmt"/>
      <line num="2" count="4" type="stmt"/>
      <line num="3" count="4" type="stmt"/>
      <line num="5" count="3" type="cond" truecount="2" falsecount="0"/>
      <line num="6" count="1" type="stmt"/>
      <line num="7" count="1" type="cond" truecount="1" falsecount="1"/>
      <line num="8" count="0" type="stmt"/>
      <line num="12" count="3" type="stmt"/>
      <line num="13" count="3" type="cond" truecount="4" falsecount="0"/>
      <line num="14" count="2" type="stmt"/>
      <line num="16" count="1" type="stmt"/>
      <line num="17" count="1" type="stmt"/>
      <line num="20" count="1" type="stmt"/>
      <line num="24" count="1" type="stmt"/>
      <line num="25" count="4" type="stmt"/>
      <line num="26" count="4" type="stmt"/>
      <line num="27" count="3" type="cond" truecount="2" falsecount="0"/>
      <line num="28" count="1" type="stmt"/>
      <line num="31" count="2" type="stmt"/>
      <line num="32" count="2" type="cond" truecount="4" falsecount="0"/>
      <line num="33" count="1" type="stmt"/>
      <line num="35" count="1" type="stmt"/>
      <line num="36" count="1" type="stmt"/>
      <line num="39" count="1" type="stmt"/>
    </file>
    <file name="firebaseDatabase.js" path="C:\Users\natna\Code\DoseAlert\services\firebaseDatabase.js">
      <metrics statements="87" coveredstatements="76" conditionals="40" coveredconditionals="31" methods="11" coveredmethods="10"/>
      <line num="5" count="1" type="stmt"/>
      <line num="6" count="4" type="cond" truecount="8" falsecount="0"/>
      <line num="7" count="2" type="stmt"/>
      <line num="9" count="2" type="cond" truecount="1" falsecount="1"/>
      <line num="10" count="0" type="stmt"/>
      <line num="12" count="2" type="cond" truecount="1" falsecount="1"/>
      <line num="13" count="0" type="stmt"/>
      <line num="15" count="2" type="cond" truecount="1" falsecount="1"/>
      <line num="16" count="0" type="stmt"/>
      <line num="18" count="2" type="cond" truecount="1" falsecount="1"/>
      <line num="19" count="0" type="stmt"/>
      <line num="21" count="2" type="cond" truecount="1" falsecount="1"/>
      <line num="22" count="0" type="stmt"/>
      <line num="24" count="2" type="cond" truecount="3" falsecount="1"/>
      <line num="25" count="0" type="stmt"/>
      <line num="27" count="2" type="stmt"/>
      <line num="30" count="1" type="stmt"/>
      <line num="31" count="2" type="stmt"/>
      <line num="32" count="2" type="stmt"/>
      <line num="33" count="2" type="stmt"/>
      <line num="38" count="1" type="stmt"/>
      <line num="39" count="1" type="stmt"/>
      <line num="41" count="1" type="stmt"/>
      <line num="44" count="1" type="stmt"/>
      <line num="45" count="2" type="stmt"/>
      <line num="47" count="2" type="stmt"/>
      <line num="50" count="2" type="stmt"/>
      <line num="53" count="2" type="cond" truecount="2" falsecount="0"/>
      <line num="54" count="1" type="stmt"/>
      <line num="58" count="1" type="stmt"/>
      <line num="63" count="1" type="stmt"/>
      <line num="64" count="1" type="stmt"/>
      <line num="66" count="1" type="stmt"/>
      <line num="69" count="1" type="stmt"/>
      <line num="82" count="2" type="stmt"/>
      <line num="83" count="2" type="stmt"/>
      <line num="84" count="2" type="cond" truecount="2" falsecount="0"/>
      <line num="85" count="1" type="stmt"/>
      <line num="90" count="1" type="stmt"/>
      <line num="91" count="1" type="cond" truecount="3" falsecount="1"/>
      <line num="92" count="1" type="stmt"/>
      <line num="94" count="1" type="stmt"/>
      <line num="95" count="1" type="stmt"/>
      <line num="96" count="1" type="stmt"/>
      <line num="114" count="1" type="stmt"/>
      <line num="115" count="1" type="stmt"/>
      <line num="117" count="0" type="stmt"/>
      <line num="121" count="1" type="stmt"/>
      <line num="122" count="1" type="stmt"/>
      <line num="124" count="1" type="stmt"/>
      <line num="127" count="1" type="stmt"/>
      <line num="130" count="1" type="stmt"/>
      <line num="131" count="1" type="stmt"/>
      <line num="134" count="1" type="stmt"/>
      <line num="135" count="1" type="stmt"/>
      <line num="136" count="1" type="stmt"/>
      <line num="143" count="0" type="stmt"/>
      <line num="148" count="1" type="stmt"/>
      <line num="150" count="0" type="stmt"/>
      <line num="154" count="1" type="stmt"/>
      <line num="155" count="2" type="stmt"/>
      <line num="157" count="2" type="stmt"/>
      <line num="158" count="2" type="cond" truecount="2" falsecount="0"/>
      <line num="159" count="1" type="stmt"/>
      <line num="166" count="1" type="stmt"/>
      <line num="169" count="1" type="stmt"/>
      <line num="170" count="1" type="cond" truecount="1" falsecount="1"/>
      <line num="171" count="0" type="stmt"/>
      <line num="174" count="1" type="stmt"/>
      <line num="175" count="1" type="cond" truecount="3" falsecount="1"/>
      <line num="176" count="1" type="stmt"/>
      <line num="177" count="1" type="stmt"/>
      <line num="179" count="1" type="stmt"/>
      <line num="181" count="1" type="stmt"/>
      <line num="200" count="1" type="stmt"/>
      <line num="201" count="1" type="stmt"/>
      <line num="203" count="0" type="stmt"/>
      <line num="207" count="1" type="stmt"/>
      <line num="208" count="2" type="stmt"/>
      <line num="209" count="2" type="stmt"/>
      <line num="211" count="2" type="stmt"/>
      <line num="212" count="2" type="cond" truecount="2" falsecount="0"/>
      <line num="213" count="1" type="stmt"/>
      <line num="216" count="1" type="stmt"/>
      <line num="218" count="1" type="stmt"/>
      <line num="219" count="1" type="stmt"/>
      <line num="221" count="1" type="stmt"/>
    </file>
    <file name="registerNotification.js" path="C:\Users\natna\Code\DoseAlert\services\registerNotification.js">
      <metrics statements="26" coveredstatements="24" conditionals="10" coveredconditionals="6" methods="3" coveredmethods="2"/>
      <line num="6" count="1" type="stmt"/>
      <line num="7" count="0" type="stmt"/>
      <line num="17" count="2" type="cond" truecount="1" falsecount="1"/>
      <line num="18" count="2" type="stmt"/>
      <line num="26" count="2" type="cond" truecount="1" falsecount="1"/>
      <line num="28" count="2" type="stmt"/>
      <line num="29" count="2" type="stmt"/>
      <line num="30" count="2" type="cond" truecount="1" falsecount="1"/>
      <line num="31" count="2" type="stmt"/>
      <line num="32" count="2" type="stmt"/>
      <line num="34" count="2" type="cond" truecount="2" falsecount="0"/>
      <line num="35" count="1" type="stmt"/>
      <line num="36" count="1" type="stmt"/>
      <line num="41" count="1" type="cond" truecount="1" falsecount="1"/>
      <line num="42" count="1" type="stmt"/>
      <line num="47" count="1" type="stmt"/>
      <line num="50" count="0" type="stmt"/>
      <line num="53" count="1" type="stmt"/>
      <line num="56" count="1" type="stmt"/>
      <line num="57" count="1" type="stmt"/>
      <line num="58" count="1" type="stmt"/>
      <line num="59" count="2" type="stmt"/>
      <line num="60" count="2" type="stmt"/>
      <line num="63" count="2" type="stmt"/>
      <line num="74" count="2" type="stmt"/>
      <line num="76" count="1" type="stmt"/>
    </file>
  </project>
</coverage>
