{"C:\\Users\\natna\\Code\\DoseAlert\\app\\(auth)\\signIn.jsx": {"path":"C:\\Users\\natna\\Code\\DoseAlert\\app\\(auth)\\signIn.jsx","statementMap":{"0":{"start":{"line":14,"column":15},"end":{"line":104,"column":1}},"1":{"start":{"line":16,"column":28},"end":{"line":19,"column":8}},"2":{"start":{"line":20,"column":34},"end":{"line":20,"column":49}},"3":{"start":{"line":21,"column":30},"end":{"line":21,"column":44}},"4":{"start":{"line":23,"column":24},"end":{"line":35,"column":5}},"5":{"start":{"line":24,"column":6},"end":{"line":24,"column":23}},"6":{"start":{"line":25,"column":6},"end":{"line":34,"column":7}},"7":{"start":{"line":27,"column":8},"end":{"line":27,"column":47}},"8":{"start":{"line":28,"column":8},"end":{"line":28,"column":32}},"9":{"start":{"line":30,"column":8},"end":{"line":30,"column":27}},"10":{"start":{"line":31,"column":8},"end":{"line":31,"column":32}},"11":{"start":{"line":33,"column":8},"end":{"line":33,"column":26}},"12":{"start":{"line":37,"column":2},"end":{"line":103,"column":3}},"13":{"start":{"line":59,"column":37},"end":{"line":59,"column":67}},"14":{"start":{"line":68,"column":37},"end":{"line":68,"column":70}},"15":{"start":{"line":96,"column":12},"end":{"line":96,"column":49}},"16":{"start":{"line":97,"column":12},"end":{"line":97,"column":26}}},"fnMap":{"0":{"name":"(anonymous_0)","decl":{"start":{"line":14,"column":15},"end":{"line":14,"column":16}},"loc":{"start":{"line":14,"column":21},"end":{"line":104,"column":1}},"line":14},"1":{"name":"(anonymous_1)","decl":{"start":{"line":23,"column":24},"end":{"line":23,"column":25}},"loc":{"start":{"line":23,"column":36},"end":{"line":35,"column":5}},"line":23},"2":{"name":"(anonymous_2)","decl":{"start":{"line":59,"column":30},"end":{"line":59,"column":31}},"loc":{"start":{"line":59,"column":37},"end":{"line":59,"column":67}},"line":59},"3":{"name":"(anonymous_3)","decl":{"start":{"line":68,"column":30},"end":{"line":68,"column":31}},"loc":{"start":{"line":68,"column":37},"end":{"line":68,"column":70}},"line":68},"4":{"name":"(anonymous_4)","decl":{"start":{"line":95,"column":19},"end":{"line":95,"column":20}},"loc":{"start":{"line":95,"column":25},"end":{"line":98,"column":11}},"line":95}},"branchMap":{},"s":{"0":1,"1":22,"2":22,"3":22,"4":22,"5":3,"6":3,"7":3,"8":1,"9":2,"10":2,"11":3,"12":22,"13":4,"14":4,"15":1,"16":1},"f":{"0":22,"1":3,"2":4,"3":4,"4":1},"b":{},"_coverageSchema":"1a1c01bbd47fc00a2c39e90264f33305004495a9","hash":"356de5b0b6d268b0364117fd337057f53714bf8a"}
,"C:\\Users\\natna\\Code\\DoseAlert\\app\\(auth)\\signUp.jsx": {"path":"C:\\Users\\natna\\Code\\DoseAlert\\app\\(auth)\\signUp.jsx","statementMap":{"0":{"start":{"line":11,"column":15},"end":{"line":115,"column":3}},"1":{"start":{"line":12,"column":28},"end":{"line":17,"column":6}},"2":{"start":{"line":19,"column":34},"end":{"line":19,"column":49}},"3":{"start":{"line":20,"column":30},"end":{"line":20,"column":44}},"4":{"start":{"line":22,"column":25},"end":{"line":34,"column":5}},"5":{"start":{"line":23,"column":6},"end":{"line":23,"column":23}},"6":{"start":{"line":24,"column":6},"end":{"line":33,"column":7}},"7":{"start":{"line":25,"column":8},"end":{"line":25,"column":26}},"8":{"start":{"line":26,"column":8},"end":{"line":26,"column":89}},"9":{"start":{"line":27,"column":8},"end":{"line":27,"column":34}},"10":{"start":{"line":29,"column":8},"end":{"line":29,"column":27}},"11":{"start":{"line":30,"column":8},"end":{"line":30,"column":32}},"12":{"start":{"line":32,"column":8},"end":{"line":32,"column":26}},"13":{"start":{"line":36,"column":4},"end":{"line":114,"column":5}},"14":{"start":{"line":58,"column":39},"end":{"line":58,"column":73}},"15":{"start":{"line":65,"column":39},"end":{"line":65,"column":72}},"16":{"start":{"line":72,"column":39},"end":{"line":72,"column":69}},"17":{"start":{"line":81,"column":39},"end":{"line":81,"column":72}},"18":{"start":{"line":109,"column":12},"end":{"line":109,"column":26}}},"fnMap":{"0":{"name":"(anonymous_0)","decl":{"start":{"line":11,"column":15},"end":{"line":11,"column":16}},"loc":{"start":{"line":11,"column":21},"end":{"line":115,"column":3}},"line":11},"1":{"name":"(anonymous_1)","decl":{"start":{"line":22,"column":25},"end":{"line":22,"column":26}},"loc":{"start":{"line":22,"column":37},"end":{"line":34,"column":5}},"line":22},"2":{"name":"(anonymous_2)","decl":{"start":{"line":58,"column":32},"end":{"line":58,"column":33}},"loc":{"start":{"line":58,"column":39},"end":{"line":58,"column":73}},"line":58},"3":{"name":"(anonymous_3)","decl":{"start":{"line":65,"column":32},"end":{"line":65,"column":33}},"loc":{"start":{"line":65,"column":39},"end":{"line":65,"column":72}},"line":65},"4":{"name":"(anonymous_4)","decl":{"start":{"line":72,"column":32},"end":{"line":72,"column":33}},"loc":{"start":{"line":72,"column":39},"end":{"line":72,"column":69}},"line":72},"5":{"name":"(anonymous_5)","decl":{"start":{"line":81,"column":32},"end":{"line":81,"column":33}},"loc":{"start":{"line":81,"column":39},"end":{"line":81,"column":72}},"line":81},"6":{"name":"(anonymous_6)","decl":{"start":{"line":108,"column":19},"end":{"line":108,"column":20}},"loc":{"start":{"line":108,"column":25},"end":{"line":110,"column":11}},"line":108}},"branchMap":{},"s":{"0":1,"1":21,"2":21,"3":21,"4":21,"5":2,"6":2,"7":2,"8":2,"9":1,"10":1,"11":1,"12":2,"13":21,"14":3,"15":3,"16":3,"17":3,"18":0},"f":{"0":21,"1":2,"2":3,"3":3,"4":3,"5":3,"6":0},"b":{},"_coverageSchema":"1a1c01bbd47fc00a2c39e90264f33305004495a9","hash":"8eb2a8091bfee30bc6539f7f78de091012d7774e"}
,"C:\\Users\\natna\\Code\\DoseAlert\\app\\(auth)\\signout.jsx": {"path":"C:\\Users\\natna\\Code\\DoseAlert\\app\\(auth)\\signout.jsx","statementMap":{"0":{"start":{"line":8,"column":20},"end":{"line":24,"column":1}},"1":{"start":{"line":9,"column":39},"end":{"line":9,"column":59}},"2":{"start":{"line":10,"column":25},"end":{"line":14,"column":5}},"3":{"start":{"line":11,"column":8},"end":{"line":11,"column":34}},"4":{"start":{"line":12,"column":8},"end":{"line":12,"column":17}},"5":{"start":{"line":15,"column":4},"end":{"line":23,"column":5}}},"fnMap":{"0":{"name":"(anonymous_0)","decl":{"start":{"line":8,"column":20},"end":{"line":8,"column":21}},"loc":{"start":{"line":8,"column":26},"end":{"line":24,"column":1}},"line":8},"1":{"name":"(anonymous_1)","decl":{"start":{"line":10,"column":25},"end":{"line":10,"column":26}},"loc":{"start":{"line":10,"column":37},"end":{"line":14,"column":5}},"line":10}},"branchMap":{},"s":{"0":1,"1":2,"2":2,"3":1,"4":1,"5":2},"f":{"0":2,"1":1},"b":{},"_coverageSchema":"1a1c01bbd47fc00a2c39e90264f33305004495a9","hash":"a4ba2396d4df996d1334a44df4dfc59684003ec6"}
,"C:\\Users\\natna\\Code\\DoseAlert\\app\\(tabs)\\create.jsx": {"path":"C:\\Users\\natna\\Code\\DoseAlert\\app\\(tabs)\\create.jsx","statementMap":{"0":{"start":{"line":20,"column":21},"end":{"line":222,"column":1}},"1":{"start":{"line":21,"column":68},"end":{"line":21,"column":83}},"2":{"start":{"line":22,"column":70},"end":{"line":22,"column":85}},"3":{"start":{"line":23,"column":70},"end":{"line":23,"column":85}},"4":{"start":{"line":24,"column":36},"end":{"line":24,"column":51}},"5":{"start":{"line":25,"column":54},"end":{"line":25,"column":69}},"6":{"start":{"line":26,"column":48},"end":{"line":26,"column":60}},"7":{"start":{"line":27,"column":38},"end":{"line":27,"column":50}},"8":{"start":{"line":28,"column":36},"end":{"line":28,"column":50}},"9":{"start":{"line":29,"column":18},"end":{"line":29,"column":38}},"10":{"start":{"line":30,"column":54},"end":{"line":30,"column":68}},"11":{"start":{"line":31,"column":52},"end":{"line":31,"column":66}},"12":{"start":{"line":32,"column":28},"end":{"line":32,"column":42}},"13":{"start":{"line":35,"column":2},"end":{"line":38,"column":5}},"14":{"start":{"line":36,"column":4},"end":{"line":36,"column":37}},"15":{"start":{"line":36,"column":30},"end":{"line":36,"column":37}},"16":{"start":{"line":37,"column":4},"end":{"line":37,"column":44}},"17":{"start":{"line":40,"column":2},"end":{"line":44,"column":28}},"18":{"start":{"line":41,"column":4},"end":{"line":41,"column":37}},"19":{"start":{"line":41,"column":30},"end":{"line":41,"column":37}},"20":{"start":{"line":42,"column":4},"end":{"line":42,"column":44}},"21":{"start":{"line":43,"column":4},"end":{"line":43,"column":24}},"22":{"start":{"line":46,"column":25},"end":{"line":52,"column":3}},"23":{"start":{"line":48,"column":4},"end":{"line":50,"column":8}},"24":{"start":{"line":51,"column":4},"end":{"line":51,"column":40}},"25":{"start":{"line":53,"column":25},"end":{"line":57,"column":3}},"26":{"start":{"line":55,"column":4},"end":{"line":55,"column":124}},"27":{"start":{"line":55,"column":55},"end":{"line":55,"column":121}},"28":{"start":{"line":56,"column":4},"end":{"line":56,"column":41}},"29":{"start":{"line":58,"column":33},"end":{"line":61,"column":3}},"30":{"start":{"line":59,"column":18},"end":{"line":59,"column":60}},"31":{"start":{"line":59,"column":48},"end":{"line":59,"column":59}},"32":{"start":{"line":60,"column":4},"end":{"line":60,"column":58}},"33":{"start":{"line":62,"column":31},"end":{"line":86,"column":3}},"34":{"start":{"line":63,"column":26},"end":{"line":63,"column":28}},"35":{"start":{"line":65,"column":4},"end":{"line":67,"column":5}},"36":{"start":{"line":66,"column":6},"end":{"line":66,"column":59}},"37":{"start":{"line":69,"column":4},"end":{"line":71,"column":5}},"38":{"start":{"line":70,"column":6},"end":{"line":70,"column":51}},"39":{"start":{"line":73,"column":4},"end":{"line":75,"column":5}},"40":{"start":{"line":74,"column":6},"end":{"line":74,"column":53}},"41":{"start":{"line":77,"column":4},"end":{"line":79,"column":5}},"42":{"start":{"line":78,"column":6},"end":{"line":78,"column":67}},"43":{"start":{"line":81,"column":4},"end":{"line":83,"column":5}},"44":{"start":{"line":82,"column":6},"end":{"line":82,"column":72}},"45":{"start":{"line":85,"column":4},"end":{"line":85,"column":25}},"46":{"start":{"line":88,"column":24},"end":{"line":117,"column":3}},"47":{"start":{"line":89,"column":4},"end":{"line":89,"column":23}},"48":{"start":{"line":90,"column":4},"end":{"line":90,"column":33}},"49":{"start":{"line":92,"column":4},"end":{"line":116,"column":5}},"50":{"start":{"line":93,"column":18},"end":{"line":93,"column":27}},"51":{"start":{"line":95,"column":20},"end":{"line":95,"column":49}},"52":{"start":{"line":96,"column":6},"end":{"line":99,"column":7}},"53":{"start":{"line":97,"column":8},"end":{"line":97,"column":74}},"54":{"start":{"line":98,"column":8},"end":{"line":98,"column":15}},"55":{"start":{"line":100,"column":26},"end":{"line":100,"column":82}},"56":{"start":{"line":106,"column":6},"end":{"line":109,"column":9}},"57":{"start":{"line":110,"column":6},"end":{"line":110,"column":41}},"58":{"start":{"line":112,"column":6},"end":{"line":112,"column":93}},"59":{"start":{"line":113,"column":6},"end":{"line":113,"column":25}},"60":{"start":{"line":115,"column":6},"end":{"line":115,"column":26}},"61":{"start":{"line":118,"column":27},"end":{"line":122,"column":3}},"62":{"start":{"line":120,"column":4},"end":{"line":120,"column":85}},"63":{"start":{"line":120,"column":58},"end":{"line":120,"column":82}},"64":{"start":{"line":121,"column":4},"end":{"line":121,"column":41}},"65":{"start":{"line":124,"column":24},"end":{"line":126,"column":3}},"66":{"start":{"line":125,"column":4},"end":{"line":125,"column":86}},"67":{"start":{"line":127,"column":2},"end":{"line":127,"column":39}},"68":{"start":{"line":128,"column":2},"end":{"line":130,"column":3}},"69":{"start":{"line":129,"column":4},"end":{"line":129,"column":30}},"70":{"start":{"line":131,"column":2},"end":{"line":221,"column":4}},"71":{"start":{"line":137,"column":41},"end":{"line":137,"column":57}},"72":{"start":{"line":139,"column":12},"end":{"line":147,"column":14}},"73":{"start":{"line":144,"column":16},"end":{"line":144,"column":44}},"74":{"start":{"line":145,"column":16},"end":{"line":145,"column":52}},"75":{"start":{"line":153,"column":29},"end":{"line":153,"column":63}},"76":{"start":{"line":161,"column":16},"end":{"line":161,"column":44}},"77":{"start":{"line":162,"column":16},"end":{"line":162,"column":36}},"78":{"start":{"line":176,"column":29},"end":{"line":176,"column":65}},"79":{"start":{"line":186,"column":18},"end":{"line":186,"column":54}},"80":{"start":{"line":187,"column":18},"end":{"line":187,"column":53}},"81":{"start":{"line":195,"column":25},"end":{"line":195,"column":60}},"82":{"start":{"line":202,"column":25},"end":{"line":202,"column":61}},"83":{"start":{"line":209,"column":25},"end":{"line":209,"column":53}},"84":{"start":{"line":211,"column":12},"end":{"line":211,"column":34}},"85":{"start":{"line":211,"column":27},"end":{"line":211,"column":34}},"86":{"start":{"line":212,"column":12},"end":{"line":212,"column":31}},"87":{"start":{"line":213,"column":12},"end":{"line":213,"column":31}},"88":{"start":{"line":214,"column":12},"end":{"line":214,"column":32}},"89":{"start":{"line":217,"column":86},"end":{"line":217,"column":100}}},"fnMap":{"0":{"name":"(anonymous_0)","decl":{"start":{"line":20,"column":21},"end":{"line":20,"column":22}},"loc":{"start":{"line":20,"column":27},"end":{"line":222,"column":1}},"line":20},"1":{"name":"(anonymous_1)","decl":{"start":{"line":35,"column":17},"end":{"line":35,"column":18}},"loc":{"start":{"line":35,"column":23},"end":{"line":38,"column":3}},"line":35},"2":{"name":"(anonymous_2)","decl":{"start":{"line":40,"column":12},"end":{"line":40,"column":13}},"loc":{"start":{"line":40,"column":18},"end":{"line":44,"column":3}},"line":40},"3":{"name":"(anonymous_3)","decl":{"start":{"line":46,"column":25},"end":{"line":46,"column":26}},"loc":{"start":{"line":46,"column":38},"end":{"line":52,"column":3}},"line":46},"4":{"name":"(anonymous_4)","decl":{"start":{"line":53,"column":25},"end":{"line":53,"column":26}},"loc":{"start":{"line":53,"column":41},"end":{"line":57,"column":3}},"line":53},"5":{"name":"(anonymous_5)","decl":{"start":{"line":55,"column":47},"end":{"line":55,"column":48}},"loc":{"start":{"line":55,"column":55},"end":{"line":55,"column":121}},"line":55},"6":{"name":"(anonymous_6)","decl":{"start":{"line":58,"column":33},"end":{"line":58,"column":34}},"loc":{"start":{"line":58,"column":54},"end":{"line":61,"column":3}},"line":58},"7":{"name":"(anonymous_7)","decl":{"start":{"line":59,"column":38},"end":{"line":59,"column":39}},"loc":{"start":{"line":59,"column":48},"end":{"line":59,"column":59}},"line":59},"8":{"name":"(anonymous_8)","decl":{"start":{"line":62,"column":31},"end":{"line":62,"column":32}},"loc":{"start":{"line":62,"column":46},"end":{"line":86,"column":3}},"line":62},"9":{"name":"(anonymous_9)","decl":{"start":{"line":88,"column":24},"end":{"line":88,"column":25}},"loc":{"start":{"line":88,"column":40},"end":{"line":117,"column":3}},"line":88},"10":{"name":"(anonymous_10)","decl":{"start":{"line":118,"column":27},"end":{"line":118,"column":28}},"loc":{"start":{"line":118,"column":45},"end":{"line":122,"column":3}},"line":118},"11":{"name":"(anonymous_11)","decl":{"start":{"line":120,"column":50},"end":{"line":120,"column":51}},"loc":{"start":{"line":120,"column":58},"end":{"line":120,"column":82}},"line":120},"12":{"name":"(anonymous_12)","decl":{"start":{"line":124,"column":47},"end":{"line":124,"column":48}},"loc":{"start":{"line":125,"column":4},"end":{"line":125,"column":86}},"line":125},"13":{"name":"(anonymous_13)","decl":{"start":{"line":137,"column":24},"end":{"line":137,"column":25}},"loc":{"start":{"line":137,"column":41},"end":{"line":137,"column":57}},"line":137},"14":{"name":"(anonymous_14)","decl":{"start":{"line":138,"column":22},"end":{"line":138,"column":23}},"loc":{"start":{"line":139,"column":12},"end":{"line":147,"column":14}},"line":139},"15":{"name":"(anonymous_15)","decl":{"start":{"line":142,"column":23},"end":{"line":142,"column":24}},"loc":{"start":{"line":142,"column":29},"end":{"line":146,"column":15}},"line":142},"16":{"name":"(anonymous_16)","decl":{"start":{"line":153,"column":23},"end":{"line":153,"column":24}},"loc":{"start":{"line":153,"column":29},"end":{"line":153,"column":63}},"line":153},"17":{"name":"(anonymous_17)","decl":{"start":{"line":160,"column":23},"end":{"line":160,"column":24}},"loc":{"start":{"line":160,"column":28},"end":{"line":163,"column":15}},"line":160},"18":{"name":"(anonymous_18)","decl":{"start":{"line":176,"column":23},"end":{"line":176,"column":24}},"loc":{"start":{"line":176,"column":29},"end":{"line":176,"column":65}},"line":176},"19":{"name":"(anonymous_19)","decl":{"start":{"line":185,"column":22},"end":{"line":185,"column":23}},"loc":{"start":{"line":185,"column":27},"end":{"line":188,"column":17}},"line":185},"20":{"name":"(anonymous_20)","decl":{"start":{"line":195,"column":19},"end":{"line":195,"column":20}},"loc":{"start":{"line":195,"column":25},"end":{"line":195,"column":60}},"line":195},"21":{"name":"(anonymous_21)","decl":{"start":{"line":202,"column":19},"end":{"line":202,"column":20}},"loc":{"start":{"line":202,"column":25},"end":{"line":202,"column":61}},"line":202},"22":{"name":"(anonymous_22)","decl":{"start":{"line":209,"column":19},"end":{"line":209,"column":20}},"loc":{"start":{"line":209,"column":25},"end":{"line":209,"column":53}},"line":209},"23":{"name":"(anonymous_23)","decl":{"start":{"line":210,"column":18},"end":{"line":210,"column":19}},"loc":{"start":{"line":210,"column":28},"end":{"line":215,"column":11}},"line":210},"24":{"name":"(anonymous_24)","decl":{"start":{"line":217,"column":80},"end":{"line":217,"column":81}},"loc":{"start":{"line":217,"column":86},"end":{"line":217,"column":100}},"line":217}},"branchMap":{"0":{"loc":{"start":{"line":36,"column":4},"end":{"line":36,"column":37}},"type":"if","locations":[{"start":{"line":36,"column":4},"end":{"line":36,"column":37}},{"start":{},"end":{}}],"line":36},"1":{"loc":{"start":{"line":41,"column":4},"end":{"line":41,"column":37}},"type":"if","locations":[{"start":{"line":41,"column":4},"end":{"line":41,"column":37}},{"start":{},"end":{}}],"line":41},"2":{"loc":{"start":{"line":55,"column":55},"end":{"line":55,"column":121}},"type":"cond-expr","locations":[{"start":{"line":55,"column":83},"end":{"line":55,"column":114}},{"start":{"line":55,"column":117},"end":{"line":55,"column":121}}],"line":55},"3":{"loc":{"start":{"line":60,"column":11},"end":{"line":60,"column":57}},"type":"cond-expr","locations":[{"start":{"line":60,"column":31},"end":{"line":60,"column":49}},{"start":{"line":60,"column":52},"end":{"line":60,"column":57}}],"line":60},"4":{"loc":{"start":{"line":65,"column":4},"end":{"line":67,"column":5}},"type":"if","locations":[{"start":{"line":65,"column":4},"end":{"line":67,"column":5}},{"start":{},"end":{}}],"line":65},"5":{"loc":{"start":{"line":65,"column":8},"end":{"line":65,"column":57}},"type":"binary-expr","locations":[{"start":{"line":65,"column":8},"end":{"line":65,"column":25}},{"start":{"line":65,"column":29},"end":{"line":65,"column":57}}],"line":65},"6":{"loc":{"start":{"line":69,"column":4},"end":{"line":71,"column":5}},"type":"if","locations":[{"start":{"line":69,"column":4},"end":{"line":71,"column":5}},{"start":{},"end":{}}],"line":69},"7":{"loc":{"start":{"line":73,"column":4},"end":{"line":75,"column":5}},"type":"if","locations":[{"start":{"line":73,"column":4},"end":{"line":75,"column":5}},{"start":{},"end":{}}],"line":73},"8":{"loc":{"start":{"line":77,"column":4},"end":{"line":79,"column":5}},"type":"if","locations":[{"start":{"line":77,"column":4},"end":{"line":79,"column":5}},{"start":{},"end":{}}],"line":77},"9":{"loc":{"start":{"line":77,"column":8},"end":{"line":77,"column":58}},"type":"binary-expr","locations":[{"start":{"line":77,"column":8},"end":{"line":77,"column":25}},{"start":{"line":77,"column":29},"end":{"line":77,"column":58}}],"line":77},"10":{"loc":{"start":{"line":81,"column":4},"end":{"line":83,"column":5}},"type":"if","locations":[{"start":{"line":81,"column":4},"end":{"line":83,"column":5}},{"start":{},"end":{}}],"line":81},"11":{"loc":{"start":{"line":96,"column":6},"end":{"line":99,"column":7}},"type":"if","locations":[{"start":{"line":96,"column":6},"end":{"line":99,"column":7}},{"start":{},"end":{}}],"line":96},"12":{"loc":{"start":{"line":127,"column":2},"end":{"line":127,"column":38}},"type":"binary-expr","locations":[{"start":{"line":127,"column":2},"end":{"line":127,"column":7}},{"start":{"line":127,"column":11},"end":{"line":127,"column":38}}],"line":127},"13":{"loc":{"start":{"line":128,"column":2},"end":{"line":130,"column":3}},"type":"if","locations":[{"start":{"line":128,"column":2},"end":{"line":130,"column":3}},{"start":{},"end":{}}],"line":128},"14":{"loc":{"start":{"line":173,"column":10},"end":{"line":190,"column":11}},"type":"binary-expr","locations":[{"start":{"line":173,"column":10},"end":{"line":173,"column":28}},{"start":{"line":174,"column":12},"end":{"line":189,"column":14}}],"line":173},"15":{"loc":{"start":{"line":211,"column":12},"end":{"line":211,"column":34}},"type":"if","locations":[{"start":{"line":211,"column":12},"end":{"line":211,"column":34}},{"start":{},"end":{}}],"line":211},"16":{"loc":{"start":{"line":217,"column":9},"end":{"line":217,"column":104}},"type":"binary-expr","locations":[{"start":{"line":217,"column":9},"end":{"line":217,"column":14}},{"start":{"line":217,"column":18},"end":{"line":217,"column":104}}],"line":217}},"s":{"0":1,"1":33,"2":33,"3":33,"4":33,"5":33,"6":33,"7":33,"8":33,"9":33,"10":33,"11":33,"12":33,"13":33,"14":0,"15":0,"16":0,"17":33,"18":10,"19":0,"20":10,"21":10,"22":33,"23":1,"24":1,"25":33,"26":0,"27":0,"28":0,"29":33,"30":1,"31":2,"32":1,"33":33,"34":1,"35":1,"36":1,"37":1,"38":1,"39":1,"40":1,"41":1,"42":1,"43":1,"44":1,"45":1,"46":33,"47":1,"48":1,"49":1,"50":1,"51":1,"52":1,"53":0,"54":0,"55":1,"56":1,"57":1,"58":0,"59":0,"60":1,"61":33,"62":1,"63":1,"64":1,"65":33,"66":25,"67":33,"68":33,"69":11,"70":22,"71":31,"72":21,"73":2,"74":2,"75":2,"76":2,"77":2,"78":0,"79":2,"80":2,"81":1,"82":1,"83":0,"84":1,"85":0,"86":1,"87":1,"88":1,"89":0},"f":{"0":33,"1":0,"2":10,"3":1,"4":0,"5":0,"6":1,"7":2,"8":1,"9":1,"10":1,"11":1,"12":25,"13":31,"14":21,"15":2,"16":2,"17":2,"18":0,"19":2,"20":1,"21":1,"22":0,"23":1,"24":0},"b":{"0":[0,0],"1":[0,10],"2":[0,0],"3":[0,1],"4":[1,0],"5":[1,1],"6":[1,0],"7":[1,0],"8":[1,0],"9":[1,1],"10":[1,0],"11":[0,1],"12":[33,0],"13":[11,22],"14":[22,6],"15":[0,1],"16":[22,0]},"_coverageSchema":"1a1c01bbd47fc00a2c39e90264f33305004495a9","hash":"ac19a4a4a3c02f323d8479b74673cf8377b9736c"}
,"C:\\Users\\natna\\Code\\DoseAlert\\app\\(tabs)\\home.jsx": {"path":"C:\\Users\\natna\\Code\\DoseAlert\\app\\(tabs)\\home.jsx","statementMap":{"0":{"start":{"line":17,"column":13},"end":{"line":212,"column":1}},"1":{"start":{"line":18,"column":36},"end":{"line":18,"column":50}},"2":{"start":{"line":19,"column":26},"end":{"line":19,"column":40}},"3":{"start":{"line":20,"column":40},"end":{"line":20,"column":52}},"4":{"start":{"line":21,"column":44},"end":{"line":21,"column":58}},"5":{"start":{"line":22,"column":18},"end":{"line":22,"column":38}},"6":{"start":{"line":23,"column":72},"end":{"line":23,"column":84}},"7":{"start":{"line":26,"column":2},"end":{"line":31,"column":26}},"8":{"start":{"line":27,"column":4},"end":{"line":29,"column":5}},"9":{"start":{"line":28,"column":5},"end":{"line":28,"column":31}},"10":{"start":{"line":33,"column":2},"end":{"line":36,"column":4}},"11":{"start":{"line":34,"column":4},"end":{"line":34,"column":26}},"12":{"start":{"line":35,"column":4},"end":{"line":35,"column":40}},"13":{"start":{"line":38,"column":2},"end":{"line":68,"column":7}},"14":{"start":{"line":41,"column":4},"end":{"line":61,"column":9}},"15":{"start":{"line":42,"column":27},"end":{"line":42,"column":72}},"16":{"start":{"line":43,"column":8},"end":{"line":46,"column":9}},"17":{"start":{"line":44,"column":12},"end":{"line":44,"column":63}},"18":{"start":{"line":45,"column":12},"end":{"line":45,"column":19}},"19":{"start":{"line":48,"column":8},"end":{"line":48,"column":50}},"20":{"start":{"line":50,"column":8},"end":{"line":60,"column":11}},"21":{"start":{"line":51,"column":37},"end":{"line":51,"column":79}},"22":{"start":{"line":53,"column":12},"end":{"line":59,"column":13}},"23":{"start":{"line":54,"column":16},"end":{"line":54,"column":75}},"24":{"start":{"line":55,"column":16},"end":{"line":58,"column":24}},"25":{"start":{"line":56,"column":16},"end":{"line":56,"column":61}},"26":{"start":{"line":57,"column":16},"end":{"line":57,"column":39}},"27":{"start":{"line":63,"column":4},"end":{"line":67,"column":6}},"28":{"start":{"line":64,"column":8},"end":{"line":66,"column":9}},"29":{"start":{"line":65,"column":12},"end":{"line":65,"column":34}},"30":{"start":{"line":70,"column":2},"end":{"line":95,"column":25}},"31":{"start":{"line":71,"column":29},"end":{"line":93,"column":5}},"32":{"start":{"line":72,"column":6},"end":{"line":92,"column":7}},"33":{"start":{"line":73,"column":8},"end":{"line":73,"column":34}},"34":{"start":{"line":73,"column":27},"end":{"line":73,"column":34}},"35":{"start":{"line":74,"column":21},"end":{"line":84,"column":10}},"36":{"start":{"line":75,"column":10},"end":{"line":83,"column":11}},"37":{"start":{"line":86,"column":8},"end":{"line":86,"column":30}},"38":{"start":{"line":87,"column":8},"end":{"line":87,"column":29}},"39":{"start":{"line":88,"column":8},"end":{"line":88,"column":37}},"40":{"start":{"line":89,"column":8},"end":{"line":89,"column":28}},"41":{"start":{"line":91,"column":8},"end":{"line":91,"column":27}},"42":{"start":{"line":94,"column":4},"end":{"line":94,"column":23}},"43":{"start":{"line":97,"column":2},"end":{"line":100,"column":20}},"44":{"start":{"line":98,"column":30},"end":{"line":98,"column":77}},"45":{"start":{"line":98,"column":56},"end":{"line":98,"column":76}},"46":{"start":{"line":99,"column":4},"end":{"line":99,"column":54}},"47":{"start":{"line":102,"column":23},"end":{"line":113,"column":3}},"48":{"start":{"line":103,"column":4},"end":{"line":112,"column":6}},"49":{"start":{"line":115,"column":31},"end":{"line":157,"column":3}},"50":{"start":{"line":116,"column":20},"end":{"line":116,"column":53}},"51":{"start":{"line":117,"column":31},"end":{"line":117,"column":63}},"52":{"start":{"line":118,"column":4},"end":{"line":125,"column":6}},"53":{"start":{"line":126,"column":4},"end":{"line":126,"column":55}},"54":{"start":{"line":128,"column":4},"end":{"line":156,"column":9}},"55":{"start":{"line":140,"column":41},"end":{"line":140,"column":50}},"56":{"start":{"line":143,"column":8},"end":{"line":143,"column":46}},"57":{"start":{"line":144,"column":8},"end":{"line":144,"column":59}},"58":{"start":{"line":145,"column":8},"end":{"line":152,"column":11}},"59":{"start":{"line":146,"column":10},"end":{"line":151,"column":12}},"60":{"start":{"line":147,"column":12},"end":{"line":149,"column":13}},"61":{"start":{"line":148,"column":14},"end":{"line":148,"column":47}},"62":{"start":{"line":150,"column":12},"end":{"line":150,"column":23}},"63":{"start":{"line":155,"column":8},"end":{"line":155,"column":56}},"64":{"start":{"line":159,"column":2},"end":{"line":159,"column":44}},"65":{"start":{"line":159,"column":18},"end":{"line":159,"column":44}},"66":{"start":{"line":161,"column":2},"end":{"line":211,"column":4}},"67":{"start":{"line":173,"column":14},"end":{"line":173,"column":50}},"68":{"start":{"line":186,"column":16},"end":{"line":193,"column":18}},"69":{"start":{"line":190,"column":38},"end":{"line":190,"column":94}},"70":{"start":{"line":191,"column":49},"end":{"line":191,"column":113}},"71":{"start":{"line":192,"column":52},"end":{"line":192,"column":92}},"72":{"start":{"line":202,"column":27},"end":{"line":202,"column":49}}},"fnMap":{"0":{"name":"(anonymous_0)","decl":{"start":{"line":17,"column":13},"end":{"line":17,"column":14}},"loc":{"start":{"line":17,"column":19},"end":{"line":212,"column":1}},"line":17},"1":{"name":"(anonymous_1)","decl":{"start":{"line":26,"column":12},"end":{"line":26,"column":13}},"loc":{"start":{"line":26,"column":16},"end":{"line":31,"column":3}},"line":26},"2":{"name":"(anonymous_2)","decl":{"start":{"line":33,"column":17},"end":{"line":33,"column":18}},"loc":{"start":{"line":33,"column":21},"end":{"line":36,"column":3}},"line":33},"3":{"name":"(anonymous_3)","decl":{"start":{"line":38,"column":12},"end":{"line":38,"column":13}},"loc":{"start":{"line":38,"column":18},"end":{"line":68,"column":1}},"line":38},"4":{"name":"(anonymous_4)","decl":{"start":{"line":41,"column":5},"end":{"line":41,"column":6}},"loc":{"start":{"line":41,"column":17},"end":{"line":61,"column":5}},"line":41},"5":{"name":"(anonymous_5)","decl":{"start":{"line":50,"column":77},"end":{"line":50,"column":78}},"loc":{"start":{"line":50,"column":89},"end":{"line":60,"column":9}},"line":50},"6":{"name":"(anonymous_6)","decl":{"start":{"line":55,"column":27},"end":{"line":55,"column":28}},"loc":{"start":{"line":55,"column":33},"end":{"line":58,"column":17}},"line":55},"7":{"name":"(anonymous_7)","decl":{"start":{"line":63,"column":11},"end":{"line":63,"column":12}},"loc":{"start":{"line":63,"column":17},"end":{"line":67,"column":5}},"line":63},"8":{"name":"(anonymous_8)","decl":{"start":{"line":70,"column":12},"end":{"line":70,"column":13}},"loc":{"start":{"line":70,"column":18},"end":{"line":95,"column":3}},"line":70},"9":{"name":"(anonymous_9)","decl":{"start":{"line":71,"column":29},"end":{"line":71,"column":30}},"loc":{"start":{"line":71,"column":41},"end":{"line":93,"column":5}},"line":71},"10":{"name":"(anonymous_10)","decl":{"start":{"line":74,"column":65},"end":{"line":74,"column":66}},"loc":{"start":{"line":74,"column":73},"end":{"line":84,"column":9}},"line":74},"11":{"name":"(anonymous_11)","decl":{"start":{"line":97,"column":12},"end":{"line":97,"column":13}},"loc":{"start":{"line":97,"column":18},"end":{"line":100,"column":3}},"line":97},"12":{"name":"(anonymous_12)","decl":{"start":{"line":98,"column":49},"end":{"line":98,"column":50}},"loc":{"start":{"line":98,"column":56},"end":{"line":98,"column":76}},"line":98},"13":{"name":"(anonymous_13)","decl":{"start":{"line":102,"column":23},"end":{"line":102,"column":24}},"loc":{"start":{"line":102,"column":104},"end":{"line":113,"column":3}},"line":102},"14":{"name":"(anonymous_14)","decl":{"start":{"line":115,"column":31},"end":{"line":115,"column":32}},"loc":{"start":{"line":115,"column":57},"end":{"line":157,"column":3}},"line":115},"15":{"name":"(anonymous_15)","decl":{"start":{"line":140,"column":31},"end":{"line":140,"column":32}},"loc":{"start":{"line":140,"column":41},"end":{"line":140,"column":50}},"line":140},"16":{"name":"(anonymous_16)","decl":{"start":{"line":142,"column":12},"end":{"line":142,"column":13}},"loc":{"start":{"line":142,"column":22},"end":{"line":153,"column":7}},"line":142},"17":{"name":"(anonymous_17)","decl":{"start":{"line":145,"column":31},"end":{"line":145,"column":32}},"loc":{"start":{"line":145,"column":39},"end":{"line":152,"column":9}},"line":145},"18":{"name":"(anonymous_18)","decl":{"start":{"line":146,"column":26},"end":{"line":146,"column":27}},"loc":{"start":{"line":146,"column":33},"end":{"line":151,"column":11}},"line":146},"19":{"name":"(anonymous_19)","decl":{"start":{"line":154,"column":13},"end":{"line":154,"column":14}},"loc":{"start":{"line":154,"column":24},"end":{"line":156,"column":7}},"line":154},"20":{"name":"(anonymous_20)","decl":{"start":{"line":172,"column":21},"end":{"line":172,"column":22}},"loc":{"start":{"line":172,"column":25},"end":{"line":174,"column":13}},"line":172},"21":{"name":"(anonymous_21)","decl":{"start":{"line":185,"column":46},"end":{"line":185,"column":47}},"loc":{"start":{"line":186,"column":16},"end":{"line":193,"column":18}},"line":186},"22":{"name":"(anonymous_22)","decl":{"start":{"line":190,"column":32},"end":{"line":190,"column":33}},"loc":{"start":{"line":190,"column":38},"end":{"line":190,"column":94}},"line":190},"23":{"name":"(anonymous_23)","decl":{"start":{"line":191,"column":36},"end":{"line":191,"column":37}},"loc":{"start":{"line":191,"column":49},"end":{"line":191,"column":113}},"line":191},"24":{"name":"(anonymous_24)","decl":{"start":{"line":192,"column":41},"end":{"line":192,"column":42}},"loc":{"start":{"line":192,"column":52},"end":{"line":192,"column":92}},"line":192},"25":{"name":"(anonymous_25)","decl":{"start":{"line":202,"column":21},"end":{"line":202,"column":22}},"loc":{"start":{"line":202,"column":27},"end":{"line":202,"column":49}},"line":202}},"branchMap":{"0":{"loc":{"start":{"line":27,"column":4},"end":{"line":29,"column":5}},"type":"if","locations":[{"start":{"line":27,"column":4},"end":{"line":29,"column":5}},{"start":{},"end":{}}],"line":27},"1":{"loc":{"start":{"line":43,"column":8},"end":{"line":46,"column":9}},"type":"if","locations":[{"start":{"line":43,"column":8},"end":{"line":46,"column":9}},{"start":{},"end":{}}],"line":43},"2":{"loc":{"start":{"line":53,"column":12},"end":{"line":59,"column":13}},"type":"if","locations":[{"start":{"line":53,"column":12},"end":{"line":59,"column":13}},{"start":{},"end":{}}],"line":53},"3":{"loc":{"start":{"line":64,"column":8},"end":{"line":66,"column":9}},"type":"if","locations":[{"start":{"line":64,"column":8},"end":{"line":66,"column":9}},{"start":{},"end":{}}],"line":64},"4":{"loc":{"start":{"line":73,"column":8},"end":{"line":73,"column":34}},"type":"if","locations":[{"start":{"line":73,"column":8},"end":{"line":73,"column":34}},{"start":{},"end":{}}],"line":73},"5":{"loc":{"start":{"line":80,"column":23},"end":{"line":80,"column":85}},"type":"cond-expr","locations":[{"start":{"line":80,"column":59},"end":{"line":80,"column":79}},{"start":{"line":80,"column":80},"end":{"line":80,"column":85}}],"line":80},"6":{"loc":{"start":{"line":103,"column":11},"end":{"line":112,"column":5}},"type":"cond-expr","locations":[{"start":{"line":104,"column":6},"end":{"line":104,"column":59}},{"start":{"line":106,"column":6},"end":{"line":111,"column":8}}],"line":103},"7":{"loc":{"start":{"line":116,"column":20},"end":{"line":116,"column":53}},"type":"cond-expr","locations":[{"start":{"line":116,"column":39},"end":{"line":116,"column":45}},{"start":{"line":116,"column":48},"end":{"line":116,"column":53}}],"line":116},"8":{"loc":{"start":{"line":122,"column":23},"end":{"line":122,"column":41}},"type":"cond-expr","locations":[{"start":{"line":122,"column":33},"end":{"line":122,"column":38}},{"start":{"line":122,"column":39},"end":{"line":122,"column":41}}],"line":122},"9":{"loc":{"start":{"line":147,"column":12},"end":{"line":149,"column":13}},"type":"if","locations":[{"start":{"line":147,"column":12},"end":{"line":149,"column":13}},{"start":{},"end":{}}],"line":147},"10":{"loc":{"start":{"line":159,"column":2},"end":{"line":159,"column":44}},"type":"if","locations":[{"start":{"line":159,"column":2},"end":{"line":159,"column":44}},{"start":{},"end":{}}],"line":159},"11":{"loc":{"start":{"line":184,"column":13},"end":{"line":197,"column":13}},"type":"cond-expr","locations":[{"start":{"line":185,"column":14},"end":{"line":194,"column":16}},{"start":{"line":196,"column":14},"end":{"line":196,"column":91}}],"line":184},"12":{"loc":{"start":{"line":190,"column":55},"end":{"line":190,"column":93}},"type":"cond-expr","locations":[{"start":{"line":190,"column":81},"end":{"line":190,"column":85}},{"start":{"line":190,"column":88},"end":{"line":190,"column":93}}],"line":190}},"s":{"0":1,"1":43,"2":42,"3":42,"4":42,"5":42,"6":42,"7":42,"8":9,"9":1,"10":42,"11":0,"12":0,"13":42,"14":9,"15":9,"16":9,"17":0,"18":0,"19":9,"20":9,"21":1,"22":1,"23":1,"24":1,"25":1,"26":1,"27":9,"28":9,"29":1,"30":42,"31":9,"32":9,"33":9,"34":1,"35":8,"36":5,"37":7,"38":7,"39":7,"40":7,"41":2,"42":9,"43":42,"44":16,"45":5,"46":16,"47":42,"48":6,"49":42,"50":1,"51":1,"52":1,"53":1,"54":1,"55":0,"56":1,"57":1,"58":1,"59":0,"60":0,"61":0,"62":0,"63":0,"64":42,"65":32,"66":10,"67":0,"68":7,"69":1,"70":0,"71":1,"72":1},"f":{"0":43,"1":9,"2":0,"3":9,"4":9,"5":1,"6":1,"7":9,"8":9,"9":9,"10":5,"11":16,"12":5,"13":6,"14":1,"15":0,"16":1,"17":0,"18":0,"19":0,"20":0,"21":7,"22":1,"23":0,"24":1,"25":1},"b":{"0":[1,8],"1":[0,9],"2":[1,0],"3":[1,8],"4":[1,8],"5":[4,1],"6":[4,2],"7":[0,1],"8":[0,1],"9":[0,0],"10":[32,10],"11":[6,4],"12":[0,1]},"_coverageSchema":"1a1c01bbd47fc00a2c39e90264f33305004495a9","hash":"d67de193be5f01f576ea6e40ee66621b2f70d619"}
,"C:\\Users\\natna\\Code\\DoseAlert\\app\\(tabs)\\report.jsx": {"path":"C:\\Users\\natna\\Code\\DoseAlert\\app\\(tabs)\\report.jsx","statementMap":{"0":{"start":{"line":12,"column":15},"end":{"line":176,"column":1}},"1":{"start":{"line":13,"column":36},"end":{"line":13,"column":50}},"2":{"start":{"line":14,"column":38},"end":{"line":14,"column":50}},"3":{"start":{"line":15,"column":42},"end":{"line":15,"column":54}},"4":{"start":{"line":16,"column":56},"end":{"line":16,"column":71}},"5":{"start":{"line":17,"column":16},"end":{"line":17,"column":36}},"6":{"start":{"line":19,"column":0},"end":{"line":19,"column":33}},"7":{"start":{"line":20,"column":20},"end":{"line":27,"column":1}},"8":{"start":{"line":23,"column":26},"end":{"line":23,"column":57}},"9":{"start":{"line":31,"column":32},"end":{"line":38,"column":1}},"10":{"start":{"line":32,"column":2},"end":{"line":37,"column":3}},"11":{"start":{"line":33,"column":32},"end":{"line":35,"column":5}},"12":{"start":{"line":34,"column":15},"end":{"line":34,"column":49}},"13":{"start":{"line":36,"column":4},"end":{"line":36,"column":40}},"14":{"start":{"line":40,"column":0},"end":{"line":42,"column":26}},"15":{"start":{"line":41,"column":2},"end":{"line":41,"column":28}},"16":{"start":{"line":46,"column":0},"end":{"line":67,"column":26}},"17":{"start":{"line":47,"column":36},"end":{"line":62,"column":3}},"18":{"start":{"line":48,"column":4},"end":{"line":61,"column":5}},"19":{"start":{"line":49,"column":34},"end":{"line":51,"column":7}},"20":{"start":{"line":50,"column":17},"end":{"line":50,"column":52}},"21":{"start":{"line":52,"column":28},"end":{"line":54,"column":7}},"22":{"start":{"line":53,"column":41},"end":{"line":53,"column":47}},"23":{"start":{"line":55,"column":6},"end":{"line":55,"column":38}},"24":{"start":{"line":56,"column":6},"end":{"line":56,"column":42}},"25":{"start":{"line":58,"column":6},"end":{"line":58,"column":58}},"26":{"start":{"line":60,"column":6},"end":{"line":60,"column":26}},"27":{"start":{"line":64,"column":2},"end":{"line":66,"column":3}},"28":{"start":{"line":65,"column":4},"end":{"line":65,"column":32}},"29":{"start":{"line":69,"column":0},"end":{"line":73,"column":34}},"30":{"start":{"line":70,"column":2},"end":{"line":72,"column":3}},"31":{"start":{"line":71,"column":4},"end":{"line":71,"column":34}},"32":{"start":{"line":75,"column":27},"end":{"line":77,"column":1}},"33":{"start":{"line":76,"column":11},"end":{"line":76,"column":49}},"34":{"start":{"line":79,"column":37},"end":{"line":82,"column":1}},"35":{"start":{"line":80,"column":16},"end":{"line":80,"column":30}},"36":{"start":{"line":81,"column":2},"end":{"line":81,"column":59}},"37":{"start":{"line":84,"column":19},"end":{"line":87,"column":1}},"38":{"start":{"line":85,"column":17},"end":{"line":85,"column":40}},"39":{"start":{"line":88,"column":20},"end":{"line":91,"column":1}},"40":{"start":{"line":89,"column":17},"end":{"line":89,"column":41}},"41":{"start":{"line":93,"column":2},"end":{"line":93,"column":61}},"42":{"start":{"line":95,"column":0},"end":{"line":97,"column":1}},"43":{"start":{"line":96,"column":2},"end":{"line":96,"column":28}},"44":{"start":{"line":100,"column":2},"end":{"line":175,"column":4}},"45":{"start":{"line":129,"column":34},"end":{"line":129,"column":61}},"46":{"start":{"line":130,"column":44},"end":{"line":130,"column":117}},"47":{"start":{"line":132,"column":16},"end":{"line":153,"column":18}},"48":{"start":{"line":167,"column":12},"end":{"line":167,"column":43}},"49":{"start":{"line":168,"column":12},"end":{"line":168,"column":49}}},"fnMap":{"0":{"name":"(anonymous_0)","decl":{"start":{"line":12,"column":15},"end":{"line":12,"column":16}},"loc":{"start":{"line":12,"column":21},"end":{"line":176,"column":1}},"line":12},"1":{"name":"(anonymous_1)","decl":{"start":{"line":23,"column":9},"end":{"line":23,"column":10}},"loc":{"start":{"line":23,"column":26},"end":{"line":23,"column":57}},"line":23},"2":{"name":"(anonymous_2)","decl":{"start":{"line":31,"column":32},"end":{"line":31,"column":33}},"loc":{"start":{"line":31,"column":38},"end":{"line":38,"column":1}},"line":31},"3":{"name":"(anonymous_3)","decl":{"start":{"line":34,"column":6},"end":{"line":34,"column":7}},"loc":{"start":{"line":34,"column":15},"end":{"line":34,"column":49}},"line":34},"4":{"name":"(anonymous_4)","decl":{"start":{"line":40,"column":10},"end":{"line":40,"column":11}},"loc":{"start":{"line":40,"column":16},"end":{"line":42,"column":1}},"line":40},"5":{"name":"(anonymous_5)","decl":{"start":{"line":46,"column":10},"end":{"line":46,"column":11}},"loc":{"start":{"line":46,"column":16},"end":{"line":67,"column":1}},"line":46},"6":{"name":"(anonymous_6)","decl":{"start":{"line":47,"column":36},"end":{"line":47,"column":37}},"loc":{"start":{"line":47,"column":48},"end":{"line":62,"column":3}},"line":47},"7":{"name":"(anonymous_7)","decl":{"start":{"line":50,"column":8},"end":{"line":50,"column":9}},"loc":{"start":{"line":50,"column":17},"end":{"line":50,"column":52}},"line":50},"8":{"name":"(anonymous_8)","decl":{"start":{"line":53,"column":32},"end":{"line":53,"column":33}},"loc":{"start":{"line":53,"column":41},"end":{"line":53,"column":47}},"line":53},"9":{"name":"(anonymous_9)","decl":{"start":{"line":69,"column":10},"end":{"line":69,"column":11}},"loc":{"start":{"line":69,"column":16},"end":{"line":73,"column":1}},"line":69},"10":{"name":"(anonymous_10)","decl":{"start":{"line":76,"column":2},"end":{"line":76,"column":3}},"loc":{"start":{"line":76,"column":11},"end":{"line":76,"column":49}},"line":76},"11":{"name":"(anonymous_11)","decl":{"start":{"line":79,"column":37},"end":{"line":79,"column":38}},"loc":{"start":{"line":79,"column":56},"end":{"line":82,"column":1}},"line":79},"12":{"name":"(anonymous_12)","decl":{"start":{"line":85,"column":2},"end":{"line":85,"column":3}},"loc":{"start":{"line":85,"column":17},"end":{"line":85,"column":40}},"line":85},"13":{"name":"(anonymous_13)","decl":{"start":{"line":89,"column":2},"end":{"line":89,"column":3}},"loc":{"start":{"line":89,"column":17},"end":{"line":89,"column":41}},"line":89},"14":{"name":"(anonymous_14)","decl":{"start":{"line":128,"column":30},"end":{"line":128,"column":31}},"loc":{"start":{"line":128,"column":46},"end":{"line":154,"column":15}},"line":128},"15":{"name":"(anonymous_15)","decl":{"start":{"line":166,"column":19},"end":{"line":166,"column":20}},"loc":{"start":{"line":166,"column":25},"end":{"line":169,"column":11}},"line":166}},"branchMap":{"0":{"loc":{"start":{"line":23,"column":10},"end":{"line":23,"column":21}},"type":"default-arg","locations":[{"start":{"line":23,"column":20},"end":{"line":23,"column":21}}],"line":23},"1":{"loc":{"start":{"line":32,"column":2},"end":{"line":37,"column":3}},"type":"if","locations":[{"start":{"line":32,"column":2},"end":{"line":37,"column":3}},{"start":{},"end":{}}],"line":32},"2":{"loc":{"start":{"line":64,"column":2},"end":{"line":66,"column":3}},"type":"if","locations":[{"start":{"line":64,"column":2},"end":{"line":66,"column":3}},{"start":{},"end":{}}],"line":64},"3":{"loc":{"start":{"line":70,"column":2},"end":{"line":72,"column":3}},"type":"if","locations":[{"start":{"line":70,"column":2},"end":{"line":72,"column":3}},{"start":{},"end":{}}],"line":70},"4":{"loc":{"start":{"line":81,"column":9},"end":{"line":81,"column":58}},"type":"cond-expr","locations":[{"start":{"line":81,"column":21},"end":{"line":81,"column":54}},{"start":{"line":81,"column":57},"end":{"line":81,"column":58}}],"line":81},"5":{"loc":{"start":{"line":85,"column":24},"end":{"line":85,"column":39}},"type":"binary-expr","locations":[{"start":{"line":85,"column":24},"end":{"line":85,"column":34}},{"start":{"line":85,"column":38},"end":{"line":85,"column":39}}],"line":85},"6":{"loc":{"start":{"line":89,"column":24},"end":{"line":89,"column":40}},"type":"binary-expr","locations":[{"start":{"line":89,"column":24},"end":{"line":89,"column":35}},{"start":{"line":89,"column":39},"end":{"line":89,"column":40}}],"line":89},"7":{"loc":{"start":{"line":95,"column":0},"end":{"line":97,"column":1}},"type":"if","locations":[{"start":{"line":95,"column":0},"end":{"line":97,"column":1}},{"start":{},"end":{}}],"line":95},"8":{"loc":{"start":{"line":127,"column":13},"end":{"line":157,"column":13}},"type":"cond-expr","locations":[{"start":{"line":128,"column":14},"end":{"line":154,"column":16}},{"start":{"line":156,"column":14},"end":{"line":156,"column":98}}],"line":127},"9":{"loc":{"start":{"line":129,"column":34},"end":{"line":129,"column":61}},"type":"binary-expr","locations":[{"start":{"line":129,"column":34},"end":{"line":129,"column":55}},{"start":{"line":129,"column":59},"end":{"line":129,"column":61}}],"line":129},"10":{"loc":{"start":{"line":130,"column":73},"end":{"line":130,"column":93}},"type":"binary-expr","locations":[{"start":{"line":130,"column":73},"end":{"line":130,"column":88}},{"start":{"line":130,"column":92},"end":{"line":130,"column":93}}],"line":130},"11":{"loc":{"start":{"line":130,"column":95},"end":{"line":130,"column":116}},"type":"binary-expr","locations":[{"start":{"line":130,"column":95},"end":{"line":130,"column":111}},{"start":{"line":130,"column":115},"end":{"line":130,"column":116}}],"line":130},"12":{"loc":{"start":{"line":141,"column":77},"end":{"line":141,"column":109}},"type":"binary-expr","locations":[{"start":{"line":141,"column":77},"end":{"line":141,"column":104}},{"start":{"line":141,"column":108},"end":{"line":141,"column":109}}],"line":141},"13":{"loc":{"start":{"line":146,"column":23},"end":{"line":150,"column":23}},"type":"cond-expr","locations":[{"start":{"line":147,"column":24},"end":{"line":147,"column":109}},{"start":{"line":149,"column":24},"end":{"line":149,"column":119}}],"line":146},"14":{"loc":{"start":{"line":161,"column":7},"end":{"line":173,"column":7}},"type":"binary-expr","locations":[{"start":{"line":161,"column":7},"end":{"line":161,"column":25}},{"start":{"line":162,"column":8},"end":{"line":172,"column":10}}],"line":161}},"s":{"0":1,"1":21,"2":20,"3":20,"4":20,"5":20,"6":20,"7":20,"8":0,"9":20,"10":4,"11":4,"12":4,"13":4,"14":20,"15":4,"16":20,"17":4,"18":4,"19":4,"20":4,"21":4,"22":4,"23":4,"24":4,"25":0,"26":4,"27":4,"28":4,"29":20,"30":4,"31":0,"32":20,"33":16,"34":20,"35":24,"36":24,"37":20,"38":12,"39":20,"40":12,"41":20,"42":20,"43":16,"44":4,"45":4,"46":4,"47":4,"48":0,"49":0},"f":{"0":21,"1":0,"2":4,"3":4,"4":4,"5":4,"6":4,"7":4,"8":4,"9":4,"10":16,"11":24,"12":12,"13":12,"14":4,"15":0},"b":{"0":[0],"1":[4,0],"2":[4,0],"3":[0,4],"4":[16,8],"5":[12,0],"6":[12,0],"7":[16,4],"8":[4,0],"9":[4,0],"10":[4,0],"11":[4,0],"12":[4,0],"13":[4,0],"14":[4,0]},"_coverageSchema":"1a1c01bbd47fc00a2c39e90264f33305004495a9","hash":"10cc5f208079affc25f334ab36c1d3ee81827152"}
,"C:\\Users\\natna\\Code\\DoseAlert\\components\\AddMedicationModal.jsx": {"path":"C:\\Users\\natna\\Code\\DoseAlert\\components\\AddMedicationModal.jsx","statementMap":{"0":{"start":{"line":16,"column":31},"end":{"line":374,"column":1}},"1":{"start":{"line":17,"column":28},"end":{"line":17,"column":64}},"2":{"start":{"line":18,"column":32},"end":{"line":18,"column":66}},"3":{"start":{"line":19,"column":38},"end":{"line":19,"column":52}},"4":{"start":{"line":20,"column":34},"end":{"line":20,"column":48}},"5":{"start":{"line":21,"column":58},"end":{"line":21,"column":73}},"6":{"start":{"line":22,"column":54},"end":{"line":22,"column":69}},"7":{"start":{"line":23,"column":38},"end":{"line":23,"column":55}},"8":{"start":{"line":24,"column":40},"end":{"line":24,"column":82}},"9":{"start":{"line":25,"column":34},"end":{"line":25,"column":73}},"10":{"start":{"line":26,"column":42},"end":{"line":27,"column":92}},"11":{"start":{"line":27,"column":51},"end":{"line":27,"column":83}},"12":{"start":{"line":28,"column":34},"end":{"line":28,"column":74}},"13":{"start":{"line":29,"column":50},"end":{"line":29,"column":65}},"14":{"start":{"line":30,"column":46},"end":{"line":30,"column":58}},"15":{"start":{"line":31,"column":48},"end":{"line":31,"column":63}},"16":{"start":{"line":32,"column":38},"end":{"line":32,"column":53}},"17":{"start":{"line":33,"column":30},"end":{"line":33,"column":44}},"18":{"start":{"line":34,"column":46},"end":{"line":34,"column":58}},"19":{"start":{"line":36,"column":20},"end":{"line":36,"column":40}},"20":{"start":{"line":38,"column":4},"end":{"line":47,"column":11}},"21":{"start":{"line":39,"column":8},"end":{"line":45,"column":13}},"22":{"start":{"line":40,"column":31},"end":{"line":40,"column":76}},"23":{"start":{"line":41,"column":12},"end":{"line":43,"column":13}},"24":{"start":{"line":42,"column":16},"end":{"line":42,"column":67}},"25":{"start":{"line":44,"column":12},"end":{"line":44,"column":54}},"26":{"start":{"line":49,"column":27},"end":{"line":65,"column":5}},"27":{"start":{"line":50,"column":8},"end":{"line":50,"column":20}},"28":{"start":{"line":51,"column":8},"end":{"line":51,"column":44}},"29":{"start":{"line":52,"column":8},"end":{"line":52,"column":27}},"30":{"start":{"line":53,"column":8},"end":{"line":53,"column":25}},"31":{"start":{"line":54,"column":8},"end":{"line":54,"column":30}},"32":{"start":{"line":55,"column":8},"end":{"line":55,"column":26}},"33":{"start":{"line":56,"column":8},"end":{"line":56,"column":23}},"34":{"start":{"line":57,"column":8},"end":{"line":57,"column":27}},"35":{"start":{"line":58,"column":8},"end":{"line":58,"column":23}},"36":{"start":{"line":59,"column":8},"end":{"line":59,"column":34}},"37":{"start":{"line":60,"column":8},"end":{"line":60,"column":29}},"38":{"start":{"line":61,"column":8},"end":{"line":61,"column":38}},"39":{"start":{"line":62,"column":8},"end":{"line":62,"column":36}},"40":{"start":{"line":63,"column":8},"end":{"line":63,"column":33}},"41":{"start":{"line":64,"column":8},"end":{"line":64,"column":23}},"42":{"start":{"line":67,"column":34},"end":{"line":72,"column":5}},"43":{"start":{"line":68,"column":8},"end":{"line":68,"column":38}},"44":{"start":{"line":69,"column":8},"end":{"line":71,"column":9}},"45":{"start":{"line":70,"column":12},"end":{"line":70,"column":39}},"46":{"start":{"line":75,"column":32},"end":{"line":80,"column":5}},"47":{"start":{"line":76,"column":8},"end":{"line":76,"column":36}},"48":{"start":{"line":77,"column":8},"end":{"line":79,"column":9}},"49":{"start":{"line":78,"column":12},"end":{"line":78,"column":37}},"50":{"start":{"line":82,"column":28},"end":{"line":88,"column":5}},"51":{"start":{"line":83,"column":8},"end":{"line":86,"column":9}},"52":{"start":{"line":84,"column":28},"end":{"line":84,"column":54}},"53":{"start":{"line":85,"column":12},"end":{"line":85,"column":174}},"54":{"start":{"line":85,"column":40},"end":{"line":85,"column":124}},"55":{"start":{"line":87,"column":8},"end":{"line":87,"column":33}},"56":{"start":{"line":90,"column":27},"end":{"line":90,"column":69}},"57":{"start":{"line":90,"column":33},"end":{"line":90,"column":69}},"58":{"start":{"line":92,"column":27},"end":{"line":124,"column":5}},"59":{"start":{"line":93,"column":8},"end":{"line":93,"column":27}},"60":{"start":{"line":94,"column":8},"end":{"line":123,"column":9}},"61":{"start":{"line":95,"column":29},"end":{"line":108,"column":14}},"62":{"start":{"line":110,"column":12},"end":{"line":116,"column":13}},"63":{"start":{"line":111,"column":16},"end":{"line":111,"column":41}},"64":{"start":{"line":112,"column":16},"end":{"line":112,"column":23}},"65":{"start":{"line":114,"column":16},"end":{"line":114,"column":38}},"66":{"start":{"line":115,"column":16},"end":{"line":115,"column":33}},"67":{"start":{"line":117,"column":12},"end":{"line":117,"column":22}},"68":{"start":{"line":119,"column":12},"end":{"line":119,"column":64}},"69":{"start":{"line":120,"column":12},"end":{"line":120,"column":36}},"70":{"start":{"line":122,"column":12},"end":{"line":122,"column":32}},"71":{"start":{"line":126,"column":4},"end":{"line":129,"column":5}},"72":{"start":{"line":127,"column":8},"end":{"line":127,"column":37}},"73":{"start":{"line":128,"column":8},"end":{"line":128,"column":77}},"74":{"start":{"line":128,"column":58},"end":{"line":128,"column":72}},"75":{"start":{"line":131,"column":4},"end":{"line":133,"column":5}},"76":{"start":{"line":132,"column":8},"end":{"line":132,"column":59}},"77":{"start":{"line":135,"column":4},"end":{"line":373,"column":6}},"78":{"start":{"line":152,"column":53},"end":{"line":152,"column":63}},"79":{"start":{"line":163,"column":57},"end":{"line":163,"column":92}},"80":{"start":{"line":174,"column":57},"end":{"line":174,"column":90}},"81":{"start":{"line":186,"column":83},"end":{"line":186,"column":111}},"82":{"start":{"line":204,"column":81},"end":{"line":204,"column":107}},"83":{"start":{"line":223,"column":62},"end":{"line":223,"column":85}},"84":{"start":{"line":250,"column":40},"end":{"line":267,"column":47}},"85":{"start":{"line":260,"column":73},"end":{"line":260,"column":116}},"86":{"start":{"line":260,"column":104},"end":{"line":260,"column":115}},"87":{"start":{"line":261,"column":52},"end":{"line":261,"column":83}},"88":{"start":{"line":272,"column":51},"end":{"line":272,"column":74}},"89":{"start":{"line":299,"column":53},"end":{"line":299,"column":66}},"90":{"start":{"line":309,"column":53},"end":{"line":309,"column":69}},"91":{"start":{"line":320,"column":53},"end":{"line":320,"column":66}},"92":{"start":{"line":333,"column":53},"end":{"line":333,"column":72}},"93":{"start":{"line":338,"column":36},"end":{"line":338,"column":109}},"94":{"start":{"line":339,"column":36},"end":{"line":339,"column":57}},"95":{"start":{"line":351,"column":36},"end":{"line":351,"column":53}},"96":{"start":{"line":361,"column":36},"end":{"line":361,"column":46}},"97":{"start":{"line":362,"column":36},"end":{"line":362,"column":53}}},"fnMap":{"0":{"name":"(anonymous_0)","decl":{"start":{"line":16,"column":31},"end":{"line":16,"column":32}},"loc":{"start":{"line":16,"column":81},"end":{"line":374,"column":1}},"line":16},"1":{"name":"(anonymous_1)","decl":{"start":{"line":27,"column":40},"end":{"line":27,"column":41}},"loc":{"start":{"line":27,"column":51},"end":{"line":27,"column":83}},"line":27},"2":{"name":"(anonymous_2)","decl":{"start":{"line":38,"column":14},"end":{"line":38,"column":15}},"loc":{"start":{"line":38,"column":20},"end":{"line":47,"column":5}},"line":38},"3":{"name":"(anonymous_3)","decl":{"start":{"line":39,"column":9},"end":{"line":39,"column":10}},"loc":{"start":{"line":39,"column":21},"end":{"line":45,"column":9}},"line":39},"4":{"name":"(anonymous_4)","decl":{"start":{"line":49,"column":27},"end":{"line":49,"column":28}},"loc":{"start":{"line":49,"column":33},"end":{"line":65,"column":5}},"line":49},"5":{"name":"(anonymous_5)","decl":{"start":{"line":67,"column":34},"end":{"line":67,"column":35}},"loc":{"start":{"line":67,"column":59},"end":{"line":72,"column":5}},"line":67},"6":{"name":"(anonymous_6)","decl":{"start":{"line":75,"column":32},"end":{"line":75,"column":33}},"loc":{"start":{"line":75,"column":57},"end":{"line":80,"column":5}},"line":75},"7":{"name":"(anonymous_7)","decl":{"start":{"line":82,"column":28},"end":{"line":82,"column":29}},"loc":{"start":{"line":82,"column":53},"end":{"line":88,"column":5}},"line":82},"8":{"name":"(anonymous_8)","decl":{"start":{"line":85,"column":32},"end":{"line":85,"column":33}},"loc":{"start":{"line":85,"column":40},"end":{"line":85,"column":124}},"line":85},"9":{"name":"(anonymous_9)","decl":{"start":{"line":90,"column":27},"end":{"line":90,"column":28}},"loc":{"start":{"line":90,"column":33},"end":{"line":90,"column":69}},"line":90},"10":{"name":"(anonymous_10)","decl":{"start":{"line":92,"column":27},"end":{"line":92,"column":28}},"loc":{"start":{"line":92,"column":39},"end":{"line":124,"column":5}},"line":92},"11":{"name":"(anonymous_11)","decl":{"start":{"line":128,"column":52},"end":{"line":128,"column":53}},"loc":{"start":{"line":128,"column":58},"end":{"line":128,"column":72}},"line":128},"12":{"name":"(anonymous_12)","decl":{"start":{"line":152,"column":46},"end":{"line":152,"column":47}},"loc":{"start":{"line":152,"column":53},"end":{"line":152,"column":63}},"line":152},"13":{"name":"(anonymous_13)","decl":{"start":{"line":163,"column":50},"end":{"line":163,"column":51}},"loc":{"start":{"line":163,"column":57},"end":{"line":163,"column":92}},"line":163},"14":{"name":"(anonymous_14)","decl":{"start":{"line":174,"column":50},"end":{"line":174,"column":51}},"loc":{"start":{"line":174,"column":57},"end":{"line":174,"column":90}},"line":174},"15":{"name":"(anonymous_15)","decl":{"start":{"line":186,"column":77},"end":{"line":186,"column":78}},"loc":{"start":{"line":186,"column":83},"end":{"line":186,"column":111}},"line":186},"16":{"name":"(anonymous_16)","decl":{"start":{"line":204,"column":75},"end":{"line":204,"column":76}},"loc":{"start":{"line":204,"column":81},"end":{"line":204,"column":107}},"line":204},"17":{"name":"(anonymous_17)","decl":{"start":{"line":223,"column":47},"end":{"line":223,"column":48}},"loc":{"start":{"line":223,"column":62},"end":{"line":223,"column":85}},"line":223},"18":{"name":"(anonymous_18)","decl":{"start":{"line":249,"column":54},"end":{"line":249,"column":55}},"loc":{"start":{"line":250,"column":40},"end":{"line":267,"column":47}},"line":250},"19":{"name":"(anonymous_19)","decl":{"start":{"line":258,"column":57},"end":{"line":258,"column":58}},"loc":{"start":{"line":258,"column":63},"end":{"line":262,"column":49}},"line":258},"20":{"name":"(anonymous_20)","decl":{"start":{"line":260,"column":94},"end":{"line":260,"column":95}},"loc":{"start":{"line":260,"column":104},"end":{"line":260,"column":115}},"line":260},"21":{"name":"(anonymous_21)","decl":{"start":{"line":272,"column":45},"end":{"line":272,"column":46}},"loc":{"start":{"line":272,"column":51},"end":{"line":272,"column":74}},"line":272},"22":{"name":"(anonymous_22)","decl":{"start":{"line":299,"column":46},"end":{"line":299,"column":47}},"loc":{"start":{"line":299,"column":53},"end":{"line":299,"column":66}},"line":299},"23":{"name":"(anonymous_23)","decl":{"start":{"line":309,"column":46},"end":{"line":309,"column":47}},"loc":{"start":{"line":309,"column":53},"end":{"line":309,"column":69}},"line":309},"24":{"name":"(anonymous_24)","decl":{"start":{"line":320,"column":46},"end":{"line":320,"column":47}},"loc":{"start":{"line":320,"column":53},"end":{"line":320,"column":66}},"line":320},"25":{"name":"(anonymous_25)","decl":{"start":{"line":333,"column":46},"end":{"line":333,"column":47}},"loc":{"start":{"line":333,"column":53},"end":{"line":333,"column":72}},"line":333},"26":{"name":"(anonymous_26)","decl":{"start":{"line":337,"column":49},"end":{"line":337,"column":50}},"loc":{"start":{"line":337,"column":55},"end":{"line":340,"column":33}},"line":337},"27":{"name":"(anonymous_27)","decl":{"start":{"line":349,"column":45},"end":{"line":349,"column":46}},"loc":{"start":{"line":349,"column":51},"end":{"line":353,"column":33}},"line":349},"28":{"name":"(anonymous_28)","decl":{"start":{"line":360,"column":45},"end":{"line":360,"column":46}},"loc":{"start":{"line":360,"column":51},"end":{"line":363,"column":33}},"line":360}},"branchMap":{"0":{"loc":{"start":{"line":17,"column":37},"end":{"line":17,"column":63}},"type":"binary-expr","locations":[{"start":{"line":17,"column":37},"end":{"line":17,"column":57}},{"start":{"line":17,"column":61},"end":{"line":17,"column":63}}],"line":17},"1":{"loc":{"start":{"line":24,"column":49},"end":{"line":24,"column":81}},"type":"binary-expr","locations":[{"start":{"line":24,"column":49},"end":{"line":24,"column":75}},{"start":{"line":24,"column":79},"end":{"line":24,"column":81}}],"line":24},"2":{"loc":{"start":{"line":25,"column":43},"end":{"line":25,"column":72}},"type":"binary-expr","locations":[{"start":{"line":25,"column":43},"end":{"line":25,"column":66}},{"start":{"line":25,"column":70},"end":{"line":25,"column":72}}],"line":25},"3":{"loc":{"start":{"line":27,"column":8},"end":{"line":27,"column":91}},"type":"binary-expr","locations":[{"start":{"line":27,"column":8},"end":{"line":27,"column":85}},{"start":{"line":27,"column":89},"end":{"line":27,"column":91}}],"line":27},"4":{"loc":{"start":{"line":28,"column":43},"end":{"line":28,"column":73}},"type":"binary-expr","locations":[{"start":{"line":28,"column":43},"end":{"line":28,"column":67}},{"start":{"line":28,"column":71},"end":{"line":28,"column":73}}],"line":28},"5":{"loc":{"start":{"line":41,"column":12},"end":{"line":43,"column":13}},"type":"if","locations":[{"start":{"line":41,"column":12},"end":{"line":43,"column":13}},{"start":{},"end":{}}],"line":41},"6":{"loc":{"start":{"line":69,"column":8},"end":{"line":71,"column":9}},"type":"if","locations":[{"start":{"line":69,"column":8},"end":{"line":71,"column":9}},{"start":{},"end":{}}],"line":69},"7":{"loc":{"start":{"line":69,"column":12},"end":{"line":69,"column":48}},"type":"binary-expr","locations":[{"start":{"line":69,"column":12},"end":{"line":69,"column":32}},{"start":{"line":69,"column":36},"end":{"line":69,"column":48}}],"line":69},"8":{"loc":{"start":{"line":77,"column":8},"end":{"line":79,"column":9}},"type":"if","locations":[{"start":{"line":77,"column":8},"end":{"line":79,"column":9}},{"start":{},"end":{}}],"line":77},"9":{"loc":{"start":{"line":77,"column":12},"end":{"line":77,"column":48}},"type":"binary-expr","locations":[{"start":{"line":77,"column":12},"end":{"line":77,"column":32}},{"start":{"line":77,"column":36},"end":{"line":77,"column":48}}],"line":77},"10":{"loc":{"start":{"line":83,"column":8},"end":{"line":86,"column":9}},"type":"if","locations":[{"start":{"line":83,"column":8},"end":{"line":86,"column":9}},{"start":{},"end":{}}],"line":83},"11":{"loc":{"start":{"line":84,"column":28},"end":{"line":84,"column":54}},"type":"binary-expr","locations":[{"start":{"line":84,"column":28},"end":{"line":84,"column":40}},{"start":{"line":84,"column":44},"end":{"line":84,"column":54}}],"line":84},"12":{"loc":{"start":{"line":85,"column":12},"end":{"line":85,"column":173}},"type":"binary-expr","locations":[{"start":{"line":85,"column":12},"end":{"line":85,"column":125}},{"start":{"line":85,"column":128},"end":{"line":85,"column":173}}],"line":85},"13":{"loc":{"start":{"line":85,"column":40},"end":{"line":85,"column":124}},"type":"binary-expr","locations":[{"start":{"line":85,"column":40},"end":{"line":85,"column":78}},{"start":{"line":85,"column":82},"end":{"line":85,"column":124}}],"line":85},"14":{"loc":{"start":{"line":110,"column":12},"end":{"line":116,"column":13}},"type":"if","locations":[{"start":{"line":110,"column":12},"end":{"line":116,"column":13}},{"start":{"line":113,"column":19},"end":{"line":116,"column":13}}],"line":110},"15":{"loc":{"start":{"line":126,"column":4},"end":{"line":129,"column":5}},"type":"if","locations":[{"start":{"line":126,"column":4},"end":{"line":129,"column":5}},{"start":{},"end":{}}],"line":126},"16":{"loc":{"start":{"line":131,"column":4},"end":{"line":133,"column":5}},"type":"if","locations":[{"start":{"line":131,"column":4},"end":{"line":133,"column":5}},{"start":{},"end":{}}],"line":131},"17":{"loc":{"start":{"line":189,"column":25},"end":{"line":199,"column":25}},"type":"binary-expr","locations":[{"start":{"line":189,"column":25},"end":{"line":189,"column":44}},{"start":{"line":190,"column":28},"end":{"line":198,"column":30}}],"line":189},"18":{"loc":{"start":{"line":191,"column":39},"end":{"line":191,"column":62}},"type":"binary-expr","locations":[{"start":{"line":191,"column":39},"end":{"line":191,"column":48}},{"start":{"line":191,"column":52},"end":{"line":191,"column":62}}],"line":191},"19":{"loc":{"start":{"line":207,"column":25},"end":{"line":217,"column":25}},"type":"binary-expr","locations":[{"start":{"line":207,"column":25},"end":{"line":207,"column":42}},{"start":{"line":208,"column":28},"end":{"line":216,"column":30}}],"line":207},"20":{"loc":{"start":{"line":209,"column":39},"end":{"line":209,"column":60}},"type":"binary-expr","locations":[{"start":{"line":209,"column":39},"end":{"line":209,"column":46}},{"start":{"line":209,"column":50},"end":{"line":209,"column":60}}],"line":209},"21":{"loc":{"start":{"line":213,"column":45},"end":{"line":213,"column":68}},"type":"binary-expr","locations":[{"start":{"line":213,"column":45},"end":{"line":213,"column":54}},{"start":{"line":213,"column":58},"end":{"line":213,"column":68}}],"line":213},"22":{"loc":{"start":{"line":239,"column":44},"end":{"line":239,"column":83}},"type":"cond-expr","locations":[{"start":{"line":239,"column":62},"end":{"line":239,"column":71}},{"start":{"line":239,"column":74},"end":{"line":239,"column":83}}],"line":239},"23":{"loc":{"start":{"line":245,"column":25},"end":{"line":280,"column":25}},"type":"binary-expr","locations":[{"start":{"line":245,"column":25},"end":{"line":245,"column":40}},{"start":{"line":246,"column":28},"end":{"line":279,"column":35}}],"line":245},"24":{"loc":{"start":{"line":248,"column":33},"end":{"line":269,"column":33}},"type":"binary-expr","locations":[{"start":{"line":248,"column":33},"end":{"line":248,"column":57}},{"start":{"line":249,"column":36},"end":{"line":268,"column":38}}],"line":248},"25":{"loc":{"start":{"line":284,"column":25},"end":{"line":295,"column":25}},"type":"binary-expr","locations":[{"start":{"line":284,"column":25},"end":{"line":284,"column":39}},{"start":{"line":285,"column":28},"end":{"line":294,"column":30}}],"line":284}},"s":{"0":2,"1":80,"2":80,"3":80,"4":80,"5":80,"6":80,"7":80,"8":80,"9":80,"10":80,"11":2,"12":80,"13":80,"14":80,"15":80,"16":80,"17":80,"18":80,"19":80,"20":80,"21":19,"22":19,"23":19,"24":0,"25":19,"26":80,"27":3,"28":3,"29":3,"30":3,"31":3,"32":3,"33":3,"34":3,"35":3,"36":3,"37":3,"38":3,"39":3,"40":3,"41":3,"42":80,"43":1,"44":1,"45":1,"46":80,"47":1,"48":1,"49":1,"50":80,"51":3,"52":3,"53":3,"54":1,"55":3,"56":80,"57":2,"58":80,"59":5,"60":5,"61":5,"62":4,"63":1,"64":1,"65":2,"66":2,"67":2,"68":2,"69":2,"70":5,"71":80,"72":6,"73":6,"74":0,"75":74,"76":22,"77":52,"78":3,"79":1,"80":1,"81":1,"82":1,"83":0,"84":4,"85":0,"86":0,"87":0,"88":3,"89":0,"90":0,"91":0,"92":1,"93":1,"94":1,"95":5,"96":1,"97":1},"f":{"0":80,"1":2,"2":19,"3":19,"4":3,"5":1,"6":1,"7":3,"8":1,"9":2,"10":5,"11":0,"12":3,"13":1,"14":1,"15":1,"16":1,"17":0,"18":4,"19":0,"20":0,"21":3,"22":0,"23":0,"24":0,"25":1,"26":1,"27":5,"28":1},"b":{"0":[80,79],"1":[80,79],"2":[80,79],"3":[80,79],"4":[80,79],"5":[0,19],"6":[1,0],"7":[1,1],"8":[1,0],"9":[1,1],"10":[3,0],"11":[3,0],"12":[3,2],"13":[1,1],"14":[1,2],"15":[6,74],"16":[22,52],"17":[52,1],"18":[1,1],"19":[52,1],"20":[1,1],"21":[1,0],"22":[8,44],"23":[52,8],"24":[8,4],"25":[52,3]},"_coverageSchema":"1a1c01bbd47fc00a2c39e90264f33305004495a9","hash":"d7a126174a20d18c38eb6e2813164ce508d2ae91"}
,"C:\\Users\\natna\\Code\\DoseAlert\\components\\CameraModal.jsx": {"path":"C:\\Users\\natna\\Code\\DoseAlert\\components\\CameraModal.jsx","statementMap":{"0":{"start":{"line":8,"column":20},"end":{"line":72,"column":1}},"1":{"start":{"line":9,"column":44},"end":{"line":9,"column":66}},"2":{"start":{"line":10,"column":32},"end":{"line":10,"column":48}},"3":{"start":{"line":11,"column":17},"end":{"line":11,"column":29}},"4":{"start":{"line":12,"column":4},"end":{"line":15,"column":9}},"5":{"start":{"line":13,"column":8},"end":{"line":13,"column":28}},"6":{"start":{"line":16,"column":4},"end":{"line":20,"column":23}},"7":{"start":{"line":17,"column":8},"end":{"line":19,"column":9}},"8":{"start":{"line":18,"column":10},"end":{"line":18,"column":30}},"9":{"start":{"line":22,"column":6},"end":{"line":24,"column":7}},"10":{"start":{"line":23,"column":8},"end":{"line":23,"column":24}},"11":{"start":{"line":26,"column":6},"end":{"line":33,"column":7}},"12":{"start":{"line":27,"column":8},"end":{"line":32,"column":10}},"13":{"start":{"line":34,"column":2},"end":{"line":71,"column":4}}},"fnMap":{"0":{"name":"(anonymous_0)","decl":{"start":{"line":8,"column":20},"end":{"line":8,"column":21}},"loc":{"start":{"line":8,"column":56},"end":{"line":72,"column":1}},"line":8},"1":{"name":"(anonymous_1)","decl":{"start":{"line":12,"column":14},"end":{"line":12,"column":15}},"loc":{"start":{"line":12,"column":18},"end":{"line":15,"column":5}},"line":12},"2":{"name":"(anonymous_2)","decl":{"start":{"line":16,"column":14},"end":{"line":16,"column":15}},"loc":{"start":{"line":16,"column":20},"end":{"line":20,"column":7}},"line":16}},"branchMap":{"0":{"loc":{"start":{"line":17,"column":8},"end":{"line":19,"column":9}},"type":"if","locations":[{"start":{"line":17,"column":8},"end":{"line":19,"column":9}},{"start":{},"end":{}}],"line":17},"1":{"loc":{"start":{"line":22,"column":6},"end":{"line":24,"column":7}},"type":"if","locations":[{"start":{"line":22,"column":6},"end":{"line":24,"column":7}},{"start":{},"end":{}}],"line":22},"2":{"loc":{"start":{"line":26,"column":6},"end":{"line":33,"column":7}},"type":"if","locations":[{"start":{"line":26,"column":6},"end":{"line":33,"column":7}},{"start":{},"end":{}}],"line":26}},"s":{"0":2,"1":31,"2":31,"3":31,"4":31,"5":17,"6":31,"7":17,"8":0,"9":31,"10":0,"11":31,"12":4,"13":27},"f":{"0":31,"1":17,"2":17},"b":{"0":[0,17],"1":[0,31],"2":[4,27]},"_coverageSchema":"1a1c01bbd47fc00a2c39e90264f33305004495a9","hash":"8674dd2ebbe4c2f9deffed19ac378748839570f8"}
,"C:\\Users\\natna\\Code\\DoseAlert\\components\\CustomButton.jsx": {"path":"C:\\Users\\natna\\Code\\DoseAlert\\components\\CustomButton.jsx","statementMap":{"0":{"start":{"line":6,"column":21},"end":{"line":17,"column":1}},"1":{"start":{"line":7,"column":2},"end":{"line":16,"column":3}}},"fnMap":{"0":{"name":"(anonymous_0)","decl":{"start":{"line":6,"column":21},"end":{"line":6,"column":22}},"loc":{"start":{"line":6,"column":87},"end":{"line":17,"column":1}},"line":6}},"branchMap":{"0":{"loc":{"start":{"line":11,"column":93},"end":{"line":11,"column":120}},"type":"cond-expr","locations":[{"start":{"line":11,"column":105},"end":{"line":11,"column":117}},{"start":{"line":11,"column":118},"end":{"line":11,"column":120}}],"line":11}},"s":{"0":6,"1":173},"f":{"0":173},"b":{"0":[8,165]},"_coverageSchema":"1a1c01bbd47fc00a2c39e90264f33305004495a9","hash":"40294aba2a5ffe4220c17f77a6aa54352b736659"}
,"C:\\Users\\natna\\Code\\DoseAlert\\components\\EditMedicationModal.jsx": {"path":"C:\\Users\\natna\\Code\\DoseAlert\\components\\EditMedicationModal.jsx","statementMap":{"0":{"start":{"line":16,"column":32},"end":{"line":406,"column":1}},"1":{"start":{"line":17,"column":28},"end":{"line":17,"column":88}},"2":{"start":{"line":18,"column":32},"end":{"line":18,"column":92}},"3":{"start":{"line":19,"column":38},"end":{"line":19,"column":81}},"4":{"start":{"line":20,"column":34},"end":{"line":20,"column":75}},"5":{"start":{"line":21,"column":58},"end":{"line":21,"column":73}},"6":{"start":{"line":22,"column":54},"end":{"line":22,"column":69}},"7":{"start":{"line":23,"column":38},"end":{"line":23,"column":55}},"8":{"start":{"line":24,"column":40},"end":{"line":24,"column":106}},"9":{"start":{"line":25,"column":34},"end":{"line":25,"column":73}},"10":{"start":{"line":26,"column":42},"end":{"line":27,"column":66}},"11":{"start":{"line":28,"column":34},"end":{"line":28,"column":97}},"12":{"start":{"line":29,"column":50},"end":{"line":29,"column":101}},"13":{"start":{"line":30,"column":46},"end":{"line":30,"column":58}},"14":{"start":{"line":31,"column":48},"end":{"line":31,"column":63}},"15":{"start":{"line":32,"column":38},"end":{"line":32,"column":53}},"16":{"start":{"line":33,"column":30},"end":{"line":33,"column":44}},"17":{"start":{"line":34,"column":46},"end":{"line":34,"column":58}},"18":{"start":{"line":36,"column":20},"end":{"line":36,"column":40}},"19":{"start":{"line":37,"column":4},"end":{"line":46,"column":13}},"20":{"start":{"line":38,"column":8},"end":{"line":44,"column":13}},"21":{"start":{"line":39,"column":29},"end":{"line":39,"column":74}},"22":{"start":{"line":40,"column":10},"end":{"line":42,"column":11}},"23":{"start":{"line":41,"column":12},"end":{"line":41,"column":63}},"24":{"start":{"line":43,"column":8},"end":{"line":43,"column":50}},"25":{"start":{"line":47,"column":6},"end":{"line":62,"column":26}},"26":{"start":{"line":48,"column":8},"end":{"line":61,"column":9}},"27":{"start":{"line":49,"column":12},"end":{"line":49,"column":65}},"28":{"start":{"line":50,"column":12},"end":{"line":50,"column":45}},"29":{"start":{"line":51,"column":12},"end":{"line":51,"column":51}},"30":{"start":{"line":52,"column":12},"end":{"line":52,"column":47}},"31":{"start":{"line":53,"column":12},"end":{"line":53,"column":51}},"32":{"start":{"line":54,"column":12},"end":{"line":54,"column":77}},"33":{"start":{"line":55,"column":12},"end":{"line":55,"column":53}},"34":{"start":{"line":56,"column":12},"end":{"line":56,"column":85}},"35":{"start":{"line":57,"column":12},"end":{"line":57,"column":77}},"36":{"start":{"line":58,"column":12},"end":{"line":58,"column":64}},"37":{"start":{"line":59,"column":12},"end":{"line":59,"column":89}},"38":{"start":{"line":59,"column":74},"end":{"line":59,"column":80}},"39":{"start":{"line":64,"column":27},"end":{"line":80,"column":5}},"40":{"start":{"line":65,"column":8},"end":{"line":65,"column":20}},"41":{"start":{"line":66,"column":8},"end":{"line":66,"column":44}},"42":{"start":{"line":67,"column":8},"end":{"line":67,"column":27}},"43":{"start":{"line":68,"column":8},"end":{"line":68,"column":25}},"44":{"start":{"line":69,"column":8},"end":{"line":69,"column":30}},"45":{"start":{"line":70,"column":8},"end":{"line":70,"column":26}},"46":{"start":{"line":71,"column":8},"end":{"line":71,"column":23}},"47":{"start":{"line":72,"column":8},"end":{"line":72,"column":27}},"48":{"start":{"line":73,"column":8},"end":{"line":73,"column":23}},"49":{"start":{"line":74,"column":8},"end":{"line":74,"column":34}},"50":{"start":{"line":75,"column":8},"end":{"line":75,"column":29}},"51":{"start":{"line":76,"column":8},"end":{"line":76,"column":38}},"52":{"start":{"line":77,"column":8},"end":{"line":77,"column":36}},"53":{"start":{"line":78,"column":8},"end":{"line":78,"column":33}},"54":{"start":{"line":79,"column":8},"end":{"line":79,"column":23}},"55":{"start":{"line":82,"column":34},"end":{"line":87,"column":5}},"56":{"start":{"line":83,"column":8},"end":{"line":83,"column":38}},"57":{"start":{"line":84,"column":8},"end":{"line":86,"column":9}},"58":{"start":{"line":85,"column":12},"end":{"line":85,"column":39}},"59":{"start":{"line":90,"column":32},"end":{"line":95,"column":5}},"60":{"start":{"line":91,"column":8},"end":{"line":91,"column":36}},"61":{"start":{"line":92,"column":8},"end":{"line":94,"column":9}},"62":{"start":{"line":93,"column":12},"end":{"line":93,"column":37}},"63":{"start":{"line":97,"column":28},"end":{"line":103,"column":5}},"64":{"start":{"line":98,"column":8},"end":{"line":101,"column":9}},"65":{"start":{"line":99,"column":28},"end":{"line":99,"column":54}},"66":{"start":{"line":100,"column":12},"end":{"line":100,"column":58}},"67":{"start":{"line":102,"column":8},"end":{"line":102,"column":33}},"68":{"start":{"line":105,"column":27},"end":{"line":105,"column":69}},"69":{"start":{"line":105,"column":33},"end":{"line":105,"column":69}},"70":{"start":{"line":107,"column":27},"end":{"line":140,"column":5}},"71":{"start":{"line":108,"column":8},"end":{"line":108,"column":27}},"72":{"start":{"line":109,"column":8},"end":{"line":139,"column":9}},"73":{"start":{"line":110,"column":29},"end":{"line":123,"column":14}},"74":{"start":{"line":125,"column":12},"end":{"line":132,"column":13}},"75":{"start":{"line":126,"column":16},"end":{"line":126,"column":41}},"76":{"start":{"line":127,"column":16},"end":{"line":127,"column":23}},"77":{"start":{"line":129,"column":16},"end":{"line":129,"column":38}},"78":{"start":{"line":130,"column":16},"end":{"line":130,"column":36}},"79":{"start":{"line":131,"column":16},"end":{"line":131,"column":33}},"80":{"start":{"line":133,"column":12},"end":{"line":133,"column":22}},"81":{"start":{"line":135,"column":12},"end":{"line":135,"column":66}},"82":{"start":{"line":136,"column":12},"end":{"line":136,"column":36}},"83":{"start":{"line":138,"column":12},"end":{"line":138,"column":32}},"84":{"start":{"line":142,"column":29},"end":{"line":160,"column":5}},"85":{"start":{"line":143,"column":8},"end":{"line":143,"column":27}},"86":{"start":{"line":144,"column":8},"end":{"line":159,"column":9}},"87":{"start":{"line":145,"column":29},"end":{"line":145,"column":70}},"88":{"start":{"line":146,"column":12},"end":{"line":149,"column":13}},"89":{"start":{"line":147,"column":16},"end":{"line":147,"column":41}},"90":{"start":{"line":148,"column":16},"end":{"line":148,"column":23}},"91":{"start":{"line":150,"column":12},"end":{"line":150,"column":50}},"92":{"start":{"line":151,"column":12},"end":{"line":151,"column":29}},"93":{"start":{"line":153,"column":12},"end":{"line":153,"column":22}},"94":{"start":{"line":155,"column":12},"end":{"line":155,"column":68}},"95":{"start":{"line":156,"column":12},"end":{"line":156,"column":36}},"96":{"start":{"line":158,"column":12},"end":{"line":158,"column":32}},"97":{"start":{"line":162,"column":4},"end":{"line":165,"column":5}},"98":{"start":{"line":163,"column":8},"end":{"line":163,"column":37}},"99":{"start":{"line":164,"column":8},"end":{"line":164,"column":77}},"100":{"start":{"line":164,"column":58},"end":{"line":164,"column":72}},"101":{"start":{"line":167,"column":4},"end":{"line":169,"column":5}},"102":{"start":{"line":168,"column":8},"end":{"line":168,"column":34}},"103":{"start":{"line":170,"column":4},"end":{"line":405,"column":6}},"104":{"start":{"line":192,"column":53},"end":{"line":192,"column":63}},"105":{"start":{"line":202,"column":57},"end":{"line":202,"column":90}},"106":{"start":{"line":211,"column":57},"end":{"line":211,"column":88}},"107":{"start":{"line":221,"column":77},"end":{"line":221,"column":105}},"108":{"start":{"line":239,"column":75},"end":{"line":239,"column":101}},"109":{"start":{"line":258,"column":62},"end":{"line":258,"column":85}},"110":{"start":{"line":286,"column":40},"end":{"line":303,"column":47}},"111":{"start":{"line":296,"column":73},"end":{"line":296,"column":116}},"112":{"start":{"line":296,"column":104},"end":{"line":296,"column":115}},"113":{"start":{"line":297,"column":52},"end":{"line":297,"column":83}},"114":{"start":{"line":308,"column":51},"end":{"line":308,"column":74}},"115":{"start":{"line":335,"column":53},"end":{"line":335,"column":66}},"116":{"start":{"line":344,"column":53},"end":{"line":344,"column":69}},"117":{"start":{"line":353,"column":53},"end":{"line":353,"column":66}},"118":{"start":{"line":365,"column":53},"end":{"line":365,"column":72}},"119":{"start":{"line":370,"column":36},"end":{"line":370,"column":109}},"120":{"start":{"line":371,"column":36},"end":{"line":371,"column":57}},"121":{"start":{"line":383,"column":40},"end":{"line":383,"column":57}},"122":{"start":{"line":393,"column":36},"end":{"line":393,"column":46}}},"fnMap":{"0":{"name":"(anonymous_0)","decl":{"start":{"line":16,"column":32},"end":{"line":16,"column":33}},"loc":{"start":{"line":16,"column":102},"end":{"line":406,"column":1}},"line":16},"1":{"name":"(anonymous_1)","decl":{"start":{"line":37,"column":14},"end":{"line":37,"column":15}},"loc":{"start":{"line":37,"column":20},"end":{"line":46,"column":7}},"line":37},"2":{"name":"(anonymous_2)","decl":{"start":{"line":38,"column":9},"end":{"line":38,"column":10}},"loc":{"start":{"line":38,"column":21},"end":{"line":44,"column":9}},"line":38},"3":{"name":"(anonymous_3)","decl":{"start":{"line":47,"column":16},"end":{"line":47,"column":17}},"loc":{"start":{"line":47,"column":20},"end":{"line":62,"column":7}},"line":47},"4":{"name":"(anonymous_4)","decl":{"start":{"line":59,"column":71},"end":{"line":59,"column":72}},"loc":{"start":{"line":59,"column":74},"end":{"line":59,"column":80}},"l
[...]
ine":78,"column":1}},"line":56},"3":{"name":"(anonymous_3)","decl":{"start":{"line":79,"column":24},"end":{"line":79,"column":25}},"loc":{"start":{"line":79,"column":45},"end":{"line":89,"column":1}},"line":79},"4":{"name":"(anonymous_4)","decl":{"start":{"line":81,"column":45},"end":{"line":81,"column":46}},"loc":{"start":{"line":81,"column":55},"end":{"line":81,"column":66}},"line":81},"5":{"name":"(anonymous_5)","decl":{"start":{"line":81,"column":72},"end":{"line":81,"column":73}},"loc":{"start":{"line":81,"column":86},"end":{"line":81,"column":97}},"line":81}},"branchMap":{"0":{"loc":{"start":{"line":17,"column":4},"end":{"line":24,"column":5}},"type":"if","locations":[{"start":{"line":17,"column":4},"end":{"line":24,"column":5}},{"start":{},"end":{}}],"line":17},"1":{"loc":{"start":{"line":26,"column":4},"end":{"line":51,"column":5}},"type":"if","locations":[{"start":{"line":26,"column":4},"end":{"line":51,"column":5}},{"start":{"line":49,"column":11},"end":{"line":51,"column":5}}],"line":26},"2":{"loc":{"start":{"line":30,"column":6},"end":{"line":33,"column":7}},"type":"if","locations":[{"start":{"line":30,"column":6},"end":{"line":33,"column":7}},{"start":{},"end":{}}],"line":30},"3":{"loc":{"start":{"line":34,"column":6},"end":{"line":37,"column":7}},"type":"if","locations":[{"start":{"line":34,"column":6},"end":{"line":37,"column":7}},{"start":{},"end":{}}],"line":34},"4":{"loc":{"start":{"line":41,"column":6},"end":{"line":48,"column":7}},"type":"if","locations":[{"start":{"line":41,"column":6},"end":{"line":48,"column":7}},{"start":{},"end":{}}],"line":41}},"s":{"0":1,"1":0,"2":2,"3":2,"4":2,"5":2,"6":2,"7":2,"8":2,"9":2,"10":2,"11":1,"12":1,"13":1,"14":1,"15":1,"16":0,"17":1,"18":1,"19":1,"20":1,"21":2,"22":2,"23":2,"24":2,"25":1,"26":1,"27":3,"28":3,"29":3,"30":3,"31":3,"32":3,"33":2,"34":1},"f":{"0":0,"1":2,"2":1,"3":3,"4":3,"5":3},"b":{"0":[2,0],"1":[2,0],"2":[2,0],"3":[1,1],"4":[1,0]},"_coverageSchema":"1a1c01bbd47fc00a2c39e90264f33305004495a9","hash":"32ec040c475282305399b6bf6aed688bc56848e3"}
,"C:\\Users\\natna\\Code\\DoseAlert\\services\\UserHandler.js": {"path":"C:\\Users\\natna\\Code\\DoseAlert\\services\\UserHandler.js","statementMap":{"0":{"start":{"line":5,"column":22},"end":{"line":14,"column":1}},"1":{"start":{"line":6,"column":23},"end":{"line":6,"column":51}},"2":{"start":{"line":7,"column":4},"end":{"line":9,"column":5}},"3":{"start":{"line":8,"column":8},"end":{"line":8,"column":48}},"4":{"start":{"line":10,"column":27},"end":{"line":10,"column":28}},"5":{"start":{"line":11,"column":4},"end":{"line":13,"column":5}},"6":{"start":{"line":12,"column":8},"end":{"line":12,"column":87}},"7":{"start":{"line":16,"column":21},"end":{"line":25,"column":1}},"8":{"start":{"line":17,"column":4},"end":{"line":17,"column":35}},"9":{"start":{"line":18,"column":4},"end":{"line":24,"column":5}},"10":{"start":{"line":19,"column":31},"end":{"line":19,"column":86}},"11":{"start":{"line":20,"column":21},"end":{"line":20,"column":40}},"12":{"start":{"line":21,"column":8},"end":{"line":21,"column":24}},"13":{"start":{"line":23,"column":8},"end":{"line":23,"column":53}},"14":{"start":{"line":27,"column":23},"end":{"line":47,"column":1}},"15":{"start":{"line":28,"column":4},"end":{"line":30,"column":5}},"16":{"start":{"line":29,"column":8},"end":{"line":29,"column":64}},"17":{"start":{"line":31,"column":23},"end":{"line":31,"column":51}},"18":{"start":{"line":32,"column":4},"end":{"line":34,"column":5}},"19":{"start":{"line":33,"column":8},"end":{"line":33,"column":48}},"20":{"start":{"line":35,"column":27},"end":{"line":35,"column":28}},"21":{"start":{"line":36,"column":4},"end":{"line":38,"column":5}},"22":{"start":{"line":37,"column":8},"end":{"line":37,"column":87}},"23":{"start":{"line":39,"column":28},"end":{"line":39,"column":29}},"24":{"start":{"line":40,"column":4},"end":{"line":42,"column":5}},"25":{"start":{"line":41,"column":8},"end":{"line":41,"column":90}},"26":{"start":{"line":43,"column":27},"end":{"line":43,"column":28}},"27":{"start":{"line":44,"column":4},"end":{"line":46,"column":5}},"28":{"start":{"line":45,"column":8},"end":{"line":45,"column":88}},"29":{"start":{"line":48,"column":29},"end":{"line":61,"column":1}},"30":{"start":{"line":49,"column":4},"end":{"line":60,"column":5}},"31":{"start":{"line":50,"column":27},"end":{"line":50,"column":48}},"32":{"start":{"line":51,"column":8},"end":{"line":55,"column":11}},"33":{"start":{"line":56,"column":8},"end":{"line":56,"column":60}},"34":{"start":{"line":57,"column":7},"end":{"line":57,"column":18}},"35":{"start":{"line":59,"column":8},"end":{"line":59,"column":35}},"36":{"start":{"line":63,"column":32},"end":{"line":78,"column":1}},"37":{"start":{"line":64,"column":4},"end":{"line":64,"column":57}},"38":{"start":{"line":65,"column":4},"end":{"line":77,"column":5}},"39":{"start":{"line":66,"column":31},"end":{"line":66,"column":90}},"40":{"start":{"line":67,"column":21},"end":{"line":67,"column":40}},"41":{"start":{"line":68,"column":8},"end":{"line":73,"column":11}},"42":{"start":{"line":74,"column":8},"end":{"line":74,"column":24}},"43":{"start":{"line":76,"column":8},"end":{"line":76,"column":35}},"44":{"start":{"line":80,"column":33},"end":{"line":122,"column":1}},"45":{"start":{"line":81,"column":4},"end":{"line":83,"column":5}},"46":{"start":{"line":82,"column":8},"end":{"line":82,"column":70}},"47":{"start":{"line":85,"column":4},"end":{"line":121,"column":5}},"48":{"start":{"line":87,"column":8},"end":{"line":95,"column":9}},"49":{"start":{"line":88,"column":31},"end":{"line":88,"column":52}},"50":{"start":{"line":89,"column":32},"end":{"line":89,"column":34}},"51":{"start":{"line":90,"column":12},"end":{"line":90,"column":67}},"52":{"start":{"line":90,"column":30},"end":{"line":90,"column":67}},"53":{"start":{"line":91,"column":12},"end":{"line":91,"column":64}},"54":{"start":{"line":91,"column":29},"end":{"line":91,"column":64}},"55":{"start":{"line":93,"column":12},"end":{"line":93,"column":53}},"56":{"start":{"line":94,"column":12},"end":{"line":94,"column":62}},"57":{"start":{"line":98,"column":8},"end":{"line":105,"column":9}},"58":{"start":{"line":99,"column":32},"end":{"line":99,"column":48}},"59":{"start":{"line":100,"column":12},"end":{"line":102,"column":13}},"60":{"start":{"line":101,"column":16},"end":{"line":101,"column":80}},"61":{"start":{"line":103,"column":12},"end":{"line":103,"column":53}},"62":{"start":{"line":104,"column":12},"end":{"line":104,"column":74}},"63":{"start":{"line":108,"column":8},"end":{"line":115,"column":9}},"64":{"start":{"line":109,"column":32},"end":{"line":109,"column":48}},"65":{"start":{"line":110,"column":12},"end":{"line":112,"column":13}},"66":{"start":{"line":111,"column":16},"end":{"line":111,"column":83}},"67":{"start":{"line":113,"column":12},"end":{"line":113,"column":59}},"68":{"start":{"line":114,"column":12},"end":{"line":114,"column":77}},"69":{"start":{"line":117,"column":8},"end":{"line":117,"column":80}},"70":{"start":{"line":120,"column":8},"end":{"line":120,"column":35}},"71":{"start":{"line":125,"column":23},"end":{"line":149,"column":1}},"72":{"start":{"line":126,"column":4},"end":{"line":148,"column":5}},"73":{"start":{"line":128,"column":27},"end":{"line":128,"column":48}},"74":{"start":{"line":131,"column":24},"end":{"line":131,"column":48}},"75":{"start":{"line":134,"column":8},"end":{"line":136,"column":9}},"76":{"start":{"line":135,"column":12},"end":{"line":135,"column":69}},"77":{"start":{"line":139,"column":25},"end":{"line":142,"column":9}},"78":{"start":{"line":144,"column":8},"end":{"line":144,"column":57}},"79":{"start":{"line":145,"column":8},"end":{"line":145,"column":24}},"80":{"start":{"line":147,"column":8},"end":{"line":147,"column":61}},"81":{"start":{"line":151,"column":35},"end":{"line":165,"column":3}},"82":{"start":{"line":152,"column":4},"end":{"line":154,"column":5}},"83":{"start":{"line":153,"column":6},"end":{"line":153,"column":96}},"84":{"start":{"line":156,"column":4},"end":{"line":164,"column":5}},"85":{"start":{"line":157,"column":25},"end":{"line":157,"column":46}},"86":{"start":{"line":158,"column":6},"end":{"line":158,"column":56}},"87":{"start":{"line":159,"column":6},"end":{"line":159,"column":75}},"88":{"start":{"line":160,"column":6},"end":{"line":160,"column":83}},"89":{"start":{"line":162,"column":6},"end":{"line":162,"column":63}},"90":{"start":{"line":163,"column":6},"end":{"line":163,"column":61}},"91":{"start":{"line":167,"column":22},"end":{"line":174,"column":1}},"92":{"start":{"line":168,"column":4},"end":{"line":173,"column":5}},"93":{"start":{"line":169,"column":8},"end":{"line":169,"column":28}},"94":{"start":{"line":170,"column":8},"end":{"line":170,"column":53}},"95":{"start":{"line":172,"column":8},"end":{"line":172,"column":59}}},"fnMap":{"0":{"name":"(anonymous_0)","decl":{"start":{"line":5,"column":22},"end":{"line":5,"column":23}},"loc":{"start":{"line":5,"column":41},"end":{"line":14,"column":1}},"line":5},"1":{"name":"(anonymous_1)","decl":{"start":{"line":16,"column":21},"end":{"line":16,"column":22}},"loc":{"start":{"line":16,"column":48},"end":{"line":25,"column":1}},"line":16},"2":{"name":"(anonymous_2)","decl":{"start":{"line":27,"column":23},"end":{"line":27,"column":24}},"loc":{"start":{"line":27,"column":65},"end":{"line":47,"column":1}},"line":27},"3":{"name":"(anonymous_3)","decl":{"start":{"line":48,"column":29},"end":{"line":48,"column":30}},"loc":{"start":{"line":48,"column":74},"end":{"line":61,"column":1}},"line":48},"4":{"name":"(anonymous_4)","decl":{"start":{"line":63,"column":32},"end":{"line":63,"column":33}},"loc":{"start":{"line":63,"column":80},"end":{"line":78,"column":1}},"line":63},"5":{"name":"(anonymous_5)","decl":{"start":{"line":80,"column":33},"end":{"line":80,"column":34}},"loc":{"start":{"line":80,"column":102},"end":{"line":122,"column":1}},"line":80},"6":{"name":"(anonymous_6)","decl":{"start":{"line":125,"column":23},"end":{"line":125,"column":24}},"loc":{"start":{"line":125,"column":38},"end":{"line":149,"column":1}},"line":125},"7":{"name":"(anonymous_7)","decl":{"start":{"line":151,"column":35},"end":{"line":151,"column":36}},"loc":{"start":{"line":151,"column":68},"end":{"line":165,"column":3}},"line":151},"8":{"name":"(anonymous_8)","decl":{"start":{"line":167,"column":22},"end":{"line":167,"column":23}},"loc":{"start":{"line":167,"column":34},"end":{"line":174,"column":1}},"line":167}},"branchMap":{"0":{"loc":{"start":{"line":7,"column":4},"end":{"line":9,"column":5}},"type":"if","locations":[{"start":{"line":7,"column":4},"end":{"line":9,"column":5}},{"start":{},"end":{}}],"line":7},"1":{"loc":{"start":{"line":11,"column":4},"end":{"line":13,"column":5}},"type":"if","locations":[{"start":{"line":11,"column":4},"end":{"line":13,"column":5}},{"start":{},"end":{}}],"line":11},"2":{"loc":{"start":{"line":28,"column":4},"end":{"line":30,"column":5}},"type":"if","locations":[{"start":{"line":28,"column":4},"end":{"line":30,"column":5}},{"start":{},"end":{}}],"line":28},"3":{"loc":{"start":{"line":28,"column":8},"end":{"line":28,"column":54}},"type":"binary-expr","locations":[{"start":{"line":28,"column":8},"end":{"line":28,"column":18}},{"start":{"line":28,"column":22},"end":{"line":28,"column":31}},{"start":{"line":28,"column":35},"end":{"line":28,"column":41}},{"start":{"line":28,"column":45},"end":{"line":28,"column":54}}],"line":28},"4":{"loc":{"start":{"line":32,"column":4},"end":{"line":34,"column":5}},"type":"if","locations":[{"start":{"line":32,"column":4},"end":{"line":34,"column":5}},{"start":{},"end":{}}],"line":32},"5":{"loc":{"start":{"line":36,"column":4},"end":{"line":38,"column":5}},"type":"if","locations":[{"start":{"line":36,"column":4},"end":{"line":38,"column":5}},{"start":{},"end":{}}],"line":36},"6":{"loc":{"start":{"line":40,"column":4},"end":{"line":42,"column":5}},"type":"if","locations":[{"start":{"line":40,"column":4},"end":{"line":42,"column":5}},{"start":{},"end":{}}],"line":40},"7":{"loc":{"start":{"line":44,"column":4},"end":{"line":46,"column":5}},"type":"if","locations":[{"start":{"line":44,"column":4},"end":{"line":46,"column":5}},{"start":{},"end":{}}],"line":44},"8":{"loc":{"start":{"line":81,"column":4},"end":{"line":83,"column":5}},"type":"if","locations":[{"start":{"line":81,"column":4},"end":{"line":83,"column":5}},{"start":{},"end":{}}],"line":81},"9":{"loc":{"start":{"line":87,"column":8},"end":{"line":95,"column":9}},"type":"if","locations":[{"start":{"line":87,"column":8},"end":{"line":95,"column":9}},{"start":{},"end":{}}],"line":87},"10":{"loc":{"start":{"line":87,"column":12},"end":{"line":87,"column":39}},"type":"binary-expr","locations":[{"start":{"line":87,"column":12},"end":{"line":87,"column":24}},{"start":{"line":87,"column":28},"end":{"line":87,"column":39}}],"line":87},"11":{"loc":{"start":{"line":90,"column":12},"end":{"line":90,"column":67}},"type":"if","locations":[{"start":{"line":90,"column":12},"end":{"line":90,"column":67}},{"start":{},"end":{}}],"line":90},"12":{"loc":{"start":{"line":91,"column":12},"end":{"line":91,"column":64}},"type":"if","locations":[{"start":{"line":91,"column":12},"end":{"line":91,"column":64}},{"start":{},"end":{}}],"line":91},"13":{"loc":{"start":{"line":98,"column":8},"end":{"line":105,"column":9}},"type":"if","locations":[{"start":{"line":98,"column":8},"end":{"line":105,"column":9}},{"start":{},"end":{}}],"line":98},"14":{"loc":{"start":{"line":100,"column":12},"end":{"line":102,"column":13}},"type":"if","locations":[{"start":{"line":100,"column":12},"end":{"line":102,"column":13}},{"start":{},"end":{}}],"line":100},"15":{"loc":{"start":{"line":108,"column":8},"end":{"line":115,"column":9}},"type":"if","locations":[{"start":{"line":108,"column":8},"end":{"line":115,"column":9}},{"start":{},"end":{}}],"line":108},"16":{"loc":{"start":{"line":110,"column":12},"end":{"line":112,"column":13}},"type":"if","locations":[{"start":{"line":110,"column":12},"end":{"line":112,"column":13}},{"start":{},"end":{}}],"line":110},"17":{"loc":{"start":{"line":134,"column":8},"end":{"line":136,"column":9}},"type":"if","locations":[{"start":{"line":134,"column":8},"end":{"line":136,"column":9}},{"start":{},"end":{}}],"line":134},"18":{"loc":{"start":{"line":152,"column":4},"end":{"line":154,"column":5}},"type":"if","locations":[{"start":{"line":152,"column":4},"end":{"line":154,"column":5}},{"start":{},"end":{}}],"line":152},"19":{"loc":{"start":{"line":152,"column":8},"end":{"line":152,"column":120}},"type":"binary-expr","locations":[{"start":{"line":152,"column":8},"end":{"line":152,"column":12}},{"start":{"line":152,"column":16},"end":{"line":152,"column":33}},{"start":{"line":152,"column":37},"end":{"line":152,"column":59}},{"start":{"line":152,"column":63},"end":{"line":152,"column":86}},{"start":{"line":152,"column":90},"end":{"line":152,"column":120}}],"line":152}},"s":{"0":3,"1":8,"2":8,"3":2,"4":6,"5":6,"6":2,"7":3,"8":8,"9":4,"10":4,"11":2,"12":2,"13":2,"14":3,"15":5,"16":1,"17":4,"18":4,"19":1,"20":3,"21":3,"22":1,"23":2,"24":2,"25":0,"26":2,"27":2,"28":0,"29":3,"30":4,"31":4,"32":3,"33":2,"34":2,"35":2,"36":3,"37":5,"38":2,"39":2,"40":1,"41":1,"42":1,"43":1,"44":3,"45":9,"46":1,"47":8,"48":8,"49":3,"50":3,"51":3,"52":3,"53":3,"54":2,"55":3,"56":2,"57":7,"58":4,"59":4,"60":1,"61":3,"62":2,"63":5,"64":2,"65":2,"66":1,"67":1,"68":1,"69":4,"70":4,"71":3,"72":3,"73":3,"74":3,"75":2,"76":1,"77":1,"78":1,"79":1,"80":2,"81":3,"82":4,"83":2,"84":2,"85":2,"86":2,"87":1,"88":1,"89":1,"90":1,"91":3,"92":1,"93":1,"94":1,"95":0},"f":{"0":8,"1":8,"2":5,"3":4,"4":5,"5":9,"6":3,"7":4,"8":1},"b":{"0":[2,6],"1":[2,4],"2":[1,4],"3":[5,5,5,4],"4":[1,3],"5":[1,2],"6":[0,2],"7":[0,2],"8":[1,8],"9":[3,5],"10":[8,5],"11":[3,0],"12":[2,1],"13":[4,3],"14":[1,3],"15":[2,3],"16":[1,1],"17":[1,1],"18":[2,2],"19":[4,3,3,3,3]},"_coverageSchema":"1a1c01bbd47fc00a2c39e90264f33305004495a9","hash":"d8efa315753e6509e4328f86b00fddb57a0317d1"}
,"C:\\Users\\natna\\Code\\DoseAlert\\services\\externalDrugAPI.js": {"path":"C:\\Users\\natna\\Code\\DoseAlert\\services\\externalDrugAPI.js","statementMap":{"0":{"start":{"line":1,"column":34},"end":{"line":22,"column":3}},"1":{"start":{"line":2,"column":4},"end":{"line":21,"column":5}},"2":{"start":{"line":3,"column":21},"end":{"line":3,"column":115}},"3":{"start":{"line":5,"column":6},"end":{"line":10,"column":7}},"4":{"start":{"line":6,"column":8},"end":{"line":6,"column":106}},"5":{"start":{"line":7,"column":6},"end":{"line":9,"column":7}},"6":{"start":{"line":8,"column":8},"end":{"line":8,"column":66}},"7":{"start":{"line":12,"column":19},"end":{"line":12,"column":40}},"8":{"start":{"line":13,"column":6},"end":{"line":18,"column":7}},"9":{"start":{"line":14,"column":8},"end":{"line":14,"column":31}},"10":{"start":{"line":16,"column":8},"end":{"line":16,"column":72}},"11":{"start":{"line":17,"column":8},"end":{"line":17,"column":20}},"12":{"start":{"line":20,"column":6},"end":{"line":20,"column":81}},"13":{"start":{"line":24,"column":36},"end":{"line":41,"column":3}},"14":{"start":{"line":25,"column":4},"end":{"line":40,"column":5}},"15":{"start":{"line":26,"column":23},"end":{"line":26,"column":175}},"16":{"start":{"line":27,"column":6},"end":{"line":29,"column":7}},"17":{"start":{"line":28,"column":8},"end":{"line":28,"column":18}},"18":{"start":{"line":31,"column":19},"end":{"line":31,"column":40}},"19":{"start":{"line":32,"column":6},"end":{"line":37,"column":7}},"20":{"start":{"line":33,"column":8},"end":{"line":33,"column":28}},"21":{"start":{"line":35,"column":8},"end":{"line":35,"column":79}},"22":{"start":{"line":36,"column":8},"end":{"line":36,"column":18}},"23":{"start":{"line":39,"column":6},"end":{"line":39,"column":88}}},"fnMap":{"0":{"name":"(anonymous_0)","decl":{"start":{"line":1,"column":34},"end":{"line":1,"column":35}},"loc":{"start":{"line":1,"column":49},"end":{"line":22,"column":3}},"line":1},"1":{"name":"(anonymous_1)","decl":{"start":{"line":24,"column":36},"end":{"line":24,"column":37}},"loc":{"start":{"line":24,"column":58},"end":{"line":41,"column":3}},"line":24}},"branchMap":{"0":{"loc":{"start":{"line":5,"column":6},"end":{"line":10,"column":7}},"type":"if","locations":[{"start":{"line":5,"column":6},"end":{"line":10,"column":7}},{"start":{},"end":{}}],"line":5},"1":{"loc":{"start":{"line":7,"column":6},"end":{"line":9,"column":7}},"type":"if","locations":[{"start":{"line":7,"column":6},"end":{"line":9,"column":7}},{"start":{},"end":{}}],"line":7},"2":{"loc":{"start":{"line":13,"column":6},"end":{"line":18,"column":7}},"type":"if","locations":[{"start":{"line":13,"column":6},"end":{"line":18,"column":7}},{"start":{"line":15,"column":13},"end":{"line":18,"column":7}}],"line":13},"3":{"loc":{"start":{"line":13,"column":10},"end":{"line":13,"column":49}},"type":"binary-expr","locations":[{"start":{"line":13,"column":10},"end":{"line":13,"column":22}},{"start":{"line":13,"column":26},"end":{"line":13,"column":49}}],"line":13},"4":{"loc":{"start":{"line":27,"column":6},"end":{"line":29,"column":7}},"type":"if","locations":[{"start":{"line":27,"column":6},"end":{"line":29,"column":7}},{"start":{},"end":{}}],"line":27},"5":{"loc":{"start":{"line":32,"column":6},"end":{"line":37,"column":7}},"type":"if","locations":[{"start":{"line":32,"column":6},"end":{"line":37,"column":7}},{"start":{"line":34,"column":13},"end":{"line":37,"column":7}}],"line":32},"6":{"loc":{"start":{"line":32,"column":10},"end":{"line":32,"column":49}},"type":"binary-expr","locations":[{"start":{"line":32,"column":10},"end":{"line":32,"column":22}},{"start":{"line":32,"column":26},"end":{"line":32,"column":49}}],"line":32}},"s":{"0":1,"1":4,"2":4,"3":3,"4":1,"5":1,"6":0,"7":3,"8":3,"9":2,"10":1,"11":1,"12":1,"13":1,"14":4,"15":4,"16":3,"17":1,"18":2,"19":2,"20":1,"21":1,"22":1,"23":1},"f":{"0":4,"1":4},"b":{"0":[1,2],"1":[0,1],"2":[2,1],"3":[3,3],"4":[1,2],"5":[1,1],"6":[2,2]},"_coverageSchema":"1a1c01bbd47fc00a2c39e90264f33305004495a9","hash":"828b24434a94719d8de6f04194d7e460fb8e5ca8"}
}
