{"C:\\Users\\natna\\Code\\DoseAlert\\app\\(auth)\\signIn.jsx": {"path":"C:\\Users\\natna\\Code\\DoseAlert\\app\\(auth)\\signIn.jsx","statementMap":{"0":{"start":{"line":13,"column":15},"end":{"line":103,"column":1}},"1":{"start":{"line":15,"column":28},"end":{"line":18,"column":8}},"2":{"start":{"line":19,"column":34},"end":{"line":19,"column":49}},"3":{"start":{"line":20,"column":30},"end":{"line":20,"column":44}},"4":{"start":{"line":22,"column":24},"end":{"line":34,"column":5}},"5":{"start":{"line":23,"column":6},"end":{"line":23,"column":23}},"6":{"start":{"line":24,"column":6},"end":{"line":33,"column":7}},"7":{"start":{"line":26,"column":8},"end":{"line":26,"column":47}},"8":{"start":{"line":27,"column":8},"end":{"line":27,"column":32}},"9":{"start":{"line":29,"column":8},"end":{"line":29,"column":27}},"10":{"start":{"line":30,"column":8},"end":{"line":30,"column":32}},"11":{"start":{"line":32,"column":8},"end":{"line":32,"column":26}},"12":{"start":{"line":36,"column":2},"end":{"line":102,"column":3}},"13":{"start":{"line":58,"column":37},"end":{"line":58,"column":67}},"14":{"start":{"line":67,"column":37},"end":{"line":67,"column":70}},"15":{"start":{"line":95,"column":12},"end":{"line":95,"column":49}},"16":{"start":{"line":96,"column":12},"end":{"line":96,"column":26}}},"fnMap":{"0":{"name":"(anonymous_0)","decl":{"start":{"line":13,"column":15},"end":{"line":13,"column":16}},"loc":{"start":{"line":13,"column":21},"end":{"line":103,"column":1}},"line":13},"1":{"name":"(anonymous_1)","decl":{"start":{"line":22,"column":24},"end":{"line":22,"column":25}},"loc":{"start":{"line":22,"column":36},"end":{"line":34,"column":5}},"line":22},"2":{"name":"(anonymous_2)","decl":{"start":{"line":58,"column":30},"end":{"line":58,"column":31}},"loc":{"start":{"line":58,"column":37},"end":{"line":58,"column":67}},"line":58},"3":{"name":"(anonymous_3)","decl":{"start":{"line":67,"column":30},"end":{"line":67,"column":31}},"loc":{"start":{"line":67,"column":37},"end":{"line":67,"column":70}},"line":67},"4":{"name":"(anonymous_4)","decl":{"start":{"line":94,"column":19},"end":{"line":94,"column":20}},"loc":{"start":{"line":94,"column":25},"end":{"line":97,"column":11}},"line":94}},"branchMap":{},"s":{"0":1,"1":22,"2":22,"3":22,"4":22,"5":3,"6":3,"7":3,"8":1,"9":2,"10":2,"11":3,"12":22,"13":4,"14":4,"15":1,"16":1},"f":{"0":22,"1":3,"2":4,"3":4,"4":1},"b":{},"_coverageSchema":"1a1c01bbd47fc00a2c39e90264f33305004495a9","hash":"e5ee9ecd494ec7f9b79ac991dfce2cecf9e651d9"}
,"C:\\Users\\natna\\Code\\DoseAlert\\app\\(auth)\\signUp.jsx": {"path":"C:\\Users\\natna\\Code\\DoseAlert\\app\\(auth)\\signUp.jsx","statementMap":{"0":{"start":{"line":14,"column":15},"end":{"line":118,"column":3}},"1":{"start":{"line":15,"column":28},"end":{"line":20,"column":6}},"2":{"start":{"line":22,"column":34},"end":{"line":22,"column":49}},"3":{"start":{"line":23,"column":30},"end":{"line":23,"column":44}},"4":{"start":{"line":25,"column":25},"end":{"line":37,"column":5}},"5":{"start":{"line":26,"column":6},"end":{"line":26,"column":23}},"6":{"start":{"line":27,"column":6},"end":{"line":36,"column":7}},"7":{"start":{"line":28,"column":8},"end":{"line":28,"column":26}},"8":{"start":{"line":29,"column":8},"end":{"line":29,"column":89}},"9":{"start":{"line":30,"column":8},"end":{"line":30,"column":34}},"10":{"start":{"line":32,"column":8},"end":{"line":32,"column":27}},"11":{"start":{"line":33,"column":8},"end":{"line":33,"column":32}},"12":{"start":{"line":35,"column":8},"end":{"line":35,"column":26}},"13":{"start":{"line":39,"column":4},"end":{"line":117,"column":5}},"14":{"start":{"line":61,"column":39},"end":{"line":61,"column":73}},"15":{"start":{"line":68,"column":39},"end":{"line":68,"column":72}},"16":{"start":{"line":75,"column":39},"end":{"line":75,"column":69}},"17":{"start":{"line":84,"column":39},"end":{"line":84,"column":72}},"18":{"start":{"line":112,"column":12},"end":{"line":112,"column":26}}},"fnMap":{"0":{"name":"(anonymous_0)","decl":{"start":{"line":14,"column":15},"end":{"line":14,"column":16}},"loc":{"start":{"line":14,"column":21},"end":{"line":118,"column":3}},"line":14},"1":{"name":"(anonymous_1)","decl":{"start":{"line":25,"column":25},"end":{"line":25,"column":26}},"loc":{"start":{"line":25,"column":37},"end":{"line":37,"column":5}},"line":25},"2":{"name":"(anonymous_2)","decl":{"start":{"line":61,"column":32},"end":{"line":61,"column":33}},"loc":{"start":{"line":61,"column":39},"end":{"line":61,"column":73}},"line":61},"3":{"name":"(anonymous_3)","decl":{"start":{"line":68,"column":32},"end":{"line":68,"column":33}},"loc":{"start":{"line":68,"column":39},"end":{"line":68,"column":72}},"line":68},"4":{"name":"(anonymous_4)","decl":{"start":{"line":75,"column":32},"end":{"line":75,"column":33}},"loc":{"start":{"line":75,"column":39},"end":{"line":75,"column":69}},"line":75},"5":{"name":"(anonymous_5)","decl":{"start":{"line":84,"column":32},"end":{"line":84,"column":33}},"loc":{"start":{"line":84,"column":39},"end":{"line":84,"column":72}},"line":84},"6":{"name":"(anonymous_6)","decl":{"start":{"line":111,"column":19},"end":{"line":111,"column":20}},"loc":{"start":{"line":111,"column":25},"end":{"line":113,"column":11}},"line":111}},"branchMap":{},"s":{"0":1,"1":21,"2":21,"3":21,"4":21,"5":2,"6":2,"7":2,"8":2,"9":1,"10":1,"11":1,"12":2,"13":21,"14":3,"15":3,"16":3,"17":3,"18":0},"f":{"0":21,"1":2,"2":3,"3":3,"4":3,"5":3,"6":0},"b":{},"_coverageSchema":"1a1c01bbd47fc00a2c39e90264f33305004495a9","hash":"0cac3b2672fa70d0e05dab561ffc06037ae33f03"}
,"C:\\Users\\natna\\Code\\DoseAlert\\app\\(auth)\\signout.jsx": {"path":"C:\\Users\\natna\\Code\\DoseAlert\\app\\(auth)\\signout.jsx","statementMap":{"0":{"start":{"line":9,"column":20},"end":{"line":27,"column":1}},"1":{"start":{"line":10,"column":39},"end":{"line":10,"column":59}},"2":{"start":{"line":11,"column":26},"end":{"line":17,"column":5}},"3":{"start":{"line":12,"column":8},"end":{"line":12,"column":34}},"4":{"start":{"line":13,"column":8},"end":{"line":13,"column":22}},"5":{"start":{"line":14,"column":8},"end":{"line":14,"column":22}},"6":{"start":{"line":15,"column":8},"end":{"line":15,"column":29}},"7":{"start":{"line":16,"column":8},"end":{"line":16,"column":28}},"8":{"start":{"line":18,"column":4},"end":{"line":26,"column":5}}},"fnMap":{"0":{"name":"(anonymous_0)","decl":{"start":{"line":9,"column":20},"end":{"line":9,"column":21}},"loc":{"start":{"line":9,"column":26},"end":{"line":27,"column":1}},"line":9},"1":{"name":"(anonymous_1)","decl":{"start":{"line":11,"column":26},"end":{"line":11,"column":27}},"loc":{"start":{"line":11,"column":32},"end":{"line":17,"column":5}},"line":11}},"branchMap":{},"s":{"0":1,"1":2,"2":2,"3":1,"4":1,"5":1,"6":1,"7":1,"8":2},"f":{"0":2,"1":1},"b":{},"_coverageSchema":"1a1c01bbd47fc00a2c39e90264f33305004495a9","hash":"6b6e47e3b0a8ba9cbbc836e0d831c15552e0f3af"}
,"C:\\Users\\natna\\Code\\DoseAlert\\app\\(tabs)\\create.jsx": {"path":"C:\\Users\\natna\\Code\\DoseAlert\\app\\(tabs)\\create.jsx","statementMap":{"0":{"start":{"line":21,"column":21},"end":{"line":219,"column":1}},"1":{"start":{"line":22,"column":68},"end":{"line":22,"column":83}},"2":{"start":{"line":23,"column":70},"end":{"line":23,"column":85}},"3":{"start":{"line":24,"column":70},"end":{"line":24,"column":85}},"4":{"start":{"line":25,"column":36},"end":{"line":25,"column":51}},"5":{"start":{"line":26,"column":54},"end":{"line":26,"column":69}},"6":{"start":{"line":27,"column":48},"end":{"line":27,"column":60}},"7":{"start":{"line":28,"column":38},"end":{"line":28,"column":50}},"8":{"start":{"line":29,"column":36},"end":{"line":29,"column":50}},"9":{"start":{"line":30,"column":18},"end":{"line":30,"column":38}},"10":{"start":{"line":31,"column":54},"end":{"line":31,"column":68}},"11":{"start":{"line":32,"column":52},"end":{"line":32,"column":66}},"12":{"start":{"line":33,"column":28},"end":{"line":33,"column":42}},"13":{"start":{"line":35,"column":2},"end":{"line":39,"column":5}},"14":{"start":{"line":36,"column":4},"end":{"line":36,"column":37}},"15":{"start":{"line":36,"column":30},"end":{"line":36,"column":37}},"16":{"start":{"line":37,"column":4},"end":{"line":37,"column":44}},"17":{"start":{"line":38,"column":4},"end":{"line":38,"column":24}},"18":{"start":{"line":41,"column":2},"end":{"line":45,"column":28}},"19":{"start":{"line":42,"column":4},"end":{"line":42,"column":37}},"20":{"start":{"line":42,"column":30},"end":{"line":42,"column":37}},"21":{"start":{"line":43,"column":4},"end":{"line":43,"column":44}},"22":{"start":{"line":44,"column":4},"end":{"line":44,"column":24}},"23":{"start":{"line":47,"column":25},"end":{"line":53,"column":3}},"24":{"start":{"line":49,"column":4},"end":{"line":51,"column":8}},"25":{"start":{"line":52,"column":4},"end":{"line":52,"column":40}},"26":{"start":{"line":54,"column":25},"end":{"line":58,"column":3}},"27":{"start":{"line":56,"column":4},"end":{"line":56,"column":124}},"28":{"start":{"line":56,"column":55},"end":{"line":56,"column":121}},"29":{"start":{"line":57,"column":4},"end":{"line":57,"column":41}},"30":{"start":{"line":59,"column":33},"end":{"line":62,"column":3}},"31":{"start":{"line":60,"column":18},"end":{"line":60,"column":60}},"32":{"start":{"line":60,"column":48},"end":{"line":60,"column":59}},"33":{"start":{"line":61,"column":4},"end":{"line":61,"column":58}},"34":{"start":{"line":63,"column":31},"end":{"line":87,"column":3}},"35":{"start":{"line":64,"column":26},"end":{"line":64,"column":28}},"36":{"start":{"line":66,"column":4},"end":{"line":68,"column":5}},"37":{"start":{"line":67,"column":6},"end":{"line":67,"column":59}},"38":{"start":{"line":70,"column":4},"end":{"line":72,"column":5}},"39":{"start":{"line":71,"column":6},"end":{"line":71,"column":51}},"40":{"start":{"line":74,"column":4},"end":{"line":76,"column":5}},"41":{"start":{"line":75,"column":6},"end":{"line":75,"column":53}},"42":{"start":{"line":78,"column":4},"end":{"line":80,"column":5}},"43":{"start":{"line":79,"column":6},"end":{"line":79,"column":67}},"44":{"start":{"line":82,"column":4},"end":{"line":84,"column":5}},"45":{"start":{"line":83,"column":6},"end":{"line":83,"column":72}},"46":{"start":{"line":86,"column":4},"end":{"line":86,"column":25}},"47":{"start":{"line":89,"column":24},"end":{"line":116,"column":3}},"48":{"start":{"line":90,"column":4},"end":{"line":90,"column":23}},"49":{"start":{"line":91,"column":4},"end":{"line":91,"column":33}},"50":{"start":{"line":92,"column":4},"end":{"line":92,"column":23}},"51":{"start":{"line":93,"column":4},"end":{"line":115,"column":5}},"52":{"start":{"line":94,"column":18},"end":{"line":94,"column":27}},"53":{"start":{"line":95,"column":20},"end":{"line":95,"column":49}},"54":{"start":{"line":96,"column":6},"end":{"line":99,"column":7}},"55":{"start":{"line":97,"column":8},"end":{"line":97,"column":74}},"56":{"start":{"line":98,"column":8},"end":{"line":98,"column":15}},"57":{"start":{"line":100,"column":26},"end":{"line":100,"column":82}},"58":{"start":{"line":105,"column":6},"end":{"line":108,"column":9}},"59":{"start":{"line":109,"column":6},"end":{"line":109,"column":41}},"60":{"start":{"line":111,"column":6},"end":{"line":111,"column":93}},"61":{"start":{"line":112,"column":6},"end":{"line":112,"column":25}},"62":{"start":{"line":114,"column":6},"end":{"line":114,"column":26}},"63":{"start":{"line":117,"column":27},"end":{"line":121,"column":3}},"64":{"start":{"line":119,"column":4},"end":{"line":119,"column":85}},"65":{"start":{"line":119,"column":58},"end":{"line":119,"column":82}},"66":{"start":{"line":120,"column":4},"end":{"line":120,"column":41}},"67":{"start":{"line":123,"column":24},"end":{"line":125,"column":3}},"68":{"start":{"line":124,"column":4},"end":{"line":124,"column":86}},"69":{"start":{"line":126,"column":2},"end":{"line":126,"column":39}},"70":{"start":{"line":127,"column":2},"end":{"line":129,"column":3}},"71":{"start":{"line":128,"column":4},"end":{"line":128,"column":30}},"72":{"start":{"line":130,"column":2},"end":{"line":218,"column":4}},"73":{"start":{"line":136,"column":41},"end":{"line":136,"column":57}},"74":{"start":{"line":138,"column":12},"end":{"line":146,"column":14}},"75":{"start":{"line":143,"column":16},"end":{"line":143,"column":44}},"76":{"start":{"line":144,"column":16},"end":{"line":144,"column":52}},"77":{"start":{"line":152,"column":29},"end":{"line":152,"column":63}},"78":{"start":{"line":160,"column":16},"end":{"line":160,"column":44}},"79":{"start":{"line":161,"column":16},"end":{"line":161,"column":36}},"80":{"start":{"line":175,"column":29},"end":{"line":175,"column":65}},"81":{"start":{"line":185,"column":18},"end":{"line":185,"column":54}},"82":{"start":{"line":186,"column":18},"end":{"line":186,"column":53}},"83":{"start":{"line":194,"column":25},"end":{"line":194,"column":60}},"84":{"start":{"line":201,"column":25},"end":{"line":201,"column":61}},"85":{"start":{"line":208,"column":25},"end":{"line":208,"column":53}},"86":{"start":{"line":210,"column":12},"end":{"line":210,"column":34}},"87":{"start":{"line":210,"column":27},"end":{"line":210,"column":34}},"88":{"start":{"line":211,"column":12},"end":{"line":211,"column":32}},"89":{"start":{"line":214,"column":86},"end":{"line":214,"column":100}}},"fnMap":{"0":{"name":"(anonymous_0)","decl":{"start":{"line":21,"column":21},"end":{"line":21,"column":22}},"loc":{"start":{"line":21,"column":27},"end":{"line":219,"column":1}},"line":21},"1":{"name":"(anonymous_1)","decl":{"start":{"line":35,"column":17},"end":{"line":35,"column":18}},"loc":{"start":{"line":35,"column":23},"end":{"line":39,"column":3}},"line":35},"2":{"name":"(anonymous_2)","decl":{"start":{"line":41,"column":12},"end":{"line":41,"column":13}},"loc":{"start":{"line":41,"column":18},"end":{"line":45,"column":3}},"line":41},"3":{"name":"(anonymous_3)","decl":{"start":{"line":47,"column":25},"end":{"line":47,"column":26}},"loc":{"start":{"line":47,"column":38},"end":{"line":53,"column":3}},"line":47},"4":{"name":"(anonymous_4)","decl":{"start":{"line":54,"column":25},"end":{"line":54,"column":26}},"loc":{"start":{"line":54,"column":41},"end":{"line":58,"column":3}},"line":54},"5":{"name":"(anonymous_5)","decl":{"start":{"line":56,"column":47},"end":{"line":56,"column":48}},"loc":{"start":{"line":56,"column":55},"end":{"line":56,"column":121}},"line":56},"6":{"name":"(anonymous_6)","decl":{"start":{"line":59,"column":33},"end":{"line":59,"column":34}},"loc":{"start":{"line":59,"column":54},"end":{"line":62,"column":3}},"line":59},"7":{"name":"(anonymous_7)","decl":{"start":{"line":60,"column":38},"end":{"line":60,"column":39}},"loc":{"start":{"line":60,"column":48},"end":{"line":60,"column":59}},"line":60},"8":{"name":"(anonymous_8)","decl":{"start":{"line":63,"column":31},"end":{"line":63,"column":32}},"loc":{"start":{"line":63,"column":46},"end":{"line":87,"column":3}},"line":63},"9":{"name":"(anonymous_9)","decl":{"start":{"line":89,"column":24},"end":{"line":89,"column":25}},"loc":{"start":{"line":89,"column":40},"end":{"line":116,"column":3}},"line":89},"10":{"name":"(anonymous_10)","decl":{"start":{"line":117,"column":27},"end":{"line":117,"column":28}},"loc":{"start":{"line":117,"column":45},"end":{"line":121,"column":3}},"line":117},"11":{"name":"(anonymous_11)","decl":{"start":{"line":119,"column":50},"end":{"line":119,"column":51}},"loc":{"start":{"line":119,"column":58},"end":{"line":119,"column":82}},"line":119},"12":{"name":"(anonymous_12)","decl":{"start":{"line":123,"column":47},"end":{"line":123,"column":48}},"loc":{"start":{"line":124,"column":4},"end":{"line":124,"column":86}},"line":124},"13":{"name":"(anonymous_13)","decl":{"start":{"line":136,"column":24},"end":{"line":136,"column":25}},"loc":{"start":{"line":136,"column":41},"end":{"line":136,"column":57}},"line":136},"14":{"name":"(anonymous_14)","decl":{"start":{"line":137,"column":22},"end":{"line":137,"column":23}},"loc":{"start":{"line":138,"column":12},"end":{"line":146,"column":14}},"line":138},"15":{"name":"(anonymous_15)","decl":{"start":{"line":141,"column":23},"end":{"line":141,"column":24}},"loc":{"start":{"line":141,"column":29},"end":{"line":145,"column":15}},"line":141},"16":{"name":"(anonymous_16)","decl":{"start":{"line":152,"column":23},"end":{"line":152,"column":24}},"loc":{"start":{"line":152,"column":29},"end":{"line":152,"column":63}},"line":152},"17":{"name":"(anonymous_17)","decl":{"start":{"line":159,"column":23},"end":{"line":159,"column":24}},"loc":{"start":{"line":159,"column":28},"end":{"line":162,"column":15}},"line":159},"18":{"name":"(anonymous_18)","decl":{"start":{"line":175,"column":23},"end":{"line":175,"column":24}},"loc":{"start":{"line":175,"column":29},"end":{"line":175,"column":65}},"line":175},"19":{"name":"(anonymous_19)","decl":{"start":{"line":184,"column":22},"end":{"line":184,"column":23}},"loc":{"start":{"line":184,"column":27},"end":{"line":187,"column":17}},"line":184},"20":{"name":"(anonymous_20)","decl":{"start":{"line":194,"column":19},"end":{"line":194,"column":20}},"loc":{"start":{"line":194,"column":25},"end":{"line":194,"column":60}},"line":194},"21":{"name":"(anonymous_21)","decl":{"start":{"line":201,"column":19},"end":{"line":201,"column":20}},"loc":{"start":{"line":201,"column":25},"end":{"line":201,"column":61}},"line":201},"22":{"name":"(anonymous_22)","decl":{"start":{"line":208,"column":19},"end":{"line":208,"column":20}},"loc":{"start":{"line":208,"column":25},"end":{"line":208,"column":53}},"line":208},"23":{"name":"(anonymous_23)","decl":{"start":{"line":209,"column":18},"end":{"line":209,"column":19}},"loc":{"start":{"line":209,"column":28},"end":{"line":212,"column":11}},"line":209},"24":{"name":"(anonymous_24)","decl":{"start":{"line":214,"column":80},"end":{"line":214,"column":81}},"loc":{"start":{"line":214,"column":86},"end":{"line":214,"column":100}},"line":214}},"branchMap":{"0":{"loc":{"start":{"line":36,"column":4},"end":{"line":36,"column":37}},"type":"if","locations":[{"start":{"line":36,"column":4},"end":{"line":36,"column":37}},{"start":{},"end":{}}],"line":36},"1":{"loc":{"start":{"line":42,"column":4},"end":{"line":42,"column":37}},"type":"if","locations":[{"start":{"line":42,"column":4},"end":{"line":42,"column":37}},{"start":{},"end":{}}],"line":42},"2":{"loc":{"start":{"line":56,"column":55},"end":{"line":56,"column":121}},"type":"cond-expr","locations":[{"start":{"line":56,"column":83},"end":{"line":56,"column":114}},{"start":{"line":56,"column":117},"end":{"line":56,"column":121}}],"line":56},"3":{"loc":{"start":{"line":61,"column":11},"end":{"line":61,"column":57}},"type":"cond-expr","locations":[{"start":{"line":61,"column":31},"end":{"line":61,"column":49}},{"start":{"line":61,"column":52},"end":{"line":61,"column":57}}],"line":61},"4":{"loc":{"start":{"line":66,"column":4},"end":{"line":68,"column":5}},"type":"if","locations":[{"start":{"line":66,"column":4},"end":{"line":68,"column":5}},{"start":{},"end":{}}],"line":66},"5":{"loc":{"start":{"line":66,"column":8},"end":{"line":66,"column":57}},"type":"binary-expr","locations":[{"start":{"line":66,"column":8},"end":{"line":66,"column":25}},{"start":{"line":66,"column":29},"end":{"line":66,"column":57}}],"line":66},"6":{"loc":{"start":{"line":70,"column":4},"end":{"line":72,"column":5}},"type":"if","locations":[{"start":{"line":70,"column":4},"end":{"line":72,"column":5}},{"start":{},"end":{}}],"line":70},"7":{"loc":{"start":{"line":74,"column":4},"end":{"line":76,"column":5}},"type":"if","locations":[{"start":{"line":74,"column":4},"end":{"line":76,"column":5}},{"start":{},"end":{}}],"line":74},"8":{"loc":{"start":{"line":78,"column":4},"end":{"line":80,"column":5}},"type":"if","locations":[{"start":{"line":78,"column":4},"end":{"line":80,"column":5}},{"start":{},"end":{}}],"line":78},"9":{"loc":{"start":{"line":78,"column":8},"end":{"line":78,"column":58}},"type":"binary-expr","locations":[{"start":{"line":78,"column":8},"end":{"line":78,"column":25}},{"start":{"line":78,"column":29},"end":{"line":78,"column":58}}],"line":78},"10":{"loc":{"start":{"line":82,"column":4},"end":{"line":84,"column":5}},"type":"if","locations":[{"start":{"line":82,"column":4},"end":{"line":84,"column":5}},{"start":{},"end":{}}],"line":82},"11":{"loc":{"start":{"line":96,"column":6},"end":{"line":99,"column":7}},"type":"if","locations":[{"start":{"line":96,"column":6},"end":{"line":99,"column":7}},{"start":{},"end":{}}],"line":96},"12":{"loc":{"start":{"line":126,"column":2},"end":{"line":126,"column":38}},"type":"binary-expr","locations":[{"start":{"line":126,"column":2},"end":{"line":126,"column":7}},{"start":{"line":126,"column":11},"end":{"line":126,"column":38}}],"line":126},"13":{"loc":{"start":{"line":127,"column":2},"end":{"line":129,"column":3}},"type":"if","locations":[{"start":{"line":127,"column":2},"end":{"line":129,"column":3}},{"start":{},"end":{}}],"line":127},"14":{"loc":{"start":{"line":172,"column":10},"end":{"line":189,"column":11}},"type":"binary-expr","locations":[{"start":{"line":172,"column":10},"end":{"line":172,"column":28}},{"start":{"line":173,"column":12},"end":{"line":188,"column":14}}],"line":172},"15":{"loc":{"start":{"line":210,"column":12},"end":{"line":210,"column":34}},"type":"if","locations":[{"start":{"line":210,"column":12},"end":{"line":210,"column":34}},{"start":{},"end":{}}],"line":210},"16":{"loc":{"start":{"line":214,"column":9},"end":{"line":214,"column":104}},"type":"binary-expr","locations":[{"start":{"line":214,"column":9},"end":{"line":214,"column":14}},{"start":{"line":214,"column":18},"end":{"line":214,"column":104}}],"line":214}},"s":{"0":1,"1":33,"2":33,"3":33,"4":33,"5":33,"6":33,"7":33,"8":33,"9":33,"10":33,"11":33,"12":33,"13":33,"14":0,"15":0,"16":0,"17":0,"18":33,"19":10,"20":0,"21":10,"22":10,"23":33,"24":1,"25":1,"26":33,"27":0,"28":0,"29":0,"30":33,"31":1,"32":2,"33":1,"34":33,"35":1,"36":1,"37":1,"38":1,"39":1,"40":1,"41":1,"42":1,"43":1,"44":1,"45":1,"46":1,"47":33,"48":1,"49":1,"50":1,"51":1,"52":1,"53":1,"54":1,"55":0,"56":0,"57":1,"58":1,"59":1,"60":0,"61":0,"62":1,"63":33,"64":1,"65":1,"66":1,"67":33,"68":25,"69":33,"70":33,"71":11,"72":22,"73":31,"74":21,"75":2,"76":2,"77":2,"78":2,"79":2,"80":0,"81":2,"82":2,"83":1,"84":1,"85":0,"86":1,"87":0,"88":1,"89":0},"f":{"0":33,"1":0,"2":10,"3":1,"4":0,"5":0,"6":1,"7":2,"8":1,"9":1,"10":1,"11":1,"12":25,"13":31,"14":21,"15":2,"16":2,"17":2,"18":0,"19":2,"20":1,"21":1,"22":0,"23":1,"24":0},"b":{"0":[0,0],"1":[0,10],"2":[0,0],"3":[0,1],"4":[1,0],"5":[1,1],"6":[1,0],"7":[1,0],"8":[1,0],"9":[1,1],"10":[1,0],"11":[0,1],"12":[33,0],"13":[11,22],"14":[22,6],"15":[0,1],"16":[22,0]},"_coverageSchema":"1a1c01bbd47fc00a2c39e90264f33305004495a9","hash":"87a33845b8fe908c8ecaf07017d5df6edc1bf043"}
,"C:\\Users\\natna\\Code\\DoseAlert\\app\\(tabs)\\home.jsx": {"path":"C:\\Users\\natna\\Code\\DoseAlert\\app\\(tabs)\\home.jsx","statementMap":{"0":{"start":{"line":19,"column":13},"end":{"line":210,"column":1}},"1":{"start":{"line":20,"column":36},"end":{"line":20,"column":50}},"2":{"start":{"line":21,"column":26},"end":{"line":21,"column":40}},"3":{"start":{"line":22,"column":40},"end":{"line":22,"column":52}},"4":{"start":{"line":23,"column":44},"end":{"line":23,"column":58}},"5":{"start":{"line":24,"column":18},"end":{"line":24,"column":38}},"6":{"start":{"line":25,"column":72},"end":{"line":25,"column":84}},"7":{"start":{"line":27,"column":2},"end":{"line":30,"column":3}},"8":{"start":{"line":28,"column":4},"end":{"line":28,"column":30}},"9":{"start":{"line":29,"column":4},"end":{"line":29,"column":16}},"10":{"start":{"line":32,"column":2},"end":{"line":35,"column":4}},"11":{"start":{"line":33,"column":4},"end":{"line":33,"column":26}},"12":{"start":{"line":34,"column":4},"end":{"line":34,"column":40}},"13":{"start":{"line":37,"column":2},"end":{"line":68,"column":7}},"14":{"start":{"line":40,"column":4},"end":{"line":61,"column":9}},"15":{"start":{"line":41,"column":27},"end":{"line":41,"column":72}},"16":{"start":{"line":42,"column":8},"end":{"line":45,"column":9}},"17":{"start":{"line":43,"column":12},"end":{"line":43,"column":63}},"18":{"start":{"line":44,"column":12},"end":{"line":44,"column":19}},"19":{"start":{"line":47,"column":8},"end":{"line":47,"column":50}},"20":{"start":{"line":49,"column":8},"end":{"line":60,"column":11}},"21":{"start":{"line":50,"column":12},"end":{"line":50,"column":103}},"22":{"start":{"line":51,"column":37},"end":{"line":51,"column":79}},"23":{"start":{"line":53,"column":12},"end":{"line":59,"column":13}},"24":{"start":{"line":54,"column":16},"end":{"line":54,"column":75}},"25":{"start":{"line":55,"column":16},"end":{"line":58,"column":24}},"26":{"start":{"line":56,"column":16},"end":{"line":56,"column":61}},"27":{"start":{"line":57,"column":16},"end":{"line":57,"column":39}},"28":{"start":{"line":63,"column":4},"end":{"line":67,"column":6}},"29":{"start":{"line":64,"column":8},"end":{"line":66,"column":9}},"30":{"start":{"line":65,"column":12},"end":{"line":65,"column":34}},"31":{"start":{"line":70,"column":2},"end":{"line":95,"column":25}},"32":{"start":{"line":71,"column":29},"end":{"line":93,"column":5}},"33":{"start":{"line":72,"column":6},"end":{"line":92,"column":7}},"34":{"start":{"line":73,"column":8},"end":{"line":73,"column":34}},"35":{"start":{"line":73,"column":27},"end":{"line":73,"column":34}},"36":{"start":{"line":74,"column":21},"end":{"line":84,"column":10}},"37":{"start":{"line":75,"column":10},"end":{"line":83,"column":11}},"38":{"start":{"line":86,"column":8},"end":{"line":86,"column":30}},"39":{"start":{"line":87,"column":8},"end":{"line":87,"column":29}},"40":{"start":{"line":88,"column":8},"end":{"line":88,"column":37}},"41":{"start":{"line":89,"column":8},"end":{"line":89,"column":28}},"42":{"start":{"line":91,"column":8},"end":{"line":91,"column":27}},"43":{"start":{"line":94,"column":4},"end":{"line":94,"column":23}},"44":{"start":{"line":97,"column":2},"end":{"line":100,"column":20}},"45":{"start":{"line":98,"column":30},"end":{"line":98,"column":77}},"46":{"start":{"line":98,"column":56},"end":{"line":98,"column":76}},"47":{"start":{"line":99,"column":4},"end":{"line":99,"column":54}},"48":{"start":{"line":102,"column":23},"end":{"line":113,"column":3}},"49":{"start":{"line":103,"column":4},"end":{"line":112,"column":6}},"50":{"start":{"line":115,"column":31},"end":{"line":155,"column":3}},"51":{"start":{"line":116,"column":4},"end":{"line":122,"column":5}},"52":{"start":{"line":117,"column":6},"end":{"line":121,"column":9}},"53":{"start":{"line":118,"column":8},"end":{"line":118,"column":56}},"54":{"start":{"line":120,"column":8},"end":{"line":120,"column":60}},"55":{"start":{"line":123,"column":31},"end":{"line":123,"column":63}},"56":{"start":{"line":124,"column":4},"end":{"line":131,"column":6}},"57":{"start":{"line":132,"column":4},"end":{"line":132,"column":55}},"58":{"start":{"line":133,"column":4},"end":{"line":133,"column":47}},"59":{"start":{"line":135,"column":4},"end":{"line":154,"column":9}},"60":{"start":{"line":147,"column":41},"end":{"line":147,"column":50}},"61":{"start":{"line":150,"column":8},"end":{"line":150,"column":55}},"62":{"start":{"line":153,"column":8},"end":{"line":153,"column":56}},"63":{"start":{"line":157,"column":2},"end":{"line":157,"column":44}},"64":{"start":{"line":157,"column":18},"end":{"line":157,"column":44}},"65":{"start":{"line":159,"column":2},"end":{"line":209,"column":4}},"66":{"start":{"line":171,"column":14},"end":{"line":171,"column":50}},"67":{"start":{"line":184,"column":16},"end":{"line":191,"column":18}},"68":{"start":{"line":188,"column":38},"end":{"line":188,"column":94}},"69":{"start":{"line":189,"column":49},"end":{"line":189,"column":113}},"70":{"start":{"line":190,"column":52},"end":{"line":190,"column":92}},"71":{"start":{"line":200,"column":27},"end":{"line":200,"column":49}}},"fnMap":{"0":{"name":"(anonymous_0)","decl":{"start":{"line":19,"column":13},"end":{"line":19,"column":14}},"loc":{"start":{"line":19,"column":19},"end":{"line":210,"column":1}},"line":19},"1":{"name":"(anonymous_1)","decl":{"start":{"line":32,"column":17},"end":{"line":32,"column":18}},"loc":{"start":{"line":32,"column":21},"end":{"line":35,"column":3}},"line":32},"2":{"name":"(anonymous_2)","decl":{"start":{"line":37,"column":12},"end":{"line":37,"column":13}},"loc":{"start":{"line":37,"column":18},"end":{"line":68,"column":1}},"line":37},"3":{"name":"(anonymous_3)","decl":{"start":{"line":40,"column":5},"end":{"line":40,"column":6}},"loc":{"start":{"line":40,"column":17},"end":{"line":61,"column":5}},"line":40},"4":{"name":"(anonymous_4)","decl":{"start":{"line":49,"column":77},"end":{"line":49,"column":78}},"loc":{"start":{"line":49,"column":89},"end":{"line":60,"column":9}},"line":49},"5":{"name":"(anonymous_5)","decl":{"start":{"line":55,"column":27},"end":{"line":55,"column":28}},"loc":{"start":{"line":55,"column":33},"end":{"line":58,"column":17}},"line":55},"6":{"name":"(anonymous_6)","decl":{"start":{"line":63,"column":11},"end":{"line":63,"column":12}},"loc":{"start":{"line":63,"column":17},"end":{"line":67,"column":5}},"line":63},"7":{"name":"(anonymous_7)","decl":{"start":{"line":70,"column":12},"end":{"line":70,"column":13}},"loc":{"start":{"line":70,"column":18},"end":{"line":95,"column":3}},"line":70},"8":{"name":"(anonymous_8)","decl":{"start":{"line":71,"column":29},"end":{"line":71,"column":30}},"loc":{"start":{"line":71,"column":41},"end":{"line":93,"column":5}},"line":71},"9":{"name":"(anonymous_9)","decl":{"start":{"line":74,"column":65},"end":{"line":74,"column":66}},"loc":{"start":{"line":74,"column":73},"end":{"line":84,"column":9}},"line":74},"10":{"name":"(anonymous_10)","decl":{"start":{"line":97,"column":12},"end":{"line":97,"column":13}},"loc":{"start":{"line":97,"column":18},"end":{"line":100,"column":3}},"line":97},"11":{"name":"(anonymous_11)","decl":{"start":{"line":98,"column":49},"end":{"line":98,"column":50}},"loc":{"start":{"line":98,"column":56},"end":{"line":98,"column":76}},"line":98},"12":{"name":"(anonymous_12)","decl":{"start":{"line":102,"column":23},"end":{"line":102,"column":24}},"loc":{"start":{"line":102,"column":104},"end":{"line":113,"column":3}},"line":102},"13":{"name":"(anonymous_13)","decl":{"start":{"line":115,"column":31},"end":{"line":115,"column":32}},"loc":{"start":{"line":115,"column":58},"end":{"line":155,"column":3}},"line":115},"14":{"name":"(anonymous_14)","decl":{"start":{"line":117,"column":34},"end":{"line":117,"column":35}},"loc":{"start":{"line":117,"column":40},"end":{"line":119,"column":7}},"line":117},"15":{"name":"(anonymous_15)","decl":{"start":{"line":119,"column":15},"end":{"line":119,"column":16}},"loc":{"start":{"line":119,"column":26},"end":{"line":121,"column":7}},"line":119},"16":{"name":"(anonymous_16)","decl":{"start":{"line":147,"column":31},"end":{"line":147,"column":32}},"loc":{"start":{"line":147,"column":41},"end":{"line":147,"column":50}},"line":147},"17":{"name":"(anonymous_17)","decl":{"start":{"line":149,"column":12},"end":{"line":149,"column":13}},"loc":{"start":{"line":149,"column":18},"end":{"line":151,"column":7}},"line":149},"18":{"name":"(anonymous_18)","decl":{"start":{"line":152,"column":13},"end":{"line":152,"column":14}},"loc":{"start":{"line":152,"column":24},"end":{"line":154,"column":7}},"line":152},"19":{"name":"(anonymous_19)","decl":{"start":{"line":170,"column":21},"end":{"line":170,"column":22}},"loc":{"start":{"line":170,"column":25},"end":{"line":172,"column":13}},"line":170},"20":{"name":"(anonymous_20)","decl":{"start":{"line":183,"column":46},"end":{"line":183,"column":47}},"loc":{"start":{"line":184,"column":16},"end":{"line":191,"column":18}},"line":184},"21":{"name":"(anonymous_21)","decl":{"start":{"line":188,"column":32},"end":{"line":188,"column":33}},"loc":{"start":{"line":188,"column":38},"end":{"line":188,"column":94}},"line":188},"22":{"name":"(anonymous_22)","decl":{"start":{"line":189,"column":36},"end":{"line":189,"column":37}},"loc":{"start":{"line":189,"column":49},"end":{"line":189,"column":113}},"line":189},"23":{"name":"(anonymous_23)","decl":{"start":{"line":190,"column":41},"end":{"line":190,"column":42}},"loc":{"start":{"line":190,"column":52},"end":{"line":190,"column":92}},"line":190},"24":{"name":"(anonymous_24)","decl":{"start":{"line":200,"column":21},"end":{"line":200,"column":22}},"loc":{"start":{"line":200,"column":27},"end":{"line":200,"column":49}},"line":200}},"branchMap":{"0":{"loc":{"start":{"line":27,"column":2},"end":{"line":30,"column":3}},"type":"if","locations":[{"start":{"line":27,"column":2},"end":{"line":30,"column":3}},{"start":{},"end":{}}],"line":27},"1":{"loc":{"start":{"line":42,"column":8},"end":{"line":45,"column":9}},"type":"if","locations":[{"start":{"line":42,"column":8},"end":{"line":45,"column":9}},{"start":{},"end":{}}],"line":42},"2":{"loc":{"start":{"line":53,"column":12},"end":{"line":59,"column":13}},"type":"if","locations":[{"start":{"line":53,"column":12},"end":{"line":59,"column":13}},{"start":{},"end":{}}],"line":53},"3":{"loc":{"start":{"line":64,"column":8},"end":{"line":66,"column":9}},"type":"if","locations":[{"start":{"line":64,"column":8},"end":{"line":66,"column":9}},{"start":{},"end":{}}],"line":64},"4":{"loc":{"start":{"line":73,"column":8},"end":{"line":73,"column":34}},"type":"if","locations":[{"start":{"line":73,"column":8},"end":{"line":73,"column":34}},{"start":{},"end":{}}],"line":73},"5":{"loc":{"start":{"line":80,"column":23},"end":{"line":80,"column":85}},"type":"cond-expr","locations":[{"start":{"line":80,"column":59},"end":{"line":80,"column":79}},{"start":{"line":80,"column":80},"end":{"line":80,"column":85}}],"line":80},"6":{"loc":{"start":{"line":103,"column":11},"end":{"line":112,"column":5}},"type":"cond-expr","locations":[{"start":{"line":104,"column":6},"end":{"line":104,"column":59}},{"start":{"line":106,"column":6},"end":{"line":111,"column":8}}],"line":103},"7":{"loc":{"start":{"line":116,"column":4},"end":{"line":122,"column":5}},"type":"if","locations":[{"start":{"line":116,"column":4},"end":{"line":122,"column":5}},{"start":{},"end":{}}],"line":116},"8":{"loc":{"start":{"line":128,"column":23},"end":{"line":128,"column":41}},"type":"cond-expr","locations":[{"start":{"line":128,"column":33},"end":{"line":128,"column":38}},{"start":{"line":128,"column":39},"end":{"line":128,"column":41}}],"line":128},"9":{"loc":{"start":{"line":157,"column":2},"end":{"line":157,"column":44}},"type":"if","locations":[{"start":{"line":157,"column":2},"end":{"line":157,"column":44}},{"start":{},"end":{}}],"line":157},"10":{"loc":{"start":{"line":182,"column":13},"end":{"line":195,"column":13}},"type":"cond-expr","locations":[{"start":{"line":183,"column":14},"end":{"line":192,"column":16}},{"start":{"line":194,"column":14},"end":{"line":194,"column":91}}],"line":182},"11":{"loc":{"start":{"line":188,"column":55},"end":{"line":188,"column":93}},"type":"cond-expr","locations":[{"start":{"line":188,"column":81},"end":{"line":188,"column":85}},{"start":{"line":188,"column":88},"end":{"line":188,"column":93}}],"line":188}},"s":{"0":1,"1":27,"2":26,"3":26,"4":26,"5":26,"6":26,"7":26,"8":1,"9":1,"10":25,"11":0,"12":0,"13":25,"14":5,"15":5,"16":5,"17":0,"18":0,"19":5,"20":5,"21":0,"22":0,"23":0,"24":0,"25":0,"26":0,"27":0,"28":5,"29":5,"30":0,"31":25,"32":5,"33":5,"34":5,"35":0,"36":5,"37":2,"38":5,"39":5,"40":5,"41":5,"42":0,"43":5,"44":25,"45":10,"46":2,"47":10,"48":25,"49":2,"50":25,"51":0,"52":0,"53":0,"54":0,"55":0,"56":0,"57":0,"58":0,"59":0,"60":0,"61":0,"62":0,"63":25,"64":20,"65":5,"66":0,"67":2,"68":0,"69":0,"70":0,"71":1},"f":{"0":27,"1":0,"2":5,"3":5,"4":0,"5":0,"6":5,"7":5,"8":5,"9":2,"10":10,"11":2,"12":2,"13":0,"14":0,"15":0,"16":0,"17":0,"18":0,"19":0,"20":2,"21":0,"22":0,"23":0,"24":1},"b":{"0":[1,25],"1":[0,5],"2":[0,0],"3":[0,5],"4":[0,5],"5":[2,0],"6":[2,0],"7":[0,0],"8":[0,0],"9":[20,5],"10":[1,4],"11":[0,0]},"_coverageSchema":"1a1c01bbd47fc00a2c39e90264f33305004495a9","hash":"4c97dd7f4538eb0ffeac16a8ca7501863d36c439"}
,"C:\\Users\\natna\\Code\\DoseAlert\\components\\AddMedicationModal.jsx": {"path":"C:\\Users\\natna\\Code\\DoseAlert\\components\\AddMedicationModal.jsx","statementMap":{"0":{"start":{"line":16,"column":31},"end":{"line":375,"column":1}},"1":{"start":{"line":18,"column":28},"end":{"line":18,"column":64}},"2":{"start":{"line":19,"column":32},"end":{"line":19,"column":66}},"3":{"start":{"line":20,"column":38},"end":{"line":20,"column":52}},"4":{"start":{"line":21,"column":34},"end":{"line":21,"column":48}},"5":{"start":{"line":22,"column":58},"end":{"line":22,"column":73}},"6":{"start":{"line":23,"column":54},"end":{"line":23,"column":69}},"7":{"start":{"line":24,"column":38},"end":{"line":24,"column":55}},"8":{"start":{"line":25,"column":40},"end":{"line":25,"column":82}},"9":{"start":{"line":26,"column":34},"end":{"line":26,"column":73}},"10":{"start":{"line":27,"column":42},"end":{"line":28,"column":92}},"11":{"start":{"line":28,"column":51},"end":{"line":28,"column":83}},"12":{"start":{"line":29,"column":34},"end":{"line":29,"column":74}},"13":{"start":{"line":30,"column":50},"end":{"line":30,"column":65}},"14":{"start":{"line":31,"column":46},"end":{"line":31,"column":58}},"15":{"start":{"line":32,"column":48},"end":{"line":32,"column":63}},"16":{"start":{"line":33,"column":38},"end":{"line":33,"column":53}},"17":{"start":{"line":34,"column":30},"end":{"line":34,"column":44}},"18":{"start":{"line":35,"column":46},"end":{"line":35,"column":58}},"19":{"start":{"line":37,"column":20},"end":{"line":37,"column":40}},"20":{"start":{"line":39,"column":4},"end":{"line":48,"column":11}},"21":{"start":{"line":40,"column":8},"end":{"line":46,"column":13}},"22":{"start":{"line":41,"column":31},"end":{"line":41,"column":76}},"23":{"start":{"line":42,"column":12},"end":{"line":44,"column":13}},"24":{"start":{"line":43,"column":16},"end":{"line":43,"column":67}},"25":{"start":{"line":45,"column":12},"end":{"line":45,"column":54}},"26":{"start":{"line":50,"column":27},"end":{"line":66,"column":5}},"27":{"start":{"line":51,"column":8},"end":{"line":51,"column":20}},"28":{"start":{"line":52,"column":8},"end":{"line":52,"column":44}},"29":{"start":{"line":53,"column":8},"end":{"line":53,"column":27}},"30":{"start":{"line":54,"column":8},"end":{"line":54,"column":25}},"31":{"start":{"line":55,"column":8},"end":{"line":55,"column":30}},"32":{"start":{"line":56,"column":8},"end":{"line":56,"column":26}},"33":{"start":{"line":57,"column":8},"end":{"line":57,"column":23}},"34":{"start":{"line":58,"column":8},"end":{"line":58,"column":27}},"35":{"start":{"line":59,"column":8},"end":{"line":59,"column":23}},"36":{"start":{"line":60,"column":8},"end":{"line":60,"column":34}},"37":{"start":{"line":61,"column":8},"end":{"line":61,"column":29}},"38":{"start":{"line":62,"column":8},"end":{"line":62,"column":38}},"39":{"start":{"line":63,"column":8},"end":{"line":63,"column":36}},"40":{"start":{"line":64,"column":8},"end":{"line":64,"column":33}},"41":{"start":{"line":65,"column":8},"end":{"line":65,"column":23}},"42":{"start":{"line":68,"column":34},"end":{"line":73,"column":5}},"43":{"start":{"line":69,"column":8},"end":{"line":69,"column":38}},"44":{"start":{"line":70,"column":8},"end":{"line":72,"column":9}},"45":{"start":{"line":71,"column":12},"end":{"line":71,"column":39}},"46":{"start":{"line":76,"column":32},"end":{"line":81,"column":5}},"47":{"start":{"line":77,"column":8},"end":{"line":77,"column":36}},"48":{"start":{"line":78,"column":8},"end":{"line":80,"column":9}},"49":{"start":{"line":79,"column":12},"end":{"line":79,"column":37}},"50":{"start":{"line":83,"column":28},"end":{"line":89,"column":5}},"51":{"start":{"line":84,"column":8},"end":{"line":87,"column":9}},"52":{"start":{"line":85,"column":28},"end":{"line":85,"column":54}},"53":{"start":{"line":86,"column":12},"end":{"line":86,"column":174}},"54":{"start":{"line":86,"column":40},"end":{"line":86,"column":124}},"55":{"start":{"line":88,"column":8},"end":{"line":88,"column":33}},"56":{"start":{"line":91,"column":27},"end":{"line":91,"column":69}},"57":{"start":{"line":91,"column":33},"end":{"line":91,"column":69}},"58":{"start":{"line":93,"column":27},"end":{"line":125,"column":5}},"59":{"start":{"line":94,"column":8},"end":{"line":94,"column":27}},"60":{"start":{"line":95,"column":8},"end":{"line":124,"column":9}},"61":{"start":{"line":96,"column":29},"end":{"line":109,"column":14}},"62":{"start":{"line":111,"column":12},"end":{"line":117,"column":13}},"63":{"start":{"line":112,"column":16},"end":{"line":112,"column":41}},"64":{"start":{"line":113,"column":16},"end":{"line":113,"column":23}},"65":{"start":{"line":115,"column":16},"end":{"line":115,"column":38}},"66":{"start":{"line":116,"column":16},"end":{"line":116,"column":33}},"67":{"start":{"line":118,"column":12},"end":{"line":118,"column":22}},"68":{"start":{"line":120,"column":12},"end":{"line":120,"column":64}},"69":{"start":{"line":121,"column":12},"end":{"line":121,"column":36}},"70":{"start":{"line":123,"column":12},"end":{"line":123,"column":32}},"71":{"start":{"line":127,"column":4},"end":{"line":130,"column":5}},"72":{"start":{"line":128,"column":8},"end":{"line":128,"column":37}},"73":{"start":{"line":129,"column":8},"end":{"line":129,"column":77}},"74":{"start":{"line":129,"column":58},"end":{"line":129,"column":72}},"75":{"start":{"line":132,"column":4},"end":{"line":134,"column":5}},"76":{"start":{"line":133,"column":8},"end":{"line":133,"column":59}},"77":{"start":{"line":136,"column":4},"end":{"line":374,"column":6}},"78":{"start":{"line":153,"column":53},"end":{"line":153,"column":63}},"79":{"start":{"line":164,"column":57},"end":{"line":164,"column":92}},"80":{"start":{"line":175,"column":57},"end":{"line":175,"column":90}},"81":{"start":{"line":187,"column":83},"end":{"line":187,"column":111}},"82":{"start":{"line":205,"column":81},"end":{"line":205,"column":107}},"83":{"start":{"line":224,"column":62},"end":{"line":224,"column":85}},"84":{"start":{"line":251,"column":40},"end":{"line":268,"column":47}},"85":{"start":{"line":261,"column":73},"end":{"line":261,"column":116}},"86":{"start":{"line":261,"column":104},"end":{"line":261,"column":115}},"87":{"start":{"line":262,"column":52},"end":{"line":262,"column":83}},"88":{"start":{"line":273,"column":51},"end":{"line":273,"column":74}},"89":{"start":{"line":300,"column":53},"end":{"line":300,"column":66}},"90":{"start":{"line":310,"column":53},"end":{"line":310,"column":69}},"91":{"start":{"line":321,"column":53},"end":{"line":321,"column":66}},"92":{"start":{"line":334,"column":53},"end":{"line":334,"column":72}},"93":{"start":{"line":339,"column":36},"end":{"line":339,"column":109}},"94":{"start":{"line":340,"column":36},"end":{"line":340,"column":57}},"95":{"start":{"line":352,"column":36},"end":{"line":352,"column":53}},"96":{"start":{"line":362,"column":36},"end":{"line":362,"column":46}},"97":{"start":{"line":363,"column":36},"end":{"line":363,"column":53}}},"fnMap":{"0":{"name":"(anonymous_0)","decl":{"start":{"line":16,"column":31},"end":{"line":16,"column":32}},"loc":{"start":{"line":16,"column":81},"end":{"line":375,"column":1}},"line":16},"1":{"name":"(anonymous_1)","decl":{"start":{"line":28,"column":40},"end":{"line":28,"column":41}},"loc":{"start":{"line":28,"column":51},"end":{"line":28,"column":83}},"line":28},"2":{"name":"(anonymous_2)","decl":{"start":{"line":39,"column":14},"end":{"line":39,"column":15}},"loc":{"start":{"line":39,"column":20},"end":{"line":48,"column":5}},"line":39},"3":{"name":"(anonymous_3)","decl":{"start":{"line":40,"column":9},"end":{"line":40,"column":10}},"loc":{"start":{"line":40,"column":21},"end":{"line":46,"column":9}},"line":40},"4":{"name":"(anonymous_4)","decl":{"start":{"line":50,"column":27},"end":{"line":50,"column":28}},"loc":{"start":{"line":50,"column":33},"end":{"line":66,"column":5}},"line":50},"5":{"name":"(anonymous_5)","decl":{"start":{"line":68,"column":34},"end":{"line":68,"column":35}},"loc":{"start":{"line":68,"column":59},"end":{"line":73,"column":5}},"line":68},"6":{"name":"(anonymous_6)","decl":{"start":{"line":76,"column":32},"end":{"line":76,"column":33}},"loc":{"start":{"line":76,"column":57},"end":{"line":81,"column":5}},"line":76},"7":{"name":"(anonymous_7)","decl":{"start":{"line":83,"column":28},"end":{"line":83,"column":29}},"loc":{"start":{"line":83,"column":53},"end":{"line":89,"column":5}},"line":83},"8":{"name":"(anonymous_8)","decl":{"start":{"line":86,"column":32},"end":{"line":86,"column":33}},"loc":{"start":{"line":86,"column":40},"end":{"line":86,"column":124}},"line":86},"9":{"name":"(anonymous_9)","decl":{"start":{"line":91,"column":27},"end":{"line":91,"column":28}},"loc":{"start":{"line":91,"column":33},"end":{"line":91,"column":69}},"line":91},"10":{"name":"(anonymous_10)","decl":{"start":{"line":93,"column":27},"end":{"line":93,"column":28}},"loc":{"start":{"line":93,"column":39},"end":{"line":125,"column":5}},"line":93},"11":{"name":"(anonymous_11)","decl":{"start":{"line":129,"column":52},"end":{"line":129,"column":53}},"loc":{"start":{"line":129,"column":58},"end":{"line":129,"column":72}},"line":129},"12":{"name":"(anonymous_12)","decl":{"start":{"line":153,"column":46},"end":{"line":153,"column":47}},"loc":{"start":{"line":153,"column":53},"end":{"line":153,"column":63}},"line":153},"13":{"name":"(anonymous_13)","decl":{"start":{"line":164,"column":50},"end":{"line":164,"column":51}},"loc":{"start":{"line":164,"column":57},"end":{"line":164,"column":92}},"line":164},"14":{"name":"(anonymous_14)","decl":{"start":{"line":175,"column":50},"end":{"line":175,"column":51}},"loc":{"start":{"line":175,"column":57},"end":{"line":175,"column":90}},"line":175},"15":{"name":"(anonymous_15)","decl":{"start":{"line":187,"column":77},"end":{"line":187,"column":78}},"loc":{"start":{"line":187,"column":83},"end":{"line":187,"column":111}},"line":187},"16":{"name":"(anonymous_16)","decl":{"start":{"line":205,"column":75},"end":{"line":205,"column":76}},"loc":{"start":{"line":205,"column":81},"end":{"line":205,"column":107}},"line":205},"17":{"name":"(anonymous_17)","decl":{"start":{"line":224,"column":47},"end":{"line":224,"column":48}},"loc":{"start":{"line":224,"column":62},"end":{"line":224,"column":85}},"line":224},"18":{"name":"(anonymous_18)","decl":{"start":{"line":250,"column":54},"end":{"line":250,"column":55}},"loc":{"start":{"line":251,"column":40},"end":{"line":268,"column":47}},"line":251},"19":{"name":"(anonymous_19)","decl":{"start":{"line":259,"column":57},"end":{"line":259,"column":58}},"loc":{"start":{"line":259,"column":63},"end":{"line":263,"column":49}},"line":259},"20":{"name":"(anonymous_20)","decl":{"start":{"line":261,"column":94},"end":{"line":261,"column":95}},"loc":{"start":{"line":261,"column":104},"end":{"line":261,"column":115}},"line":261},"21":{"name":"(anonymous_21)","decl":{"start":{"line":273,"column":45},"end":{"line":273,"column":46}},"loc":{"start":{"line":273,"column":51},"end":{"line":273,"column":74}},"line":273},"22":{"name":"(anonymous_22)","decl":{"start":{"line":300,"column":46},"end":{"line":300,"column":47}},"loc":{"start":{"line":300,"column":53},"end":{"line":300,"column":66}},"line":300},"23":{"name":"(anonymous_23)","decl":{"start":{"line":310,"column":46},"end":{"line":310,"column":47}},"loc":{"start":{"line":310,"column":53},"end":{"line":310,"column":69}},"line":310},"24":{"name":"(anonymous_24)","decl":{"start":{"line":321,"column":46},"end":{"line":321,"column":47}},"loc":{"start":{"line":321,"column":53},"end":{"line":321,"column":66}},"line":321},"25":{"name":"(anonymous_25)","decl":{"start":{"line":334,"column":46},"end":{"line":334,"column":47}},"loc":{"start":{"line":334,"column":53},"end":{"line":334,"column":72}},"line":334},"26":{"name":"(anonymous_26)","decl":{"start":{"line":338,"column":49},"end":{"line":338,"column":50}},"loc":{"start":{"line":338,"column":55},"end":{"line":341,"column":33}},"line":338},"27":{"name":"(anonymous_27)","decl":{"start":{"line":350,"column":45},"end":{"line":350,"column":46}},"loc":{"start":{"line":350,"column":51},"end":{"line":354,"column":33}},"line":350},"28":{"name":"(anonymous_28)","decl":{"start":{"line":361,"column":45},"end":{"line":361,"column":46}},"loc":{"start":{"line":361,"column":51},"end":{"line":364,"column":33}},"line":361}},"branchMap":{"0":{"loc":{"start":{"line":18,"column":37},"end":{"line":18,"column":63}},"type":"binary-expr","locations":[{"start":{"line":18,"column":37},"end":{"line":18,"column":57}},{"start":{"line":18,"column":61},"end":{"line":18,"column":63}}],"line":18},"1":{"loc":{"start":{"line":25,"column":49},"end":{"line":25,"column":81}},"type":"binary-expr","locations":[{"start":{"line":25,"column":49},"end":{"line":25,"column":75}},{"start":{"line":25,"column":79},"end":{"line":25,"column":81}}],"line":25},"2":{"loc":{"start":{"line":26,"column":43},"end":{"line":26,"column":72}},"type":"binary-expr","locations":[{"start":{"line":26,"column":43},"end":{"line":26,"column":66}},{"start":{"line":26,"column":70},"end":{"line":26,"column":72}}],"line":26},"3":{"loc":{"start":{"line":28,"column":8},"end":{"line":28,"column":91}},"type":"binary-expr","locations":[{"start":{"line":28,"column":8},"end":{"line":28,"column":85}},{"start":{"line":28,"column":89},"end":{"line":28,"column":91}}],"line":28},"4":{"loc":{"start":{"line":29,"column":43},"end":{"line":29,"column":73}},"type":"binary-expr","locations":[{"start":{"line":29,"column":43},"end":{"line":29,"column":67}},{"start":{"line":29,"column":71},"end":{"line":29,"column":73}}],"line":29},"5":{"loc":{"start":{"line":42,"column":12},"end":{"line":44,"column":13}},"type":"if","locations":[{"start":{"line":42,"column":12},"end":{"line":44,"column":13}},{"start":{},"end":{}}],"line":42},"6":{"loc":{"start":{"line":70,"column":8},"end":{"line":72,"column":9}},"type":"if","locations":[{"start":{"line":70,"column":8},"end":{"line":72,"column":9}},{"start":{},"end":{}}],"line":70},"7":{"loc":{"start":{"line":70,"column":12},"end":{"line":70,"column":48}},"type":"binary-expr","locations":[{"start":{"line":70,"column":12},"end":{"line":70,"column":32}},{"start":{"line":70,"column":36},"end":{"line":70,"column":48}}],"line":70},"8":{"loc":{"start":{"line":78,"column":8},"end":{"line":80,"column":9}},"type":"if","locations":[{"start":{"line":78,"column":8},"end":{"line":80,"column":9}},{"start":{},"end":{}}],"line":78},"9":{"loc":{"start":{"line":78,"column":12},"end":{"line":78,"column":48}},"type":"binary-expr","locations":[{"start":{"line":78,"column":12},"end":{"line":78,"column":32}},{"start":{"line":78,"column":36},"end":{"line":78,"column":48}}],"line":78},"10":{"loc":{"start":{"line":84,"column":8},"end":{"line":87,"column":9}},"type":"if","locations":[{"start":{"line":84,"column":8},"end":{"line":87,"column":9}},{"start":{},"end":{}}],"line":84},"11":{"loc":{"start":{"line":85,"column":28},"end":{"line":85,"column":54}},"type":"binary-expr","locations":[{"start":{"line":85,"column":28},"end":{"line":85,"column":40}},{"start":{"line":85,"column":44},"end":{"line":85,"column":54}}],"line":85},"12":{"loc":{"start":{"line":86,"column":12},"end":{"line":86,"column":173}},"type":"binary-expr","locations":[{"start":{"line":86,"column":12},"end":{"line":86,"column":125}},{"start":{"line":86,"column":128},"end":{"line":86,"column":173}}],"line":86},"13":{"loc":{"start":{"line":86,"column":40},"end":{"line":86,"column":124}},"type":"binary-expr","locations":[{"start":{"line":86,"column":40},"end":{"line":86,"column":78}},{"start":{"line":86,"column":82},"end":{"line":86,"column":124}}],"line":86},"14":{"loc":{"start":{"line":111,"column":12},"end":{"line":117,"column":13}},"type":"if","locations":[{"start":{"line":111,"column":12},"end":{"line":117,"column":13}},{"start":{"line":114,"column":19},"end":{"line":117,"column":13}}],"line":111},"15":{"loc":{"start":{"line":127,"column":4},"end":{"line":130,"column":5}},"type":"if","locations":[{"start":{"line":127,"column":4},"end":{"line":130,"column":5}},{"start":{},"end":{}}],"line":127},"16":{"loc":{"start":{"line":132,"column":4},"end":{"line":134,"column":5}},"type":"if","locations":[{"start":{"line":132,"column":4},"end":{"line":134,"column":5}},{"start":{},"end":{}}],"line":132},"17":{"loc":{"start":{"line":190,"column":25},"end":{"line":200,"column":25}},"type":"binary-expr","locations":[{"start":{"line":190,"column":25},"end":{"line":190,"column":44}},{"start":{"line":191,"column":28},"end":{"line":199,"column":30}}],"line":190},"18":{"loc":{"start":{"line":192,"column":39},"end":{"line":192,"column":62}},"type":"binary-expr","locations":[{"start":{"line":192,"column":39},"end":{"line":192,"column":48}},{"start":{"line":192,"column":52},"end":{"line":192,"column":62}}],"line":192},"19":{"loc":{"start":{"line":208,"column":25},"end":{"line":218,"column":25}},"type":"binary-expr","locations":[{"start":{"line":208,"column":25},"end":{"line":208,"column":42}},{"start":{"line":209,"column":28},"end":{"line":217,"column":30}}],"line":208},"20":{"loc":{"start":{"line":210,"column":39},"end":{"line":210,"column":60}},"type":"binary-expr","locations":[{"start":{"line":210,"column":39},"end":{"line":210,"column":46}},{"start":{"line":210,"column":50},"end":{"line":210,"column":60}}],"line":210},"21":{"loc":{"start":{"line":214,"column":45},"end":{"line":214,"column":68}},"type":"binary-expr","locations":[{"start":{"line":214,"column":45},"end":{"line":214,"column":54}},{"start":{"line":214,"column":58},"end":{"line":214,"column":68}}],"line":214},"22":{"loc":{"start":{"line":240,"column":44},"end":{"line":240,"column":83}},"type":"cond-expr","locations":[{"start":{"line":240,"column":62},"end":{"line":240,"column":71}},{"start":{"line":240,"column":74},"end":{"line":240,"column":83}}],"line":240},"23":{"loc":{"start":{"line":246,"column":25},"end":{"line":281,"column":25}},"type":"binary-expr","locations":[{"start":{"line":246,"column":25},"end":{"line":246,"column":40}},{"start":{"line":247,"column":28},"end":{"line":280,"column":35}}],"line":246},"24":{"loc":{"start":{"line":249,"column":33},"end":{"line":270,"column":33}},"type":"binary-expr","locations":[{"start":{"line":249,"column":33},"end":{"line":249,"column":57}},{"start":{"line":250,"column":36},"end":{"line":269,"column":38}}],"line":249},"25":{"loc":{"start":{"line":285,"column":25},"end":{"line":296,"column":25}},"type":"binary-expr","locations":[{"start":{"line":285,"column":25},"end":{"line":285,"column":39}},{"start":{"line":286,"column":28},"end":{"line":295,"column":30}}],"line":285}},"s":{"0":2,"1":80,"2":80,"3":80,"4":80,"5":80,"6":80,"7":80,"8":80,"9":80,"10":80,"11":2,"12":80,"13":80,"14":80,"15":80,"16":80,"17":80,"18":80,"19":80,"20":80,"21":19,"22":19,"23":19,"24":0,"25":19,"26":80,"27":3,"28":3,"29":3,"30":3,"31":3,"32":3,"33":3,"34":3,"35":3,"36":3,"37":3,"38":3,"39":3,"40":3,"41":3,"42":80,"43":1,"44":1,"45":1,"46":80,"47":1,"48":1,"49":1,"50":80,"51":3,"52":3,"53":3,"54":1,"55":3,"56":80,"57":2,"58":80,"59":5,"60":5,"61":5,"62":4,"63":1,"64":1,"65":2,"66":2,"67":2,"68":2,"69":2,"70":5,"71":80,"72":6,"73":6,"74":0,"75":74,"76":22,"77":52,"78":3,"79":1,"80":1,"81":1,"82":1,"83":0,"84":4,"85":0,"86":0,"87":0,"88":3,"89":0,"90":0,"91":0,"92":1,"93":1,"94":1,"95":5,"96":1,"97":1},"f":{"0":80,"1":2,"2":19,"3":19,"4":3,"5":1,"6":1,"7":3,"8":1,"9":2,"10":5,"11":0,"12":3,"13":1,"14":1,"15":1,"16":1,"17":0,"18":4,"19":0,"20":0,"21":3,"22":0,"23":0,"24":0,"25":1,"26":1,"27":5,"28":1},"b":{"0":[80,79],"1":[80,79],"2":[80,79],"3":[80,79],"4":[80,79],"5":[0,19],"6":[1,0],"7":[1,1],"8":[1,0],"9":[1,1],"10":[3,0],"11":[3,0],"12":[3,2],"13":[1,1],"14":[1,2],"15":[6,74],"16":[22,52],"17":[52,1],"18":[1,1],"19":[52,1],"20":[1,1],"21":[1,0],"22":[8,44],"23":[52,8],"24":[8,4],"25":[52,3]},"_coverageSchema":"1a1c01bbd47fc00a2c39e90264f33305004495a9","hash":"04962f81364d16b0a4c6d1d017894abe80525a2e"}
,"C:\\Users\\natna\\Code\\DoseAlert\\components\\CameraModal.jsx": {"path":"C:\\Users\\natna\\Code\\DoseAlert\\components\\CameraModal.jsx","statementMap":{"0":{"start":{"line":8,"column":20},"end":{"line":72,"column":1}},"1":{"start":{"line":9,"column":44},"end":{"line":9,"column":66}},"2":{"start":{"line":10,"column":32},"end":{"line":10,"column":48}},"3":{"start":{"line":11,"column":17},"end":{"line":11,"column":29}},"4":{"start":{"line":12,"column":4},"end":{"line":15,"column":9}},"5":{"start":{"line":13,"column":8},"end":{"line":13,"column":28}},"6":{"start":{"line":16,"column":4},"end":{"line":20,"column":23}},"7":{"start":{"line":17,"column":8},"end":{"line":19,"column":9}},"8":{"start":{"line":18,"column":10},"end":{"line":18,"column":30}},"9":{"start":{"line":22,"column":6},"end":{"line":24,"column":7}},"10":{"start":{"line":23,"column":8},"end":{"line":23,"column":24}},"11":{"start":{"line":26,"column":6},"end":{"line":33,"column":7}},"12":{"start":{"line":27,"column":8},"end":{"line":32,"column":10}},"13":{"start":{"line":34,"column":2},"end":{"line":71,"column":4}}},"fnMap":{"0":{"name":"(anonymous_0)","decl":{"start":{"line":8,"column":20},"end":{"line":8,"column":21}},"loc":{"start":{"line":8,"column":56},"end":{"line":72,"column":1}},"line":8},"1":{"name":"(anonymous_1)","decl":{"start":{"line":12,"column":14},"end":{"line":12,"column":15}},"loc":{"start":{"line":12,"column":18},"end":{"line":15,"column":5}},"line":12},"2":{"name":"(anonymous_2)","decl":{"start":{"line":16,"column":14},"end":{"line":16,"column":15}},"loc":{"start":{"line":16,"column":20},"end":{"line":20,"column":7}},"line":16}},"branchMap":{"0":{"loc":{"start":{"line":17,"column":8},"end":{"line":19,"column":9}},"type":"if","locations":[{"start":{"line":17,"column":8},"end":{"line":19,"column":9}},{"start":{},"end":{}}],"line":17},"1":{"loc":{"start":{"line":22,"column":6},"end":{"line":24,"column":7}},"type":"if","locations":[{"start":{"line":22,"column":6},"end":{"line":24,"column":7}},{"start":{},"end":{}}],"line":22},"2":{"loc":{"start":{"line":26,"column":6},"end":{"line":33,"column":7}},"type":"if","locations":[{"start":{"line":26,"column":6},"end":{"line":33,"column":7}},{"start":{},"end":{}}],"line":26}},"s":{"0":2,"1":31,"2":31,"3":31,"4":31,"5":17,"6":31,"7":17,"8":0,"9":31,"10":0,"11":31,"12":4,"13":27},"f":{"0":31,"1":17,"2":17},"b":{"0":[0,17],"1":[0,31],"2":[4,27]},"_coverageSchema":"1a1c01bbd47fc00a2c39e90264f33305004495a9","hash":"8674dd2ebbe4c2f9deffed19ac378748839570f8"}
,"C:\\Users\\natna\\Code\\DoseAlert\\components\\CustomButton.jsx": {"path":"C:\\Users\\natna\\Code\\DoseAlert\\components\\CustomButton.jsx","statementMap":{"0":{"start":{"line":6,"column":21},"end":{"line":17,"column":1}},"1":{"start":{"line":7,"column":2},"end":{"line":16,"column":3}}},"fnMap":{"0":{"name":"(anonymous_0)","decl":{"start":{"line":6,"column":21},"end":{"line":6,"column":22}},"loc":{"start":{"line":6,"column":87},"end":{"line":17,"column":1}},"line":6}},"branchMap":{"0":{"loc":{"start":{"line":11,"column":93},"end":{"line":11,"column":120}},"type":"cond-expr","locations":[{"start":{"line":11,"column":105},"end":{"line":11,"column":117}},{"start":{"line":11,"column":118},"end":{"line":11,"column":120}}],"line":11}},"s":{"0":6,"1":147},"f":{"0":147},"b":{"0":[8,139]},"_coverageSchema":"1a1c01bbd47fc00a2c39e90264f33305004495a9","hash":"40294aba2a5ffe4220c17f77a6aa54352b736659"}
,"C:\\Users\\natna\\Code\\DoseAlert\\components\\EditMedicationModal.jsx": {"path":"C:\\Users\\natna\\Code\\DoseAlert\\components\\EditMedicationModal.jsx","statementMap":{"0":{"start":{"line":17,"column":32},"end":{"line":402,"column":1}},"1":{"start":{"line":18,"column":28},"end":{"line":18,"column":88}},"2":{"start":{"line":19,"column":32},"end":{"line":19,"column":92}},"3":{"start":{"line":20,"column":38},"end":{"line":20,"column":81}},"4":{"start":{"line":21,"column":34},"end":{"line":21,"column":75}},"5":{"start":{"line":22,"column":58},"end":{"line":22,"column":73}},"6":{"start":{"line":23,"column":54},"end":{"line":23,"column":69}},"7":{"start":{"line":24,"column":38},"end":{"line":24,"column":55}},"8":{"start":{"line":25,"column":40},"end":{"line":25,"column":106}},"9":{"start":{"line":26,"column":34},"end":{"line":26,"column":73}},"10":{"start":{"line":27,"column":42},"end":{"line":28,"column":66}},"11":{"start":{"line":29,"column":34},"end":{"line":29,"column":97}},"12":{"start":{"line":30,"column":50},"end":{"line":30,"column":101}},"13":{"start":{"line":31,"column":46},"end":{"line":31,"column":58}},"14":{"start":{"line":32,"column":48},"end":{"line":32,"column":63}},"15":{"start":{"line":33,"column":38},"end":{"line":33,"column":53}},"16":{"start":{"line":34,"column":30},"end":{"line":34,"column":44}},"17":{"start":{"line":35,"column":46},"end":{"line":35,"column":58}},"18":{"start":{"line":37,"column":20},"end":{"line":37,"column":40}},"19":{"start":{"line":38,"column":4},"end":{"line":47,"column":13}},"20":{"start":{"line":39,"column":8},"end":{"line":45,"column":13}},"21":{"start":{"line":40,"column":29},"end":{"line":40,"column":74}},"22":{"start":{"line":41,"column":10},"end":{"line":43,"column":11}},"23":{"start":{"line":42,"column":12},"end":{"line":42,"column":63}},"24":{"start":{"line":44,"column":8},"end":{"line":44,"column":50}},"25":{"start":{"line":48,"column":6},"end":{"line":63,"column":26}},"26":{"start":{"line":49,"column":8},"end":{"line":62,"column":9}},"27":{"start":{"line":50,"column":12},"end":{"line":50,"column":65}},"28":{"start":{"line":51,"column":12},"end":{"line":51,"column":45}},"29":{"start":{"line":52,"column":12},"end":{"line":52,"column":51}},"30":{"start":{"line":53,"column":12},"end":{"line":53,"column":47}},"31":{"start":{"line":54,"column":12},"end":{"line":54,"column":51}},"32":{"start":{"line":55,"column":12},"end":{"line":55,"column":77}},"33":{"start":{"line":56,"column":12},"end":{"line":56,"column":53}},"34":{"start":{"line":57,"column":12},"end":{"line":57,"column":85}},"35":{"start":{"line":58,"column":12},"end":{"line":58,"column":77}},"36":{"start":{"line":59,"column":12},"end":{"line":59,"column":64}},"37":{"start":{"line":60,"column":12},"end":{"line":60,"column":89}},"38":{"start":{"line":60,"column":74},"end":{"line":60,"column":80}},"39":{"start":{"line":65,"column":27},"end":{"line":81,"column":5}},"40":{"start":{"line":66,"column":8},"end":{"line":66,"column":20}},"41":{"start":{"line":67,"column":8},"end":{"line":67,"column":44}},"42":{"start":{"line":68,"column":8},"end":{"line":68,"column":27}},"43":{"start":{"line":69,"column":8},"end":{"line":69,"column":25}},"44":{"start":{"line":70,"column":8},"end":{"line":70,"column":30}},"45":{"start":{"line":71,"column":8},"end":{"line":71,"column":26}},"46":{"start":{"line":72,"column":8},"end":{"line":72,"column":23}},"47":{"start":{"line":73,"column":8},"end":{"line":73,"column":27}},"48":{"start":{"line":74,"column":8},"end":{"line":74,"column":23}},"49":{"start":{"line":75,"column":8},"end":{"line":75,"column":34}},"50":{"start":{"line":76,"column":8},"end":{"line":76,"column":29}},"51":{"start":{"line":77,"column":8},"end":{"line":77,"column":38}},"52":{"start":{"line":78,"column":8},"end":{"line":78,"column":36}},"53":{"start":{"line":79,"column":8},"end":{"line":79,"column":33}},"54":{"start":{"line":80,"column":8},"end":{"line":80,"column":23}},"55":{"start":{"line":83,"column":34},"end":{"line":88,"column":5}},"56":{"start":{"line":84,"column":8},"end":{"line":84,"column":38}},"57":{"start":{"line":85,"column":8},"end":{"line":87,"column":9}},"58":{"start":{"line":86,"column":12},"end":{"line":86,"column":39}},"59":{"start":{"line":91,"column":32},"end":{"line":96,"column":5}},"60":{"start":{"line":92,"column":8},"end":{"line":92,"column":36}},"61":{"start":{"line":93,"column":8},"end":{"line":95,"column":9}},"62":{"start":{"line":94,"column":12},"end":{"line":94,"column":37}},"63":{"start":{"line":98,"column":28},"end":{"line":104,"column":5}},"64":{"start":{"line":99,"column":8},"end":{"line":102,"column":9}},"65":{"start":{"line":100,"column":28},"end":{"line":100,"column":54}},"66":{"start":{"line":101,"column":12},"end":{"line":101,"column":58}},"67":{"start":{"line":103,"column":8},"end":{"line":103,"column":33}},"68":{"start":{"line":106,"column":27},"end":{"line":106,"column":69}},"69":{"start":{"line":106,"column":33},"end":{"line":106,"column":69}},"70":{"start":{"line":108,"column":27},"end":{"line":141,"column":5}},"71":{"start":{"line":109,"column":8},"end":{"line":109,"column":27}},"72":{"start":{"line":110,"column":8},"end":{"line":140,"column":9}},"73":{"start":{"line":111,"column":29},"end":{"line":124,"column":14}},"74":{"start":{"line":126,"column":12},"end":{"line":133,"column":13}},"75":{"start":{"line":127,"column":16},"end":{"line":127,"column":41}},"76":{"start":{"line":128,"column":16},"end":{"line":128,"column":23}},"77":{"start":{"line":130,"column":16},"end":{"line":130,"column":38}},"78":{"start":{"line":131,"column":16},"end":{"line":131,"column":36}},"79":{"start":{"line":132,"column":16},"end":{"line":132,"column":33}},"80":{"start":{"line":134,"column":12},"end":{"line":134,"column":22}},"81":{"start":{"line":136,"column":12},"end":{"line":136,"column":66}},"82":{"start":{"line":137,"column":12},"end":{"line":137,"column":36}},"83":{"start":{"line":139,"column":12},"end":{"line":139,"column":32}},"84":{"start":{"line":143,"column":29},"end":{"line":161,"column":5}},"85":{"start":{"line":144,"column":8},"end":{"line":144,"column":27}},"86":{"start":{"line":145,"column":8},"end":{"line":160,"column":9}},"87":{"start":{"line":146,"column":29},"end":{"line":146,"column":70}},"88":{"start":{"line":147,"column":12},"end":{"line":150,"column":13}},"89":{"start":{"line":148,"column":16},"end":{"line":148,"column":41}},"90":{"start":{"line":149,"column":16},"end":{"line":149,"column":23}},"91":{"start":{"line":151,"column":12},"end":{"line":151,"column":50}},"92":{"start":{"line":152,"column":12},"end":{"line":152,"column":29}},"93":{"start":{"line":154,"column":12},"end":{"line":154,"column":22}},"94":{"start":{"line":156,"column":12},"end":{"line":156,"column":68}},"95":{"start":{"line":157,"column":12},"end":{"line":157,"column":36}},"96":{"start":{"line":159,"column":12},"end":{"line":159,"column":32}},"97":{"start":{"line":163,"column":4},"end":{"line":166,"column":5}},"98":{"start":{"line":164,"column":8},"end":{"line":164,"column":37}},"99":{"start":{"line":165,"column":8},"end":{"line":165,"column":77}},"100":{"start":{"line":165,"column":58},"end":{"line":165,"column":72}},"101":{"start":{"line":168,"column":4},"end":{"line":170,"column":5}},"102":{"start":{"line":169,"column":8},"end":{"line":169,"column":34}},"103":{"start":{"line":171,"column":4},"end":{"line":401,"column":6}},"104":{"start":{"line":193,"column":53},"end":{"line":193,"column":63}},"105":{"start":{"line":203,"column":57},"end":{"line":203,"column":90}},"106":{"start":{"line":212,"column":57},"end":{"line":212,"column":88}},"107":{"start":{"line":222,"column":57},"end":{"line":222,"column":85}},"108":{"start":{"line":239,"column":57},"end":{"line":239,"column":83}},"109":{"start":{"line":257,"column":62},"end":{"line":257,"column":85}},"110":{"start":{"line":284,"column":40},"end":{"line":301,"column":47}},"111":{"start":{"line":294,"column":73},"end":{"line":294,"column":116}},"112":{"start":{"line":294,"column":104},"end":{"line":294,"column":115}},"113":{"start":{"line":295,"column":52},"end":{"line":295,"column":83}},"114":{"start":{"line":306,"column":51},"end":{"line":306,"column":74}},"115":{"start":{"line":331,"column":53},"end":{"line":331,"column":66}},"116":{"start":{"line":340,"column":53},"end":{"line":340,"column":69}},"117":{"start":{"line":349,"column":53},"end":{"line":349,"column":66}},"118":{"start":{"line":361,"column":53},"end":{"line":361,"column":72}},"119":{"start":{"line":366,"column":36},"end":{"line":366,"column":109}},"120":{"start":{"line":367,"column":36},"end":{"line":367,"column":57}},"121":{"start":{"line":379,"column":40},"end":{"line":379,"column":57}},"122":{"start":{"line":389,"column":36},"end":{"line":389,"column":46}}},"fnMap":{"0":{"name":"(anonymous_0)","decl":{"start":{"line":17,"column":32},"end":{"line":17,"column":33}},"loc":{"start":{"line":17,"column":102},"end":{"line":402,"column":1}},"line":17},"1":{"name":"(anonymous_1)","decl":{"start":{"line":38,"column":14},"end":{"line":38,"column":15}},"loc":{"start":{"line":38,"column":20},"end":{"line":47,"column":7}},"line":38},"2":{"name":"(anonymous_2)","decl":{"start":{"line":39,"column":9},"end":{"line":39,"column":10}},"loc":{"start":{"line":39,"column":21},"end":{"line":45,"column":9}},"line":39},"3":{"name":"(anonymous_3)","decl":{"start":{"line":48,"column":16},"end":{"line":48,"column":17}},"loc":{"start":{"line":48,"column":20},"end":{"line":63,"column":7}},"line":48},"4":{"name":"(anonymous_4)","decl":{"start":{"line":60,"column":71},"end":{"line":60,"column":72}},"loc":{"start":{"line":60,"column":74},"end":{"line":60,"column":80}},"line":60},"5":{"name":"(anonymous_5)","decl":{"start":{"line":65,"column":27},"end":{"line":65,"column":28}},"loc":{"start":{"line":65,"column":33},"end":{"line":81,"column":5}},"line":65},"6":{"name":"(anonymous_6)","decl":{"start":{"line":83,"column":34},"end":{"line":83,"column":35}},"loc":{"start":{"line":83,"column":59},"end":{"line":88,"column":5}},"line":83},"7":{"name":"(anonymous_7)","decl":{"start":{"line":91,"column":32},"end":{"line":91,"column":33}},"loc":{"start":{"line":91,"column":57},"end":{"line":96,"column":5}},"line":91},"8":{"name":"(anonymous_8)","decl":{"start":{"line":98,"column":28},"end":{"line":98,"column":29}},"loc":{"start":{"line":98,"column":53},"end":{"line":104,"column":5}},"line":98},"9":{"name":"(anonymous_9)","decl":{"start":{"line":106,"column":27},"end":{"line":106,"column":28}},"loc":{"start":{"line":106,"column":33},"end":{"line":106,"column":69}},"line":106},"10":{"name":"(anonymous_10)","decl":{"start":{"line":108,"column":27},"end":{"line":108,"column":28}},"loc":{"start":{"line":108,"column":39},"end":{"line":141,"column":5}},"line":108},"11":{"name":"(anonymous_11)","decl":{"start":{"line":143,"column":29},"end":{"line":143,"column":30}},"loc":{"start":{"line":143,"column":41},"end":{"line":161,"column":5}},"line":143},"12":{"name":"(anonymous_12)","decl":{"start":{"line":165,"column":52},"end":{"line":165,"column":53}},"loc":{"start":{"line":165,"column":58},"end":{"line":165,"column":72}},"line":165},"13":{"name":"(anonymous_13)","decl":{"start":{"line":193,"column":46},"end":{"line":193,"column":47}},"loc":{"start":{"line":193,"column":53},"end":{"line":193,"column":63}},"line":193},"14":{"name":"(anonymous_14)","decl":{"start":{"line":203,"column":50},"end":{"line":203,"column":51}},"loc":{"start":{"line":203,"column":57},"end":{"line":203,"column":90}},"line":203},"15":{"name":"(anonymous_15)","decl":{"start":{"line":212,"column":50},"end":{"line":212,"column":51}},"loc":{"start":{"line":212,"column":57},"end":{"line":212,"column":88}},"line":212},"16":{"name":"(anonymous_16)","decl":{"start":{"line":222,"column":51},"end":{"line":222,"column":52}},"loc":{"start":{"line":222,"column":57},"end":{"line":222,"column":85}},"line":222},"17":{"name":"(anonymous_17)","decl":{"start":{"line":239,"column":51},"end":{"line":239,"column":52}},"loc":{"start":{"line":239,"column":57},"end":{"line":239,"column":83}},"line":239},"18":{"name":"(anonymous_18)","decl":{"start":{"line":257,"column":47},"end":{"line":257,"column":48}},"loc":{"start":{"line":257,"column":62},"end":{"line":257,"column":85}},"line":257},"19":{"name":"(anonymous_19)","decl":{"start":{"line":282,"column":54},"end":{"line":282,"column":55}},"loc":{"start":{"line":284,"column":40},"end":{"line":301,"column":47}},"line":284},"20":{"name":"(anonymous_20)","decl":{"start":{"line":292,"column":57},"end":{"line":292,"column":58}},"loc":{"start":{"line":292,"column":63},"end":{"line":296,"column":49}},"line":292},"21":{"name":"(anonymous_21)","decl":{"start":{"line":294,"column":94},"end":{"line":294,"column":95}},"loc":{"start":{"line":294,"column":104},"end":{"line":294,"column":115}},"line":294},"22":{"name":"(anonymous_22)","decl":{"start":{"line":306,"column":45},"end":{"line":306,"column":46}},"loc":{"start":{"line":306,"column":51},"end":{"line":306,"column":74}},"line":306},"23":{"name":"(anonymous_23)","decl":{"start":{"line":331,"column":46},"end":{"line":331,"column":47}},"loc":{"start":{"line":331,"column":53},"end":{"line":331,"column":66}},"line":331},"24":{"name":"(anonymous_24)","decl":{"start":{"line":340,"column":46},"end":{"line":340,"column":47}},"loc":{"start":{"line":340,"column":53},"end":{"line":340,"column":69}},"line":340},"25":{"name":"(anonymous_25)","decl":{"start":{"line":349,"column":46},"end":{"line":349,"column":47}},"loc":{"start":{"line":349,"column":53},"end":{"line":349,"column":66}},"line":349},"26":{"name":"(anonymous_26)","decl":{"start":{"line":361,"column":46},"end":{"line":361,"column":47}},"loc":{"start":{"line":361,"column":53},"end":{"line":361,"column":72}},"line":361},"27":{"name":"(anonymous_27)","decl":{"start":{"line":365,"column":49},"end":{"line":365,"column":50}},"loc":{"start":{"line":365,"column":55},"end":{"line":368,"column":33}},"line":365},"28":{"name":"(anonymous_28)","decl":{"start":{"line":377,"column":45},"end":{"line":377,"column":46}},"loc":{"start":{"line":377,"column":49},"end":{"line":381,"column":33}},"line":377},"29":{"name":"(anonymous_29)","decl":{"start":{"line":388,"column":45},"end":{"line":388,"column":46}},"loc":{"start":{"line":388,"column":49},"end":{"line":391,"column":33}},"line":388}},"branchMap":{"0":{"loc":{"start":{"line":18,"column":37},"end":{"line":18,"column":87}},"type":"binary-expr","locations":[{"start":{"line":18,"column":37},"end":{"line":18,"column":81}},{"start":{"line":18,"column":85},"end":{"line":18,"column":87}}],"line":18},"1":{"loc":{"start":{"line":19,"column":41},"end":{"line":19,"column":91}},"type":"binary-expr","locations":[{"start":{"line":19,"column":41},"end":{"line":19,"column":63}},{"start":{"line":19,"column":67},"end":{"line":19,"column":91}}],"line":19},"2":{"loc":{"start":{"line":20,"column":47},"end":{"line":20,"column":80}},"type":"binary-expr","locations":[{"start":{"line":20,"column":47},"end":{"line":20,"column":72}},{"start":{"line":20,"column":76},"end":{"line":20,"column":80}}],"line":20},"3":{"loc":{"start":{"line":21,"column":43},"end":{"line":21,"column":74}},"type":"binary-expr","locations":[{"start":{"line":21,"column":43},"end":{"line":21,"column":66}},{"start":{"line":21,"column":70},"end":{"line":21,"column":74}}],"line":21},"4":{"loc":{"start":{"line":25,"column":49},"end":{"line":25,"column":105}},"type":"binary-expr","locations":[{"start":{"line":25,"column":49},"end":{"line":25,"column":99}},{"start":{"line":25,"column":103},"end":{"line":25,"column":105}}],"line":25},"5":{"loc":{"start":{"line":26,"column":43},"end":{"line":26,"column":72}},"type":"binary-expr","locations":[{"start":{"line":26,"column":43},"end":{"line":26,"column":66}},{"start":{"line":26,"column":70},"end":{"line":26,"column":72}}],"line":26},"6":{"loc":{"start":{"line":28,"column":8},"end":{"line":28,"column":65}},"type":"binary-expr","locations":[{"start":{"line":28,"column":8},"end":{"line":28,"column":59}},{"start":{"line":28,"column":63},"end":{"line":28,"column":65}}],"line":28},"7":{"loc":{"start":{"line":29,"column":43},"end":{"line":29,"column":96}},"type":"binary-expr","locations":[{"start":{"line":29,"column":43},"end":{"line":29,"column":90}},{"start":{"line":29,"column":94},"end":{"line":29,"column":96}}],"line":29},"8":{"loc":{"start":{"line":30,"column":59},"end":{"line":30,"column":100}},"type":"binary-expr","locations":[{"start":{"line":30,"column":59},"end":{"line":30,"column":91}},{"start":{"line":30,"column":95},"end":{"line":30,"column":100}}],"line":30},"9":{"loc":{"start":{"line":41,"column":10},"end":{"line":43,"column":11}},"type":"if","locations":[{"start":{"line":41,"column":10},"end":{"line":43,"column":11}},{"start":{},"end":{}}],"line":41},"10":{"loc":{"start":{"line":49,"column":8},"end":{"line":62,"column":9}},"type":"if","locations":[{"start":{"line":49,"column":8},"end":{"line":62,"column":9}},{"start":{},"end":{}}],"line":49},"11":{"loc":{"start":{"line":56,"column":23},"end":{"line":56,"column":51}},"type":"binary-expr","locations":[{"start":{"line":56,"column":23},"end":{"line":56,"column":45}},{"start":{"line":56,"column":49},"end":{"line":56,"column":51}}],"line":56},"12":{"loc":{"start":{"line":57,"column":27},"end":{"line":57,"column":83}},"type":"binary-expr","locations":[{"start":{"line":57,"column":27},"end":{"line":57,"column":77}},{"start":{"line":57,"column":81},"end":{"line":57,"column":83}}],"line":57},"13":{"loc":{"start":{"line":58,"column":23},"end":{"line":58,"column":75}},"type":"binary-expr","locations":[{"start":{"line":58,"column":23},"end":{"line":58,"column":69}},{"start":{"line":58,"column":73},"end":{"line":58,"column":75}}],"line":58},"14":{"loc":{"start":{"line":60,"column":29},"end":{"line":60,"column":87}},"type":"binary-expr","locations":[{"start":{"line":60,"column":29},"end":{"line":60,"column":81}},{"start":{"line":60,"column":85},"end":{"line":60,"column":87}}],"line":60},"15":{"loc":{"start":{"line":85,"column":8},"end":{"line":87,"column":9}},"type":"if","locations":[{"start":{"line":85,"column":8},"end":{"line":87,"column":9}},{"start":{},"end":{}}],"line":85},"16":{"loc":{"start":{"line":85,"column":12},"end":{"line":85,"column":48}},"type":"binary-expr","locations":[{"start":{"line":85,"column":12},"end":{"line":85,"column":32}},{"start":{"line":85,"column":36},"end":{"line":85,"column":48}}],"line":85},"17":{"loc":{"start":{"line":93,"column":8},"end":{"line":95,"column":9}},"type":"if","locations":[{"start":{"line":93,"column":8},"end":{"line":95,"column":9}},{"start":{},"end":{}}],"line":93},"18":{"loc":{"start":{"line":93,"column":12},"end":{"line":93,"column":48}},"type":"binary-expr","locations":[{"start":{"line":93,"column":12},"end":{"line":93,"column":32}},{"start":{"line":93,"column":36},"end":{"line":93,"column":48}}],"line":93},"19":{"loc":{"start":{"line":99,"column":8},"end":{"line":102,"column":9}},"type":"if","locations":[{"start":{"line":99,"column":8},"end":{"line":102,"column":9}},{"start":{},"end":{}}],"line":99},"20":{"loc":{"start":{"line":100,"column":28},"end":{"line":100,"column":54}},"type":"binary-expr","locations":[{"start":{"line":100,"column":28},"end":{"line":100,"column":40}},{"start":{"line":100,"column":44},"end":{"line":100,"column":54}}],"line":100},"21":{"loc":{"start":{"line":126,"column":12},"end":{"line":133,"column":13}},"type":"if","locations":[{"start":{"line":126,"column":12},"end":{"line":133,"column":13}},{"start":{"line":129,"column":18},"end":{"line":133,"column":13}}],"line":126},"22":{"loc":{"start":{"line":147,"column":12},"end":{"line":150,"column":13}},"type":"if","locations":[{"start":{"line":147,"column":12},"end":{"line":150,"column":13}},{"start":{},"end":{}}],"line":147},"23":{"loc":{"start":{"line":163,"column":4},"end":{"line":166,"column":5}},"type":"if","locations":[{"start":{"line":163,"column":4},"end":{"line":166,"column":5}},{"start":{},"end":{}}],"line":163},"24":{"loc":{"start":{"line":168,"column":4},"end":{"line":170,"column":5}},"type":"if","locations":[{"start":{"line":168,"column":4},"end":{"line":170,"column":5}},{"start":{},"end":{}}],"line":168},"25":{"loc":{"start":{"line":225,"column":25},"end":{"line":234,"column":25}},"type":"binary-expr","locations":[{"start":{"line":225,"column":25},"end":{"line":225,"column":44}},{"start":{"line":226,"column":28},"end":{"line":233,"column":30}}],"line":225},"26":{"loc":{"start":{"line":227,"column":39},"end":{"line":227,"column":62}},"type":"binary-expr","locations":[{"start":{"line":227,"column":39},"end":{"line":227,"column":48}},{"start":{"line":227,"column":52},"end":{"line":227,"column":62}}],"line":227},"27":{"loc":{"start":{"line":242,"column":25},"end":
[...]
1)","decl":{"start":{"line":31,"column":21},"end":{"line":31,"column":22}},"loc":{"start":{"line":31,"column":32},"end":{"line":34,"column":1}},"line":31},"2":{"name":"(anonymous_2)","decl":{"start":{"line":36,"column":24},"end":{"line":36,"column":25}},"loc":{"start":{"line":36,"column":38},"end":{"line":38,"column":1}},"line":36},"3":{"name":"(anonymous_3)","decl":{"start":{"line":40,"column":21},"end":{"line":40,"column":22}},"loc":{"start":{"line":40,"column":48},"end":{"line":56,"column":1}},"line":40},"4":{"name":"(anonymous_4)","decl":{"start":{"line":58,"column":32},"end":{"line":58,"column":33}},"loc":{"start":{"line":58,"column":80},"end":{"line":81,"column":1}},"line":58},"5":{"name":"(anonymous_5)","decl":{"start":{"line":83,"column":29},"end":{"line":83,"column":30}},"loc":{"start":{"line":83,"column":74},"end":{"line":96,"column":1}},"line":83},"6":{"name":"(anonymous_6)","decl":{"start":{"line":98,"column":33},"end":{"line":98,"column":34}},"loc":{"start":{"line":98,"column":102},"end":{"line":140,"column":1}},"line":98},"7":{"name":"(anonymous_7)","decl":{"start":{"line":142,"column":23},"end":{"line":142,"column":24}},"loc":{"start":{"line":142,"column":38},"end":{"line":166,"column":1}},"line":142},"8":{"name":"(anonymous_8)","decl":{"start":{"line":167,"column":35},"end":{"line":167,"column":36}},"loc":{"start":{"line":167,"column":68},"end":{"line":181,"column":3}},"line":167},"9":{"name":"(anonymous_9)","decl":{"start":{"line":183,"column":32},"end":{"line":183,"column":33}},"loc":{"start":{"line":196,"column":6},"end":{"line":273,"column":1}},"line":196},"10":{"name":"(anonymous_10)","decl":{"start":{"line":228,"column":45},"end":{"line":228,"column":46}},"loc":{"start":{"line":228,"column":53},"end":{"line":231,"column":5}},"line":228},"11":{"name":"(anonymous_11)","decl":{"start":{"line":249,"column":39},"end":{"line":249,"column":40}},"loc":{"start":{"line":249,"column":53},"end":{"line":249,"column":64}},"line":249},"12":{"name":"(anonymous_12)","decl":{"start":{"line":276,"column":30},"end":{"line":276,"column":31}},"loc":{"start":{"line":276,"column":48},"end":{"line":307,"column":1}},"line":276},"13":{"name":"(anonymous_13)","decl":{"start":{"line":289,"column":30},"end":{"line":289,"column":31}},"loc":{"start":{"line":289,"column":39},"end":{"line":301,"column":9}},"line":289},"14":{"name":"(anonymous_14)","decl":{"start":{"line":298,"column":67},"end":{"line":298,"column":68}},"loc":{"start":{"line":298,"column":73},"end":{"line":298,"column":102}},"line":298},"15":{"name":"(anonymous_15)","decl":{"start":{"line":309,"column":30},"end":{"line":309,"column":31}},"loc":{"start":{"line":309,"column":63},"end":{"line":360,"column":1}},"line":309},"16":{"name":"(anonymous_16)","decl":{"start":{"line":333,"column":49},"end":{"line":333,"column":50}},"loc":{"start":{"line":333,"column":53},"end":{"line":333,"column":93}},"line":333},"17":{"name":"(anonymous_17)","decl":{"start":{"line":362,"column":32},"end":{"line":362,"column":33}},"loc":{"start":{"line":362,"column":56},"end":{"line":378,"column":1}},"line":362},"18":{"name":"(anonymous_18)","decl":{"start":{"line":380,"column":31},"end":{"line":380,"column":32}},"loc":{"start":{"line":380,"column":65},"end":{"line":402,"column":1}},"line":380},"19":{"name":"(anonymous_19)","decl":{"start":{"line":404,"column":32},"end":{"line":404,"column":33}},"loc":{"start":{"line":404,"column":50},"end":{"line":422,"column":1}},"line":404}},"branchMap":{"0":{"loc":{"start":{"line":7,"column":4},"end":{"line":9,"column":5}},"type":"if","locations":[{"start":{"line":7,"column":4},"end":{"line":9,"column":5}},{"start":{},"end":{}}],"line":7},"1":{"loc":{"start":{"line":7,"column":8},"end":{"line":7,"column":87}},"type":"binary-expr","locations":[{"start":{"line":7,"column":8},"end":{"line":7,"column":13}},{"start":{"line":7,"column":17},"end":{"line":7,"column":31}},{"start":{"line":7,"column":35},"end":{"line":7,"column":47}},{"start":{"line":7,"column":51},"end":{"line":7,"column":61}},{"start":{"line":7,"column":65},"end":{"line":7,"column":73}},{"start":{"line":7,"column":77},"end":{"line":7,"column":87}}],"line":7},"2":{"loc":{"start":{"line":10,"column":4},"end":{"line":12,"column":5}},"type":"if","locations":[{"start":{"line":10,"column":4},"end":{"line":12,"column":5}},{"start":{},"end":{}}],"line":10},"3":{"loc":{"start":{"line":13,"column":4},"end":{"line":15,"column":5}},"type":"if","locations":[{"start":{"line":13,"column":4},"end":{"line":15,"column":5}},{"start":{},"end":{}}],"line":13},"4":{"loc":{"start":{"line":16,"column":4},"end":{"line":18,"column":5}},"type":"if","locations":[{"start":{"line":16,"column":4},"end":{"line":18,"column":5}},{"start":{},"end":{}}],"line":16},"5":{"loc":{"start":{"line":19,"column":4},"end":{"line":21,"column":5}},"type":"if","locations":[{"start":{"line":19,"column":4},"end":{"line":21,"column":5}},{"start":{},"end":{}}],"line":19},"6":{"loc":{"start":{"line":22,"column":4},"end":{"line":24,"column":5}},"type":"if","locations":[{"start":{"line":22,"column":4},"end":{"line":24,"column":5}},{"start":{},"end":{}}],"line":22},"7":{"loc":{"start":{"line":25,"column":4},"end":{"line":27,"column":5}},"type":"if","locations":[{"start":{"line":25,"column":4},"end":{"line":27,"column":5}},{"start":{},"end":{}}],"line":25},"8":{"loc":{"start":{"line":25,"column":8},"end":{"line":25,"column":53}},"type":"binary-expr","locations":[{"start":{"line":25,"column":8},"end":{"line":25,"column":23}},{"start":{"line":25,"column":27},"end":{"line":25,"column":53}}],"line":25},"9":{"loc":{"start":{"line":41,"column":4},"end":{"line":43,"column":5}},"type":"if","locations":[{"start":{"line":41,"column":4},"end":{"line":43,"column":5}},{"start":{},"end":{}}],"line":41},"10":{"loc":{"start":{"line":45,"column":4},"end":{"line":47,"column":5}},"type":"if","locations":[{"start":{"line":45,"column":4},"end":{"line":47,"column":5}},{"start":{},"end":{}}],"line":45},"11":{"loc":{"start":{"line":59,"column":4},"end":{"line":61,"column":5}},"type":"if","locations":[{"start":{"line":59,"column":4},"end":{"line":61,"column":5}},{"start":{},"end":{}}],"line":59},"12":{"loc":{"start":{"line":59,"column":8},"end":{"line":59,"column":54}},"type":"binary-expr","locations":[{"start":{"line":59,"column":8},"end":{"line":59,"column":18}},{"start":{"line":59,"column":22},"end":{"line":59,"column":31}},{"start":{"line":59,"column":35},"end":{"line":59,"column":41}},{"start":{"line":59,"column":45},"end":{"line":59,"column":54}}],"line":59},"13":{"loc":{"start":{"line":62,"column":4},"end":{"line":64,"column":5}},"type":"if","locations":[{"start":{"line":62,"column":4},"end":{"line":64,"column":5}},{"start":{},"end":{}}],"line":62},"14":{"loc":{"start":{"line":65,"column":4},"end":{"line":67,"column":5}},"type":"if","locations":[{"start":{"line":65,"column":4},"end":{"line":67,"column":5}},{"start":{},"end":{}}],"line":65},"15":{"loc":{"start":{"line":99,"column":4},"end":{"line":101,"column":5}},"type":"if","locations":[{"start":{"line":99,"column":4},"end":{"line":101,"column":5}},{"start":{},"end":{}}],"line":99},"16":{"loc":{"start":{"line":105,"column":8},"end":{"line":113,"column":9}},"type":"if","locations":[{"start":{"line":105,"column":8},"end":{"line":113,"column":9}},{"start":{},"end":{}}],"line":105},"17":{"loc":{"start":{"line":105,"column":12},"end":{"line":105,"column":39}},"type":"binary-expr","locations":[{"start":{"line":105,"column":12},"end":{"line":105,"column":24}},{"start":{"line":105,"column":28},"end":{"line":105,"column":39}}],"line":105},"18":{"loc":{"start":{"line":108,"column":12},"end":{"line":108,"column":67}},"type":"if","locations":[{"start":{"line":108,"column":12},"end":{"line":108,"column":67}},{"start":{},"end":{}}],"line":108},"19":{"loc":{"start":{"line":109,"column":12},"end":{"line":109,"column":64}},"type":"if","locations":[{"start":{"line":109,"column":12},"end":{"line":109,"column":64}},{"start":{},"end":{}}],"line":109},"20":{"loc":{"start":{"line":116,"column":8},"end":{"line":123,"column":9}},"type":"if","locations":[{"start":{"line":116,"column":8},"end":{"line":123,"column":9}},{"start":{},"end":{}}],"line":116},"21":{"loc":{"start":{"line":118,"column":12},"end":{"line":120,"column":13}},"type":"if","locations":[{"start":{"line":118,"column":12},"end":{"line":120,"column":13}},{"start":{},"end":{}}],"line":118},"22":{"loc":{"start":{"line":126,"column":8},"end":{"line":133,"column":9}},"type":"if","locations":[{"start":{"line":126,"column":8},"end":{"line":133,"column":9}},{"start":{},"end":{}}],"line":126},"23":{"loc":{"start":{"line":128,"column":12},"end":{"line":130,"column":13}},"type":"if","locations":[{"start":{"line":128,"column":12},"end":{"line":130,"column":13}},{"start":{},"end":{}}],"line":128},"24":{"loc":{"start":{"line":151,"column":8},"end":{"line":153,"column":9}},"type":"if","locations":[{"start":{"line":151,"column":8},"end":{"line":153,"column":9}},{"start":{},"end":{}}],"line":151},"25":{"loc":{"start":{"line":168,"column":4},"end":{"line":170,"column":5}},"type":"if","locations":[{"start":{"line":168,"column":4},"end":{"line":170,"column":5}},{"start":{},"end":{}}],"line":168},"26":{"loc":{"start":{"line":168,"column":8},"end":{"line":168,"column":120}},"type":"binary-expr","locations":[{"start":{"line":168,"column":8},"end":{"line":168,"column":12}},{"start":{"line":168,"column":16},"end":{"line":168,"column":33}},{"start":{"line":168,"column":37},"end":{"line":168,"column":59}},{"start":{"line":168,"column":63},"end":{"line":168,"column":86}},{"start":{"line":168,"column":90},"end":{"line":168,"column":120}}],"line":168},"27":{"loc":{"start":{"line":207,"column":4},"end":{"line":212,"column":5}},"type":"if","locations":[{"start":{"line":207,"column":4},"end":{"line":212,"column":5}},{"start":{},"end":{}}],"line":207},"28":{"loc":{"start":{"line":219,"column":4},"end":{"line":226,"column":5}},"type":"if","locations":[{"start":{"line":219,"column":4},"end":{"line":226,"column":5}},{"start":{},"end":{}}],"line":219},"29":{"loc":{"start":{"line":219,"column":8},"end":{"line":219,"column":51}},"type":"binary-expr","locations":[{"start":{"line":219,"column":8},"end":{"line":219,"column":23}},{"start":{"line":219,"column":27},"end":{"line":219,"column":51}}],"line":219},"30":{"loc":{"start":{"line":313,"column":8},"end":{"line":318,"column":9}},"type":"if","locations":[{"start":{"line":313,"column":8},"end":{"line":318,"column":9}},{"start":{},"end":{}}],"line":313},"31":{"loc":{"start":{"line":325,"column":8},"end":{"line":327,"column":9}},"type":"if","locations":[{"start":{"line":325,"column":8},"end":{"line":327,"column":9}},{"start":{},"end":{}}],"line":325},"32":{"loc":{"start":{"line":330,"column":8},"end":{"line":332,"column":9}},"type":"if","locations":[{"start":{"line":330,"column":8},"end":{"line":332,"column":9}},{"start":{},"end":{}}],"line":330},"33":{"loc":{"start":{"line":330,"column":12},"end":{"line":330,"column":73}},"type":"binary-expr","locations":[{"start":{"line":330,"column":12},"end":{"line":330,"column":35}},{"start":{"line":330,"column":40},"end":{"line":330,"column":72}}],"line":330},"34":{"loc":{"start":{"line":367,"column":8},"end":{"line":369,"column":9}},"type":"if","locations":[{"start":{"line":367,"column":8},"end":{"line":369,"column":9}},{"start":{},"end":{}}],"line":367},"35":{"loc":{"start":{"line":384,"column":8},"end":{"line":392,"column":9}},"type":"if","locations":[{"start":{"line":384,"column":8},"end":{"line":392,"column":9}},{"start":{},"end":{}}],"line":384},"36":{"loc":{"start":{"line":386,"column":23},"end":{"line":386,"column":40}},"type":"cond-expr","locations":[{"start":{"line":386,"column":35},"end":{"line":386,"column":36}},{"start":{"line":386,"column":39},"end":{"line":386,"column":40}}],"line":386},"37":{"loc":{"start":{"line":387,"column":24},"end":{"line":387,"column":41}},"type":"cond-expr","locations":[{"start":{"line":387,"column":36},"end":{"line":387,"column":37}},{"start":{"line":387,"column":40},"end":{"line":387,"column":41}}],"line":387},"38":{"loc":{"start":{"line":389,"column":35},"end":{"line":389,"column":52}},"type":"cond-expr","locations":[{"start":{"line":389,"column":47},"end":{"line":389,"column":48}},{"start":{"line":389,"column":51},"end":{"line":389,"column":52}}],"line":389},"39":{"loc":{"start":{"line":394,"column":8},"end":{"line":398,"column":9}},"type":"if","locations":[{"start":{"line":394,"column":8},"end":{"line":398,"column":9}},{"start":{"line":396,"column":14},"end":{"line":398,"column":9}}],"line":394},"40":{"loc":{"start":{"line":397,"column":106},"end":{"line":397,"column":152}},"type":"cond-expr","locations":[{"start":{"line":397,"column":122},"end":{"line":397,"column":148}},{"start":{"line":397,"column":151},"end":{"line":397,"column":152}}],"line":397},"41":{"loc":{"start":{"line":410,"column":12},"end":{"line":415,"column":13}},"type":"if","locations":[{"start":{"line":410,"column":12},"end":{"line":415,"column":13}},{"start":{"line":412,"column":18},"end":{"line":415,"column":13}}],"line":410}},"s":{"0":2,"1":7,"2":2,"3":5,"4":0,"5":5,"6":0,"7":5,"8":0,"9":5,"10":0,"11":5,"12":1,"13":4,"14":0,"15":4,"16":2,"17":12,"18":12,"19":2,"20":9,"21":2,"22":8,"23":2,"24":6,"25":2,"26":4,"27":4,"28":2,"29":2,"30":2,"31":2,"32":5,"33":1,"34":4,"35":1,"36":3,"37":1,"38":2,"39":2,"40":1,"41":1,"42":1,"43":1,"44":2,"45":4,"46":4,"47":3,"48":2,"49":2,"50":2,"51":2,"52":10,"53":1,"54":9,"55":9,"56":3,"57":3,"58":3,"59":3,"60":3,"61":2,"62":3,"63":2,"64":8,"65":4,"66":4,"67":3,"68":1,"69":1,"70":5,"71":3,"72":3,"73":2,"74":1,"75":1,"76":3,"77":6,"78":2,"79":3,"80":3,"81":3,"82":2,"83":1,"84":1,"85":1,"86":1,"87":2,"88":2,"89":4,"90":2,"91":2,"92":2,"93":2,"94":1,"95":1,"96":1,"97":1,"98":2,"99":4,"100":4,"101":4,"102":2,"103":2,"104":2,"105":2,"106":2,"107":2,"108":1,"109":1,"110":1,"111":1,"112":1,"113":1,"114":1,"115":1,"116":2,"117":3,"118":3,"119":3,"120":3,"121":2,"122":2,"123":1,"124":1,"125":0,"126":2,"127":1,"128":2,"129":3,"130":3,"131":3,"132":1,"133":2,"134":2,"135":2,"136":0,"137":2,"138":2,"139":1,"140":2,"141":1,"142":2,"143":2,"144":2,"145":2,"146":0,"147":2,"148":3,"149":3,"150":3,"151":3,"152":1,"153":2,"154":1,"155":1,"156":2,"157":2,"158":4,"159":4,"160":4,"161":3,"162":1,"163":1,"164":2,"165":2,"166":1,"167":1,"168":1,"169":2,"170":3,"171":3,"172":3,"173":6,"174":6,"175":6,"176":2,"177":4,"178":4,"179":3,"180":0},"f":{"0":7,"1":12,"2":9,"3":8,"4":5,"5":4,"6":10,"7":3,"8":4,"9":4,"10":1,"11":1,"12":3,"13":1,"14":0,"15":3,"16":1,"17":3,"18":4,"19":3},"b":{"0":[2,5],"1":[7,5,5,5,5,5],"2":[0,5],"3":[0,5],"4":[0,5],"5":[0,5],"6":[1,4],"7":[0,4],"8":[4,3],"9":[2,6],"10":[2,4],"11":[1,4],"12":[5,5,5,4],"13":[1,3],"14":[1,2],"15":[1,9],"16":[3,6],"17":[9,6],"18":[3,0],"19":[2,1],"20":[4,4],"21":[3,1],"22":[3,2],"23":[2,1],"24":[1,1],"25":[2,2],"26":[4,3,3,3,3],"27":[2,2],"28":[2,0],"29":[2,2],"30":[1,2],"31":[0,2],"32":[1,1],"33":[2,1],"34":[1,2],"35":[1,2],"36":[1,0],"37":[1,0],"38":[1,0],"39":[1,1],"40":[1,0],"41":[2,4]},"_coverageSchema":"1a1c01bbd47fc00a2c39e90264f33305004495a9","hash":"cc0869184235a965729506275d101c505b65243c"}
,"C:\\Users\\natna\\Code\\DoseAlert\\services\\registerNotification.js": {"path":"C:\\Users\\natna\\Code\\DoseAlert\\services\\registerNotification.js","statementMap":{"0":{"start":{"line":6,"column":0},"end":{"line":12,"column":3}},"1":{"start":{"line":7,"column":35},"end":{"line":11,"column":3}},"2":{"start":{"line":17,"column":4},"end":{"line":24,"column":5}},"3":{"start":{"line":18,"column":6},"end":{"line":23,"column":9}},"4":{"start":{"line":26,"column":4},"end":{"line":51,"column":5}},"5":{"start":{"line":28,"column":8},"end":{"line":28,"column":49}},"6":{"start":{"line":29,"column":24},"end":{"line":29,"column":38}},"7":{"start":{"line":30,"column":6},"end":{"line":33,"column":7}},"8":{"start":{"line":31,"column":27},"end":{"line":31,"column":72}},"9":{"start":{"line":32,"column":8},"end":{"line":32,"column":29}},"10":{"start":{"line":34,"column":6},"end":{"line":37,"column":7}},"11":{"start":{"line":35,"column":8},"end":{"line":35,"column":65}},"12":{"start":{"line":36,"column":8},"end":{"line":36,"column":15}},"13":{"start":{"line":41,"column":6},"end":{"line":48,"column":7}},"14":{"start":{"line":42,"column":8},"end":{"line":46,"column":15}},"15":{"start":{"line":47,"column":8},"end":{"line":47,"column":27}},"16":{"start":{"line":50,"column":6},"end":{"line":50,"column":63}},"17":{"start":{"line":53,"column":4},"end":{"line":53,"column":17}},"18":{"start":{"line":56,"column":26},"end":{"line":78,"column":1}},"19":{"start":{"line":57,"column":22},"end":{"line":57,"column":24}},"20":{"start":{"line":58,"column":4},"end":{"line":76,"column":5}},"21":{"start":{"line":59,"column":28},"end":{"line":59,"column":38}},"22":{"start":{"line":60,"column":8},"end":{"line":60,"column":71}},"23":{"start":{"line":63,"column":19},"end":{"line":74,"column":10}},"24":{"start":{"line":75,"column":8},"end":{"line":75,"column":50}},"25":{"start":{"line":77,"column":4},"end":{"line":77,"column":21}},"26":{"start":{"line":79,"column":24},"end":{"line":89,"column":1}},"27":{"start":{"line":80,"column":2},"end":{"line":88,"column":3}},"28":{"start":{"line":81,"column":28},"end":{"line":81,"column":68}},"29":{"start":{"line":81,"column":56},"end":{"line":81,"column":67}},"30":{"start":{"line":82,"column":4},"end":{"line":84,"column":5}},"31":{"start":{"line":83,"column":6},"end":{"line":83,"column":63}},"32":{"start":{"line":85,"column":4},"end":{"line":85,"column":61}},"33":{"start":{"line":87,"column":4},"end":{"line":87,"column":62}}},"fnMap":{"0":{"name":"(anonymous_0)","decl":{"start":{"line":7,"column":22},"end":{"line":7,"column":23}},"loc":{"start":{"line":7,"column":35},"end":{"line":11,"column":3}},"line":7},"1":{"name":"registerForPushNotificationsAsync","decl":{"start":{"line":14,"column":15},"end":{"line":14,"column":48}},"loc":{"start":{"line":14,"column":51},"end":{"line":54,"column":3}},"line":14},"2":{"name":"(anonymous_2)","decl":{"start":{"line":56,"column":26},"end":{"line":56,"column":27}},"loc":{"start":{"line":56,"column":74},"end":{"line":78,"column":1}},"line":56},"3":{"name":"(anonymous_3)","decl":{"start":{"line":79,"column":24},"end":{"line":79,"column":25}},"loc":{"start":{"line":79,"column":45},"end":{"line":89,"column":1}},"line":79},"4":{"name":"(anonymous_4)","decl":{"start":{"line":81,"column":42},"end":{"line":81,"column":43}},"loc":{"start":{"line":81,"column":56},"end":{"line":81,"column":67}},"line":81}},"branchMap":{"0":{"loc":{"start":{"line":17,"column":4},"end":{"line":24,"column":5}},"type":"if","locations":[{"start":{"line":17,"column":4},"end":{"line":24,"column":5}},{"start":{},"end":{}}],"line":17},"1":{"loc":{"start":{"line":26,"column":4},"end":{"line":51,"column":5}},"type":"if","locations":[{"start":{"line":26,"column":4},"end":{"line":51,"column":5}},{"start":{"line":49,"column":11},"end":{"line":51,"column":5}}],"line":26},"2":{"loc":{"start":{"line":30,"column":6},"end":{"line":33,"column":7}},"type":"if","locations":[{"start":{"line":30,"column":6},"end":{"line":33,"column":7}},{"start":{},"end":{}}],"line":30},"3":{"loc":{"start":{"line":34,"column":6},"end":{"line":37,"column":7}},"type":"if","locations":[{"start":{"line":34,"column":6},"end":{"line":37,"column":7}},{"start":{},"end":{}}],"line":34},"4":{"loc":{"start":{"line":41,"column":6},"end":{"line":48,"column":7}},"type":"if","locations":[{"start":{"line":41,"column":6},"end":{"line":48,"column":7}},{"start":{},"end":{}}],"line":41}},"s":{"0":2,"1":0,"2":2,"3":2,"4":2,"5":2,"6":2,"7":2,"8":2,"9":2,"10":2,"11":1,"12":1,"13":1,"14":1,"15":1,"16":0,"17":1,"18":2,"19":1,"20":1,"21":2,"22":2,"23":2,"24":2,"25":1,"26":2,"27":3,"28":3,"29":3,"30":3,"31":3,"32":2,"33":1},"f":{"0":0,"1":2,"2":1,"3":3,"4":3},"b":{"0":[2,0],"1":[2,0],"2":[2,0],"3":[1,1],"4":[1,0]},"_coverageSchema":"1a1c01bbd47fc00a2c39e90264f33305004495a9","hash":"4c7ccd1c66419f727d41b492c994bf4989994697"}
}
