TN:
SF:services\externalDrugAPI.js
FN:1,(anonymous_0)
FN:24,(anonymous_1)
FNF:2
FNH:2
FNDA:4,(anonymous_0)
FNDA:4,(anonymous_1)
DA:1,1
DA:2,4
DA:3,4
DA:5,3
DA:6,1
DA:7,1
DA:8,0
DA:12,3
DA:13,3
DA:14,2
DA:16,1
DA:17,1
DA:20,1
DA:24,1
DA:25,4
DA:26,4
DA:27,3
DA:28,1
DA:31,2
DA:32,2
DA:33,1
DA:35,1
DA:36,1
DA:39,1
LF:24
LH:23
BRDA:5,0,0,1
BRDA:5,0,1,2
BRDA:7,1,0,0
BRDA:7,1,1,1
BRDA:13,2,0,2
BRDA:13,2,1,1
BRDA:13,3,0,3
BRDA:13,3,1,3
BRDA:27,4,0,1
BRDA:27,4,1,2
BRDA:32,5,0,1
BRDA:32,5,1,1
BRDA:32,6,0,2
BRDA:32,6,1,2
BRF:14
BRH:13
end_of_record
TN:
SF:services\firebaseDatabase.js
FN:5,(anonymous_0)
FN:30,(anonymous_1)
FN:44,(anonymous_2)
FN:69,(anonymous_3)
FN:94,(anonymous_4)
FN:121,(anonymous_5)
FN:134,(anonymous_6)
FN:143,(anonymous_7)
FN:154,(anonymous_8)
FN:179,(anonymous_9)
FN:207,(anonymous_10)
FNF:11
FNH:10
FNDA:4,(anonymous_0)
FNDA:2,(anonymous_1)
FNDA:2,(anonymous_2)
FNDA:2,(anonymous_3)
FNDA:1,(anonymous_4)
FNDA:1,(anonymous_5)
FNDA:1,(anonymous_6)
FNDA:0,(anonymous_7)
FNDA:2,(anonymous_8)
FNDA:1,(anonymous_9)
FNDA:2,(anonymous_10)
DA:5,1
DA:6,4
DA:7,2
DA:9,2
DA:10,0
DA:12,2
DA:13,0
DA:15,2
DA:16,0
DA:18,2
DA:19,0
DA:21,2
DA:22,0
DA:24,2
DA:25,0
DA:27,2
DA:30,1
DA:31,2
DA:32,2
DA:33,2
DA:38,1
DA:39,1
DA:41,1
DA:44,1
DA:45,2
DA:47,2
DA:50,2
DA:53,2
DA:54,1
DA:58,1
DA:63,1
DA:64,1
DA:66,1
DA:69,1
DA:82,2
DA:83,2
DA:84,2
DA:85,1
DA:90,1
DA:91,1
DA:92,1
DA:94,1
DA:95,1
DA:96,1
DA:114,1
DA:115,1
DA:117,0
DA:121,1
DA:122,1
DA:124,1
DA:127,1
DA:130,1
DA:131,1
DA:134,1
DA:135,1
DA:136,1
DA:143,0
DA:148,1
DA:150,0
DA:154,1
DA:155,2
DA:157,2
DA:158,2
DA:159,1
DA:166,1
DA:169,1
DA:170,1
DA:171,0
DA:174,1
DA:175,1
DA:176,1
DA:177,1
DA:179,1
DA:181,1
DA:200,1
DA:201,1
DA:203,0
DA:207,1
DA:208,2
DA:209,2
DA:211,2
DA:212,2
DA:213,1
DA:216,1
DA:218,1
DA:219,1
DA:221,1
LF:87
LH:76
BRDA:6,0,0,2
BRDA:6,0,1,2
BRDA:6,1,0,4
BRDA:6,1,1,2
BRDA:6,1,2,2
BRDA:6,1,3,2
BRDA:6,1,4,2
BRDA:6,1,5,2
BRDA:9,2,0,0
BRDA:9,2,1,2
BRDA:12,3,0,0
BRDA:12,3,1,2
BRDA:15,4,0,0
BRDA:15,4,1,2
BRDA:18,5,0,0
BRDA:18,5,1,2
BRDA:21,6,0,0
BRDA:21,6,1,2
BRDA:24,7,0,0
BRDA:24,7,1,2
BRDA:24,8,0,2
BRDA:24,8,1,2
BRDA:53,9,0,1
BRDA:53,9,1,1
BRDA:84,10,0,1
BRDA:84,10,1,1
BRDA:91,11,0,1
BRDA:91,11,1,0
BRDA:91,12,0,1
BRDA:91,12,1,1
BRDA:158,13,0,1
BRDA:158,13,1,1
BRDA:170,14,0,0
BRDA:170,14,1,1
BRDA:175,15,0,1
BRDA:175,15,1,0
BRDA:175,16,0,1
BRDA:175,16,1,1
BRDA:212,17,0,1
BRDA:212,17,1,1
BRF:40
BRH:31
end_of_record
TN:
SF:services\registerNotification.js
FN:7,(anonymous_0)
FN:14,registerForPushNotificationsAsync
FN:56,(anonymous_2)
FNF:3
FNH:2
FNDA:0,(anonymous_0)
FNDA:2,registerForPushNotificationsAsync
FNDA:1,(anonymous_2)
DA:6,1
DA:7,0
DA:17,2
DA:18,2
DA:26,2
DA:28,2
DA:29,2
DA:30,2
DA:31,2
DA:32,2
DA:34,2
DA:35,1
DA:36,1
DA:41,1
DA:42,1
DA:47,1
DA:50,0
DA:53,1
DA:56,1
DA:57,1
DA:58,1
DA:59,2
DA:60,2
DA:63,2
DA:74,2
DA:76,1
LF:26
LH:24
BRDA:17,0,0,2
BRDA:17,0,1,0
BRDA:26,1,0,2
BRDA:26,1,1,0
BRDA:30,2,0,2
BRDA:30,2,1,0
BRDA:34,3,0,1
BRDA:34,3,1,1
BRDA:41,4,0,1
BRDA:41,4,1,0
BRF:10
BRH:6
end_of_record
