TN:
SF:app\(auth)\signIn.jsx
FN:14,(anonymous_0)
FN:23,(anonymous_1)
FN:59,(anonymous_2)
FN:68,(anonymous_3)
FN:95,(anonymous_4)
FNF:5
FNH:5
FNDA:22,(anonymous_0)
FNDA:3,(anonymous_1)
FNDA:4,(anonymous_2)
FNDA:4,(anonymous_3)
FNDA:1,(anonymous_4)
DA:14,1
DA:16,22
DA:20,22
DA:21,22
DA:23,22
DA:24,3
DA:25,3
DA:27,3
DA:28,1
DA:30,2
DA:31,2
DA:33,3
DA:37,22
DA:59,4
DA:68,4
DA:96,1
DA:97,1
LF:17
LH:17
BRF:0
BRH:0
end_of_record
TN:
SF:app\(auth)\signUp.jsx
FN:11,(anonymous_0)
FN:22,(anonymous_1)
FN:58,(anonymous_2)
FN:65,(anonymous_3)
FN:72,(anonymous_4)
FN:81,(anonymous_5)
FN:108,(anonymous_6)
FNF:7
FNH:6
FNDA:21,(anonymous_0)
FNDA:2,(anonymous_1)
FNDA:3,(anonymous_2)
FNDA:3,(anonymous_3)
FNDA:3,(anonymous_4)
FNDA:3,(anonymous_5)
FNDA:0,(anonymous_6)
DA:11,1
DA:12,21
DA:19,21
DA:20,21
DA:22,21
DA:23,2
DA:24,2
DA:25,2
DA:26,2
DA:27,1
DA:29,1
DA:30,1
DA:32,2
DA:36,21
DA:58,3
DA:65,3
DA:72,3
DA:81,3
DA:109,0
LF:19
LH:18
BRF:0
BRH:0
end_of_record
TN:
SF:app\(auth)\signout.jsx
FN:8,(anonymous_0)
FN:10,(anonymous_1)
FNF:2
FNH:2
FNDA:2,(anonymous_0)
FNDA:1,(anonymous_1)
DA:8,1
DA:9,2
DA:10,2
DA:11,1
DA:12,1
DA:15,2
LF:6
LH:6
BRF:0
BRH:0
end_of_record
TN:
SF:app\(tabs)\create.jsx
FN:20,(anonymous_0)
FN:35,(anonymous_1)
FN:40,(anonymous_2)
FN:46,(anonymous_3)
FN:53,(anonymous_4)
FN:55,(anonymous_5)
FN:58,(anonymous_6)
FN:59,(anonymous_7)
FN:62,(anonymous_8)
FN:88,(anonymous_9)
FN:118,(anonymous_10)
FN:120,(anonymous_11)
FN:124,(anonymous_12)
FN:137,(anonymous_13)
FN:138,(anonymous_14)
FN:142,(anonymous_15)
FN:153,(anonymous_16)
FN:160,(anonymous_17)
FN:176,(anonymous_18)
FN:185,(anonymous_19)
FN:195,(anonymous_20)
FN:202,(anonymous_21)
FN:209,(anonymous_22)
FN:210,(anonymous_23)
FN:217,(anonymous_24)
FNF:25
FNH:19
FNDA:33,(anonymous_0)
FNDA:0,(anonymous_1)
FNDA:10,(anonymous_2)
FNDA:1,(anonymous_3)
FNDA:0,(anonymous_4)
FNDA:0,(anonymous_5)
FNDA:1,(anonymous_6)
FNDA:2,(anonymous_7)
FNDA:1,(anonymous_8)
FNDA:1,(anonymous_9)
FNDA:1,(anonymous_10)
FNDA:1,(anonymous_11)
FNDA:25,(anonymous_12)
FNDA:31,(anonymous_13)
FNDA:21,(anonymous_14)
FNDA:2,(anonymous_15)
FNDA:2,(anonymous_16)
FNDA:2,(anonymous_17)
FNDA:0,(anonymous_18)
FNDA:2,(anonymous_19)
FNDA:1,(anonymous_20)
FNDA:1,(anonymous_21)
FNDA:0,(anonymous_22)
FNDA:1,(anonymous_23)
FNDA:0,(anonymous_24)
DA:20,1
DA:21,33
DA:22,33
DA:23,33
DA:24,33
DA:25,33
DA:26,33
DA:27,33
DA:28,33
DA:29,33
DA:30,33
DA:31,33
DA:32,33
DA:35,33
DA:36,0
DA:37,0
DA:40,33
DA:41,10
DA:42,10
DA:43,10
DA:46,33
DA:48,1
DA:51,1
DA:53,33
DA:55,0
DA:56,0
DA:58,33
DA:59,2
DA:60,1
DA:62,33
DA:63,1
DA:65,1
DA:66,1
DA:69,1
DA:70,1
DA:73,1
DA:74,1
DA:77,1
DA:78,1
DA:81,1
DA:82,1
DA:85,1
DA:88,33
DA:89,1
DA:90,1
DA:92,1
DA:93,1
DA:95,1
DA:96,1
DA:97,0
DA:98,0
DA:100,1
DA:106,1
DA:110,1
DA:112,0
DA:113,0
DA:115,1
DA:118,33
DA:120,1
DA:121,1
DA:124,33
DA:125,25
DA:127,33
DA:128,33
DA:129,11
DA:131,22
DA:137,31
DA:139,21
DA:144,2
DA:145,2
DA:153,2
DA:161,2
DA:162,2
DA:176,0
DA:186,2
DA:187,2
DA:195,1
DA:202,1
DA:209,0
DA:211,1
DA:212,1
DA:213,1
DA:214,1
DA:217,0
LF:84
LH:73
BRDA:36,0,0,0
BRDA:36,0,1,0
BRDA:41,1,0,0
BRDA:41,1,1,10
BRDA:55,2,0,0
BRDA:55,2,1,0
BRDA:60,3,0,0
BRDA:60,3,1,1
BRDA:65,4,0,1
BRDA:65,4,1,0
BRDA:65,5,0,1
BRDA:65,5,1,1
BRDA:69,6,0,1
BRDA:69,6,1,0
BRDA:73,7,0,1
BRDA:73,7,1,0
BRDA:77,8,0,1
BRDA:77,8,1,0
BRDA:77,9,0,1
BRDA:77,9,1,1
BRDA:81,10,0,1
BRDA:81,10,1,0
BRDA:96,11,0,0
BRDA:96,11,1,1
BRDA:127,12,0,33
BRDA:127,12,1,0
BRDA:128,13,0,11
BRDA:128,13,1,22
BRDA:173,14,0,22
BRDA:173,14,1,6
BRDA:211,15,0,0
BRDA:211,15,1,1
BRDA:217,16,0,22
BRDA:217,16,1,0
BRF:34
BRH:19
end_of_record
TN:
SF:app\(tabs)\home.jsx
FN:17,(anonymous_0)
FN:26,(anonymous_1)
FN:33,(anonymous_2)
FN:38,(anonymous_3)
FN:41,(anonymous_4)
FN:50,(anonymous_5)
FN:55,(anonymous_6)
FN:63,(anonymous_7)
FN:70,(anonymous_8)
FN:71,(anonymous_9)
FN:74,(anonymous_10)
FN:97,(anonymous_11)
FN:98,(anonymous_12)
FN:102,(anonymous_13)
FN:115,(anonymous_14)
FN:140,(anonymous_15)
FN:142,(anonymous_16)
FN:145,(anonymous_17)
FN:146,(anonymous_18)
FN:154,(anonymous_19)
FN:172,(anonymous_20)
FN:185,(anonymous_21)
FN:190,(anonymous_22)
FN:191,(anonymous_23)
FN:192,(anonymous_24)
FN:202,(anonymous_25)
FNF:26
FNH:19
FNDA:43,(anonymous_0)
FNDA:9,(anonymous_1)
FNDA:0,(anonymous_2)
FNDA:9,(anonymous_3)
FNDA:9,(anonymous_4)
FNDA:1,(anonymous_5)
FNDA:1,(anonymous_6)
FNDA:9,(anonymous_7)
FNDA:9,(anonymous_8)
FNDA:9,(anonymous_9)
FNDA:5,(anonymous_10)
FNDA:16,(anonymous_11)
FNDA:5,(anonymous_12)
FNDA:6,(anonymous_13)
FNDA:1,(anonymous_14)
FNDA:0,(anonymous_15)
FNDA:1,(anonymous_16)
FNDA:0,(anonymous_17)
FNDA:0,(anonymous_18)
FNDA:0,(anonymous_19)
FNDA:0,(anonymous_20)
FNDA:7,(anonymous_21)
FNDA:1,(anonymous_22)
FNDA:0,(anonymous_23)
FNDA:1,(anonymous_24)
FNDA:1,(anonymous_25)
DA:17,1
DA:18,43
DA:19,42
DA:20,42
DA:21,42
DA:22,42
DA:23,42
DA:26,42
DA:27,9
DA:28,1
DA:33,42
DA:34,0
DA:35,0
DA:38,42
DA:41,9
DA:42,9
DA:43,9
DA:44,0
DA:45,0
DA:48,9
DA:50,9
DA:51,1
DA:53,1
DA:54,1
DA:55,1
DA:56,1
DA:57,1
DA:63,9
DA:64,9
DA:65,1
DA:70,42
DA:71,9
DA:72,9
DA:73,9
DA:74,8
DA:75,5
DA:86,7
DA:87,7
DA:88,7
DA:89,7
DA:91,2
DA:94,9
DA:97,42
DA:98,16
DA:99,16
DA:102,42
DA:103,6
DA:115,42
DA:116,1
DA:117,1
DA:118,1
DA:126,1
DA:128,1
DA:140,0
DA:143,1
DA:144,1
DA:145,1
DA:146,0
DA:147,0
DA:148,0
DA:150,0
DA:155,0
DA:159,42
DA:161,10
DA:173,0
DA:186,7
DA:190,1
DA:191,0
DA:192,1
DA:202,1
LF:70
LH:58
BRDA:27,0,0,1
BRDA:27,0,1,8
BRDA:43,1,0,0
BRDA:43,1,1,9
BRDA:53,2,0,1
BRDA:53,2,1,0
BRDA:64,3,0,1
BRDA:64,3,1,8
BRDA:73,4,0,1
BRDA:73,4,1,8
BRDA:80,5,0,4
BRDA:80,5,1,1
BRDA:103,6,0,4
BRDA:103,6,1,2
BRDA:116,7,0,0
BRDA:116,7,1,1
BRDA:122,8,0,0
BRDA:122,8,1,1
BRDA:147,9,0,0
BRDA:147,9,1,0
BRDA:159,10,0,32
BRDA:159,10,1,10
BRDA:184,11,0,6
BRDA:184,11,1,4
BRDA:190,12,0,0
BRDA:190,12,1,1
BRF:26
BRH:19
end_of_record
TN:
SF:app\(tabs)\report.jsx
FN:12,(anonymous_0)
FN:23,(anonymous_1)
FN:31,(anonymous_2)
FN:34,(anonymous_3)
FN:40,(anonymous_4)
FN:46,(anonymous_5)
FN:47,(anonymous_6)
FN:50,(anonymous_7)
FN:53,(anonymous_8)
FN:69,(anonymous_9)
FN:76,(anonymous_10)
FN:79,(anonymous_11)
FN:85,(anonymous_12)
FN:89,(anonymous_13)
FN:128,(anonymous_14)
FN:166,(anonymous_15)
FNF:16
FNH:14
FNDA:21,(anonymous_0)
FNDA:0,(anonymous_1)
FNDA:4,(anonymous_2)
FNDA:4,(anonymous_3)
FNDA:4,(anonymous_4)
FNDA:4,(anonymous_5)
FNDA:4,(anonymous_6)
FNDA:4,(anonymous_7)
FNDA:4,(anonymous_8)
FNDA:4,(anonymous_9)
FNDA:16,(anonymous_10)
FNDA:24,(anonymous_11)
FNDA:12,(anonymous_12)
FNDA:12,(anonymous_13)
FNDA:4,(anonymous_14)
FNDA:0,(anonymous_15)
DA:12,1
DA:13,21
DA:14,20
DA:15,20
DA:16,20
DA:17,20
DA:19,20
DA:20,20
DA:23,0
DA:31,20
DA:32,4
DA:33,4
DA:34,4
DA:36,4
DA:40,20
DA:41,4
DA:46,20
DA:47,4
DA:48,4
DA:49,4
DA:50,4
DA:52,4
DA:53,4
DA:55,4
DA:56,4
DA:58,0
DA:60,4
DA:64,4
DA:65,4
DA:69,20
DA:70,4
DA:71,0
DA:75,20
DA:76,16
DA:79,20
DA:80,24
DA:81,24
DA:84,20
DA:85,12
DA:88,20
DA:89,12
DA:93,20
DA:95,20
DA:96,16
DA:100,4
DA:129,4
DA:130,4
DA:132,4
DA:167,0
DA:168,0
LF:50
LH:45
BRDA:23,0,0,0
BRDA:32,1,0,4
BRDA:32,1,1,0
BRDA:64,2,0,4
BRDA:64,2,1,0
BRDA:70,3,0,0
BRDA:70,3,1,4
BRDA:81,4,0,16
BRDA:81,4,1,8
BRDA:85,5,0,12
BRDA:85,5,1,0
BRDA:89,6,0,12
BRDA:89,6,1,0
BRDA:95,7,0,16
BRDA:95,7,1,4
BRDA:127,8,0,4
BRDA:127,8,1,0
BRDA:129,9,0,4
BRDA:129,9,1,0
BRDA:130,10,0,4
BRDA:130,10,1,0
BRDA:130,11,0,4
BRDA:130,11,1,0
BRDA:141,12,0,4
BRDA:141,12,1,0
BRDA:146,13,0,4
BRDA:146,13,1,0
BRDA:161,14,0,4
BRDA:161,14,1,0
BRF:29
BRH:16
end_of_record
TN:
SF:components\AddMedicationModal.jsx
FN:16,(anonymous_0)
FN:27,(anonymous_1)
FN:38,(anonymous_2)
FN:39,(anonymous_3)
FN:49,(anonymous_4)
FN:67,(anonymous_5)
FN:75,(anonymous_6)
FN:82,(anonymous_7)
FN:85,(anonymous_8)
FN:90,(anonymous_9)
FN:92,(anonymous_10)
FN:128,(anonymous_11)
FN:152,(anonymous_12)
FN:163,(anonymous_13)
FN:174,(anonymous_14)
FN:186,(anonymous_15)
FN:204,(anonymous_16)
FN:223,(anonymous_17)
FN:249,(anonymous_18)
FN:258,(anonymous_19)
FN:260,(anonymous_20)
FN:272,(anonymous_21)
FN:299,(anonymous_22)
FN:309,(anonymous_23)
FN:320,(anonymous_24)
FN:333,(anonymous_25)
FN:337,(anonymous_26)
FN:349,(anonymous_27)
FN:360,(anonymous_28)
FNF:29
FNH:22
FNDA:80,(anonymous_0)
FNDA:2,(anonymous_1)
FNDA:19,(anonymous_2)
FNDA:19,(anonymous_3)
FNDA:3,(anonymous_4)
FNDA:1,(anonymous_5)
FNDA:1,(anonymous_6)
FNDA:3,(anonymous_7)
FNDA:1,(anonymous_8)
FNDA:2,(anonymous_9)
FNDA:5,(anonymous_10)
FNDA:0,(anonymous_11)
FNDA:3,(anonymous_12)
FNDA:1,(anonymous_13)
FNDA:1,(anonymous_14)
FNDA:1,(anonymous_15)
FNDA:1,(anonymous_16)
FNDA:0,(anonymous_17)
FNDA:4,(anonymous_18)
FNDA:0,(anonymous_19)
FNDA:0,(anonymous_20)
FNDA:3,(anonymous_21)
FNDA:0,(anonymous_22)
FNDA:0,(anonymous_23)
FNDA:0,(anonymous_24)
FNDA:1,(anonymous_25)
FNDA:1,(anonymous_26)
FNDA:5,(anonymous_27)
FNDA:1,(anonymous_28)
DA:16,2
DA:17,80
DA:18,80
DA:19,80
DA:20,80
DA:21,80
DA:22,80
DA:23,80
DA:24,80
DA:25,80
DA:26,80
DA:27,2
DA:28,80
DA:29,80
DA:30,80
DA:31,80
DA:32,80
DA:33,80
DA:34,80
DA:36,80
DA:38,80
DA:39,19
DA:40,19
DA:41,19
DA:42,0
DA:44,19
DA:49,80
DA:50,3
DA:51,3
DA:52,3
DA:53,3
DA:54,3
DA:55,3
DA:56,3
DA:57,3
DA:58,3
DA:59,3
DA:60,3
DA:61,3
DA:62,3
DA:63,3
DA:64,3
DA:67,80
DA:68,1
DA:69,1
DA:70,1
DA:75,80
DA:76,1
DA:77,1
DA:78,1
DA:82,80
DA:83,3
DA:84,3
DA:85,3
DA:87,3
DA:90,80
DA:92,80
DA:93,5
DA:94,5
DA:95,5
DA:110,4
DA:111,1
DA:112,1
DA:114,2
DA:115,2
DA:117,2
DA:119,2
DA:120,2
DA:122,5
DA:126,80
DA:127,6
DA:128,6
DA:131,74
DA:132,22
DA:135,52
DA:152,3
DA:163,1
DA:174,1
DA:186,1
DA:204,1
DA:223,0
DA:250,4
DA:260,0
DA:261,0
DA:272,3
DA:299,0
DA:309,0
DA:320,0
DA:333,1
DA:338,1
DA:339,1
DA:351,5
DA:361,1
DA:362,1
LF:94
LH:87
BRDA:17,0,0,80
BRDA:17,0,1,79
BRDA:24,1,0,80
BRDA:24,1,1,79
BRDA:25,2,0,80
BRDA:25,2,1,79
BRDA:27,3,0,80
BRDA:27,3,1,79
BRDA:28,4,0,80
BRDA:28,4,1,79
BRDA:41,5,0,0
BRDA:41,5,1,19
BRDA:69,6,0,1
BRDA:69,6,1,0
BRDA:69,7,0,1
BRDA:69,7,1,1
BRDA:77,8,0,1
BRDA:77,8,1,0
BRDA:77,9,0,1
BRDA:77,9,1,1
BRDA:83,10,0,3
BRDA:83,10,1,0
BRDA:84,11,0,3
BRDA:84,11,1,0
BRDA:85,12,0,3
BRDA:85,12,1,2
BRDA:85,13,0,1
BRDA:85,13,1,1
BRDA:110,14,0,1
BRDA:110,14,1,2
BRDA:126,15,0,6
BRDA:126,15,1,74
BRDA:131,16,0,22
BRDA:131,16,1,52
BRDA:189,17,0,52
BRDA:189,17,1,1
BRDA:191,18,0,1
BRDA:191,18,1,1
BRDA:207,19,0,52
BRDA:207,19,1,1
BRDA:209,20,0,1
BRDA:209,20,1,1
BRDA:213,21,0,1
BRDA:213,21,1,0
BRDA:239,22,0,8
BRDA:239,22,1,44
BRDA:245,23,0,52
BRDA:245,23,1,8
BRDA:248,24,0,8
BRDA:248,24,1,4
BRDA:284,25,0,52
BRDA:284,25,1,3
BRF:52
BRH:46
end_of_record
TN:
SF:components\CameraModal.jsx
FN:8,(anonymous_0)
FN:12,(anonymous_1)
FN:16,(anonymous_2)
FNF:3
FNH:3
FNDA:31,(anonymous_0)
FNDA:17,(anonymous_1)
FNDA:17,(anonymous_2)
DA:8,2
DA:9,31
DA:10,31
DA:11,31
DA:12,31
DA:13,17
DA:16,31
DA:17,17
DA:18,0
DA:22,31
DA:23,0
DA:26,31
DA:27,4
DA:34,27
LF:14
LH:12
BRDA:17,0,0,0
BRDA:17,0,1,17
BRDA:22,1,0,0
BRDA:22,1,1,31
BRDA:26,2,0,4
BRDA:26,2,1,27
BRF:6
BRH:4
end_of_record
TN:
SF:components\CustomButton.jsx
FN:6,(anonymous_0)
FNF:1
FNH:1
FNDA:173,(anonymous_0)
DA:6,6
DA:7,173
LF:2
LH:2
BRDA:11,0,0,8
BRDA:11,0,1,165
BRF:2
BRH:2
end_of_record
TN:
SF:components\EditMedicationModal.jsx
FN:16,(anonymous_0)
FN:37,(anonymous_1)
FN:38,(anonymous_2)
FN:47,(anonymous_3)
FN:59,(anonymous_4)
FN:64,(anonymous_5)
FN:82,(anonymous_6)
FN:90,(anonymous_7)
FN:97,(anonymous_8)
FN:105,(anonymous_9)
FN:107,(anonymous_10)
FN:142,(anonymous_11)
FN:164,(anonymous_12)
FN:192,(anonymous_13)
FN:202,(anonymous_14)
FN:211,(anonymous_15)
FN:221,(anonymous_16)
FN:239,(anonymous_17)
FN:258,(anonymous_18)
FN:284,(anonymous_19)
FN:294,(anonymous_20)
FN:296,(anonymous_21)
FN:308,(anonymous_22)
FN:335,(anonymous_23)
FN:344,(anonymous_24)
FN:353,(anonymous_25)
FN:365,(anonymous_26)
FN:369,(anonymous_27)
FN:381,(anonymous_28)
FN:392,(anonymous_29)
FNF:30
FNH:18
FNDA:95,(anonymous_0)
FNDA:19,(anonymous_1)
FNDA:19,(anonymous_2)
FNDA:21,(anonymous_3)
FNDA:0,(anonymous_4)
FNDA:3,(anonymous_5)
FNDA:1,(anonymous_6)
FNDA:1,(anonymous_7)
FNDA:1,(anonymous_8)
FNDA:1,(anonymous_9)
FNDA:2,(anonymous_10)
FNDA:2,(anonymous_11)
FNDA:0,(anonymous_12)
FNDA:2,(anonymous_13)
FNDA:0,(anonymous_14)
FNDA:0,(anonymous_15)
FNDA:1,(anonymous_16)
FNDA:1,(anonymous_17)
FNDA:0,(anonymous_18)
FNDA:1,(anonymous_19)
FNDA:0,(anonymous_20)
FNDA:0,(anonymous_21)
FNDA:1,(anonymous_22)
FNDA:0,(anonymous_23)
FNDA:0,(anonymous_24)
FNDA:0,(anonymous_25)
FNDA:0,(anonymous_26)
FNDA:0,(anonymous_27)
FNDA:2,(anonymous_28)
FNDA:1,(anonymous_29)
DA:16,2
DA:17,95
DA:18,95
DA:19,95
DA:20,95
DA:21,95
DA:22,95
DA:23,95
DA:24,95
DA:25,95
DA:26,95
DA:28,95
DA:29,95
DA:30,95
DA:31,95
DA:32,95
DA:33,95
DA:34,95
DA:36,95
DA:37,95
DA:38,19
DA:39,19
DA:40,19
DA:41,0
DA:43,19
DA:47,95
DA:48,21
DA:49,12
DA:50,12
DA:51,12
DA:52,12
DA:53,12
DA:54,12
DA:55,12
DA:56,12
DA:57,12
DA:58,12
DA:59,12
DA:64,95
DA:65,3
DA:66,3
DA:67,3
DA:68,3
DA:69,3
DA:70,3
DA:71,3
DA:72,3
DA:73,3
DA:74,3
DA:75,3
DA:76,3
DA:77,3
DA:78,3
DA:79,3
DA:82,95
DA:83,1
DA:84,1
DA:85,1
DA:90,95
DA:91,1
DA:92,1
DA:93,1
DA:97,95
DA:98,1
DA:99,1
DA:100,1
DA:102,1
DA:105,95
DA:107,95
DA:108,2
DA:109,2
DA:110,2
DA:125,1
DA:126,0
DA:127,0
DA:129,1
DA:130,1
DA:131,1
DA:133,1
DA:135,1
DA:136,1
DA:138,2
DA:142,95
DA:143,2
DA:144,2
DA:145,2
DA:146,2
DA:147,0
DA:148,0
DA:150,2
DA:151,2
DA:153,2
DA:155,0
DA:156,0
DA:158,2
DA:162,95
DA:163,2
DA:164,2
DA:167,93
DA:168,39
DA:170,54
DA:192,2
DA:202,0
DA:211,0
DA:221,1
DA:239,1
DA:258,0
DA:286,1
DA:296,0
DA:297,0
DA:308,1
DA:335,0
DA:344,0
DA:353,0
DA:365,0
DA:370,0
DA:371,0
DA:383,2
DA:393,1
LF:119
LH:101
BRDA:17,0,0,95
BRDA:17,0,1,16
BRDA:18,1,0,95
BRDA:18,1,1,16
BRDA:19,2,0,95
BRDA:19,2,1,16
BRDA:20,3,0,95
BRDA:20,3,1,16
BRDA:24,4,0,95
BRDA:24,4,1,16
BRDA:25,5,0,95
BRDA:25,5,1,37
BRDA:27,6,0,95
BRDA:27,6,1,74
BRDA:28,7,0,95
BRDA:28,7,1,95
BRDA:29,8,0,95
BRDA:29,8,1,74
BRDA:40,9,0,0
BRDA:40,9,1,19
BRDA:48,10,0,12
BRDA:48,10,1,9
BRDA:55,11,0,12
BRDA:55,11,1,2
BRDA:56,12,0,12
BRDA:56,12,1,10
BRDA:57,13,0,12
BRDA:57,13,1,12
BRDA:59,14,0,12
BRDA:59,14,1,0
BRDA:84,15,0,1
BRDA:84,15,1,0
BRDA:84,16,0,1
BRDA:84,16,1,1
BRDA:92,17,0,1
BRDA:92,17,1,0
BRDA:92,18,0,1
BRDA:92,18,1,1
BRDA:98,19,0,1
BRDA:98,19,1,0
BRDA:99,20,0,1
BRDA:99,20,1,0
BRDA:125,21,0,0
BRDA:125,21,1,1
BRDA:146,22,0,0
BRDA:146,22,1,2
BRDA:162,23,0,2
BRDA:162,23,1,93
BRDA:167,24,0,39
BRDA:167,24,1,54
BRDA:224,25,0,54
BRDA:224,25,1,1
BRDA:226,26,0,1
BRDA:226,26,1,0
BRDA:242,27,0,54
BRDA:242,27,1,1
BRDA:244,28,0,1
BRDA:244,28,1,0
BRDA:248,29,0,1
BRDA:248,29,1,0
BRDA:274,30,0,7
BRDA:274,30,1,47
BRDA:280,31,0,54
BRDA:280,31,1,7
BRDA:283,32,0,7
BRDA:283,32,1,1
BRDA:320,33,0,54
BRDA:320,33,1,1
BRF:68
BRH:57
end_of_record
TN:
SF:components\ErrorModal.jsx
FN:4,(anonymous_0)
FNF:1
FNH:1
FNDA:51,(anonymous_0)
DA:4,5
DA:5,51
LF:2
LH:2
BRF:0
BRH:0
end_of_record
TN:
SF:components\Footer.jsx
FN:5,Footer
FN:12,(anonymous_1)
FNF:2
FNH:2
FNDA:10,Footer
FNDA:1,(anonymous_1)
DA:6,10
DA:13,1
LF:2
LH:2
BRF:0
BRH:0
end_of_record
TN:
SF:components\FormField.jsx
FN:6,(anonymous_0)
FN:45,(anonymous_1)
FNF:2
FNH:1
FNDA:512,(anonymous_0)
FNDA:0,(anonymous_1)
DA:6,5
DA:16,512
DA:18,512
DA:45,0
LF:4
LH:3
BRDA:12,0,0,384
BRDA:13,1,0,384
BRDA:22,2,0,512
BRDA:22,2,1,128
BRDA:27,3,0,128
BRDA:27,3,1,384
BRDA:32,4,0,128
BRDA:32,4,1,384
BRDA:38,5,0,512
BRDA:38,5,1,43
BRDA:40,6,0,128
BRDA:40,6,1,384
BRDA:44,7,0,512
BRDA:44,7,1,43
BRDA:47,8,0,43
BRDA:47,8,1,0
BRF:16
BRH:15
end_of_record
TN:
SF:components\Greeting.jsx
FN:5,Greeting
FNF:1
FNH:1
FNDA:9,Greeting
DA:6,9
LF:1
LH:1
BRF:0
BRH:0
end_of_record
TN:
SF:components\Loading.jsx
FN:4,(anonymous_0)
FNF:1
FNH:1
FNDA:56,(anonymous_0)
DA:4,3
DA:5,56
LF:2
LH:2
BRDA:4,0,0,56
BRDA:4,1,0,56
BRF:2
BRH:2
end_of_record
TN:
SF:components\LongTextComponent.jsx
FN:4,(anonymous_0)
FN:8,(anonymous_1)
FNF:2
FNH:1
FNDA:12,(anonymous_0)
FNDA:0,(anonymous_1)
DA:4,2
DA:5,12
DA:6,12
DA:8,12
DA:9,0
DA:11,12
LF:6
LH:5
BRDA:20,0,0,12
BRDA:20,0,1,0
BRDA:20,1,0,12
BRDA:20,1,1,12
BRDA:24,2,0,12
BRDA:24,2,1,0
BRDA:27,3,0,0
BRDA:27,3,1,0
BRF:8
BRH:4
end_of_record
TN:
SF:components\MedicationCard.jsx
FN:6,(anonymous_0)
FN:20,(anonymous_1)
FN:22,(anonymous_2)
FN:115,(anonymous_3)
FN:129,(anonymous_4)
FN:130,(anonymous_5)
FNF:6
FNH:6
FNDA:12,(anonymous_0)
FNDA:5,(anonymous_1)
FNDA:18,(anonymous_2)
FNDA:5,(anonymous_3)
FNDA:14,(anonymous_4)
FNDA:7,(anonymous_5)
DA:6,2
DA:20,12
DA:22,18
DA:23,12
DA:116,5
DA:129,14
DA:131,7
LF:7
LH:7
BRDA:46,0,0,12
BRDA:46,0,1,12
BRDA:95,1,0,12
BRDA:95,1,1,6
BRDA:105,2,0,12
BRDA:105,2,1,11
BRDA:105,2,2,5
BRDA:122,3,0,12
BRDA:122,3,1,12
BRF:9
BRH:9
end_of_record
TN:
SF:components\MedicationItem.jsx
FN:7,(anonymous_0)
FNF:1
FNH:1
FNDA:25,(anonymous_0)
DA:7,2
DA:8,25
LF:2
LH:2
BRDA:30,0,0,24
BRDA:30,0,1,23
BRF:2
BRH:2
end_of_record
TN:
SF:components\MedicationItemExpanded.jsx
FN:8,(anonymous_0)
FN:14,(anonymous_1)
FN:19,(anonymous_2)
FN:33,(anonymous_3)
FN:76,(anonymous_4)
FN:85,(anonymous_5)
FN:91,(anonymous_6)
FN:102,(anonymous_7)
FN:114,(anonymous_8)
FNF:9
FNH:9
FNDA:15,(anonymous_0)
FNDA:5,(anonymous_1)
FNDA:1,(anonymous_2)
FNDA:2,(anonymous_3)
FNDA:1,(anonymous_4)
FNDA:7,(anonymous_5)
FNDA:1,(anonymous_6)
FNDA:2,(anonymous_7)
FNDA:2,(anonymous_8)
DA:8,2
DA:9,15
DA:10,15
DA:11,15
DA:12,15
DA:14,15
DA:15,5
DA:16,5
DA:17,3
DA:19,1
DA:20,1
DA:22,1
DA:23,1
DA:24,1
DA:27,2
DA:28,2
DA:29,2
DA:32,2
DA:33,2
DA:34,2
DA:35,2
DA:37,2
DA:41,15
DA:76,1
DA:86,7
DA:92,1
DA:93,1
DA:94,1
DA:103,2
DA:115,2
DA:116,2
DA:117,2
LF:32
LH:32
BRDA:12,0,0,15
BRDA:12,0,1,0
BRDA:14,1,0,3
BRDA:16,2,0,3
BRDA:16,2,1,2
BRDA:16,3,0,5
BRDA:16,3,1,3
BRDA:17,4,0,1
BRDA:17,4,1,2
BRDA:20,5,0,1
BRDA:20,5,1,0
BRDA:32,6,0,2
BRDA:32,6,1,0
BRDA:82,7,0,15
BRDA:82,7,1,12
BRDA:84,8,0,12
BRDA:84,8,1,12
BRDA:84,8,2,7
BRDA:126,9,0,15
BRDA:126,9,1,3
BRDA:128,10,0,3
BRDA:128,10,1,2
BRF:22
BRH:19
end_of_record
TN:
SF:components\MedicationReportItem.jsx
FN:4,(anonymous_0)
FNF:1
FNH:1
FNDA:4,(anonymous_0)
DA:4,1
DA:14,4
LF:2
LH:2
BRF:0
BRH:0
end_of_record
TN:
SF:components\Picker.jsx
FN:4,(anonymous_0)
FN:20,(anonymous_1)
FNF:2
FNH:2
FNDA:64,(anonymous_0)
FNDA:192,(anonymous_1)
DA:4,3
DA:5,64
DA:21,192
LF:3
LH:3
BRF:0
BRH:0
end_of_record
TN:
SF:components\SearchBar.jsx
FN:5,(anonymous_0)
FNF:1
FNH:1
FNDA:22,(anonymous_0)
DA:5,1
DA:6,22
LF:2
LH:2
BRF:0
BRH:0
end_of_record
TN:
SF:components\SideEffectChecklist.jsx
FN:5,(anonymous_0)
FN:9,(anonymous_1)
FN:21,(anonymous_2)
FN:22,(anonymous_3)
FN:24,(anonymous_4)
FNF:5
FNH:5
FNDA:66,(anonymous_0)
FNDA:1,(anonymous_1)
FNDA:17,(anonymous_2)
FNDA:11,(anonymous_3)
FNDA:1,(anonymous_4)
DA:5,4
DA:9,66
DA:10,1
DA:11,1
DA:12,1
DA:15,66
DA:21,17
DA:23,11
DA:24,1
LF:9
LH:9
BRDA:5,0,0,66
BRDA:16,1,0,66
BRDA:16,1,1,0
BRDA:18,2,0,66
BRDA:18,2,1,6
BRDA:27,3,0,5
BRDA:27,3,1,6
BRF:7
BRH:6
end_of_record
TN:
SF:services\AdherenceTracker.js
FN:5,(anonymous_0)
FN:29,(anonymous_1)
FNF:2
FNH:2
FNDA:4,(anonymous_0)
FNDA:3,(anonymous_1)
DA:5,1
DA:6,4
DA:7,4
DA:8,4
DA:9,3
DA:10,1
DA:16,1
DA:18,2
DA:19,2
DA:20,1
DA:22,1
DA:25,1
DA:29,1
DA:30,3
DA:31,3
DA:32,3
DA:33,6
DA:34,6
DA:35,6
DA:36,2
DA:38,4
DA:39,4
DA:42,3
DA:45,0
LF:24
LH:23
BRDA:9,0,0,1
BRDA:9,0,1,2
BRDA:11,1,0,1
BRDA:11,1,1,0
BRDA:12,2,0,1
BRDA:12,2,1,0
BRDA:14,3,0,1
BRDA:14,3,1,0
BRDA:19,4,0,1
BRDA:19,4,1,1
BRDA:22,5,0,1
BRDA:22,5,1,0
BRDA:35,6,0,2
BRDA:35,6,1,4
BRF:14
BRH:10
end_of_record
TN:
SF:services\MedicationHandler.js
FN:5,(anonymous_0)
FN:30,(anonymous_1)
FN:75,(anonymous_2)
FN:96,(anonymous_3)
FN:123,(anonymous_4)
FN:136,(anonymous_5)
FN:145,(anonymous_6)
FN:156,(anonymous_7)
FN:182,(anonymous_8)
FN:211,(anonymous_9)
FNF:10
FNH:9
FNDA:6,(anonymous_0)
FNDA:4,(anonymous_1)
FNDA:1,(anonymous_2)
FNDA:1,(anonymous_3)
FNDA:3,(anonymous_4)
FNDA:1,(anonymous_5)
FNDA:0,(anonymous_6)
FNDA:2,(anonymous_7)
FNDA:1,(anonymous_8)
FNDA:3,(anonymous_9)
DA:5,1
DA:6,6
DA:7,2
DA:9,4
DA:10,0
DA:12,4
DA:13,0
DA:15,4
DA:16,0
DA:18,4
DA:19,0
DA:21,4
DA:22,1
DA:24,3
DA:25,0
DA:27,3
DA:30,1
DA:44,4
DA:45,4
DA:54,4
DA:55,2
DA:62,2
DA:63,2
DA:65,2
DA:66,2
DA:68,2
DA:75,1
DA:79,1
DA:81,1
DA:96,1
DA:102,1
DA:103,1
DA:104,1
DA:118,1
DA:123,1
DA:124,3
DA:126,3
DA:129,3
DA:132,3
DA:133,2
DA:136,2
DA:137,1
DA:138,1
DA:145,0
DA:150,2
DA:152,1
DA:156,1
DA:157,2
DA:159,2
DA:160,2
DA:161,1
DA:168,1
DA:171,1
DA:172,1
DA:173,0
DA:176,1
DA:178,1
DA:179,1
DA:180,1
DA:182,1
DA:184,1
DA:202,1
DA:204,1
DA:205,1
DA:207,0
DA:211,1
DA:212,3
DA:213,3
DA:215,3
DA:216,3
DA:217,1
DA:220,2
DA:222,1
DA:223,1
DA:225,2
LF:75
LH:67
BRDA:6,0,0,2
BRDA:6,0,1,4
BRDA:6,1,0,6
BRDA:6,1,1,4
BRDA:6,1,2,4
BRDA:6,1,3,4
BRDA:6,1,4,4
BRDA:6,1,5,4
BRDA:9,2,0,0
BRDA:9,2,1,4
BRDA:12,3,0,0
BRDA:12,3,1,4
BRDA:15,4,0,0
BRDA:15,4,1,4
BRDA:18,5,0,0
BRDA:18,5,1,4
BRDA:21,6,0,1
BRDA:21,6,1,3
BRDA:24,7,0,0
BRDA:24,7,1,3
BRDA:24,8,0,3
BRDA:24,8,1,3
BRDA:54,9,0,2
BRDA:54,9,1,2
BRDA:66,10,0,2
BRDA:66,10,1,0
BRDA:66,11,0,2
BRDA:66,11,1,2
BRDA:160,12,0,1
BRDA:160,12,1,1
BRDA:172,13,0,0
BRDA:172,13,1,1
BRDA:179,14,0,1
BRDA:179,14,1,0
BRDA:179,15,0,1
BRDA:179,15,1,1
BRDA:216,16,0,1
BRDA:216,16,1,2
BRF:38
BRH:30
end_of_record
TN:
SF:services\Scheduler.js
FN:7,(anonymous_0)
FN:14,registerForPushNotificationsAsync
FN:56,(anonymous_2)
FN:79,(anonymous_3)
FN:81,(anonymous_4)
FN:81,(anonymous_5)
FNF:6
FNH:5
FNDA:0,(anonymous_0)
FNDA:2,registerForPushNotificationsAsync
FNDA:1,(anonymous_2)
FNDA:3,(anonymous_3)
FNDA:3,(anonymous_4)
FNDA:3,(anonymous_5)
DA:6,1
DA:7,0
DA:17,2
DA:18,2
DA:26,2
DA:28,2
DA:29,2
DA:30,2
DA:31,2
DA:32,2
DA:34,2
DA:35,1
DA:36,1
DA:41,1
DA:42,1
DA:47,1
DA:50,0
DA:53,1
DA:56,1
DA:57,1
DA:58,1
DA:59,2
DA:60,2
DA:63,2
DA:75,2
DA:77,1
DA:79,1
DA:80,3
DA:81,3
DA:82,3
DA:83,3
DA:85,2
DA:87,1
LF:33
LH:31
BRDA:17,0,0,2
BRDA:17,0,1,0
BRDA:26,1,0,2
BRDA:26,1,1,0
BRDA:30,2,0,2
BRDA:30,2,1,0
BRDA:34,3,0,1
BRDA:34,3,1,1
BRDA:41,4,0,1
BRDA:41,4,1,0
BRF:10
BRH:6
end_of_record
TN:
SF:services\UserHandler.js
FN:5,(anonymous_0)
FN:16,(anonymous_1)
FN:27,(anonymous_2)
FN:48,(anonymous_3)
FN:63,(anonymous_4)
FN:80,(anonymous_5)
FN:125,(anonymous_6)
FN:151,(anonymous_7)
FN:167,(anonymous_8)
FNF:9
FNH:9
FNDA:8,(anonymous_0)
FNDA:8,(anonymous_1)
FNDA:5,(anonymous_2)
FNDA:4,(anonymous_3)
FNDA:5,(anonymous_4)
FNDA:9,(anonymous_5)
FNDA:3,(anonymous_6)
FNDA:4,(anonymous_7)
FNDA:1,(anonymous_8)
DA:5,3
DA:6,8
DA:7,8
DA:8,2
DA:10,6
DA:11,6
DA:12,2
DA:16,3
DA:17,8
DA:18,4
DA:19,4
DA:20,2
DA:21,2
DA:23,2
DA:27,3
DA:28,5
DA:29,1
DA:31,4
DA:32,4
DA:33,1
DA:35,3
DA:36,3
DA:37,1
DA:39,2
DA:40,2
DA:41,0
DA:43,2
DA:44,2
DA:45,0
DA:48,3
DA:49,4
DA:50,4
DA:51,3
DA:56,2
DA:57,2
DA:59,2
DA:63,3
DA:64,5
DA:65,2
DA:66,2
DA:67,1
DA:68,1
DA:74,1
DA:76,1
DA:80,3
DA:81,9
DA:82,1
DA:85,8
DA:87,8
DA:88,3
DA:89,3
DA:90,3
DA:91,3
DA:93,3
DA:94,2
DA:98,7
DA:99,4
DA:100,4
DA:101,1
DA:103,3
DA:104,2
DA:108,5
DA:109,2
DA:110,2
DA:111,1
DA:113,1
DA:114,1
DA:117,4
DA:120,4
DA:125,3
DA:126,3
DA:128,3
DA:131,3
DA:134,2
DA:135,1
DA:139,1
DA:144,1
DA:145,1
DA:147,2
DA:151,3
DA:152,4
DA:153,2
DA:156,2
DA:157,2
DA:158,2
DA:159,1
DA:160,1
DA:162,1
DA:163,1
DA:167,3
DA:168,1
DA:169,1
DA:170,1
DA:172,0
LF:94
LH:91
BRDA:7,0,0,2
BRDA:7,0,1,6
BRDA:11,1,0,2
BRDA:11,1,1,4
BRDA:28,2,0,1
BRDA:28,2,1,4
BRDA:28,3,0,5
BRDA:28,3,1,5
BRDA:28,3,2,5
BRDA:28,3,3,4
BRDA:32,4,0,1
BRDA:32,4,1,3
BRDA:36,5,0,1
BRDA:36,5,1,2
BRDA:40,6,0,0
BRDA:40,6,1,2
BRDA:44,7,0,0
BRDA:44,7,1,2
BRDA:81,8,0,1
BRDA:81,8,1,8
BRDA:87,9,0,3
BRDA:87,9,1,5
BRDA:87,10,0,8
BRDA:87,10,1,5
BRDA:90,11,0,3
BRDA:90,11,1,0
BRDA:91,12,0,2
BRDA:91,12,1,1
BRDA:98,13,0,4
BRDA:98,13,1,3
BRDA:100,14,0,1
BRDA:100,14,1,3
BRDA:108,15,0,2
BRDA:108,15,1,3
BRDA:110,16,0,1
BRDA:110,16,1,1
BRDA:134,17,0,1
BRDA:134,17,1,1
BRDA:152,18,0,2
BRDA:152,18,1,2
BRDA:152,19,0,4
BRDA:152,19,1,3
BRDA:152,19,2,3
BRDA:152,19,3,3
BRDA:152,19,4,3
BRF:45
BRH:42
end_of_record
TN:
SF:services\externalDrugAPI.js
FN:1,(anonymous_0)
FN:24,(anonymous_1)
FNF:2
FNH:2
FNDA:4,(anonymous_0)
FNDA:4,(anonymous_1)
DA:1,1
DA:2,4
DA:3,4
DA:5,3
DA:6,1
DA:7,1
DA:8,0
DA:12,3
DA:13,3
DA:14,2
DA:16,1
DA:17,1
DA:20,1
DA:24,1
DA:25,4
DA:26,4
DA:27,3
DA:28,1
DA:31,2
DA:32,2
DA:33,1
DA:35,1
DA:36,1
DA:39,1
LF:24
LH:23
BRDA:5,0,0,1
BRDA:5,0,1,2
BRDA:7,1,0,0
BRDA:7,1,1,1
BRDA:13,2,0,2
BRDA:13,2,1,1
BRDA:13,3,0,3
BRDA:13,3,1,3
BRDA:27,4,0,1
BRDA:27,4,1,2
BRDA:32,5,0,1
BRDA:32,5,1,1
BRDA:32,6,0,2
BRDA:32,6,1,2
BRF:14
BRH:13
end_of_record
